[0.128s] Invoking command in '/home/user/ros2_ws/build/turtlebot3_description': _=/usr/bin/env /usr/bin/cmake /home/user/ros2_ws/src/turtlebot3/turtlebot3_description -DCMAKE_INSTALL_PREFIX=/home/user/ros2_ws/install/turtlebot3_description
[0.823s] -- The C compiler identification is GNU 9.3.0
[0.823s] -- The CXX compiler identification is GNU 9.3.0
[0.824s] -- Check for working C compiler: /usr/bin/cc
[0.825s] -- Check for working C compiler: /usr/bin/cc -- works
[0.827s] -- Detecting C compiler ABI info
[0.958s] -- Detecting C compiler ABI info - done
[0.983s] -- Detecting C compile features
[0.983s] -- Detecting C compile features - done
[0.990s] -- Check for working CXX compiler: /usr/bin/c++
[1.151s] -- Check for working CXX compiler: /usr/bin/c++ -- works
[1.152s] -- Detecting CXX compiler ABI info
[1.332s] -- Detecting CXX compiler ABI info - done
[1.363s] -- Detecting CXX compile features
[1.364s] -- Detecting CXX compile features - done
[1.404s] CMake Error at CMakeLists.txt:18 (find_package):
[1.407s]   By not providing "Findament_cmake.cmake" in CMAKE_MODULE_PATH this project
[1.407s]   has asked CMake to find a package configuration file provided by
[1.407s]   "ament_cmake", but CMake did not find one.
[1.408s] 
[1.408s]   Could not find a package configuration file provided by "ament_cmake" with
[1.410s]   any of the following names:
[1.411s] 
[1.412s]     ament_cmakeConfig.cmake
[1.412s]     ament_cmake-config.cmake
[1.412s] 
[1.412s]   Add the installation prefix of "ament_cmake" to CMAKE_PREFIX_PATH or set
[1.416s]   "ament_cmake_DIR" to a directory containing one of the above files.  If
[1.418s]   "ament_cmake" provides a separate development package or SDK, be sure it
[1.418s]   has been installed.
[1.418s] 
[1.418s] 
[1.419s] -- Configuring incomplete, errors occurred!
[1.419s] See also "/home/user/ros2_ws/build/turtlebot3_description/CMakeFiles/CMakeOutput.log".
[1.420s] Invoked command in '/home/user/ros2_ws/build/turtlebot3_description' returned '1': _=/usr/bin/env /usr/bin/cmake /home/user/ros2_ws/src/turtlebot3/turtlebot3_description -DCMAKE_INSTALL_PREFIX=/home/user/ros2_ws/install/turtlebot3_description
