[15.275s] Invoking command in '/home/user/ros2_ws/src/project_path_planning': PYTHONPATH=/home/user/ros2_ws/install/project_path_planning/lib/python3.8/site-packages:${PYTHONPATH} _=/usr/bin/env /usr/bin/python3 setup.py egg_info --egg-base ../../build/project_path_planning build --build-base /home/user/ros2_ws/build/project_path_planning/build install --prefix /home/user/ros2_ws/install/project_path_planning --record /home/user/ros2_ws/build/project_path_planning/install.log --single-version-externally-managed
[20.974s] running egg_info
[20.982s] writing ../../build/project_path_planning/project_path_planning.egg-info/PKG-INFO
[20.986s] writing dependency_links to ../../build/project_path_planning/project_path_planning.egg-info/dependency_links.txt
[20.986s] writing entry points to ../../build/project_path_planning/project_path_planning.egg-info/entry_points.txt
[20.986s] writing requirements to ../../build/project_path_planning/project_path_planning.egg-info/requires.txt
[20.986s] writing top-level names to ../../build/project_path_planning/project_path_planning.egg-info/top_level.txt
[21.496s] reading manifest file '../../build/project_path_planning/project_path_planning.egg-info/SOURCES.txt'
[21.498s] writing manifest file '../../build/project_path_planning/project_path_planning.egg-info/SOURCES.txt'
[21.498s] running build
[21.498s] running build_py
[21.498s] running install
[21.569s] running install_lib
[21.596s] running install_data
[21.599s] copying launch/nav_to_pose_action_client_launch_file.launch.py -> /home/user/ros2_ws/install/project_path_planning/share/project_path_planning/launch
[21.600s] copying config/behavior.xml -> /home/user/ros2_ws/install/project_path_planning/share/project_path_planning/config
[21.600s] running install_egg_info
[21.688s] removing '/home/user/ros2_ws/install/project_path_planning/lib/python3.8/site-packages/project_path_planning-0.0.0-py3.8.egg-info' (and everything under it)
[21.697s] Copying ../../build/project_path_planning/project_path_planning.egg-info to /home/user/ros2_ws/install/project_path_planning/lib/python3.8/site-packages/project_path_planning-0.0.0-py3.8.egg-info
[21.775s] running install_scripts
[22.097s] Installing nav_to_pose_action_client script to /home/user/ros2_ws/install/project_path_planning/lib/project_path_planning
[22.099s] writing list of installed files to '/home/user/ros2_ws/build/project_path_planning/install.log'
[22.213s] Invoked command in '/home/user/ros2_ws/src/project_path_planning' returned '0': PYTHONPATH=/home/user/ros2_ws/install/project_path_planning/lib/python3.8/site-packages:${PYTHONPATH} _=/usr/bin/env /usr/bin/python3 setup.py egg_info --egg-base ../../build/project_path_planning build --build-base /home/user/ros2_ws/build/project_path_planning/build install --prefix /home/user/ros2_ws/install/project_path_planning --record /home/user/ros2_ws/build/project_path_planning/install.log --single-version-externally-managed
