[4.226s] Invoking command in '/home/user/ros2_ws/src/project_path_planning': PYTHONPATH=/home/user/ros2_ws/install/project_path_planning/lib/python3.8/site-packages:${PYTHONPATH} _=/usr/bin/env /usr/bin/python3 setup.py egg_info --egg-base ../../build/project_path_planning build --build-base /home/user/ros2_ws/build/project_path_planning/build install --prefix /home/user/ros2_ws/install/project_path_planning --record /home/user/ros2_ws/build/project_path_planning/install.log --single-version-externally-managed
[7.095s] running egg_info
[7.096s] writing ../../build/project_path_planning/project_path_planning.egg-info/PKG-INFO
[7.097s] writing dependency_links to ../../build/project_path_planning/project_path_planning.egg-info/dependency_links.txt
[7.097s] writing entry points to ../../build/project_path_planning/project_path_planning.egg-info/entry_points.txt
[7.098s] writing requirements to ../../build/project_path_planning/project_path_planning.egg-info/requires.txt
[7.098s] writing top-level names to ../../build/project_path_planning/project_path_planning.egg-info/top_level.txt
[7.514s] reading manifest file '../../build/project_path_planning/project_path_planning.egg-info/SOURCES.txt'
[7.516s] writing manifest file '../../build/project_path_planning/project_path_planning.egg-info/SOURCES.txt'
[7.516s] running build
[7.522s] running build_py
[7.522s] running install
[7.589s] running install_lib
[7.590s] running install_data
[7.590s] copying config/planner_server.yaml -> /home/user/ros2_ws/install/project_path_planning/share/project_path_planning/config
[7.590s] running install_egg_info
[7.593s] removing '/home/user/ros2_ws/install/project_path_planning/lib/python3.8/site-packages/project_path_planning-0.0.0-py3.8.egg-info' (and everything under it)
[7.593s] Copying ../../build/project_path_planning/project_path_planning.egg-info to /home/user/ros2_ws/install/project_path_planning/lib/python3.8/site-packages/project_path_planning-0.0.0-py3.8.egg-info
[7.596s] running install_scripts
[7.708s] Installing nav_to_pose_action_client script to /home/user/ros2_ws/install/project_path_planning/lib/project_path_planning
[7.709s] writing list of installed files to '/home/user/ros2_ws/build/project_path_planning/install.log'
[8.104s] Invoked command in '/home/user/ros2_ws/src/project_path_planning' returned '0': PYTHONPATH=/home/user/ros2_ws/install/project_path_planning/lib/python3.8/site-packages:${PYTHONPATH} _=/usr/bin/env /usr/bin/python3 setup.py egg_info --egg-base ../../build/project_path_planning build --build-base /home/user/ros2_ws/build/project_path_planning/build install --prefix /home/user/ros2_ws/install/project_path_planning --record /home/user/ros2_ws/build/project_path_planning/install.log --single-version-externally-managed
