[0.785s] Invoking command in '/home/user/ros2_ws/src/turtlebot3/turtlebot3_teleop': PYTHONPATH=/home/user/ros2_ws/install/turtlebot3_teleop/lib/python3.8/site-packages:${PYTHONPATH} _=/usr/bin/env /usr/bin/python3 setup.py egg_info --egg-base ../../../build/turtlebot3_teleop build --build-base /home/user/ros2_ws/build/turtlebot3_teleop/build install --prefix /home/user/ros2_ws/install/turtlebot3_teleop --record /home/user/ros2_ws/build/turtlebot3_teleop/install.log --single-version-externally-managed
[1.548s] running egg_info
[1.549s] writing ../../../build/turtlebot3_teleop/turtlebot3_teleop.egg-info/PKG-INFO
[1.550s] writing dependency_links to ../../../build/turtlebot3_teleop/turtlebot3_teleop.egg-info/dependency_links.txt
[1.550s] writing entry points to ../../../build/turtlebot3_teleop/turtlebot3_teleop.egg-info/entry_points.txt
[1.551s] writing requirements to ../../../build/turtlebot3_teleop/turtlebot3_teleop.egg-info/requires.txt
[1.551s] writing top-level names to ../../../build/turtlebot3_teleop/turtlebot3_teleop.egg-info/top_level.txt
[1.620s] reading manifest file '../../../build/turtlebot3_teleop/turtlebot3_teleop.egg-info/SOURCES.txt'
[1.621s] writing manifest file '../../../build/turtlebot3_teleop/turtlebot3_teleop.egg-info/SOURCES.txt'
[1.622s] running build
[1.624s] running build_py
[1.624s] running install
[1.624s] running install_lib
[1.626s] running install_data
[1.628s] running install_egg_info
[1.632s] removing '/home/user/ros2_ws/install/turtlebot3_teleop/lib/python3.8/site-packages/turtlebot3_teleop-2.1.1-py3.8.egg-info' (and everything under it)
[1.633s] Copying ../../../build/turtlebot3_teleop/turtlebot3_teleop.egg-info to /home/user/ros2_ws/install/turtlebot3_teleop/lib/python3.8/site-packages/turtlebot3_teleop-2.1.1-py3.8.egg-info
[1.635s] running install_scripts
[1.668s] Installing teleop_keyboard script to /home/user/ros2_ws/install/turtlebot3_teleop/lib/turtlebot3_teleop
[1.669s] writing list of installed files to '/home/user/ros2_ws/build/turtlebot3_teleop/install.log'
[1.738s] Invoked command in '/home/user/ros2_ws/src/turtlebot3/turtlebot3_teleop' returned '0': PYTHONPATH=/home/user/ros2_ws/install/turtlebot3_teleop/lib/python3.8/site-packages:${PYTHONPATH} _=/usr/bin/env /usr/bin/python3 setup.py egg_info --egg-base ../../../build/turtlebot3_teleop build --build-base /home/user/ros2_ws/build/turtlebot3_teleop/build install --prefix /home/user/ros2_ws/install/turtlebot3_teleop --record /home/user/ros2_ws/build/turtlebot3_teleop/install.log --single-version-externally-managed
