[12.193s] Invoking command in '/home/user/ros2_ws/src/map_server': PYTHONPATH=/home/user/ros2_ws/install/map_server/lib/python3.8/site-packages:${PYTHONPATH} _=/usr/bin/env /usr/bin/python3 setup.py egg_info --egg-base ../../build/map_server build --build-base /home/user/ros2_ws/build/map_server/build install --prefix /home/user/ros2_ws/install/map_server --record /home/user/ros2_ws/build/map_server/install.log --single-version-externally-managed
[17.194s] running egg_info
[17.195s] writing ../../build/map_server/map_server.egg-info/PKG-INFO
[17.198s] writing dependency_links to ../../build/map_server/map_server.egg-info/dependency_links.txt
[17.199s] writing entry points to ../../build/map_server/map_server.egg-info/entry_points.txt
[17.199s] writing requirements to ../../build/map_server/map_server.egg-info/requires.txt
[17.200s] writing top-level names to ../../build/map_server/map_server.egg-info/top_level.txt
[17.872s] reading manifest file '../../build/map_server/map_server.egg-info/SOURCES.txt'
[17.885s] writing manifest file '../../build/map_server/map_server.egg-info/SOURCES.txt'
[17.888s] running build
[17.888s] running build_py
[17.893s] running install
[17.904s] running install_lib
[17.987s] running install_data
[18.058s] running install_egg_info
[18.064s] removing '/home/user/ros2_ws/install/map_server/lib/python3.8/site-packages/map_server-0.0.0-py3.8.egg-info' (and everything under it)
[18.067s] Copying ../../build/map_server/map_server.egg-info to /home/user/ros2_ws/install/map_server/lib/python3.8/site-packages/map_server-0.0.0-py3.8.egg-info
[18.076s] running install_scripts
[18.277s] Installing lifecycle_manager script to /home/user/ros2_ws/install/map_server/lib/map_server
[18.278s] Installing map_server script to /home/user/ros2_ws/install/map_server/lib/map_server
[18.279s] writing list of installed files to '/home/user/ros2_ws/build/map_server/install.log'
[18.458s] Invoked command in '/home/user/ros2_ws/src/map_server' returned '0': PYTHONPATH=/home/user/ros2_ws/install/map_server/lib/python3.8/site-packages:${PYTHONPATH} _=/usr/bin/env /usr/bin/python3 setup.py egg_info --egg-base ../../build/map_server build --build-base /home/user/ros2_ws/build/map_server/build install --prefix /home/user/ros2_ws/install/map_server --record /home/user/ros2_ws/build/map_server/install.log --single-version-externally-managed
