[4.235s] Invoking command in '/home/user/ros2_ws/src/turtlebot3/turtlebot3_example': CMAKE_PREFIX_PATH=/home/user/ros2_ws/install/turtlebot3_msgs:/home/simulations/ros2_sims_ws/install/ros1_bridge:/home/user/ros2_ws/install/turtlebot3:/home/user/ros2_ws/install/turtlebot3_navigation2:/home/user/ros2_ws/install/turtlebot3_bringup:/home/user/ros2_ws/install/turtlebot3_description LD_LIBRARY_PATH=/home/user/ros2_ws/install/turtlebot3_msgs/lib:/usr/local/cuda-10.2/lib64:/home/user/.catkin_ws_python3/src/TensorRT-7.0.0.11/lib:/home/simulations/ros2_sims_ws/install/ros1_bridge/lib:/opt/ros/foxy/opt/yaml_cpp_vendor/lib:/opt/ros/foxy/opt/rviz_ogre_vendor/lib:/opt/ros/foxy/lib/x86_64-linux-gnu:/opt/ros/foxy/lib:/usr/local/cuda-10.2/lib64:/home/user/.catkin_ws_python3/src/TensorRT-7.0.0.11/lib:/usr/local/nvidia/lib:/usr/local/nvidia/lib64:/usr/lib/x86_64-linux-gnu/gazebo-11/plugins:/usr/lib/x86_64-linux-gnu/gazebo-11/plugins PYTHONPATH=/home/user/ros2_ws/install/turtlebot3_example/lib/python3.8/site-packages:/home/user/ros2_ws/install/turtlebot3_msgs/lib/python3.8/site-packages:/home/user/ros2_ws/install/project_path_planning/lib/python3.8/site-packages:/home/simulations/ros2_sims_ws/install/ros1_bridge/lib/python3.8/site-packages:/home/user/ros2_ws/install/turtlebot3_teleop/lib/python3.8/site-packages:/home/user/ros2_ws/install/turtlebot3_example/lib/python3.8/site-packages:/home/user/ros2_ws/install/project_mapping/lib/python3.8/site-packages:/home/user/ros2_ws/install/project_localization/lib/python3.8/site-packages:/home/user/ros2_ws/install/my_package/lib/python3.8/site-packages:/home/user/ros2_ws/install/map_server/lib/python3.8/site-packages:/opt/ros/foxy/lib/python3.8/site-packages _=/usr/bin/env /usr/bin/python3 setup.py egg_info --egg-base ../../../build/turtlebot3_example build --build-base /home/user/ros2_ws/build/turtlebot3_example/build install --prefix /home/user/ros2_ws/install/turtlebot3_example --record /home/user/ros2_ws/build/turtlebot3_example/install.log --single-version-externally-managed
[6.891s] running egg_info
[6.891s] writing ../../../build/turtlebot3_example/turtlebot3_example.egg-info/PKG-INFO
[6.891s] writing dependency_links to ../../../build/turtlebot3_example/turtlebot3_example.egg-info/dependency_links.txt
[6.892s] writing entry points to ../../../build/turtlebot3_example/turtlebot3_example.egg-info/entry_points.txt
[6.892s] writing requirements to ../../../build/turtlebot3_example/turtlebot3_example.egg-info/requires.txt
[6.892s] writing top-level names to ../../../build/turtlebot3_example/turtlebot3_example.egg-info/top_level.txt
[7.293s] reading manifest file '../../../build/turtlebot3_example/turtlebot3_example.egg-info/SOURCES.txt'
[7.293s] writing manifest file '../../../build/turtlebot3_example/turtlebot3_example.egg-info/SOURCES.txt'
[7.294s] running build
[7.294s] running build_py
[7.298s] running install
[7.301s] running install_lib
[7.308s] running install_data
[7.309s] running install_egg_info
[7.315s] removing '/home/user/ros2_ws/install/turtlebot3_example/lib/python3.8/site-packages/turtlebot3_example-2.1.1-py3.8.egg-info' (and everything under it)
[7.316s] Copying ../../../build/turtlebot3_example/turtlebot3_example.egg-info to /home/user/ros2_ws/install/turtlebot3_example/lib/python3.8/site-packages/turtlebot3_example-2.1.1-py3.8.egg-info
[7.319s] running install_scripts
[7.399s] Installing turtlebot3_obstacle_detection script to /home/user/ros2_ws/install/turtlebot3_example/lib/turtlebot3_example
[7.400s] Installing turtlebot3_patrol_client script to /home/user/ros2_ws/install/turtlebot3_example/lib/turtlebot3_example
[7.401s] Installing turtlebot3_patrol_server script to /home/user/ros2_ws/install/turtlebot3_example/lib/turtlebot3_example
[7.403s] Installing turtlebot3_position_control script to /home/user/ros2_ws/install/turtlebot3_example/lib/turtlebot3_example
[7.406s] writing list of installed files to '/home/user/ros2_ws/build/turtlebot3_example/install.log'
[7.521s] Invoked command in '/home/user/ros2_ws/src/turtlebot3/turtlebot3_example' returned '0': CMAKE_PREFIX_PATH=/home/user/ros2_ws/install/turtlebot3_msgs:/home/simulations/ros2_sims_ws/install/ros1_bridge:/home/user/ros2_ws/install/turtlebot3:/home/user/ros2_ws/install/turtlebot3_navigation2:/home/user/ros2_ws/install/turtlebot3_bringup:/home/user/ros2_ws/install/turtlebot3_description LD_LIBRARY_PATH=/home/user/ros2_ws/install/turtlebot3_msgs/lib:/usr/local/cuda-10.2/lib64:/home/user/.catkin_ws_python3/src/TensorRT-7.0.0.11/lib:/home/simulations/ros2_sims_ws/install/ros1_bridge/lib:/opt/ros/foxy/opt/yaml_cpp_vendor/lib:/opt/ros/foxy/opt/rviz_ogre_vendor/lib:/opt/ros/foxy/lib/x86_64-linux-gnu:/opt/ros/foxy/lib:/usr/local/cuda-10.2/lib64:/home/user/.catkin_ws_python3/src/TensorRT-7.0.0.11/lib:/usr/local/nvidia/lib:/usr/local/nvidia/lib64:/usr/lib/x86_64-linux-gnu/gazebo-11/plugins:/usr/lib/x86_64-linux-gnu/gazebo-11/plugins PYTHONPATH=/home/user/ros2_ws/install/turtlebot3_example/lib/python3.8/site-packages:/home/user/ros2_ws/install/turtlebot3_msgs/lib/python3.8/site-packages:/home/user/ros2_ws/install/project_path_planning/lib/python3.8/site-packages:/home/simulations/ros2_sims_ws/install/ros1_bridge/lib/python3.8/site-packages:/home/user/ros2_ws/install/turtlebot3_teleop/lib/python3.8/site-packages:/home/user/ros2_ws/install/turtlebot3_example/lib/python3.8/site-packages:/home/user/ros2_ws/install/project_mapping/lib/python3.8/site-packages:/home/user/ros2_ws/install/project_localization/lib/python3.8/site-packages:/home/user/ros2_ws/install/my_package/lib/python3.8/site-packages:/home/user/ros2_ws/install/map_server/lib/python3.8/site-packages:/opt/ros/foxy/lib/python3.8/site-packages _=/usr/bin/env /usr/bin/python3 setup.py egg_info --egg-base ../../../build/turtlebot3_example build --build-base /home/user/ros2_ws/build/turtlebot3_example/build install --prefix /home/user/ros2_ws/install/turtlebot3_example --record /home/user/ros2_ws/build/turtlebot3_example/install.log --single-version-externally-managed
