[13.570s] Invoking command in '/home/user/ros2_ws/src/project_mapping': PYTHONPATH=/home/user/ros2_ws/install/project_mapping/lib/python3.8/site-packages:${PYTHONPATH} _=/usr/bin/env /usr/bin/python3 setup.py egg_info --egg-base ../../build/project_mapping build --build-base /home/user/ros2_ws/build/project_mapping/build install --prefix /home/user/ros2_ws/install/project_mapping --record /home/user/ros2_ws/build/project_mapping/install.log --single-version-externally-managed
[17.977s] running egg_info
[17.984s] writing ../../build/project_mapping/project_mapping.egg-info/PKG-INFO
[17.986s] writing dependency_links to ../../build/project_mapping/project_mapping.egg-info/dependency_links.txt
[17.991s] writing entry points to ../../build/project_mapping/project_mapping.egg-info/entry_points.txt
[17.992s] writing requirements to ../../build/project_mapping/project_mapping.egg-info/requires.txt
[17.992s] writing top-level names to ../../build/project_mapping/project_mapping.egg-info/top_level.txt
[19.378s] reading manifest file '../../build/project_mapping/project_mapping.egg-info/SOURCES.txt'
[19.378s] writing manifest file '../../build/project_mapping/project_mapping.egg-info/SOURCES.txt'
[19.378s] running build
[19.378s] running build_py
[19.378s] running install
[19.379s] running install_lib
[19.379s] running install_data
[19.382s] running install_egg_info
[19.388s] removing '/home/user/ros2_ws/install/project_mapping/lib/python3.8/site-packages/project_mapping-0.0.0-py3.8.egg-info' (and everything under it)
[19.388s] Copying ../../build/project_mapping/project_mapping.egg-info to /home/user/ros2_ws/install/project_mapping/lib/python3.8/site-packages/project_mapping-0.0.0-py3.8.egg-info
[19.402s] running install_scripts
[19.496s] Installing cartographer_node script to /home/user/ros2_ws/install/project_mapping/lib/project_mapping
[19.497s] Installing occupancy_grid_node script to /home/user/ros2_ws/install/project_mapping/lib/project_mapping
[19.497s] writing list of installed files to '/home/user/ros2_ws/build/project_mapping/install.log'
[19.597s] Invoked command in '/home/user/ros2_ws/src/project_mapping' returned '0': PYTHONPATH=/home/user/ros2_ws/install/project_mapping/lib/python3.8/site-packages:${PYTHONPATH} _=/usr/bin/env /usr/bin/python3 setup.py egg_info --egg-base ../../build/project_mapping build --build-base /home/user/ros2_ws/build/project_mapping/build install --prefix /home/user/ros2_ws/install/project_mapping --record /home/user/ros2_ws/build/project_mapping/install.log --single-version-externally-managed
