[0.059s] Invoking command in '/home/user/ros2_ws/build/turtlebot3_msgs': _=/usr/bin/env /usr/bin/cmake /home/user/ros2_ws/src/turtlebot3_msgs -DCMAKE_INSTALL_PREFIX=/home/user/ros2_ws/install/turtlebot3_msgs
[0.134s] CMake Error at CMakeLists.txt:18 (find_package):
[0.134s]   By not providing "Findaction_msgs.cmake" in CMAKE_MODULE_PATH this project
[0.134s]   has asked CMake to find a package configuration file provided by
[0.134s]   "action_msgs", but CMake did not find one.
[0.134s] 
[0.134s]   Could not find a package configuration file provided by "action_msgs" with
[0.135s]   any of the following names:
[0.135s] 
[0.135s]     action_msgsConfig.cmake
[0.136s]     action_msgs-config.cmake
[0.136s] 
[0.136s]   Add the installation prefix of "action_msgs" to CMAKE_PREFIX_PATH or set
[0.136s]   "action_msgs_DIR" to a directory containing one of the above files.  If
[0.136s]   "action_msgs" provides a separate development package or SDK, be sure it
[0.136s]   has been installed.
[0.137s] 
[0.137s] 
[0.137s] -- Configuring incomplete, errors occurred!
[0.137s] See also "/home/user/ros2_ws/build/turtlebot3_msgs/CMakeFiles/CMakeOutput.log".
[0.778s] Invoked command in '/home/user/ros2_ws/build/turtlebot3_msgs' returned '1': _=/usr/bin/env /usr/bin/cmake /home/user/ros2_ws/src/turtlebot3_msgs -DCMAKE_INSTALL_PREFIX=/home/user/ros2_ws/install/turtlebot3_msgs
