[0.707s] Invoking command in '/home/user/ros2_ws/build/turtlebot3_msgs': CMAKE_PREFIX_PATH=${CMAKE_PREFIX_PATH}:/home/user/ros2_ws/install/turtlebot3_teleop:/home/user/ros2_ws/install/turtlebot3_example:/home/user/ros2_ws/install/project_mapping:/home/user/ros2_ws/install/project_localization:/home/user/ros2_ws/install/my_package:/home/user/ros2_ws/install/map_server:/opt/ros/foxy _=/usr/bin/env /usr/bin/cmake --build /home/user/ros2_ws/build/turtlebot3_msgs -- -j8 -l8
[10.475s] [  1%] Built target turtlebot3_msgs__cpp
[10.475s] [ 12%] Built target turtlebot3_msgs__rosidl_generator_c
[10.475s] [ 23%] Built target turtlebot3_msgs__rosidl_typesupport_introspection_cpp
[10.475s] [ 35%] Built target turtlebot3_msgs__rosidl_typesupport_introspection_c
[10.475s] [ 46%] Built target turtlebot3_msgs__rosidl_typesupport_c
[10.476s] [ 57%] Built target turtlebot3_msgs__rosidl_typesupport_fastrtps_cpp
[10.476s] [ 69%] Built target turtlebot3_msgs__rosidl_typesupport_cpp
[10.477s] [ 80%] Built target turtlebot3_msgs__rosidl_typesupport_fastrtps_c
[10.477s] [ 80%] Built target turtlebot3_msgs
[10.477s] [ 81%] Built target turtlebot3_msgs__py
[10.477s] [ 91%] Built target turtlebot3_msgs__python
[10.477s] [ 94%] Built target turtlebot3_msgs__rosidl_typesupport_fastrtps_c__pyext
[10.477s] [ 97%] Built target turtlebot3_msgs__rosidl_typesupport_c__pyext
[10.477s] [100%] Built target turtlebot3_msgs__rosidl_typesupport_introspection_c__pyext
[14.098s] Invoked command in '/home/user/ros2_ws/build/turtlebot3_msgs' returned '0': CMAKE_PREFIX_PATH=${CMAKE_PREFIX_PATH}:/home/user/ros2_ws/install/turtlebot3_teleop:/home/user/ros2_ws/install/turtlebot3_example:/home/user/ros2_ws/install/project_mapping:/home/user/ros2_ws/install/project_localization:/home/user/ros2_ws/install/my_package:/home/user/ros2_ws/install/map_server:/opt/ros/foxy _=/usr/bin/env /usr/bin/cmake --build /home/user/ros2_ws/build/turtlebot3_msgs -- -j8 -l8
[23.278s] Invoking command in '/home/user/ros2_ws/build/turtlebot3_msgs': CMAKE_PREFIX_PATH=${CMAKE_PREFIX_PATH}:/home/user/ros2_ws/install/turtlebot3_teleop:/home/user/ros2_ws/install/turtlebot3_example:/home/user/ros2_ws/install/project_mapping:/home/user/ros2_ws/install/project_localization:/home/user/ros2_ws/install/my_package:/home/user/ros2_ws/install/map_server:/opt/ros/foxy _=/usr/bin/env /usr/bin/cmake --install /home/user/ros2_ws/build/turtlebot3_msgs
[23.385s] -- Install configuration: ""
[23.389s] -- Up-to-date: /home/user/ros2_ws/install/turtlebot3_msgs/share/ament_index/resource_index/rosidl_interfaces/turtlebot3_msgs
[23.390s] -- Up-to-date: /home/user/ros2_ws/install/turtlebot3_msgs/include/turtlebot3_msgs
[23.390s] -- Up-to-date: /home/user/ros2_ws/install/turtlebot3_msgs/include/turtlebot3_msgs/srv
[23.391s] -- Up-to-date: /home/user/ros2_ws/install/turtlebot3_msgs/include/turtlebot3_msgs/srv/detail
[23.391s] -- Up-to-date: /home/user/ros2_ws/install/turtlebot3_msgs/include/turtlebot3_msgs/srv/detail/dqn__functions.h
[23.391s] -- Up-to-date: /home/user/ros2_ws/install/turtlebot3_msgs/include/turtlebot3_msgs/srv/detail/sound__functions.c
[23.391s] -- Up-to-date: /home/user/ros2_ws/install/turtlebot3_msgs/include/turtlebot3_msgs/srv/detail/sound__struct.h
[23.392s] -- Up-to-date: /home/user/ros2_ws/install/turtlebot3_msgs/include/turtlebot3_msgs/srv/detail/sound__functions.h
[23.392s] -- Up-to-date: /home/user/ros2_ws/install/turtlebot3_msgs/include/turtlebot3_msgs/srv/detail/dqn__type_support.h
[23.392s] -- Up-to-date: /home/user/ros2_ws/install/turtlebot3_msgs/include/turtlebot3_msgs/srv/detail/dqn__struct.h
[23.393s] -- Up-to-date: /home/user/ros2_ws/install/turtlebot3_msgs/include/turtlebot3_msgs/srv/detail/dqn__functions.c
[23.402s] -- Up-to-date: /home/user/ros2_ws/install/turtlebot3_msgs/include/turtlebot3_msgs/srv/detail/sound__type_support.h
[23.403s] -- Up-to-date: /home/user/ros2_ws/install/turtlebot3_msgs/include/turtlebot3_msgs/srv/sound.h
[23.403s] -- Up-to-date: /home/user/ros2_ws/install/turtlebot3_msgs/include/turtlebot3_msgs/srv/dqn.h
[23.403s] -- Up-to-date: /home/user/ros2_ws/install/turtlebot3_msgs/include/turtlebot3_msgs/msg
[23.404s] -- Up-to-date: /home/user/ros2_ws/install/turtlebot3_msgs/include/turtlebot3_msgs/msg/detail
[23.404s] -- Up-to-date: /home/user/ros2_ws/install/turtlebot3_msgs/include/turtlebot3_msgs/msg/detail/version_info__functions.h
[23.404s] -- Up-to-date: /home/user/ros2_ws/install/turtlebot3_msgs/include/turtlebot3_msgs/msg/detail/version_info__type_support.h
[23.405s] -- Up-to-date: /home/user/ros2_ws/install/turtlebot3_msgs/include/turtlebot3_msgs/msg/detail/sensor_state__functions.c
[23.405s] -- Up-to-date: /home/user/ros2_ws/install/turtlebot3_msgs/include/turtlebot3_msgs/msg/detail/sound__functions.c
[23.405s] -- Up-to-date: /home/user/ros2_ws/install/turtlebot3_msgs/include/turtlebot3_msgs/msg/detail/sound__struct.h
[23.406s] -- Up-to-date: /home/user/ros2_ws/install/turtlebot3_msgs/include/turtlebot3_msgs/msg/detail/sound__functions.h
[23.406s] -- Up-to-date: /home/user/ros2_ws/install/turtlebot3_msgs/include/turtlebot3_msgs/msg/detail/version_info__functions.c
[23.406s] -- Up-to-date: /home/user/ros2_ws/install/turtlebot3_msgs/include/turtlebot3_msgs/msg/detail/sensor_state__functions.h
[23.406s] -- Up-to-date: /home/user/ros2_ws/install/turtlebot3_msgs/include/turtlebot3_msgs/msg/detail/sensor_state__type_support.h
[23.406s] -- Up-to-date: /home/user/ros2_ws/install/turtlebot3_msgs/include/turtlebot3_msgs/msg/detail/sensor_state__struct.h
[23.407s] -- Up-to-date: /home/user/ros2_ws/install/turtlebot3_msgs/include/turtlebot3_msgs/msg/detail/version_info__struct.h
[23.407s] -- Up-to-date: /home/user/ros2_ws/install/turtlebot3_msgs/include/turtlebot3_msgs/msg/detail/sound__type_support.h
[23.407s] -- Up-to-date: /home/user/ros2_ws/install/turtlebot3_msgs/include/turtlebot3_msgs/msg/rosidl_generator_c__visibility_control.h
[23.407s] -- Up-to-date: /home/user/ros2_ws/install/turtlebot3_msgs/include/turtlebot3_msgs/msg/sound.h
[23.407s] -- Up-to-date: /home/user/ros2_ws/install/turtlebot3_msgs/include/turtlebot3_msgs/msg/sensor_state.h
[23.408s] -- Up-to-date: /home/user/ros2_ws/install/turtlebot3_msgs/include/turtlebot3_msgs/msg/version_info.h
[23.408s] -- Up-to-date: /home/user/ros2_ws/install/turtlebot3_msgs/include/turtlebot3_msgs/action
[23.470s] -- Up-to-date: /home/user/ros2_ws/install/turtlebot3_msgs/include/turtlebot3_msgs/action/detail
[23.470s] -- Up-to-date: /home/user/ros2_ws/install/turtlebot3_msgs/include/turtlebot3_msgs/action/detail/patrol__functions.h
[23.471s] -- Up-to-date: /home/user/ros2_ws/install/turtlebot3_msgs/include/turtlebot3_msgs/action/detail/patrol__functions.c
[23.471s] -- Up-to-date: /home/user/ros2_ws/install/turtlebot3_msgs/include/turtlebot3_msgs/action/detail/patrol__struct.h
[23.472s] -- Up-to-date: /home/user/ros2_ws/install/turtlebot3_msgs/include/turtlebot3_msgs/action/detail/patrol__type_support.h
[23.472s] -- Up-to-date: /home/user/ros2_ws/install/turtlebot3_msgs/include/turtlebot3_msgs/action/patrol.h
[23.473s] -- Up-to-date: /home/user/ros2_ws/install/turtlebot3_msgs/share/turtlebot3_msgs/environment/library_path.sh
[23.478s] -- Up-to-date: /home/user/ros2_ws/install/turtlebot3_msgs/share/turtlebot3_msgs/environment/library_path.dsv
[23.479s] -- Up-to-date: /home/user/ros2_ws/install/turtlebot3_msgs/lib/libturtlebot3_msgs__rosidl_generator_c.so
[23.480s] -- Up-to-date: /home/user/ros2_ws/install/turtlebot3_msgs/include/turtlebot3_msgs
[23.481s] -- Up-to-date: /home/user/ros2_ws/install/turtlebot3_msgs/include/turtlebot3_msgs/srv
[23.481s] -- Up-to-date: /home/user/ros2_ws/install/turtlebot3_msgs/include/turtlebot3_msgs/srv/detail
[23.482s] -- Up-to-date: /home/user/ros2_ws/install/turtlebot3_msgs/include/turtlebot3_msgs/srv/detail/sound__rosidl_typesupport_fastrtps_c.h
[23.483s] -- Up-to-date: /home/user/ros2_ws/install/turtlebot3_msgs/include/turtlebot3_msgs/srv/detail/dqn__rosidl_typesupport_fastrtps_c.h
[23.484s] -- Up-to-date: /home/user/ros2_ws/install/turtlebot3_msgs/include/turtlebot3_msgs/msg
[23.490s] -- Up-to-date: /home/user/ros2_ws/install/turtlebot3_msgs/include/turtlebot3_msgs/msg/detail
[23.490s] -- Up-to-date: /home/user/ros2_ws/install/turtlebot3_msgs/include/turtlebot3_msgs/msg/detail/version_info__rosidl_typesupport_fastrtps_c.h
[23.491s] -- Up-to-date: /home/user/ros2_ws/install/turtlebot3_msgs/include/turtlebot3_msgs/msg/detail/sound__rosidl_typesupport_fastrtps_c.h
[23.491s] -- Up-to-date: /home/user/ros2_ws/install/turtlebot3_msgs/include/turtlebot3_msgs/msg/detail/sensor_state__rosidl_typesupport_fastrtps_c.h
[23.492s] -- Up-to-date: /home/user/ros2_ws/install/turtlebot3_msgs/include/turtlebot3_msgs/msg/rosidl_typesupport_fastrtps_c__visibility_control.h
[23.492s] -- Up-to-date: /home/user/ros2_ws/install/turtlebot3_msgs/include/turtlebot3_msgs/action
[23.492s] -- Up-to-date: /home/user/ros2_ws/install/turtlebot3_msgs/include/turtlebot3_msgs/action/detail
[23.498s] -- Up-to-date: /home/user/ros2_ws/install/turtlebot3_msgs/include/turtlebot3_msgs/action/detail/patrol__rosidl_typesupport_fastrtps_c.h
[23.499s] -- Up-to-date: /home/user/ros2_ws/install/turtlebot3_msgs/lib/libturtlebot3_msgs__rosidl_typesupport_fastrtps_c.so
[23.500s] -- Up-to-date: /home/user/ros2_ws/install/turtlebot3_msgs/include/turtlebot3_msgs
[23.506s] -- Up-to-date: /home/user/ros2_ws/install/turtlebot3_msgs/include/turtlebot3_msgs/srv
[23.506s] -- Up-to-date: /home/user/ros2_ws/install/turtlebot3_msgs/include/turtlebot3_msgs/srv/detail
[23.507s] -- Up-to-date: /home/user/ros2_ws/install/turtlebot3_msgs/include/turtlebot3_msgs/srv/detail/dqn__rosidl_typesupport_fastrtps_cpp.hpp
[23.507s] -- Up-to-date: /home/user/ros2_ws/install/turtlebot3_msgs/include/turtlebot3_msgs/srv/detail/sound__rosidl_typesupport_fastrtps_cpp.hpp
[23.512s] -- Up-to-date: /home/user/ros2_ws/install/turtlebot3_msgs/include/turtlebot3_msgs/srv/detail/dds_fastrtps
[23.513s] -- Up-to-date: /home/user/ros2_ws/install/turtlebot3_msgs/include/turtlebot3_msgs/msg
[23.513s] -- Up-to-date: /home/user/ros2_ws/install/turtlebot3_msgs/include/turtlebot3_msgs/msg/detail
[23.514s] -- Up-to-date: /home/user/ros2_ws/install/turtlebot3_msgs/include/turtlebot3_msgs/msg/detail/sensor_state__rosidl_typesupport_fastrtps_cpp.hpp
[23.515s] -- Up-to-date: /home/user/ros2_ws/install/turtlebot3_msgs/include/turtlebot3_msgs/msg/detail/sound__rosidl_typesupport_fastrtps_cpp.hpp
[23.515s] -- Up-to-date: /home/user/ros2_ws/install/turtlebot3_msgs/include/turtlebot3_msgs/msg/detail/dds_fastrtps
[23.570s] -- Up-to-date: /home/user/ros2_ws/install/turtlebot3_msgs/include/turtlebot3_msgs/msg/detail/version_info__rosidl_typesupport_fastrtps_cpp.hpp
[23.572s] -- Up-to-date: /home/user/ros2_ws/install/turtlebot3_msgs/include/turtlebot3_msgs/msg/rosidl_typesupport_fastrtps_cpp__visibility_control.h
[23.574s] -- Up-to-date: /home/user/ros2_ws/install/turtlebot3_msgs/include/turtlebot3_msgs/action
[23.574s] -- Up-to-date: /home/user/ros2_ws/install/turtlebot3_msgs/include/turtlebot3_msgs/action/detail
[23.575s] -- Up-to-date: /home/user/ros2_ws/install/turtlebot3_msgs/include/turtlebot3_msgs/action/detail/dds_fastrtps
[23.575s] -- Up-to-date: /home/user/ros2_ws/install/turtlebot3_msgs/include/turtlebot3_msgs/action/detail/patrol__rosidl_typesupport_fastrtps_cpp.hpp
[23.576s] -- Up-to-date: /home/user/ros2_ws/install/turtlebot3_msgs/lib/libturtlebot3_msgs__rosidl_typesupport_fastrtps_cpp.so
[23.577s] -- Up-to-date: /home/user/ros2_ws/install/turtlebot3_msgs/include/turtlebot3_msgs
[23.579s] -- Up-to-date: /home/user/ros2_ws/install/turtlebot3_msgs/include/turtlebot3_msgs/srv
[23.580s] -- Up-to-date: /home/user/ros2_ws/install/turtlebot3_msgs/include/turtlebot3_msgs/srv/detail
[23.581s] -- Up-to-date: /home/user/ros2_ws/install/turtlebot3_msgs/include/turtlebot3_msgs/srv/detail/sound__rosidl_typesupport_introspection_c.h
[23.582s] -- Up-to-date: /home/user/ros2_ws/install/turtlebot3_msgs/include/turtlebot3_msgs/srv/detail/dqn__rosidl_typesupport_introspection_c.h
[23.583s] -- Up-to-date: /home/user/ros2_ws/install/turtlebot3_msgs/include/turtlebot3_msgs/srv/detail/sound__type_support.c
[23.583s] -- Up-to-date: /home/user/ros2_ws/install/turtlebot3_msgs/include/turtlebot3_msgs/srv/detail/dqn__type_support.c
[23.584s] -- Up-to-date: /home/user/ros2_ws/install/turtlebot3_msgs/include/turtlebot3_msgs/msg
[23.584s] -- Up-to-date: /home/user/ros2_ws/install/turtlebot3_msgs/include/turtlebot3_msgs/msg/detail
[23.585s] -- Up-to-date: /home/user/ros2_ws/install/turtlebot3_msgs/include/turtlebot3_msgs/msg/detail/version_info__rosidl_typesupport_introspection_c.h
[23.585s] -- Up-to-date: /home/user/ros2_ws/install/turtlebot3_msgs/include/turtlebot3_msgs/msg/detail/sound__rosidl_typesupport_introspection_c.h
[23.586s] -- Up-to-date: /home/user/ros2_ws/install/turtlebot3_msgs/include/turtlebot3_msgs/msg/detail/sensor_state__rosidl_typesupport_introspection_c.h
[23.587s] -- Up-to-date: /home/user/ros2_ws/install/turtlebot3_msgs/include/turtlebot3_msgs/msg/detail/sound__type_support.c
[23.587s] -- Up-to-date: /home/user/ros2_ws/install/turtlebot3_msgs/include/turtlebot3_msgs/msg/detail/version_info__type_support.c
[23.588s] -- Up-to-date: /home/user/ros2_ws/install/turtlebot3_msgs/include/turtlebot3_msgs/msg/detail/sensor_state__type_support.c
[23.589s] -- Up-to-date: /home/user/ros2_ws/install/turtlebot3_msgs/include/turtlebot3_msgs/msg/rosidl_typesupport_introspection_c__visibility_control.h
[23.590s] -- Up-to-date: /home/user/ros2_ws/install/turtlebot3_msgs/include/turtlebot3_msgs/action
[23.591s] -- Up-to-date: /home/user/ros2_ws/install/turtlebot3_msgs/include/turtlebot3_msgs/action/detail
[23.593s] -- Up-to-date: /home/user/ros2_ws/install/turtlebot3_msgs/include/turtlebot3_msgs/action/detail/patrol__rosidl_typesupport_introspection_c.h
[23.593s] -- Up-to-date: /home/user/ros2_ws/install/turtlebot3_msgs/include/turtlebot3_msgs/action/detail/patrol__type_support.c
[23.594s] -- Up-to-date: /home/user/ros2_ws/install/turtlebot3_msgs/lib/libturtlebot3_msgs__rosidl_typesupport_introspection_c.so
[23.595s] -- Up-to-date: /home/user/ros2_ws/install/turtlebot3_msgs/lib/libturtlebot3_msgs__rosidl_typesupport_c.so
[23.596s] -- Up-to-date: /home/user/ros2_ws/install/turtlebot3_msgs/include/turtlebot3_msgs
[23.596s] -- Up-to-date: /home/user/ros2_ws/install/turtlebot3_msgs/include/turtlebot3_msgs/srv
[23.597s] -- Up-to-date: /home/user/ros2_ws/install/turtlebot3_msgs/include/turtlebot3_msgs/srv/detail
[23.598s] -- Up-to-date: /home/user/ros2_ws/install/turtlebot3_msgs/include/turtlebot3_msgs/srv/detail/sound__traits.hpp
[23.599s] -- Up-to-date: /home/user/ros2_ws/install/turtlebot3_msgs/include/turtlebot3_msgs/srv/detail/dqn__traits.hpp
[23.599s] -- Up-to-date: /home/user/ros2_ws/install/turtlebot3_msgs/include/turtlebot3_msgs/srv/detail/dqn__struct.hpp
[23.600s] -- Up-to-date: /home/user/ros2_ws/install/turtlebot3_msgs/include/turtlebot3_msgs/srv/detail/dqn__builder.hpp
[23.601s] -- Up-to-date: /home/user/ros2_ws/install/turtlebot3_msgs/include/turtlebot3_msgs/srv/detail/sound__struct.hpp
[23.602s] -- Up-to-date: /home/user/ros2_ws/install/turtlebot3_msgs/include/turtlebot3_msgs/srv/detail/sound__builder.hpp
[23.603s] -- Up-to-date: /home/user/ros2_ws/install/turtlebot3_msgs/include/turtlebot3_msgs/srv/dqn.hpp
[23.604s] -- Up-to-date: /home/user/ros2_ws/install/turtlebot3_msgs/include/turtlebot3_msgs/srv/sound.hpp
[23.670s] -- Up-to-date: /home/user/ros2_ws/install/turtlebot3_msgs/include/turtlebot3_msgs/msg
[23.672s] -- Up-to-date: /home/user/ros2_ws/install/turtlebot3_msgs/include/turtlebot3_msgs/msg/detail
[23.672s] -- Up-to-date: /home/user/ros2_ws/install/turtlebot3_msgs/include/turtlebot3_msgs/msg/detail/sensor_state__traits.hpp
[23.673s] -- Up-to-date: /home/user/ros2_ws/install/turtlebot3_msgs/include/turtlebot3_msgs/msg/detail/sound__traits.hpp
[23.673s] -- Up-to-date: /home/user/ros2_ws/install/turtlebot3_msgs/include/turtlebot3_msgs/msg/detail/version_info__traits.hpp
[23.676s] -- Up-to-date: /home/user/ros2_ws/install/turtlebot3_msgs/include/turtlebot3_msgs/msg/detail/version_info__builder.hpp
[23.677s] -- Up-to-date: /home/user/ros2_ws/install/turtlebot3_msgs/include/turtlebot3_msgs/msg/detail/sensor_state__struct.hpp
[23.677s] -- Up-to-date: /home/user/ros2_ws/install/turtlebot3_msgs/include/turtlebot3_msgs/msg/detail/sensor_state__builder.hpp
[23.679s] -- Up-to-date: /home/user/ros2_ws/install/turtlebot3_msgs/include/turtlebot3_msgs/msg/detail/sound__struct.hpp
[23.679s] -- Up-to-date: /home/user/ros2_ws/install/turtlebot3_msgs/include/turtlebot3_msgs/msg/detail/sound__builder.hpp
[23.679s] -- Up-to-date: /home/user/ros2_ws/install/turtlebot3_msgs/include/turtlebot3_msgs/msg/detail/version_info__struct.hpp
[23.680s] -- Up-to-date: /home/user/ros2_ws/install/turtlebot3_msgs/include/turtlebot3_msgs/msg/version_info.hpp
[23.680s] -- Up-to-date: /home/user/ros2_ws/install/turtlebot3_msgs/include/turtlebot3_msgs/msg/sensor_state.hpp
[23.680s] -- Up-to-date: /home/user/ros2_ws/install/turtlebot3_msgs/include/turtlebot3_msgs/msg/sound.hpp
[23.681s] -- Up-to-date: /home/user/ros2_ws/install/turtlebot3_msgs/include/turtlebot3_msgs/action
[23.681s] -- Up-to-date: /home/user/ros2_ws/install/turtlebot3_msgs/include/turtlebot3_msgs/action/detail
[23.681s] -- Up-to-date: /home/user/ros2_ws/install/turtlebot3_msgs/include/turtlebot3_msgs/action/detail/patrol__traits.hpp
[23.682s] -- Up-to-date: /home/user/ros2_ws/install/turtlebot3_msgs/include/turtlebot3_msgs/action/detail/patrol__builder.hpp
[23.682s] -- Up-to-date: /home/user/ros2_ws/install/turtlebot3_msgs/include/turtlebot3_msgs/action/detail/patrol__struct.hpp
[23.683s] -- Up-to-date: /home/user/ros2_ws/install/turtlebot3_msgs/include/turtlebot3_msgs/action/patrol.hpp
[23.683s] -- Up-to-date: /home/user/ros2_ws/install/turtlebot3_msgs/include/turtlebot3_msgs
[23.683s] -- Up-to-date: /home/user/ros2_ws/install/turtlebot3_msgs/include/turtlebot3_msgs/srv
[23.683s] -- Up-to-date: /home/user/ros2_ws/install/turtlebot3_msgs/include/turtlebot3_msgs/srv/detail
[23.684s] -- Up-to-date: /home/user/ros2_ws/install/turtlebot3_msgs/include/turtlebot3_msgs/srv/detail/dqn__rosidl_typesupport_introspection_cpp.hpp
[23.684s] -- Up-to-date: /home/user/ros2_ws/install/turtlebot3_msgs/include/turtlebot3_msgs/srv/detail/sound__type_support.cpp
[23.684s] -- Up-to-date: /home/user/ros2_ws/install/turtlebot3_msgs/include/turtlebot3_msgs/srv/detail/sound__rosidl_typesupport_introspection_cpp.hpp
[23.684s] -- Up-to-date: /home/user/ros2_ws/install/turtlebot3_msgs/include/turtlebot3_msgs/srv/detail/dqn__type_support.cpp
[23.685s] -- Up-to-date: /home/user/ros2_ws/install/turtlebot3_msgs/include/turtlebot3_msgs/msg
[23.685s] -- Up-to-date: /home/user/ros2_ws/install/turtlebot3_msgs/include/turtlebot3_msgs/msg/detail
[23.685s] -- Up-to-date: /home/user/ros2_ws/install/turtlebot3_msgs/include/turtlebot3_msgs/msg/detail/sensor_state__rosidl_typesupport_introspection_cpp.hpp
[23.685s] -- Up-to-date: /home/user/ros2_ws/install/turtlebot3_msgs/include/turtlebot3_msgs/msg/detail/version_info__type_support.cpp
[23.686s] -- Up-to-date: /home/user/ros2_ws/install/turtlebot3_msgs/include/turtlebot3_msgs/msg/detail/version_info__rosidl_typesupport_introspection_cpp.hpp
[23.694s] -- Up-to-date: /home/user/ros2_ws/install/turtlebot3_msgs/include/turtlebot3_msgs/msg/detail/sensor_state__type_support.cpp
[23.694s] -- Up-to-date: /home/user/ros2_ws/install/turtlebot3_msgs/include/turtlebot3_msgs/msg/detail/sound__type_support.cpp
[23.694s] -- Up-to-date: /home/user/ros2_ws/install/turtlebot3_msgs/include/turtlebot3_msgs/msg/detail/sound__rosidl_typesupport_introspection_cpp.hpp
[23.695s] -- Up-to-date: /home/user/ros2_ws/install/turtlebot3_msgs/include/turtlebot3_msgs/action
[23.695s] -- Up-to-date: /home/user/ros2_ws/install/turtlebot3_msgs/include/turtlebot3_msgs/action/detail
[23.695s] -- Up-to-date: /home/user/ros2_ws/install/turtlebot3_msgs/include/turtlebot3_msgs/action/detail/patrol__type_support.cpp
[23.695s] -- Up-to-date: /home/user/ros2_ws/install/turtlebot3_msgs/include/turtlebot3_msgs/action/detail/patrol__rosidl_typesupport_introspection_cpp.hpp
[23.695s] -- Up-to-date: /home/user/ros2_ws/install/turtlebot3_msgs/lib/libturtlebot3_msgs__rosidl_typesupport_introspection_cpp.so
[23.696s] -- Up-to-date: /home/user/ros2_ws/install/turtlebot3_msgs/lib/libturtlebot3_msgs__rosidl_typesupport_cpp.so
[23.696s] -- Up-to-date: /home/user/ros2_ws/install/turtlebot3_msgs/share/turtlebot3_msgs/environment/pythonpath.sh
[23.696s] -- Up-to-date: /home/user/ros2_ws/install/turtlebot3_msgs/share/turtlebot3_msgs/environment/pythonpath.dsv
[23.696s] -- Up-to-date: /home/user/ros2_ws/install/turtlebot3_msgs/lib/python3.8/site-packages/turtlebot3_msgs/__init__.py
[24.086s] -- Up-to-date: /home/user/ros2_ws/install/turtlebot3_msgs/lib/python3.8/site-packages/turtlebot3_msgs/msg
[24.086s] -- Up-to-date: /home/user/ros2_ws/install/turtlebot3_msgs/lib/python3.8/site-packages/turtlebot3_msgs/msg/_sensor_state.py
[24.086s] -- Up-to-date: /home/user/ros2_ws/install/turtlebot3_msgs/lib/python3.8/site-packages/turtlebot3_msgs/msg/_version_info_s.c
[24.087s] -- Up-to-date: /home/user/ros2_ws/install/turtlebot3_msgs/lib/python3.8/site-packages/turtlebot3_msgs/msg/_sensor_state_s.c
[24.087s] -- Up-to-date: /home/user/ros2_ws/install/turtlebot3_msgs/lib/python3.8/site-packages/turtlebot3_msgs/msg/__init__.py
[24.087s] -- Up-to-date: /home/user/ros2_ws/install/turtlebot3_msgs/lib/python3.8/site-packages/turtlebot3_msgs/msg/_sound.py
[24.087s] -- Up-to-date: /home/user/ros2_ws/install/turtlebot3_msgs/lib/python3.8/site-packages/turtlebot3_msgs/msg/_sound_s.c
[24.088s] -- Up-to-date: /home/user/ros2_ws/install/turtlebot3_msgs/lib/python3.8/site-packages/turtlebot3_msgs/msg/_version_info.py
[24.088s] -- Up-to-date: /home/user/ros2_ws/install/turtlebot3_msgs/lib/python3.8/site-packages/turtlebot3_msgs/srv
[24.088s] -- Up-to-date: /home/user/ros2_ws/install/turtlebot3_msgs/lib/python3.8/site-packages/turtlebot3_msgs/srv/_dqn.py
[24.088s] -- Up-to-date: /home/user/ros2_ws/install/turtlebot3_msgs/lib/python3.8/site-packages/turtlebot3_msgs/srv/__init__.py
[24.091s] -- Up-to-date: /home/user/ros2_ws/install/turtlebot3_msgs/lib/python3.8/site-packages/turtlebot3_msgs/srv/_sound.py
[24.093s] -- Up-to-date: /home/user/ros2_ws/install/turtlebot3_msgs/lib/python3.8/site-packages/turtlebot3_msgs/srv/_sound_s.c
[24.093s] -- Up-to-date: /home/user/ros2_ws/install/turtlebot3_msgs/lib/python3.8/site-packages/turtlebot3_msgs/srv/_dqn_s.c
[24.093s] -- Up-to-date: /home/user/ros2_ws/install/turtlebot3_msgs/lib/python3.8/site-packages/turtlebot3_msgs/action
[24.095s] -- Up-to-date: /home/user/ros2_ws/install/turtlebot3_msgs/lib/python3.8/site-packages/turtlebot3_msgs/action/_patrol_s.c
[24.095s] -- Up-to-date: /home/user/ros2_ws/install/turtlebot3_msgs/lib/python3.8/site-packages/turtlebot3_msgs/action/__init__.py
[24.096s] -- Up-to-date: /home/user/ros2_ws/install/turtlebot3_msgs/lib/python3.8/site-packages/turtlebot3_msgs/action/_patrol.py
[24.096s] -- Up-to-date: /home/user/ros2_ws/install/turtlebot3_msgs/lib/python3.8/site-packages/turtlebot3_msgs/turtlebot3_msgs_s__rosidl_typesupport_fastrtps_c.cpython-38-x86_64-linux-gnu.so
[24.102s] -- Up-to-date: /home/user/ros2_ws/install/turtlebot3_msgs/lib/python3.8/site-packages/turtlebot3_msgs/turtlebot3_msgs_s__rosidl_typesupport_introspection_c.cpython-38-x86_64-linux-gnu.so
[24.178s] -- Up-to-date: /home/user/ros2_ws/install/turtlebot3_msgs/lib/python3.8/site-packages/turtlebot3_msgs/turtlebot3_msgs_s__rosidl_typesupport_c.cpython-38-x86_64-linux-gnu.so
[24.178s] -- Up-to-date: /home/user/ros2_ws/install/turtlebot3_msgs/lib/libturtlebot3_msgs__python.so
[24.178s] -- Up-to-date: /home/user/ros2_ws/install/turtlebot3_msgs/share/turtlebot3_msgs/msg/SensorState.idl
[24.178s] -- Up-to-date: /home/user/ros2_ws/install/turtlebot3_msgs/share/turtlebot3_msgs/msg/Sound.idl
[24.179s] -- Up-to-date: /home/user/ros2_ws/install/turtlebot3_msgs/share/turtlebot3_msgs/msg/VersionInfo.idl
[24.179s] -- Up-to-date: /home/user/ros2_ws/install/turtlebot3_msgs/share/turtlebot3_msgs/srv/Sound.idl
[24.179s] -- Up-to-date: /home/user/ros2_ws/install/turtlebot3_msgs/share/turtlebot3_msgs/srv/Dqn.idl
[24.180s] -- Up-to-date: /home/user/ros2_ws/install/turtlebot3_msgs/share/turtlebot3_msgs/action/Patrol.idl
[24.180s] -- Up-to-date: /home/user/ros2_ws/install/turtlebot3_msgs/share/turtlebot3_msgs/msg/SensorState.msg
[24.182s] -- Up-to-date: /home/user/ros2_ws/install/turtlebot3_msgs/share/turtlebot3_msgs/msg/Sound.msg
[24.182s] -- Up-to-date: /home/user/ros2_ws/install/turtlebot3_msgs/share/turtlebot3_msgs/msg/VersionInfo.msg
[24.183s] -- Up-to-date: /home/user/ros2_ws/install/turtlebot3_msgs/share/turtlebot3_msgs/srv/Sound.srv
[24.183s] -- Up-to-date: /home/user/ros2_ws/install/turtlebot3_msgs/share/turtlebot3_msgs/srv/Sound_Request.msg
[24.184s] -- Up-to-date: /home/user/ros2_ws/install/turtlebot3_msgs/share/turtlebot3_msgs/srv/Sound_Response.msg
[24.184s] -- Up-to-date: /home/user/ros2_ws/install/turtlebot3_msgs/share/turtlebot3_msgs/srv/Dqn.srv
[24.185s] -- Up-to-date: /home/user/ros2_ws/install/turtlebot3_msgs/share/turtlebot3_msgs/srv/Dqn_Request.msg
[24.186s] -- Up-to-date: /home/user/ros2_ws/install/turtlebot3_msgs/share/turtlebot3_msgs/srv/Dqn_Response.msg
[24.187s] -- Up-to-date: /home/user/ros2_ws/install/turtlebot3_msgs/share/turtlebot3_msgs/action/Patrol.action
[24.187s] -- Up-to-date: /home/user/ros2_ws/install/turtlebot3_msgs/share/ament_index/resource_index/package_run_dependencies/turtlebot3_msgs
[24.188s] -- Up-to-date: /home/user/ros2_ws/install/turtlebot3_msgs/share/ament_index/resource_index/parent_prefix_path/turtlebot3_msgs
[24.189s] -- Up-to-date: /home/user/ros2_ws/install/turtlebot3_msgs/share/turtlebot3_msgs/environment/ament_prefix_path.sh
[24.190s] -- Up-to-date: /home/user/ros2_ws/install/turtlebot3_msgs/share/turtlebot3_msgs/environment/ament_prefix_path.dsv
[24.191s] -- Up-to-date: /home/user/ros2_ws/install/turtlebot3_msgs/share/turtlebot3_msgs/environment/path.sh
[24.191s] -- Up-to-date: /home/user/ros2_ws/install/turtlebot3_msgs/share/turtlebot3_msgs/environment/path.dsv
[24.192s] -- Up-to-date: /home/user/ros2_ws/install/turtlebot3_msgs/share/turtlebot3_msgs/local_setup.bash
[24.192s] -- Up-to-date: /home/user/ros2_ws/install/turtlebot3_msgs/share/turtlebot3_msgs/local_setup.sh
[24.193s] -- Up-to-date: /home/user/ros2_ws/install/turtlebot3_msgs/share/turtlebot3_msgs/local_setup.zsh
[24.193s] -- Up-to-date: /home/user/ros2_ws/install/turtlebot3_msgs/share/turtlebot3_msgs/local_setup.dsv
[24.194s] -- Installing: /home/user/ros2_ws/install/turtlebot3_msgs/share/turtlebot3_msgs/package.dsv
[24.195s] -- Up-to-date: /home/user/ros2_ws/install/turtlebot3_msgs/share/ament_index/resource_index/packages/turtlebot3_msgs
[24.196s] -- Up-to-date: /home/user/ros2_ws/install/turtlebot3_msgs/share/turtlebot3_msgs/cmake/turtlebot3_msgs__rosidl_generator_cExport.cmake
[24.197s] -- Up-to-date: /home/user/ros2_ws/install/turtlebot3_msgs/share/turtlebot3_msgs/cmake/turtlebot3_msgs__rosidl_generator_cExport-noconfig.cmake
[24.198s] -- Up-to-date: /home/user/ros2_ws/install/turtlebot3_msgs/share/turtlebot3_msgs/cmake/turtlebot3_msgs__rosidl_typesupport_introspection_cExport.cmake
[24.198s] -- Up-to-date: /home/user/ros2_ws/install/turtlebot3_msgs/share/turtlebot3_msgs/cmake/turtlebot3_msgs__rosidl_typesupport_introspection_cExport-noconfig.cmake
[24.201s] -- Up-to-date: /home/user/ros2_ws/install/turtlebot3_msgs/share/turtlebot3_msgs/cmake/turtlebot3_msgs__rosidl_typesupport_cExport.cmake
[24.201s] -- Up-to-date: /home/user/ros2_ws/install/turtlebot3_msgs/share/turtlebot3_msgs/cmake/turtlebot3_msgs__rosidl_typesupport_cExport-noconfig.cmake
[24.202s] -- Up-to-date: /home/user/ros2_ws/install/turtlebot3_msgs/share/turtlebot3_msgs/cmake/turtlebot3_msgs__rosidl_generator_cppExport.cmake
[24.202s] -- Up-to-date: /home/user/ros2_ws/install/turtlebot3_msgs/share/turtlebot3_msgs/cmake/turtlebot3_msgs__rosidl_typesupport_introspection_cppExport.cmake
[24.203s] -- Up-to-date: /home/user/ros2_ws/install/turtlebot3_msgs/share/turtlebot3_msgs/cmake/turtlebot3_msgs__rosidl_typesupport_introspection_cppExport-noconfig.cmake
[24.203s] -- Up-to-date: /home/user/ros2_ws/install/turtlebot3_msgs/share/turtlebot3_msgs/cmake/turtlebot3_msgs__rosidl_typesupport_cppExport.cmake
[24.203s] -- Up-to-date: /home/user/ros2_ws/install/turtlebot3_msgs/share/turtlebot3_msgs/cmake/turtlebot3_msgs__rosidl_typesupport_cppExport-noconfig.cmake
[24.206s] -- Up-to-date: /home/user/ros2_ws/install/turtlebot3_msgs/share/turtlebot3_msgs/cmake/rosidl_cmake-extras.cmake
[24.206s] -- Up-to-date: /home/user/ros2_ws/install/turtlebot3_msgs/share/turtlebot3_msgs/cmake/ament_cmake_export_dependencies-extras.cmake
[24.206s] -- Up-to-date: /home/user/ros2_ws/install/turtlebot3_msgs/share/turtlebot3_msgs/cmake/ament_cmake_export_libraries-extras.cmake
[24.215s] -- Up-to-date: /home/user/ros2_ws/install/turtlebot3_msgs/share/turtlebot3_msgs/cmake/ament_cmake_export_targets-extras.cmake
[24.216s] -- Up-to-date: /home/user/ros2_ws/install/turtlebot3_msgs/share/turtlebot3_msgs/cmake/ament_cmake_export_include_directories-extras.cmake
[24.218s] -- Up-to-date: /home/user/ros2_ws/install/turtlebot3_msgs/share/turtlebot3_msgs/cmake/rosidl_cmake_export_typesupport_libraries-extras.cmake
[24.270s] -- Up-to-date: /home/user/ros2_ws/install/turtlebot3_msgs/share/turtlebot3_msgs/cmake/rosidl_cmake_export_typesupport_targets-extras.cmake
[24.270s] -- Up-to-date: /home/user/ros2_ws/install/turtlebot3_msgs/share/turtlebot3_msgs/cmake/turtlebot3_msgsConfig.cmake
[24.270s] -- Up-to-date: /home/user/ros2_ws/install/turtlebot3_msgs/share/turtlebot3_msgs/cmake/turtlebot3_msgsConfig-version.cmake
[24.270s] -- Up-to-date: /home/user/ros2_ws/install/turtlebot3_msgs/share/turtlebot3_msgs/package.xml
[24.374s] Invoked command in '/home/user/ros2_ws/build/turtlebot3_msgs' returned '0': CMAKE_PREFIX_PATH=${CMAKE_PREFIX_PATH}:/home/user/ros2_ws/install/turtlebot3_teleop:/home/user/ros2_ws/install/turtlebot3_example:/home/user/ros2_ws/install/project_mapping:/home/user/ros2_ws/install/project_localization:/home/user/ros2_ws/install/my_package:/home/user/ros2_ws/install/map_server:/opt/ros/foxy _=/usr/bin/env /usr/bin/cmake --install /home/user/ros2_ws/build/turtlebot3_msgs
