[0.055s] Invoking command in '/home/user/ros2_ws/build/turtlebot3_navigation2': _=/usr/bin/env /usr/bin/cmake /home/user/ros2_ws/src/turtlebot3/turtlebot3_navigation2 -DCMAKE_INSTALL_PREFIX=/home/user/ros2_ws/install/turtlebot3_navigation2
[0.103s] CMake Error at CMakeLists.txt:10 (find_package):
[0.103s]   By not providing "Findament_cmake.cmake" in CMAKE_MODULE_PATH this project
[0.103s]   has asked CMake to find a package configuration file provided by
[0.103s]   "ament_cmake", but CMake did not find one.
[0.104s] 
[0.104s]   Could not find a package configuration file provided by "ament_cmake" with
[0.104s]   any of the following names:
[0.104s] 
[0.104s]     ament_cmakeConfig.cmake
[0.104s]     ament_cmake-config.cmake
[0.105s] 
[0.105s]   Add the installation prefix of "ament_cmake" to CMAKE_PREFIX_PATH or set
[0.105s]   "ament_cmake_DIR" to a directory containing one of the above files.  If
[0.106s]   "ament_cmake" provides a separate development package or SDK, be sure it
[0.106s]   has been installed.
[0.106s] 
[0.106s] 
[0.106s] -- Configuring incomplete, errors occurred!
[0.107s] See also "/home/user/ros2_ws/build/turtlebot3_navigation2/CMakeFiles/CMakeOutput.log".
[0.753s] Invoked command in '/home/user/ros2_ws/build/turtlebot3_navigation2' returned '1': _=/usr/bin/env /usr/bin/cmake /home/user/ros2_ws/src/turtlebot3/turtlebot3_navigation2 -DCMAKE_INSTALL_PREFIX=/home/user/ros2_ws/install/turtlebot3_navigation2
