[0.114s] Invoking command in '/home/user/ros2_ws/build/turtlebot3_navigation2': _=/usr/bin/env /usr/bin/cmake /home/user/ros2_ws/src/turtlebot3/turtlebot3_navigation2 -DCMAKE_INSTALL_PREFIX=/home/user/ros2_ws/install/turtlebot3_navigation2
[0.763s] -- The C compiler identification is GNU 9.3.0
[0.763s] -- The CXX compiler identification is GNU 9.3.0
[0.763s] -- Check for working C compiler: /usr/bin/cc
[0.764s] -- Check for working C compiler: /usr/bin/cc -- works
[0.765s] -- Detecting C compiler ABI info
[0.879s] -- Detecting C compiler ABI info - done
[0.901s] -- Detecting C compile features
[0.901s] -- Detecting C compile features - done
[0.906s] -- Check for working CXX compiler: /usr/bin/c++
[1.071s] -- Check for working CXX compiler: /usr/bin/c++ -- works
[1.077s] -- Detecting CXX compiler ABI info
[1.299s] -- Detecting CXX compiler ABI info - done
[1.326s] -- Detecting CXX compile features
[1.330s] -- Detecting CXX compile features - done
[1.369s] CMake Error at CMakeLists.txt:10 (find_package):
[1.370s]   By not providing "Findament_cmake.cmake" in CMAKE_MODULE_PATH this project
[1.370s]   has asked CMake to find a package configuration file provided by
[1.371s]   "ament_cmake", but CMake did not find one.
[1.371s] 
[1.372s]   Could not find a package configuration file provided by "ament_cmake" with
[1.372s]   any of the following names:
[1.372s] 
[1.373s]     ament_cmakeConfig.cmake
[1.373s]     ament_cmake-config.cmake
[1.373s] 
[1.373s]   Add the installation prefix of "ament_cmake" to CMAKE_PREFIX_PATH or set
[1.373s]   "ament_cmake_DIR" to a directory containing one of the above files.  If
[1.373s]   "ament_cmake" provides a separate development package or SDK, be sure it
[1.374s]   has been installed.
[1.374s] 
[1.374s] 
[1.374s] -- Configuring incomplete, errors occurred!
[1.375s] See also "/home/user/ros2_ws/build/turtlebot3_navigation2/CMakeFiles/CMakeOutput.log".
