[0.705s] Invoking command in '/home/user/ros2_ws/build/turtlebot3_navigation2': CMAKE_PREFIX_PATH=${CMAKE_PREFIX_PATH}:/home/user/ros2_ws/install/map_server:/home/user/ros2_ws/install/turtlebot3_teleop:/home/user/ros2_ws/install/turtlebot3_example:/home/user/ros2_ws/install/project_mapping:/home/user/ros2_ws/install/my_package:/opt/ros/foxy _=/usr/bin/env /usr/bin/cmake --build /home/user/ros2_ws/build/turtlebot3_navigation2 -- -j8 -l8
[11.190s] Invoked command in '/home/user/ros2_ws/build/turtlebot3_navigation2' returned '0': CMAKE_PREFIX_PATH=${CMAKE_PREFIX_PATH}:/home/user/ros2_ws/install/map_server:/home/user/ros2_ws/install/turtlebot3_teleop:/home/user/ros2_ws/install/turtlebot3_example:/home/user/ros2_ws/install/project_mapping:/home/user/ros2_ws/install/my_package:/opt/ros/foxy _=/usr/bin/env /usr/bin/cmake --build /home/user/ros2_ws/build/turtlebot3_navigation2 -- -j8 -l8
[11.894s] Invoking command in '/home/user/ros2_ws/build/turtlebot3_navigation2': CMAKE_PREFIX_PATH=${CMAKE_PREFIX_PATH}:/home/user/ros2_ws/install/map_server:/home/user/ros2_ws/install/turtlebot3_teleop:/home/user/ros2_ws/install/turtlebot3_example:/home/user/ros2_ws/install/project_mapping:/home/user/ros2_ws/install/my_package:/opt/ros/foxy _=/usr/bin/env /usr/bin/cmake --install /home/user/ros2_ws/build/turtlebot3_navigation2
[12.013s] -- Install configuration: ""
[12.014s] -- Up-to-date: /home/user/ros2_ws/install/turtlebot3_navigation2/share/turtlebot3_navigation2/launch
[12.015s] -- Up-to-date: /home/user/ros2_ws/install/turtlebot3_navigation2/share/turtlebot3_navigation2/launch/navigation2.launch.py
[12.015s] -- Up-to-date: /home/user/ros2_ws/install/turtlebot3_navigation2/share/turtlebot3_navigation2/map
[12.016s] -- Up-to-date: /home/user/ros2_ws/install/turtlebot3_navigation2/share/turtlebot3_navigation2/map/turtlebot3_world.yaml
[12.016s] -- Up-to-date: /home/user/ros2_ws/install/turtlebot3_navigation2/share/turtlebot3_navigation2/map/turtlebot3_world.pgm
[12.017s] -- Up-to-date: /home/user/ros2_ws/install/turtlebot3_navigation2/share/turtlebot3_navigation2/param
[12.019s] -- Up-to-date: /home/user/ros2_ws/install/turtlebot3_navigation2/share/turtlebot3_navigation2/param/burger.yaml
[12.019s] -- Up-to-date: /home/user/ros2_ws/install/turtlebot3_navigation2/share/turtlebot3_navigation2/param/waffle.yaml
[12.020s] -- Up-to-date: /home/user/ros2_ws/install/turtlebot3_navigation2/share/turtlebot3_navigation2/param/waffle_pi.yaml
[12.024s] -- Up-to-date: /home/user/ros2_ws/install/turtlebot3_navigation2/share/turtlebot3_navigation2/rviz
[12.025s] -- Up-to-date: /home/user/ros2_ws/install/turtlebot3_navigation2/share/turtlebot3_navigation2/rviz/tb3_navigation2.rviz
[12.025s] -- Up-to-date: /home/user/ros2_ws/install/turtlebot3_navigation2/share/ament_index/resource_index/package_run_dependencies/turtlebot3_navigation2
[12.028s] -- Up-to-date: /home/user/ros2_ws/install/turtlebot3_navigation2/share/ament_index/resource_index/parent_prefix_path/turtlebot3_navigation2
[12.085s] -- Up-to-date: /home/user/ros2_ws/install/turtlebot3_navigation2/share/turtlebot3_navigation2/environment/ament_prefix_path.sh
[12.085s] -- Up-to-date: /home/user/ros2_ws/install/turtlebot3_navigation2/share/turtlebot3_navigation2/environment/ament_prefix_path.dsv
[12.086s] -- Up-to-date: /home/user/ros2_ws/install/turtlebot3_navigation2/share/turtlebot3_navigation2/environment/path.sh
[12.086s] -- Up-to-date: /home/user/ros2_ws/install/turtlebot3_navigation2/share/turtlebot3_navigation2/environment/path.dsv
[12.086s] -- Up-to-date: /home/user/ros2_ws/install/turtlebot3_navigation2/share/turtlebot3_navigation2/local_setup.bash
[12.086s] -- Up-to-date: /home/user/ros2_ws/install/turtlebot3_navigation2/share/turtlebot3_navigation2/local_setup.sh
[12.087s] -- Up-to-date: /home/user/ros2_ws/install/turtlebot3_navigation2/share/turtlebot3_navigation2/local_setup.zsh
[12.087s] -- Up-to-date: /home/user/ros2_ws/install/turtlebot3_navigation2/share/turtlebot3_navigation2/local_setup.dsv
[12.098s] -- Installing: /home/user/ros2_ws/install/turtlebot3_navigation2/share/turtlebot3_navigation2/package.dsv
[12.098s] -- Up-to-date: /home/user/ros2_ws/install/turtlebot3_navigation2/share/ament_index/resource_index/packages/turtlebot3_navigation2
[12.098s] -- Up-to-date: /home/user/ros2_ws/install/turtlebot3_navigation2/share/turtlebot3_navigation2/cmake/turtlebot3_navigation2Config.cmake
[12.108s] -- Up-to-date: /home/user/ros2_ws/install/turtlebot3_navigation2/share/turtlebot3_navigation2/cmake/turtlebot3_navigation2Config-version.cmake
[12.109s] -- Up-to-date: /home/user/ros2_ws/install/turtlebot3_navigation2/share/turtlebot3_navigation2/package.xml
[12.221s] Invoked command in '/home/user/ros2_ws/build/turtlebot3_navigation2' returned '0': CMAKE_PREFIX_PATH=${CMAKE_PREFIX_PATH}:/home/user/ros2_ws/install/map_server:/home/user/ros2_ws/install/turtlebot3_teleop:/home/user/ros2_ws/install/turtlebot3_example:/home/user/ros2_ws/install/project_mapping:/home/user/ros2_ws/install/my_package:/opt/ros/foxy _=/usr/bin/env /usr/bin/cmake --install /home/user/ros2_ws/build/turtlebot3_navigation2
