[13.575s] Invoking command in '/home/user/ros2_ws/src/project_localization': PYTHONPATH=/home/user/ros2_ws/install/project_localization/lib/python3.8/site-packages:${PYTHONPATH} _=/usr/bin/env /usr/bin/python3 setup.py egg_info --egg-base ../../build/project_localization build --build-base /home/user/ros2_ws/build/project_localization/build install --prefix /home/user/ros2_ws/install/project_localization --record /home/user/ros2_ws/build/project_localization/install.log --single-version-externally-managed
[18.340s] running egg_info
[18.342s] creating ../../build/project_localization/project_localization.egg-info
[18.343s] writing ../../build/project_localization/project_localization.egg-info/PKG-INFO
[18.410s] writing dependency_links to ../../build/project_localization/project_localization.egg-info/dependency_links.txt
[18.411s] writing entry points to ../../build/project_localization/project_localization.egg-info/entry_points.txt
[18.412s] writing requirements to ../../build/project_localization/project_localization.egg-info/requires.txt
[18.412s] writing top-level names to ../../build/project_localization/project_localization.egg-info/top_level.txt
[18.431s] writing manifest file '../../build/project_localization/project_localization.egg-info/SOURCES.txt'
[18.896s] reading manifest file '../../build/project_localization/project_localization.egg-info/SOURCES.txt'
[18.896s] writing manifest file '../../build/project_localization/project_localization.egg-info/SOURCES.txt'
[18.896s] running build
[18.896s] running build_py
[18.897s] creating /home/user/ros2_ws/build/project_localization/build
[18.901s] creating /home/user/ros2_ws/build/project_localization/build/lib
[18.901s] creating /home/user/ros2_ws/build/project_localization/build/lib/project_localization
[18.901s] copying project_localization/__init__.py -> /home/user/ros2_ws/build/project_localization/build/lib/project_localization
[18.901s] running install
[18.915s] running install_lib
[18.923s] creating /home/user/ros2_ws/install/project_localization/lib/python3.8/site-packages/project_localization
[18.940s] copying /home/user/ros2_ws/build/project_localization/build/lib/project_localization/__init__.py -> /home/user/ros2_ws/install/project_localization/lib/python3.8/site-packages/project_localization
[18.940s] byte-compiling /home/user/ros2_ws/install/project_localization/lib/python3.8/site-packages/project_localization/__init__.py to __init__.cpython-38.pyc
[18.940s] running install_data
[18.941s] creating /home/user/ros2_ws/install/project_localization/share/ament_index
[18.943s] creating /home/user/ros2_ws/install/project_localization/share/ament_index/resource_index
[18.943s] creating /home/user/ros2_ws/install/project_localization/share/ament_index/resource_index/packages
[18.943s] copying resource/project_localization -> /home/user/ros2_ws/install/project_localization/share/ament_index/resource_index/packages
[18.943s] copying package.xml -> /home/user/ros2_ws/install/project_localization/share/project_localization
[18.944s] running install_egg_info
[19.007s] Copying ../../build/project_localization/project_localization.egg-info to /home/user/ros2_ws/install/project_localization/lib/python3.8/site-packages/project_localization-0.0.0-py3.8.egg-info
[19.011s] running install_scripts
[19.194s] writing list of installed files to '/home/user/ros2_ws/build/project_localization/install.log'
[19.317s] Invoked command in '/home/user/ros2_ws/src/project_localization' returned '0': PYTHONPATH=/home/user/ros2_ws/install/project_localization/lib/python3.8/site-packages:${PYTHONPATH} _=/usr/bin/env /usr/bin/python3 setup.py egg_info --egg-base ../../build/project_localization build --build-base /home/user/ros2_ws/build/project_localization/build install --prefix /home/user/ros2_ws/install/project_localization --record /home/user/ros2_ws/build/project_localization/install.log --single-version-externally-managed
