[13.195s] Invoking command in '/home/user/ros2_ws/src/project_mapping': PYTHONPATH=/home/user/ros2_ws/install/project_mapping/lib/python3.8/site-packages:${PYTHONPATH} _=/usr/bin/env /usr/bin/python3 setup.py egg_info --egg-base ../../build/project_mapping build --build-base /home/user/ros2_ws/build/project_mapping/build install --prefix /home/user/ros2_ws/install/project_mapping --record /home/user/ros2_ws/build/project_mapping/install.log --single-version-externally-managed
[16.695s] running egg_info
[16.703s] writing ../../build/project_mapping/project_mapping.egg-info/PKG-INFO
[16.704s] writing dependency_links to ../../build/project_mapping/project_mapping.egg-info/dependency_links.txt
[16.704s] writing entry points to ../../build/project_mapping/project_mapping.egg-info/entry_points.txt
[16.704s] writing requirements to ../../build/project_mapping/project_mapping.egg-info/requires.txt
[16.704s] writing top-level names to ../../build/project_mapping/project_mapping.egg-info/top_level.txt
[18.013s] reading manifest file '../../build/project_mapping/project_mapping.egg-info/SOURCES.txt'
[18.110s] writing manifest file '../../build/project_mapping/project_mapping.egg-info/SOURCES.txt'
[18.111s] running build
[18.111s] running build_py
[18.112s] running install
[18.115s] running install_lib
[18.204s] running install_data
[18.204s] running install_egg_info
[18.219s] removing '/home/user/ros2_ws/install/project_mapping/lib/python3.8/site-packages/project_mapping-0.0.0-py3.8.egg-info' (and everything under it)
[18.220s] Copying ../../build/project_mapping/project_mapping.egg-info to /home/user/ros2_ws/install/project_mapping/lib/python3.8/site-packages/project_mapping-0.0.0-py3.8.egg-info
[18.296s] running install_scripts
[18.412s] Installing cartographer_node script to /home/user/ros2_ws/install/project_mapping/lib/project_mapping
[18.418s] Installing occupancy_grid_node script to /home/user/ros2_ws/install/project_mapping/lib/project_mapping
[18.418s] writing list of installed files to '/home/user/ros2_ws/build/project_mapping/install.log'
[18.696s] Invoked command in '/home/user/ros2_ws/src/project_mapping' returned '0': PYTHONPATH=/home/user/ros2_ws/install/project_mapping/lib/python3.8/site-packages:${PYTHONPATH} _=/usr/bin/env /usr/bin/python3 setup.py egg_info --egg-base ../../build/project_mapping build --build-base /home/user/ros2_ws/build/project_mapping/build install --prefix /home/user/ros2_ws/install/project_mapping --record /home/user/ros2_ws/build/project_mapping/install.log --single-version-externally-managed
