[0.720s] Invoking command in '/home/user/ros2_ws/build/turtlebot3_navigation2': CMAKE_PREFIX_PATH=${CMAKE_PREFIX_PATH}:/home/user/ros2_ws/install/project_path_planning:/home/user/ros2_ws/install/turtlebot3_teleop:/home/user/ros2_ws/install/turtlebot3_example:/home/user/ros2_ws/install/project_mapping:/home/user/ros2_ws/install/project_localization:/home/user/ros2_ws/install/my_package:/home/user/ros2_ws/install/map_server:/opt/ros/foxy _=/usr/bin/env /usr/bin/cmake --build /home/user/ros2_ws/build/turtlebot3_navigation2 -- -j8 -l8
[14.942s] Invoked command in '/home/user/ros2_ws/build/turtlebot3_navigation2' returned '0': CMAKE_PREFIX_PATH=${CMAKE_PREFIX_PATH}:/home/user/ros2_ws/install/project_path_planning:/home/user/ros2_ws/install/turtlebot3_teleop:/home/user/ros2_ws/install/turtlebot3_example:/home/user/ros2_ws/install/project_mapping:/home/user/ros2_ws/install/project_localization:/home/user/ros2_ws/install/my_package:/home/user/ros2_ws/install/map_server:/opt/ros/foxy _=/usr/bin/env /usr/bin/cmake --build /home/user/ros2_ws/build/turtlebot3_navigation2 -- -j8 -l8
[15.951s] Invoking command in '/home/user/ros2_ws/build/turtlebot3_navigation2': CMAKE_PREFIX_PATH=${CMAKE_PREFIX_PATH}:/home/user/ros2_ws/install/project_path_planning:/home/user/ros2_ws/install/turtlebot3_teleop:/home/user/ros2_ws/install/turtlebot3_example:/home/user/ros2_ws/install/project_mapping:/home/user/ros2_ws/install/project_localization:/home/user/ros2_ws/install/my_package:/home/user/ros2_ws/install/map_server:/opt/ros/foxy _=/usr/bin/env /usr/bin/cmake --install /home/user/ros2_ws/build/turtlebot3_navigation2
[16.099s] -- Install configuration: ""
[16.099s] -- Up-to-date: /home/user/ros2_ws/install/turtlebot3_navigation2/share/turtlebot3_navigation2/launch
[16.099s] -- Up-to-date: /home/user/ros2_ws/install/turtlebot3_navigation2/share/turtlebot3_navigation2/launch/navigation2.launch.py
[16.103s] -- Up-to-date: /home/user/ros2_ws/install/turtlebot3_navigation2/share/turtlebot3_navigation2/map
[16.103s] -- Up-to-date: /home/user/ros2_ws/install/turtlebot3_navigation2/share/turtlebot3_navigation2/map/turtlebot3_world.yaml
[16.103s] -- Up-to-date: /home/user/ros2_ws/install/turtlebot3_navigation2/share/turtlebot3_navigation2/map/turtlebot3_world.pgm
[16.104s] -- Up-to-date: /home/user/ros2_ws/install/turtlebot3_navigation2/share/turtlebot3_navigation2/param
[16.104s] -- Up-to-date: /home/user/ros2_ws/install/turtlebot3_navigation2/share/turtlebot3_navigation2/param/burger.yaml
[16.104s] -- Up-to-date: /home/user/ros2_ws/install/turtlebot3_navigation2/share/turtlebot3_navigation2/param/waffle.yaml
[16.104s] -- Up-to-date: /home/user/ros2_ws/install/turtlebot3_navigation2/share/turtlebot3_navigation2/param/waffle_pi.yaml
[16.104s] -- Up-to-date: /home/user/ros2_ws/install/turtlebot3_navigation2/share/turtlebot3_navigation2/rviz
[16.104s] -- Up-to-date: /home/user/ros2_ws/install/turtlebot3_navigation2/share/turtlebot3_navigation2/rviz/tb3_navigation2.rviz
[16.105s] -- Up-to-date: /home/user/ros2_ws/install/turtlebot3_navigation2/share/ament_index/resource_index/package_run_dependencies/turtlebot3_navigation2
[16.105s] -- Up-to-date: /home/user/ros2_ws/install/turtlebot3_navigation2/share/ament_index/resource_index/parent_prefix_path/turtlebot3_navigation2
[16.105s] -- Up-to-date: /home/user/ros2_ws/install/turtlebot3_navigation2/share/turtlebot3_navigation2/environment/ament_prefix_path.sh
[16.105s] -- Up-to-date: /home/user/ros2_ws/install/turtlebot3_navigation2/share/turtlebot3_navigation2/environment/ament_prefix_path.dsv
[16.105s] -- Up-to-date: /home/user/ros2_ws/install/turtlebot3_navigation2/share/turtlebot3_navigation2/environment/path.sh
[16.106s] -- Up-to-date: /home/user/ros2_ws/install/turtlebot3_navigation2/share/turtlebot3_navigation2/environment/path.dsv
[16.106s] -- Up-to-date: /home/user/ros2_ws/install/turtlebot3_navigation2/share/turtlebot3_navigation2/local_setup.bash
[16.106s] -- Up-to-date: /home/user/ros2_ws/install/turtlebot3_navigation2/share/turtlebot3_navigation2/local_setup.sh
[16.111s] -- Up-to-date: /home/user/ros2_ws/install/turtlebot3_navigation2/share/turtlebot3_navigation2/local_setup.zsh
[16.111s] -- Up-to-date: /home/user/ros2_ws/install/turtlebot3_navigation2/share/turtlebot3_navigation2/local_setup.dsv
[16.117s] -- Installing: /home/user/ros2_ws/install/turtlebot3_navigation2/share/turtlebot3_navigation2/package.dsv
[16.122s] -- Up-to-date: /home/user/ros2_ws/install/turtlebot3_navigation2/share/ament_index/resource_index/packages/turtlebot3_navigation2
[16.122s] -- Up-to-date: /home/user/ros2_ws/install/turtlebot3_navigation2/share/turtlebot3_navigation2/cmake/turtlebot3_navigation2Config.cmake
[16.123s] -- Up-to-date: /home/user/ros2_ws/install/turtlebot3_navigation2/share/turtlebot3_navigation2/cmake/turtlebot3_navigation2Config-version.cmake
[16.123s] -- Up-to-date: /home/user/ros2_ws/install/turtlebot3_navigation2/share/turtlebot3_navigation2/package.xml
[16.124s] Invoked command in '/home/user/ros2_ws/build/turtlebot3_navigation2' returned '0': CMAKE_PREFIX_PATH=${CMAKE_PREFIX_PATH}:/home/user/ros2_ws/install/project_path_planning:/home/user/ros2_ws/install/turtlebot3_teleop:/home/user/ros2_ws/install/turtlebot3_example:/home/user/ros2_ws/install/project_mapping:/home/user/ros2_ws/install/project_localization:/home/user/ros2_ws/install/my_package:/home/user/ros2_ws/install/map_server:/opt/ros/foxy _=/usr/bin/env /usr/bin/cmake --install /home/user/ros2_ws/build/turtlebot3_navigation2
