[0.602s] Invoking command in '/home/user/ros2_ws/build/turtlebot3_navigation2': CMAKE_PREFIX_PATH=${CMAKE_PREFIX_PATH}:/home/user/ros2_ws/install/turtlebot3_teleop:/home/user/ros2_ws/install/turtlebot3_example:/home/user/ros2_ws/install/project_mapping:/home/user/ros2_ws/install/project_localization:/home/user/ros2_ws/install/my_package:/home/user/ros2_ws/install/map_server:/opt/ros/foxy _=/usr/bin/env /usr/bin/cmake --build /home/user/ros2_ws/build/turtlebot3_navigation2 -- -j8 -l8
[13.992s] Invoked command in '/home/user/ros2_ws/build/turtlebot3_navigation2' returned '0': CMAKE_PREFIX_PATH=${CMAKE_PREFIX_PATH}:/home/user/ros2_ws/install/turtlebot3_teleop:/home/user/ros2_ws/install/turtlebot3_example:/home/user/ros2_ws/install/project_mapping:/home/user/ros2_ws/install/project_localization:/home/user/ros2_ws/install/my_package:/home/user/ros2_ws/install/map_server:/opt/ros/foxy _=/usr/bin/env /usr/bin/cmake --build /home/user/ros2_ws/build/turtlebot3_navigation2 -- -j8 -l8
[15.403s] Invoking command in '/home/user/ros2_ws/build/turtlebot3_navigation2': CMAKE_PREFIX_PATH=${CMAKE_PREFIX_PATH}:/home/user/ros2_ws/install/turtlebot3_teleop:/home/user/ros2_ws/install/turtlebot3_example:/home/user/ros2_ws/install/project_mapping:/home/user/ros2_ws/install/project_localization:/home/user/ros2_ws/install/my_package:/home/user/ros2_ws/install/map_server:/opt/ros/foxy _=/usr/bin/env /usr/bin/cmake --install /home/user/ros2_ws/build/turtlebot3_navigation2
[15.721s] -- Install configuration: ""
[15.722s] -- Up-to-date: /home/user/ros2_ws/install/turtlebot3_navigation2/share/turtlebot3_navigation2/launch
[15.722s] -- Up-to-date: /home/user/ros2_ws/install/turtlebot3_navigation2/share/turtlebot3_navigation2/launch/navigation2.launch.py
[15.722s] -- Up-to-date: /home/user/ros2_ws/install/turtlebot3_navigation2/share/turtlebot3_navigation2/map
[15.722s] -- Up-to-date: /home/user/ros2_ws/install/turtlebot3_navigation2/share/turtlebot3_navigation2/map/turtlebot3_world.yaml
[15.789s] -- Up-to-date: /home/user/ros2_ws/install/turtlebot3_navigation2/share/turtlebot3_navigation2/map/turtlebot3_world.pgm
[15.790s] -- Up-to-date: /home/user/ros2_ws/install/turtlebot3_navigation2/share/turtlebot3_navigation2/param
[15.790s] -- Up-to-date: /home/user/ros2_ws/install/turtlebot3_navigation2/share/turtlebot3_navigation2/param/burger.yaml
[15.790s] -- Up-to-date: /home/user/ros2_ws/install/turtlebot3_navigation2/share/turtlebot3_navigation2/param/waffle.yaml
[15.791s] -- Up-to-date: /home/user/ros2_ws/install/turtlebot3_navigation2/share/turtlebot3_navigation2/param/waffle_pi.yaml
[15.791s] -- Up-to-date: /home/user/ros2_ws/install/turtlebot3_navigation2/share/turtlebot3_navigation2/rviz
[15.791s] -- Up-to-date: /home/user/ros2_ws/install/turtlebot3_navigation2/share/turtlebot3_navigation2/rviz/tb3_navigation2.rviz
[15.791s] -- Up-to-date: /home/user/ros2_ws/install/turtlebot3_navigation2/share/ament_index/resource_index/package_run_dependencies/turtlebot3_navigation2
[15.797s] -- Up-to-date: /home/user/ros2_ws/install/turtlebot3_navigation2/share/ament_index/resource_index/parent_prefix_path/turtlebot3_navigation2
[15.799s] -- Up-to-date: /home/user/ros2_ws/install/turtlebot3_navigation2/share/turtlebot3_navigation2/environment/ament_prefix_path.sh
[15.801s] -- Up-to-date: /home/user/ros2_ws/install/turtlebot3_navigation2/share/turtlebot3_navigation2/environment/ament_prefix_path.dsv
[15.805s] -- Up-to-date: /home/user/ros2_ws/install/turtlebot3_navigation2/share/turtlebot3_navigation2/environment/path.sh
[15.805s] -- Up-to-date: /home/user/ros2_ws/install/turtlebot3_navigation2/share/turtlebot3_navigation2/environment/path.dsv
[15.806s] -- Up-to-date: /home/user/ros2_ws/install/turtlebot3_navigation2/share/turtlebot3_navigation2/local_setup.bash
[15.806s] -- Up-to-date: /home/user/ros2_ws/install/turtlebot3_navigation2/share/turtlebot3_navigation2/local_setup.sh
[15.806s] -- Up-to-date: /home/user/ros2_ws/install/turtlebot3_navigation2/share/turtlebot3_navigation2/local_setup.zsh
[15.808s] -- Up-to-date: /home/user/ros2_ws/install/turtlebot3_navigation2/share/turtlebot3_navigation2/local_setup.dsv
[15.812s] -- Installing: /home/user/ros2_ws/install/turtlebot3_navigation2/share/turtlebot3_navigation2/package.dsv
[15.813s] -- Up-to-date: /home/user/ros2_ws/install/turtlebot3_navigation2/share/ament_index/resource_index/packages/turtlebot3_navigation2
[15.813s] -- Up-to-date: /home/user/ros2_ws/install/turtlebot3_navigation2/share/turtlebot3_navigation2/cmake/turtlebot3_navigation2Config.cmake
[15.825s] -- Up-to-date: /home/user/ros2_ws/install/turtlebot3_navigation2/share/turtlebot3_navigation2/cmake/turtlebot3_navigation2Config-version.cmake
[15.827s] -- Up-to-date: /home/user/ros2_ws/install/turtlebot3_navigation2/share/turtlebot3_navigation2/package.xml
[15.916s] Invoked command in '/home/user/ros2_ws/build/turtlebot3_navigation2' returned '0': CMAKE_PREFIX_PATH=${CMAKE_PREFIX_PATH}:/home/user/ros2_ws/install/turtlebot3_teleop:/home/user/ros2_ws/install/turtlebot3_example:/home/user/ros2_ws/install/project_mapping:/home/user/ros2_ws/install/project_localization:/home/user/ros2_ws/install/my_package:/home/user/ros2_ws/install/map_server:/opt/ros/foxy _=/usr/bin/env /usr/bin/cmake --install /home/user/ros2_ws/build/turtlebot3_navigation2
