[0.039s] Invoking command in '/home/user/ros2_ws/build/turtlebot3': AMENT_PREFIX_PATH=/home/user/ros2_ws/install/turtlebot3_example:/home/user/ros2_ws/install/turtlebot3_bringup:/home/user/ros2_ws/install/turtlebot3_teleop:/home/user/ros2_ws/install/turtlebot3_navigation2:/home/user/ros2_ws/install/turtlebot3_msgs:/home/user/ros2_ws/install/turtlebot3_description:${AMENT_PREFIX_PATH} CMAKE_PREFIX_PATH=/home/user/ros2_ws/install/turtlebot3_bringup:/home/user/ros2_ws/install/turtlebot3_navigation2:/home/user/ros2_ws/install/turtlebot3_msgs:/home/user/ros2_ws/install/turtlebot3_description:/opt/ros/foxy:${CMAKE_PREFIX_PATH} LD_LIBRARY_PATH=/home/user/ros2_ws/install/turtlebot3_msgs/lib:${LD_LIBRARY_PATH} PYTHONPATH=/home/user/ros2_ws/install/turtlebot3_example/lib/python3.8/site-packages:/home/user/ros2_ws/install/turtlebot3_teleop/lib/python3.8/site-packages:/home/user/ros2_ws/install/turtlebot3_msgs/lib/python3.8/site-packages:${PYTHONPATH} _=/usr/bin/env /usr/bin/cmake /home/user/ros2_ws/src/turtlebot3/turtlebot3 -DCMAKE_INSTALL_PREFIX=/home/user/ros2_ws/install/turtlebot3
[0.128s] -- The C compiler identification is GNU 9.3.0
[0.208s] -- The CXX compiler identification is GNU 9.3.0
[0.215s] -- Check for working C compiler: /usr/bin/cc
[0.328s] -- Check for working C compiler: /usr/bin/cc -- works
[0.330s] -- Detecting C compiler ABI info
[0.443s] -- Detecting C compiler ABI info - done
[0.461s] -- Detecting C compile features
[0.462s] -- Detecting C compile features - done
[0.465s] -- Check for working CXX compiler: /usr/bin/c++
[0.587s] -- Check for working CXX compiler: /usr/bin/c++ -- works
[0.588s] -- Detecting CXX compiler ABI info
[0.715s] -- Detecting CXX compiler ABI info - done
[0.734s] -- Detecting CXX compile features
[0.735s] -- Detecting CXX compile features - done
[0.739s] -- Found ament_cmake: 0.9.7 (/opt/ros/foxy/share/ament_cmake/cmake)
[0.781s] -- Found PythonInterp: /usr/bin/python3 (found suitable version "3.8.5", minimum required is "3") 
[0.781s] -- Using PYTHON_EXECUTABLE: /usr/bin/python3
[1.359s] -- Configuring done
[1.363s] -- Generating done
[1.364s] -- Build files have been written to: /home/user/ros2_ws/build/turtlebot3
[1.371s] Invoked command in '/home/user/ros2_ws/build/turtlebot3' returned '0': AMENT_PREFIX_PATH=/home/user/ros2_ws/install/turtlebot3_example:/home/user/ros2_ws/install/turtlebot3_bringup:/home/user/ros2_ws/install/turtlebot3_teleop:/home/user/ros2_ws/install/turtlebot3_navigation2:/home/user/ros2_ws/install/turtlebot3_msgs:/home/user/ros2_ws/install/turtlebot3_description:${AMENT_PREFIX_PATH} CMAKE_PREFIX_PATH=/home/user/ros2_ws/install/turtlebot3_bringup:/home/user/ros2_ws/install/turtlebot3_navigation2:/home/user/ros2_ws/install/turtlebot3_msgs:/home/user/ros2_ws/install/turtlebot3_description:/opt/ros/foxy:${CMAKE_PREFIX_PATH} LD_LIBRARY_PATH=/home/user/ros2_ws/install/turtlebot3_msgs/lib:${LD_LIBRARY_PATH} PYTHONPATH=/home/user/ros2_ws/install/turtlebot3_example/lib/python3.8/site-packages:/home/user/ros2_ws/install/turtlebot3_teleop/lib/python3.8/site-packages:/home/user/ros2_ws/install/turtlebot3_msgs/lib/python3.8/site-packages:${PYTHONPATH} _=/usr/bin/env /usr/bin/cmake /home/user/ros2_ws/src/turtlebot3/turtlebot3 -DCMAKE_INSTALL_PREFIX=/home/user/ros2_ws/install/turtlebot3
[1.385s] Invoking command in '/home/user/ros2_ws/build/turtlebot3': AMENT_PREFIX_PATH=/home/user/ros2_ws/install/turtlebot3_example:/home/user/ros2_ws/install/turtlebot3_bringup:/home/user/ros2_ws/install/turtlebot3_teleop:/home/user/ros2_ws/install/turtlebot3_navigation2:/home/user/ros2_ws/install/turtlebot3_msgs:/home/user/ros2_ws/install/turtlebot3_description:${AMENT_PREFIX_PATH} CMAKE_PREFIX_PATH=/home/user/ros2_ws/install/turtlebot3_bringup:/home/user/ros2_ws/install/turtlebot3_navigation2:/home/user/ros2_ws/install/turtlebot3_msgs:/home/user/ros2_ws/install/turtlebot3_description:/opt/ros/foxy:${CMAKE_PREFIX_PATH} LD_LIBRARY_PATH=/home/user/ros2_ws/install/turtlebot3_msgs/lib:${LD_LIBRARY_PATH} PYTHONPATH=/home/user/ros2_ws/install/turtlebot3_example/lib/python3.8/site-packages:/home/user/ros2_ws/install/turtlebot3_teleop/lib/python3.8/site-packages:/home/user/ros2_ws/install/turtlebot3_msgs/lib/python3.8/site-packages:${PYTHONPATH} _=/usr/bin/env /usr/bin/cmake --build /home/user/ros2_ws/build/turtlebot3 -- -j36 -l36
[1.449s] Invoked command in '/home/user/ros2_ws/build/turtlebot3' returned '0': AMENT_PREFIX_PATH=/home/user/ros2_ws/install/turtlebot3_example:/home/user/ros2_ws/install/turtlebot3_bringup:/home/user/ros2_ws/install/turtlebot3_teleop:/home/user/ros2_ws/install/turtlebot3_navigation2:/home/user/ros2_ws/install/turtlebot3_msgs:/home/user/ros2_ws/install/turtlebot3_description:${AMENT_PREFIX_PATH} CMAKE_PREFIX_PATH=/home/user/ros2_ws/install/turtlebot3_bringup:/home/user/ros2_ws/install/turtlebot3_navigation2:/home/user/ros2_ws/install/turtlebot3_msgs:/home/user/ros2_ws/install/turtlebot3_description:/opt/ros/foxy:${CMAKE_PREFIX_PATH} LD_LIBRARY_PATH=/home/user/ros2_ws/install/turtlebot3_msgs/lib:${LD_LIBRARY_PATH} PYTHONPATH=/home/user/ros2_ws/install/turtlebot3_example/lib/python3.8/site-packages:/home/user/ros2_ws/install/turtlebot3_teleop/lib/python3.8/site-packages:/home/user/ros2_ws/install/turtlebot3_msgs/lib/python3.8/site-packages:${PYTHONPATH} _=/usr/bin/env /usr/bin/cmake --build /home/user/ros2_ws/build/turtlebot3 -- -j36 -l36
[1.507s] Invoking command in '/home/user/ros2_ws/build/turtlebot3': AMENT_PREFIX_PATH=/home/user/ros2_ws/install/turtlebot3_example:/home/user/ros2_ws/install/turtlebot3_bringup:/home/user/ros2_ws/install/turtlebot3_teleop:/home/user/ros2_ws/install/turtlebot3_navigation2:/home/user/ros2_ws/install/turtlebot3_msgs:/home/user/ros2_ws/install/turtlebot3_description:${AMENT_PREFIX_PATH} CMAKE_PREFIX_PATH=/home/user/ros2_ws/install/turtlebot3_bringup:/home/user/ros2_ws/install/turtlebot3_navigation2:/home/user/ros2_ws/install/turtlebot3_msgs:/home/user/ros2_ws/install/turtlebot3_description:/opt/ros/foxy:${CMAKE_PREFIX_PATH} LD_LIBRARY_PATH=/home/user/ros2_ws/install/turtlebot3_msgs/lib:${LD_LIBRARY_PATH} PYTHONPATH=/home/user/ros2_ws/install/turtlebot3_example/lib/python3.8/site-packages:/home/user/ros2_ws/install/turtlebot3_teleop/lib/python3.8/site-packages:/home/user/ros2_ws/install/turtlebot3_msgs/lib/python3.8/site-packages:${PYTHONPATH} _=/usr/bin/env /usr/bin/cmake --install /home/user/ros2_ws/build/turtlebot3
[1.520s] -- Install configuration: ""
[1.521s] -- Installing: /home/user/ros2_ws/install/turtlebot3/share/ament_index/resource_index/package_run_dependencies/turtlebot3
[1.521s] -- Installing: /home/user/ros2_ws/install/turtlebot3/share/ament_index/resource_index/parent_prefix_path/turtlebot3
[1.521s] -- Installing: /home/user/ros2_ws/install/turtlebot3/share/turtlebot3/environment/ament_prefix_path.sh
[1.521s] -- Installing: /home/user/ros2_ws/install/turtlebot3/share/turtlebot3/environment/ament_prefix_path.dsv
[1.522s] -- Installing: /home/user/ros2_ws/install/turtlebot3/share/turtlebot3/environment/path.sh
[1.522s] -- Installing: /home/user/ros2_ws/install/turtlebot3/share/turtlebot3/environment/path.dsv
[1.522s] -- Installing: /home/user/ros2_ws/install/turtlebot3/share/turtlebot3/local_setup.bash
[1.522s] -- Installing: /home/user/ros2_ws/install/turtlebot3/share/turtlebot3/local_setup.sh
[1.522s] -- Installing: /home/user/ros2_ws/install/turtlebot3/share/turtlebot3/local_setup.zsh
[1.523s] -- Installing: /home/user/ros2_ws/install/turtlebot3/share/turtlebot3/local_setup.dsv
[1.523s] -- Installing: /home/user/ros2_ws/install/turtlebot3/share/turtlebot3/package.dsv
[1.523s] -- Installing: /home/user/ros2_ws/install/turtlebot3/share/ament_index/resource_index/packages/turtlebot3
[1.523s] -- Installing: /home/user/ros2_ws/install/turtlebot3/share/turtlebot3/cmake/turtlebot3Config.cmake
[1.524s] -- Installing: /home/user/ros2_ws/install/turtlebot3/share/turtlebot3/cmake/turtlebot3Config-version.cmake
[1.524s] -- Installing: /home/user/ros2_ws/install/turtlebot3/share/turtlebot3/package.xml
[1.529s] Invoked command in '/home/user/ros2_ws/build/turtlebot3' returned '0': AMENT_PREFIX_PATH=/home/user/ros2_ws/install/turtlebot3_example:/home/user/ros2_ws/install/turtlebot3_bringup:/home/user/ros2_ws/install/turtlebot3_teleop:/home/user/ros2_ws/install/turtlebot3_navigation2:/home/user/ros2_ws/install/turtlebot3_msgs:/home/user/ros2_ws/install/turtlebot3_description:${AMENT_PREFIX_PATH} CMAKE_PREFIX_PATH=/home/user/ros2_ws/install/turtlebot3_bringup:/home/user/ros2_ws/install/turtlebot3_navigation2:/home/user/ros2_ws/install/turtlebot3_msgs:/home/user/ros2_ws/install/turtlebot3_description:/opt/ros/foxy:${CMAKE_PREFIX_PATH} LD_LIBRARY_PATH=/home/user/ros2_ws/install/turtlebot3_msgs/lib:${LD_LIBRARY_PATH} PYTHONPATH=/home/user/ros2_ws/install/turtlebot3_example/lib/python3.8/site-packages:/home/user/ros2_ws/install/turtlebot3_teleop/lib/python3.8/site-packages:/home/user/ros2_ws/install/turtlebot3_msgs/lib/python3.8/site-packages:${PYTHONPATH} _=/usr/bin/env /usr/bin/cmake --install /home/user/ros2_ws/build/turtlebot3
