[0.614s] Invoking command in '/home/user/ros2_ws/build/turtlebot3_description': CMAKE_PREFIX_PATH=${CMAKE_PREFIX_PATH}:/home/user/ros2_ws/install/turtlebot3_teleop:/home/user/ros2_ws/install/turtlebot3_example:/home/user/ros2_ws/install/project_mapping:/home/user/ros2_ws/install/project_localization:/home/user/ros2_ws/install/my_package:/home/user/ros2_ws/install/map_server:/opt/ros/foxy _=/usr/bin/env /usr/bin/cmake --build /home/user/ros2_ws/build/turtlebot3_description -- -j8 -l8
[14.234s] Invoked command in '/home/user/ros2_ws/build/turtlebot3_description' returned '0': CMAKE_PREFIX_PATH=${CMAKE_PREFIX_PATH}:/home/user/ros2_ws/install/turtlebot3_teleop:/home/user/ros2_ws/install/turtlebot3_example:/home/user/ros2_ws/install/project_mapping:/home/user/ros2_ws/install/project_localization:/home/user/ros2_ws/install/my_package:/home/user/ros2_ws/install/map_server:/opt/ros/foxy _=/usr/bin/env /usr/bin/cmake --build /home/user/ros2_ws/build/turtlebot3_description -- -j8 -l8
[17.297s] Invoking command in '/home/user/ros2_ws/build/turtlebot3_description': CMAKE_PREFIX_PATH=${CMAKE_PREFIX_PATH}:/home/user/ros2_ws/install/turtlebot3_teleop:/home/user/ros2_ws/install/turtlebot3_example:/home/user/ros2_ws/install/project_mapping:/home/user/ros2_ws/install/project_localization:/home/user/ros2_ws/install/my_package:/home/user/ros2_ws/install/map_server:/opt/ros/foxy _=/usr/bin/env /usr/bin/cmake --install /home/user/ros2_ws/build/turtlebot3_description
[17.435s] -- Install configuration: ""
[17.438s] -- Up-to-date: /home/user/ros2_ws/install/turtlebot3_description/share/turtlebot3_description/meshes
[17.438s] -- Up-to-date: /home/user/ros2_ws/install/turtlebot3_description/share/turtlebot3_description/meshes/sensors
[17.439s] -- Up-to-date: /home/user/ros2_ws/install/turtlebot3_description/share/turtlebot3_description/meshes/sensors/r200.jpg
[17.439s] -- Up-to-date: /home/user/ros2_ws/install/turtlebot3_description/share/turtlebot3_description/meshes/sensors/r200.dae
[17.439s] -- Up-to-date: /home/user/ros2_ws/install/turtlebot3_description/share/turtlebot3_description/meshes/sensors/astra.jpg
[17.440s] -- Up-to-date: /home/user/ros2_ws/install/turtlebot3_description/share/turtlebot3_description/meshes/sensors/astra.dae
[17.440s] -- Up-to-date: /home/user/ros2_ws/install/turtlebot3_description/share/turtlebot3_description/meshes/sensors/lds.stl
[17.440s] -- Up-to-date: /home/user/ros2_ws/install/turtlebot3_description/share/turtlebot3_description/meshes/wheels
[17.441s] -- Up-to-date: /home/user/ros2_ws/install/turtlebot3_description/share/turtlebot3_description/meshes/wheels/right_tire.stl
[17.441s] -- Up-to-date: /home/user/ros2_ws/install/turtlebot3_description/share/turtlebot3_description/meshes/wheels/left_tire.stl
[17.441s] -- Up-to-date: /home/user/ros2_ws/install/turtlebot3_description/share/turtlebot3_description/meshes/bases
[17.441s] -- Up-to-date: /home/user/ros2_ws/install/turtlebot3_description/share/turtlebot3_description/meshes/bases/waffle_base.stl
[17.442s] -- Up-to-date: /home/user/ros2_ws/install/turtlebot3_description/share/turtlebot3_description/meshes/bases/burger_base.stl
[17.442s] -- Up-to-date: /home/user/ros2_ws/install/turtlebot3_description/share/turtlebot3_description/meshes/bases/waffle_pi_base.stl
[17.442s] -- Up-to-date: /home/user/ros2_ws/install/turtlebot3_description/share/turtlebot3_description/rviz
[17.442s] -- Up-to-date: /home/user/ros2_ws/install/turtlebot3_description/share/turtlebot3_description/rviz/model.rviz
[17.442s] -- Up-to-date: /home/user/ros2_ws/install/turtlebot3_description/share/turtlebot3_description/urdf
[17.443s] -- Up-to-date: /home/user/ros2_ws/install/turtlebot3_description/share/turtlebot3_description/urdf/turtlebot3_waffle.urdf
[17.443s] -- Up-to-date: /home/user/ros2_ws/install/turtlebot3_description/share/turtlebot3_description/urdf/turtlebot3_waffle_pi.urdf
[17.496s] -- Up-to-date: /home/user/ros2_ws/install/turtlebot3_description/share/turtlebot3_description/urdf/common_properties.urdf
[17.496s] -- Up-to-date: /home/user/ros2_ws/install/turtlebot3_description/share/turtlebot3_description/urdf/turtlebot3_burger.urdf
[17.497s] -- Up-to-date: /home/user/ros2_ws/install/turtlebot3_description/share/ament_index/resource_index/package_run_dependencies/turtlebot3_description
[17.497s] -- Up-to-date: /home/user/ros2_ws/install/turtlebot3_description/share/ament_index/resource_index/parent_prefix_path/turtlebot3_description
[17.497s] -- Up-to-date: /home/user/ros2_ws/install/turtlebot3_description/share/turtlebot3_description/environment/ament_prefix_path.sh
[17.505s] -- Up-to-date: /home/user/ros2_ws/install/turtlebot3_description/share/turtlebot3_description/environment/ament_prefix_path.dsv
[17.515s] -- Up-to-date: /home/user/ros2_ws/install/turtlebot3_description/share/turtlebot3_description/environment/path.sh
[17.515s] -- Up-to-date: /home/user/ros2_ws/install/turtlebot3_description/share/turtlebot3_description/environment/path.dsv
[17.515s] -- Up-to-date: /home/user/ros2_ws/install/turtlebot3_description/share/turtlebot3_description/local_setup.bash
[17.516s] -- Up-to-date: /home/user/ros2_ws/install/turtlebot3_description/share/turtlebot3_description/local_setup.sh
[17.516s] -- Up-to-date: /home/user/ros2_ws/install/turtlebot3_description/share/turtlebot3_description/local_setup.zsh
[17.516s] -- Up-to-date: /home/user/ros2_ws/install/turtlebot3_description/share/turtlebot3_description/local_setup.dsv
[17.516s] -- Installing: /home/user/ros2_ws/install/turtlebot3_description/share/turtlebot3_description/package.dsv
[17.516s] -- Up-to-date: /home/user/ros2_ws/install/turtlebot3_description/share/ament_index/resource_index/packages/turtlebot3_description
[17.517s] -- Up-to-date: /home/user/ros2_ws/install/turtlebot3_description/share/turtlebot3_description/cmake/turtlebot3_descriptionConfig.cmake
[17.517s] -- Up-to-date: /home/user/ros2_ws/install/turtlebot3_description/share/turtlebot3_description/cmake/turtlebot3_descriptionConfig-version.cmake
[17.517s] -- Up-to-date: /home/user/ros2_ws/install/turtlebot3_description/share/turtlebot3_description/package.xml
[17.640s] Invoked command in '/home/user/ros2_ws/build/turtlebot3_description' returned '0': CMAKE_PREFIX_PATH=${CMAKE_PREFIX_PATH}:/home/user/ros2_ws/install/turtlebot3_teleop:/home/user/ros2_ws/install/turtlebot3_example:/home/user/ros2_ws/install/project_mapping:/home/user/ros2_ws/install/project_localization:/home/user/ros2_ws/install/my_package:/home/user/ros2_ws/install/map_server:/opt/ros/foxy _=/usr/bin/env /usr/bin/cmake --install /home/user/ros2_ws/build/turtlebot3_description
