[2.820s] Invoking command in '/home/user/ros2_ws/src/project_path_planning': PYTHONPATH=/home/user/ros2_ws/install/project_path_planning/lib/python3.8/site-packages:${PYTHONPATH} _=/usr/bin/env /usr/bin/python3 setup.py egg_info --egg-base ../../build/project_path_planning build --build-base /home/user/ros2_ws/build/project_path_planning/build install --prefix /home/user/ros2_ws/install/project_path_planning --record /home/user/ros2_ws/build/project_path_planning/install.log --single-version-externally-managed
[5.198s] running egg_info
[5.200s] writing ../../build/project_path_planning/project_path_planning.egg-info/PKG-INFO
[5.202s] writing dependency_links to ../../build/project_path_planning/project_path_planning.egg-info/dependency_links.txt
[5.203s] writing entry points to ../../build/project_path_planning/project_path_planning.egg-info/entry_points.txt
[5.203s] writing requirements to ../../build/project_path_planning/project_path_planning.egg-info/requires.txt
[5.204s] writing top-level names to ../../build/project_path_planning/project_path_planning.egg-info/top_level.txt
[5.399s] reading manifest file '../../build/project_path_planning/project_path_planning.egg-info/SOURCES.txt'
[5.400s] writing manifest file '../../build/project_path_planning/project_path_planning.egg-info/SOURCES.txt'
[5.401s] running build
[5.402s] running build_py
[5.402s] copying project_path_planning/nav_to_pose_action_client.py -> /home/user/ros2_ws/build/project_path_planning/build/lib/project_path_planning
[5.403s] running install
[5.405s] running install_lib
[5.407s] copying /home/user/ros2_ws/build/project_path_planning/build/lib/project_path_planning/nav_to_pose_action_client.py -> /home/user/ros2_ws/install/project_path_planning/lib/python3.8/site-packages/project_path_planning
[5.407s] byte-compiling /home/user/ros2_ws/install/project_path_planning/lib/python3.8/site-packages/project_path_planning/nav_to_pose_action_client.py to nav_to_pose_action_client.cpython-38.pyc
[5.409s] running install_data
[5.409s] copying config/bt_navigator.yaml -> /home/user/ros2_ws/install/project_path_planning/share/project_path_planning/config
[5.411s] copying config/behavior copy.xml -> /home/user/ros2_ws/install/project_path_planning/share/project_path_planning/config
[5.413s] copying config/behavior.xml -> /home/user/ros2_ws/install/project_path_planning/share/project_path_planning/config
[5.413s] running install_egg_info
[5.415s] removing '/home/user/ros2_ws/install/project_path_planning/lib/python3.8/site-packages/project_path_planning-0.0.0-py3.8.egg-info' (and everything under it)
[5.416s] Copying ../../build/project_path_planning/project_path_planning.egg-info to /home/user/ros2_ws/install/project_path_planning/lib/python3.8/site-packages/project_path_planning-0.0.0-py3.8.egg-info
[5.417s] running install_scripts
[5.513s] Installing nav_to_pose_action_client script to /home/user/ros2_ws/install/project_path_planning/lib/project_path_planning
[5.514s] writing list of installed files to '/home/user/ros2_ws/build/project_path_planning/install.log'
[5.699s] Invoked command in '/home/user/ros2_ws/src/project_path_planning' returned '0': PYTHONPATH=/home/user/ros2_ws/install/project_path_planning/lib/python3.8/site-packages:${PYTHONPATH} _=/usr/bin/env /usr/bin/python3 setup.py egg_info --egg-base ../../build/project_path_planning build --build-base /home/user/ros2_ws/build/project_path_planning/build install --prefix /home/user/ros2_ws/install/project_path_planning --record /home/user/ros2_ws/build/project_path_planning/install.log --single-version-externally-managed
