[0.110s] Invoking command in '/home/user/ros2_ws/build/turtlebot3_cartographer': _=/usr/bin/env /usr/bin/cmake /home/user/ros2_ws/src/turtlebot3/turtlebot3_cartographer -DCMAKE_INSTALL_PREFIX=/home/user/ros2_ws/install/turtlebot3_cartographer
[0.775s] -- The C compiler identification is GNU 9.3.0
[0.776s] -- The CXX compiler identification is GNU 9.3.0
[0.777s] -- Check for working C compiler: /usr/bin/cc
[0.777s] -- Check for working C compiler: /usr/bin/cc -- works
[0.777s] -- Detecting C compiler ABI info
[0.877s] -- Detecting C compiler ABI info - done
[0.901s] -- Detecting C compile features
[0.903s] -- Detecting C compile features - done
[0.908s] -- Check for working CXX compiler: /usr/bin/c++
[1.092s] -- Check for working CXX compiler: /usr/bin/c++ -- works
[1.097s] -- Detecting CXX compiler ABI info
[1.273s] -- Detecting CXX compiler ABI info - done
[1.297s] -- Detecting CXX compile features
[1.298s] -- Detecting CXX compile features - done
[1.341s] CMake Error at CMakeLists.txt:10 (find_package):
[1.342s]   By not providing "Findament_cmake.cmake" in CMAKE_MODULE_PATH this project
[1.342s]   has asked CMake to find a package configuration file provided by
[1.342s]   "ament_cmake", but CMake did not find one.
[1.342s] 
[1.342s]   Could not find a package configuration file provided by "ament_cmake" with
[1.343s]   any of the following names:
[1.343s] 
[1.343s]     ament_cmakeConfig.cmake
[1.343s]     ament_cmake-config.cmake
[1.344s] 
[1.344s]   Add the installation prefix of "ament_cmake" to CMAKE_PREFIX_PATH or set
[1.344s]   "ament_cmake_DIR" to a directory containing one of the above files.  If
[1.344s]   "ament_cmake" provides a separate development package or SDK, be sure it
[1.344s]   has been installed.
[1.345s] 
[1.345s] 
[1.345s] -- Configuring incomplete, errors occurred!
[1.346s] See also "/home/user/ros2_ws/build/turtlebot3_cartographer/CMakeFiles/CMakeOutput.log".
[1.348s] Invoked command in '/home/user/ros2_ws/build/turtlebot3_cartographer' returned '1': _=/usr/bin/env /usr/bin/cmake /home/user/ros2_ws/src/turtlebot3/turtlebot3_cartographer -DCMAKE_INSTALL_PREFIX=/home/user/ros2_ws/install/turtlebot3_cartographer
