[0.056s] Invoking command in '/home/user/ros2_ws/src/build/turtlebot3_description': _=/usr/bin/env /usr/bin/cmake /home/user/ros2_ws/src/turtlebot3/turtlebot3_description -DCMAKE_INSTALL_PREFIX=/home/user/ros2_ws/src/install/turtlebot3_description
[0.192s] -- The C compiler identification is GNU 9.3.0
[0.317s] -- The CXX compiler identification is GNU 9.3.0
[0.325s] -- Check for working C compiler: /usr/bin/cc
[0.515s] -- Check for working C compiler: /usr/bin/cc -- works
[0.519s] -- Detecting C compiler ABI info
[0.698s] -- Detecting C compiler ABI info - done
[0.717s] -- Detecting C compile features
[0.718s] -- Detecting C compile features - done
[0.723s] -- Check for working CXX compiler: /usr/bin/c++
[0.905s] -- Check for working CXX compiler: /usr/bin/c++ -- works
[0.907s] -- Detecting CXX compiler ABI info
[1.107s] -- Detecting CXX compiler ABI info - done
[1.126s] -- Detecting CXX compile features
[1.127s] -- Detecting CXX compile features - done
[1.168s] CMake Error at CMakeLists.txt:18 (find_package):
[1.168s]   By not providing "Findament_cmake.cmake" in CMAKE_MODULE_PATH this project
[1.169s]   has asked CMake to find a package configuration file provided by
[1.169s]   "ament_cmake", but CMake did not find one.
[1.169s] 
[1.169s]   Could not find a package configuration file provided by "ament_cmake" with
[1.169s]   any of the following names:
[1.170s] 
[1.170s]     ament_cmakeConfig.cmake
[1.170s]     ament_cmake-config.cmake
[1.171s] 
[1.171s]   Add the installation prefix of "ament_cmake" to CMAKE_PREFIX_PATH or set
[1.171s]   "ament_cmake_DIR" to a directory containing one of the above files.  If
[1.172s]   "ament_cmake" provides a separate development package or SDK, be sure it
[1.172s]   has been installed.
[1.172s] 
[1.173s] 
[1.173s] -- Configuring incomplete, errors occurred!
[1.173s] See also "/home/user/ros2_ws/src/build/turtlebot3_description/CMakeFiles/CMakeOutput.log".
