[0.292s] Invoking command in '/home/user/ros2_ws/build/turtlebot3_bringup': CMAKE_PREFIX_PATH=/home/user/ros2_ws/install/turtlebot3_description:/home/simulations/ros2_sims_ws/install/ros1_bridge:/home/user/ros2_ws/install/turtlebot3:/home/user/ros2_ws/install/turtlebot3_navigation2:/home/user/ros2_ws/install/turtlebot3_msgs:/home/user/ros2_ws/install/turtlebot3_bringup:/home/user/ros2_ws/install/turtlebot3_teleop:/home/user/ros2_ws/install/turtlebot3_example:/opt/ros/foxy _=/usr/bin/env /usr/bin/cmake --build /home/user/ros2_ws/build/turtlebot3_bringup -- -j8 -l8
[0.682s] -- Found ament_cmake: 0.9.9 (/opt/ros/foxy/share/ament_cmake/cmake)
[0.888s] -- Found PythonInterp: /usr/bin/python3 (found suitable version "3.8.10", minimum required is "3") 
[0.888s] -- Using PYTHON_EXECUTABLE: /usr/bin/python3
[3.982s] -- Configuring done
[3.983s] -- Generating done
[3.985s] -- Build files have been written to: /home/user/ros2_ws/build/turtlebot3_bringup
[4.307s] Invoked command in '/home/user/ros2_ws/build/turtlebot3_bringup' returned '0': CMAKE_PREFIX_PATH=/home/user/ros2_ws/install/turtlebot3_description:/home/simulations/ros2_sims_ws/install/ros1_bridge:/home/user/ros2_ws/install/turtlebot3:/home/user/ros2_ws/install/turtlebot3_navigation2:/home/user/ros2_ws/install/turtlebot3_msgs:/home/user/ros2_ws/install/turtlebot3_bringup:/home/user/ros2_ws/install/turtlebot3_teleop:/home/user/ros2_ws/install/turtlebot3_example:/opt/ros/foxy _=/usr/bin/env /usr/bin/cmake --build /home/user/ros2_ws/build/turtlebot3_bringup -- -j8 -l8
[5.292s] Invoking command in '/home/user/ros2_ws/build/turtlebot3_bringup': CMAKE_PREFIX_PATH=/home/user/ros2_ws/install/turtlebot3_description:/home/simulations/ros2_sims_ws/install/ros1_bridge:/home/user/ros2_ws/install/turtlebot3:/home/user/ros2_ws/install/turtlebot3_navigation2:/home/user/ros2_ws/install/turtlebot3_msgs:/home/user/ros2_ws/install/turtlebot3_bringup:/home/user/ros2_ws/install/turtlebot3_teleop:/home/user/ros2_ws/install/turtlebot3_example:/opt/ros/foxy _=/usr/bin/env /usr/bin/cmake --install /home/user/ros2_ws/build/turtlebot3_bringup
[5.382s] -- Install configuration: ""
[5.382s] -- Up-to-date: /home/user/ros2_ws/install/turtlebot3_bringup/share/turtlebot3_bringup/launch
[5.383s] -- Up-to-date: /home/user/ros2_ws/install/turtlebot3_bringup/share/turtlebot3_bringup/launch/rviz2.launch.py
[5.383s] -- Up-to-date: /home/user/ros2_ws/install/turtlebot3_bringup/share/turtlebot3_bringup/launch/turtlebot3_state_publisher.launch.py
[5.383s] -- Up-to-date: /home/user/ros2_ws/install/turtlebot3_bringup/share/turtlebot3_bringup/launch/robot.launch.py
[5.383s] -- Up-to-date: /home/user/ros2_ws/install/turtlebot3_bringup/share/turtlebot3_bringup/param
[5.384s] -- Up-to-date: /home/user/ros2_ws/install/turtlebot3_bringup/share/turtlebot3_bringup/param/burger.yaml
[5.384s] -- Up-to-date: /home/user/ros2_ws/install/turtlebot3_bringup/share/turtlebot3_bringup/param/waffle.yaml
[5.384s] -- Up-to-date: /home/user/ros2_ws/install/turtlebot3_bringup/share/turtlebot3_bringup/param/waffle_pi.yaml
[5.384s] -- Up-to-date: /home/user/ros2_ws/install/turtlebot3_bringup/share/ament_index/resource_index/package_run_dependencies/turtlebot3_bringup
[5.384s] -- Installing: /home/user/ros2_ws/install/turtlebot3_bringup/share/ament_index/resource_index/parent_prefix_path/turtlebot3_bringup
[5.385s] -- Installing: /home/user/ros2_ws/install/turtlebot3_bringup/share/turtlebot3_bringup/environment/ament_prefix_path.sh
[5.385s] -- Installing: /home/user/ros2_ws/install/turtlebot3_bringup/share/turtlebot3_bringup/environment/ament_prefix_path.dsv
[5.385s] -- Installing: /home/user/ros2_ws/install/turtlebot3_bringup/share/turtlebot3_bringup/environment/path.sh
[5.385s] -- Installing: /home/user/ros2_ws/install/turtlebot3_bringup/share/turtlebot3_bringup/environment/path.dsv
[5.386s] -- Installing: /home/user/ros2_ws/install/turtlebot3_bringup/share/turtlebot3_bringup/local_setup.bash
[5.386s] -- Installing: /home/user/ros2_ws/install/turtlebot3_bringup/share/turtlebot3_bringup/local_setup.sh
[5.386s] -- Installing: /home/user/ros2_ws/install/turtlebot3_bringup/share/turtlebot3_bringup/local_setup.zsh
[5.386s] -- Installing: /home/user/ros2_ws/install/turtlebot3_bringup/share/turtlebot3_bringup/local_setup.dsv
[5.387s] -- Installing: /home/user/ros2_ws/install/turtlebot3_bringup/share/turtlebot3_bringup/package.dsv
[5.387s] -- Up-to-date: /home/user/ros2_ws/install/turtlebot3_bringup/share/ament_index/resource_index/packages/turtlebot3_bringup
[5.387s] -- Up-to-date: /home/user/ros2_ws/install/turtlebot3_bringup/share/turtlebot3_bringup/cmake/turtlebot3_bringupConfig.cmake
[5.387s] -- Up-to-date: /home/user/ros2_ws/install/turtlebot3_bringup/share/turtlebot3_bringup/cmake/turtlebot3_bringupConfig-version.cmake
[5.387s] -- Up-to-date: /home/user/ros2_ws/install/turtlebot3_bringup/share/turtlebot3_bringup/package.xml
[5.398s] Invoked command in '/home/user/ros2_ws/build/turtlebot3_bringup' returned '0': CMAKE_PREFIX_PATH=/home/user/ros2_ws/install/turtlebot3_description:/home/simulations/ros2_sims_ws/install/ros1_bridge:/home/user/ros2_ws/install/turtlebot3:/home/user/ros2_ws/install/turtlebot3_navigation2:/home/user/ros2_ws/install/turtlebot3_msgs:/home/user/ros2_ws/install/turtlebot3_bringup:/home/user/ros2_ws/install/turtlebot3_teleop:/home/user/ros2_ws/install/turtlebot3_example:/opt/ros/foxy _=/usr/bin/env /usr/bin/cmake --install /home/user/ros2_ws/build/turtlebot3_bringup
