[15.017s] Invoking command in '/home/user/ros2_ws/src/map_server': PYTHONPATH=/home/user/ros2_ws/install/map_server/lib/python3.8/site-packages:${PYTHONPATH} _=/usr/bin/env /usr/bin/python3 setup.py egg_info --egg-base ../../build/map_server build --build-base /home/user/ros2_ws/build/map_server/build install --prefix /home/user/ros2_ws/install/map_server --record /home/user/ros2_ws/build/map_server/install.log --single-version-externally-managed
[19.424s] running egg_info
[19.428s] writing ../../build/map_server/map_server.egg-info/PKG-INFO
[19.431s] writing dependency_links to ../../build/map_server/map_server.egg-info/dependency_links.txt
[19.431s] writing entry points to ../../build/map_server/map_server.egg-info/entry_points.txt
[19.432s] writing requirements to ../../build/map_server/map_server.egg-info/requires.txt
[19.435s] writing top-level names to ../../build/map_server/map_server.egg-info/top_level.txt
[19.852s] reading manifest file '../../build/map_server/map_server.egg-info/SOURCES.txt'
[19.898s] writing manifest file '../../build/map_server/map_server.egg-info/SOURCES.txt'
[19.899s] running build
[19.899s] running build_py
[19.912s] running install
[19.914s] running install_lib
[19.934s] running install_data
[19.941s] running install_egg_info
[19.955s] removing '/home/user/ros2_ws/install/map_server/lib/python3.8/site-packages/map_server-0.0.0-py3.8.egg-info' (and everything under it)
[19.996s] Copying ../../build/map_server/map_server.egg-info to /home/user/ros2_ws/install/map_server/lib/python3.8/site-packages/map_server-0.0.0-py3.8.egg-info
[19.996s] running install_scripts
[20.246s] Installing lifecycle_manager script to /home/user/ros2_ws/install/map_server/lib/map_server
[20.296s] Installing map_server script to /home/user/ros2_ws/install/map_server/lib/map_server
[20.296s] writing list of installed files to '/home/user/ros2_ws/build/map_server/install.log'
[20.805s] Invoked command in '/home/user/ros2_ws/src/map_server' returned '0': PYTHONPATH=/home/user/ros2_ws/install/map_server/lib/python3.8/site-packages:${PYTHONPATH} _=/usr/bin/env /usr/bin/python3 setup.py egg_info --egg-base ../../build/map_server build --build-base /home/user/ros2_ws/build/map_server/build install --prefix /home/user/ros2_ws/install/map_server --record /home/user/ros2_ws/build/map_server/install.log --single-version-externally-managed
