[0.701s] Invoking command in '/home/user/ros2_ws/build/turtlebot3_msgs': CMAKE_PREFIX_PATH=${CMAKE_PREFIX_PATH}:/home/user/ros2_ws/install/turtlebot3_teleop:/home/user/ros2_ws/install/turtlebot3_example:/opt/ros/foxy _=/usr/bin/env /usr/bin/cmake --build /home/user/ros2_ws/build/turtlebot3_msgs -- -j8 -l8
[8.998s] -- Found action_msgs: 1.0.0 (/opt/ros/foxy/share/action_msgs/cmake)
[8.999s] -- Found PythonInterp: /usr/bin/python3 (found suitable version "3.8.10", minimum required is "3") 
[8.999s] -- Using PYTHON_EXECUTABLE: /usr/bin/python3
[8.999s] -- Using all available rosidl_typesupport_c: rosidl_typesupport_fastrtps_c;rosidl_typesupport_introspection_c
[8.999s] -- Found rosidl_adapter: 1.2.1 (/opt/ros/foxy/share/rosidl_adapter/cmake)
[11.794s] -- Using all available rosidl_typesupport_cpp: rosidl_typesupport_fastrtps_cpp;rosidl_typesupport_introspection_cpp
[13.293s] -- Found rosidl_default_generators: 1.0.1 (/opt/ros/foxy/share/rosidl_default_generators/cmake)
[13.498s] -- Found std_msgs: 2.0.4 (/opt/ros/foxy/share/std_msgs/cmake)
[14.388s] -- Found PythonInterp: /usr/bin/python3 (found version "3.8.10") 
[16.804s] -- Found ament_cmake_cppcheck: 0.9.6 (/opt/ros/foxy/share/ament_cmake_cppcheck/cmake)
[16.809s] -- Found ament_cmake_cpplint: 0.9.6 (/opt/ros/foxy/share/ament_cmake_cpplint/cmake)
[16.987s] -- Found ament_cmake_uncrustify: 0.9.6 (/opt/ros/foxy/share/ament_cmake_uncrustify/cmake)
[16.997s] -- Found ament_cmake_ros: 0.9.2 (/opt/ros/foxy/share/ament_cmake_ros/cmake)
[20.492s] -- Using all available rosidl_typesupport_c: rosidl_typesupport_fastrtps_c;rosidl_typesupport_introspection_c
[21.594s] -- Using all available rosidl_typesupport_cpp: rosidl_typesupport_fastrtps_cpp;rosidl_typesupport_introspection_cpp
[22.003s] -- Found PythonInterp: /usr/bin/python3 (found suitable version "3.8.10", minimum required is "3.5") 
[22.004s] -- Found python_cmake_module: 0.8.1 (/opt/ros/foxy/share/python_cmake_module/cmake)
[22.588s] -- Found PythonLibs: /usr/lib/x86_64-linux-gnu/libpython3.8.so (found suitable version "3.8.10", minimum required is "3.5") 
[22.588s] -- Using PYTHON_EXECUTABLE: /usr/bin/python3
[22.589s] -- Using PYTHON_INCLUDE_DIRS: /usr/include/python3.8
[22.589s] -- Using PYTHON_LIBRARIES: /usr/lib/x86_64-linux-gnu/libpython3.8.so
[23.506s] -- Found ament_cmake_flake8: 0.9.6 (/opt/ros/foxy/share/ament_cmake_flake8/cmake)
[23.585s] -- Found ament_cmake_pep257: 0.9.6 (/opt/ros/foxy/share/ament_cmake_pep257/cmake)
[24.086s] -- Configuring done
[26.102s] -- Generating done
[26.110s] -- Build files have been written to: /home/user/ros2_ws/build/turtlebot3_msgs
[26.793s] [  1%] [34m[1mGenerating C++ code for ROS interfaces[0m
[39.089s] [  1%] Built target turtlebot3_msgs__cpp
[39.310s] [  2%] [34m[1mGenerating C code for ROS interfaces[0m
[49.192s] [35m[1mScanning dependencies of target turtlebot3_msgs__rosidl_generator_c[0m
[50.096s] [  4%] [32mBuilding C object CMakeFiles/turtlebot3_msgs__rosidl_generator_c.dir/rosidl_generator_c/turtlebot3_msgs/msg/detail/sensor_state__functions.c.o[0m
[50.099s] [  5%] [32mBuilding C object CMakeFiles/turtlebot3_msgs__rosidl_generator_c.dir/rosidl_generator_c/turtlebot3_msgs/msg/detail/version_info__functions.c.o[0m
[50.100s] [  7%] [32mBuilding C object CMakeFiles/turtlebot3_msgs__rosidl_generator_c.dir/rosidl_generator_c/turtlebot3_msgs/srv/detail/sound__functions.c.o[0m
[50.103s] [  8%] [32mBuilding C object CMakeFiles/turtlebot3_msgs__rosidl_generator_c.dir/rosidl_generator_c/turtlebot3_msgs/msg/detail/sound__functions.c.o[0m
[50.107s] [  9%] [32mBuilding C object CMakeFiles/turtlebot3_msgs__rosidl_generator_c.dir/rosidl_generator_c/turtlebot3_msgs/srv/detail/dqn__functions.c.o[0m
[57.096s] [ 11%] [32mBuilding C object CMakeFiles/turtlebot3_msgs__rosidl_generator_c.dir/rosidl_generator_c/turtlebot3_msgs/action/detail/patrol__functions.c.o[0m
[58.385s] [ 12%] [32m[1mLinking C shared library libturtlebot3_msgs__rosidl_generator_c.so[0m
[59.812s] [ 12%] Built target turtlebot3_msgs__rosidl_generator_c
[59.993s] [ 14%] [34m[1mGenerating C++ type support dispatch for ROS interfaces[0m
[60.294s] [ 15%] [34m[1mGenerating C++ introspection for ROS interfaces[0m
[60.295s] [ 16%] [34m[1mGenerating C type support dispatch for ROS interfaces[0m
[60.297s] [ 18%] [34m[1mGenerating C++ type support for eProsima Fast-RTPS[0m
[60.706s] [ 19%] [34m[1mGenerating C introspection for ROS interfaces[0m
[67.788s] [35m[1mScanning dependencies of target turtlebot3_msgs__rosidl_typesupport_cpp[0m
[68.485s] [ 21%] [32mBuilding CXX object CMakeFiles/turtlebot3_msgs__rosidl_typesupport_cpp.dir/rosidl_typesupport_cpp/turtlebot3_msgs/msg/sound__type_support.cpp.o[0m
[68.488s] [ 22%] [32mBuilding CXX object CMakeFiles/turtlebot3_msgs__rosidl_typesupport_cpp.dir/rosidl_typesupport_cpp/turtlebot3_msgs/msg/sensor_state__type_support.cpp.o[0m
[68.492s] [ 23%] [32mBuilding CXX object CMakeFiles/turtlebot3_msgs__rosidl_typesupport_cpp.dir/rosidl_typesupport_cpp/turtlebot3_msgs/msg/version_info__type_support.cpp.o[0m
[69.191s] [ 25%] [32mBuilding CXX object CMakeFiles/turtlebot3_msgs__rosidl_typesupport_cpp.dir/rosidl_typesupport_cpp/turtlebot3_msgs/srv/sound__type_support.cpp.o[0m
[71.204s] [35m[1mScanning dependencies of target turtlebot3_msgs__rosidl_typesupport_c[0m
[71.589s] [ 26%] [32mBuilding CXX object CMakeFiles/turtlebot3_msgs__rosidl_typesupport_c.dir/rosidl_typesupport_c/turtlebot3_msgs/msg/sensor_state__type_support.cpp.o[0m
[71.895s] [35m[1mScanning dependencies of target turtlebot3_msgs__rosidl_typesupport_introspection_cpp[0m
[71.995s] [35m[1mScanning dependencies of target turtlebot3_msgs__rosidl_typesupport_fastrtps_cpp[0m
[72.186s] [ 28%] [32mBuilding CXX object CMakeFiles/turtlebot3_msgs__rosidl_typesupport_introspection_cpp.dir/rosidl_typesupport_introspection_cpp/turtlebot3_msgs/msg/detail/sensor_state__type_support.cpp.o[0m
[72.794s] [ 29%] [32mBuilding CXX object CMakeFiles/turtlebot3_msgs__rosidl_typesupport_fastrtps_cpp.dir/rosidl_typesupport_fastrtps_cpp/turtlebot3_msgs/msg/detail/dds_fastrtps/sensor_state__type_support.cpp.o[0m
[72.798s] [35m[1mScanning dependencies of target turtlebot3_msgs__rosidl_typesupport_introspection_c[0m
[73.487s] [ 32%] [32mBuilding CXX object CMakeFiles/turtlebot3_msgs__rosidl_typesupport_c.dir/rosidl_typesupport_c/turtlebot3_msgs/msg/sound__type_support.cpp.o[0m
[73.489s] [ 30%] [32mBuilding C object CMakeFiles/turtlebot3_msgs__rosidl_typesupport_introspection_c.dir/rosidl_typesupport_introspection_c/turtlebot3_msgs/msg/detail/sensor_state__type_support.c.o[0m
[74.090s] [ 33%] [32mBuilding C object CMakeFiles/turtlebot3_msgs__rosidl_typesupport_introspection_c.dir/rosidl_typesupport_introspection_c/turtlebot3_msgs/msg/detail/sound__type_support.c.o[0m
[74.185s] [ 35%] [32mBuilding CXX object CMakeFiles/turtlebot3_msgs__rosidl_typesupport_c.dir/rosidl_typesupport_c/turtlebot3_msgs/msg/version_info__type_support.cpp.o[0m
[74.786s] [ 36%] [32mBuilding CXX object CMakeFiles/turtlebot3_msgs__rosidl_typesupport_c.dir/rosidl_typesupport_c/turtlebot3_msgs/srv/sound__type_support.cpp.o[0m
[74.798s] [ 38%] [32mBuilding C object CMakeFiles/turtlebot3_msgs__rosidl_typesupport_introspection_c.dir/rosidl_typesupport_introspection_c/turtlebot3_msgs/msg/detail/version_info__type_support.c.o[0m
[75.692s] [ 39%] [32mBuilding C object CMakeFiles/turtlebot3_msgs__rosidl_typesupport_introspection_c.dir/rosidl_typesupport_introspection_c/turtlebot3_msgs/srv/detail/sound__type_support.c.o[0m
[75.905s] [ 40%] [32mBuilding CXX object CMakeFiles/turtlebot3_msgs__rosidl_typesupport_c.dir/rosidl_typesupport_c/turtlebot3_msgs/srv/dqn__type_support.cpp.o[0m
[76.701s] [ 42%] [32mBuilding C object CMakeFiles/turtlebot3_msgs__rosidl_typesupport_introspection_c.dir/rosidl_typesupport_introspection_c/turtlebot3_msgs/srv/detail/dqn__type_support.c.o[0m
[76.808s] [ 43%] [32mBuilding CXX object CMakeFiles/turtlebot3_msgs__rosidl_typesupport_c.dir/rosidl_typesupport_c/turtlebot3_msgs/action/patrol__type_support.cpp.o[0m
[77.000s] [ 45%] [32mBuilding CXX object CMakeFiles/turtlebot3_msgs__rosidl_typesupport_cpp.dir/rosidl_typesupport_cpp/turtlebot3_msgs/srv/dqn__type_support.cpp.o[0m
[77.208s] [ 46%] [32mBuilding C object CMakeFiles/turtlebot3_msgs__rosidl_typesupport_introspection_c.dir/rosidl_typesupport_introspection_c/turtlebot3_msgs/action/detail/patrol__type_support.c.o[0m
[77.897s] [ 47%] [32mBuilding CXX object CMakeFiles/turtlebot3_msgs__rosidl_typesupport_cpp.dir/rosidl_typesupport_cpp/turtlebot3_msgs/action/patrol__type_support.cpp.o[0m
[78.006s] [ 49%] [32m[1mLinking CXX shared library libturtlebot3_msgs__rosidl_typesupport_c.so[0m
[78.100s] [ 50%] [32mBuilding CXX object CMakeFiles/turtlebot3_msgs__rosidl_typesupport_fastrtps_cpp.dir/rosidl_typesupport_fastrtps_cpp/turtlebot3_msgs/msg/detail/dds_fastrtps/sound__type_support.cpp.o[0m
[78.290s] [ 52%] [32mBuilding CXX object CMakeFiles/turtlebot3_msgs__rosidl_typesupport_introspection_cpp.dir/rosidl_typesupport_introspection_cpp/turtlebot3_msgs/msg/detail/sound__type_support.cpp.o[0m
[78.602s] [ 53%] [32m[1mLinking C shared library libturtlebot3_msgs__rosidl_typesupport_introspection_c.so[0m
[78.706s] [ 54%] [32mBuilding CXX object CMakeFiles/turtlebot3_msgs__rosidl_typesupport_introspection_cpp.dir/rosidl_typesupport_introspection_cpp/turtlebot3_msgs/msg/detail/version_info__type_support.cpp.o[0m
[79.107s] [ 54%] Built target turtlebot3_msgs__rosidl_typesupport_c
[79.599s] [ 56%] [32mBuilding CXX object CMakeFiles/turtlebot3_msgs__rosidl_typesupport_fastrtps_cpp.dir/rosidl_typesupport_fastrtps_cpp/turtlebot3_msgs/msg/detail/dds_fastrtps/version_info__type_support.cpp.o[0m
[79.986s] [ 56%] Built target turtlebot3_msgs__rosidl_typesupport_introspection_c
[80.210s] [ 57%] [32mBuilding CXX object CMakeFiles/turtlebot3_msgs__rosidl_typesupport_introspection_cpp.dir/rosidl_typesupport_introspection_cpp/turtlebot3_msgs/srv/detail/sound__type_support.cpp.o[0m
[81.685s] [ 59%] [32mBuilding CXX object CMakeFiles/turtlebot3_msgs__rosidl_typesupport_fastrtps_cpp.dir/rosidl_typesupport_fastrtps_cpp/turtlebot3_msgs/srv/detail/dds_fastrtps/sound__type_support.cpp.o[0m
[81.886s] [ 60%] [32mBuilding CXX object CMakeFiles/turtlebot3_msgs__rosidl_typesupport_introspection_cpp.dir/rosidl_typesupport_introspection_cpp/turtlebot3_msgs/srv/detail/dqn__type_support.cpp.o[0m
[82.794s] [ 61%] [32mBuilding CXX object CMakeFiles/turtlebot3_msgs__rosidl_typesupport_fastrtps_cpp.dir/rosidl_typesupport_fastrtps_cpp/turtlebot3_msgs/srv/detail/dds_fastrtps/dqn__type_support.cpp.o[0m
[82.802s] [ 63%] [32mBuilding CXX object CMakeFiles/turtlebot3_msgs__rosidl_typesupport_introspection_cpp.dir/rosidl_typesupport_introspection_cpp/turtlebot3_msgs/action/detail/patrol__type_support.cpp.o[0m
[83.498s] [ 64%] [32mBuilding CXX object CMakeFiles/turtlebot3_msgs__rosidl_typesupport_fastrtps_cpp.dir/rosidl_typesupport_fastrtps_cpp/turtlebot3_msgs/action/detail/dds_fastrtps/patrol__type_support.cpp.o[0m
[85.495s] [ 66%] [32m[1mLinking CXX shared library libturtlebot3_msgs__rosidl_typesupport_cpp.so[0m
[86.707s] [ 66%] Built target turtlebot3_msgs__rosidl_typesupport_cpp
[87.707s] [ 67%] [32m[1mLinking CXX shared library libturtlebot3_msgs__rosidl_typesupport_introspection_cpp.so[0m
[89.006s] [ 67%] Built target turtlebot3_msgs__rosidl_typesupport_introspection_cpp
[90.788s] [ 69%] [32m[1mLinking CXX shared library libturtlebot3_msgs__rosidl_typesupport_fastrtps_cpp.so[0m
[92.009s] [ 69%] Built target turtlebot3_msgs__rosidl_typesupport_fastrtps_cpp
[92.299s] [ 70%] [34m[1mGenerating C type support for eProsima Fast-RTPS[0m
[102.399s] [35m[1mScanning dependencies of target turtlebot3_msgs__rosidl_typesupport_fastrtps_c[0m
[102.797s] [ 71%] [32mBuilding CXX object CMakeFiles/turtlebot3_msgs__rosidl_typesupport_fastrtps_c.dir/rosidl_typesupport_fastrtps_c/turtlebot3_msgs/msg/detail/sensor_state__type_support_c.cpp.o[0m
[102.888s] [ 73%] [32mBuilding CXX object CMakeFiles/turtlebot3_msgs__rosidl_typesupport_fastrtps_c.dir/rosidl_typesupport_fastrtps_c/turtlebot3_msgs/msg/detail/sound__type_support_c.cpp.o[0m
[102.902s] [ 76%] [32mBuilding CXX object CMakeFiles/turtlebot3_msgs__rosidl_typesupport_fastrtps_c.dir/rosidl_typesupport_fastrtps_c/turtlebot3_msgs/srv/detail/sound__type_support_c.cpp.o[0m
[102.903s] [ 76%] [32mBuilding CXX object CMakeFiles/turtlebot3_msgs__rosidl_typesupport_fastrtps_c.dir/rosidl_typesupport_fastrtps_c/turtlebot3_msgs/action/detail/patrol__type_support_c.cpp.o[0m
[102.905s] [ 77%] [32mBuilding CXX object CMakeFiles/turtlebot3_msgs__rosidl_typesupport_fastrtps_c.dir/rosidl_typesupport_fastrtps_c/turtlebot3_msgs/msg/detail/version_info__type_support_c.cpp.o[0m
[102.906s] [ 78%] [32mBuilding CXX object CMakeFiles/turtlebot3_msgs__rosidl_typesupport_fastrtps_c.dir/rosidl_typesupport_fastrtps_c/turtlebot3_msgs/srv/detail/dqn__type_support_c.cpp.o[0m
[109.491s] [ 80%] [32m[1mLinking CXX shared library libturtlebot3_msgs__rosidl_typesupport_fastrtps_c.so[0m
[110.788s] [ 80%] Built target turtlebot3_msgs__rosidl_typesupport_fastrtps_c
[111.203s] [ 80%] Built target turtlebot3_msgs
[111.793s] [ 81%] [34m[1mGenerating Python code for ROS interfaces[0m
[132.111s] [ 81%] Built target turtlebot3_msgs__py
[132.595s] [35m[1mScanning dependencies of target turtlebot3_msgs__python[0m
[133.300s] [ 83%] [32mBuilding C object CMakeFiles/turtlebot3_msgs__python.dir/rosidl_generator_py/turtlebot3_msgs/msg/_sensor_state_s.c.o[0m
[135.720s] [ 84%] [32mBuilding C object CMakeFiles/turtlebot3_msgs__python.dir/rosidl_generator_py/turtlebot3_msgs/action/_patrol_s.c.o[0m
[136.940s] [ 85%] [32mBuilding C object CMakeFiles/turtlebot3_msgs__python.dir/rosidl_generator_py/turtlebot3_msgs/srv/_dqn_s.c.o[0m
[137.885s] [ 87%] [32mBuilding C object CMakeFiles/turtlebot3_msgs__python.dir/rosidl_generator_py/turtlebot3_msgs/srv/_sound_s.c.o[0m
[138.886s] [ 88%] [32mBuilding C object CMakeFiles/turtlebot3_msgs__python.dir/rosidl_generator_py/turtlebot3_msgs/msg/_version_info_s.c.o[0m
[140.086s] [ 90%] [32mBuilding C object CMakeFiles/turtlebot3_msgs__python.dir/rosidl_generator_py/turtlebot3_msgs/msg/_sound_s.c.o[0m
[141.003s] [ 91%] [32m[1mLinking C shared library rosidl_generator_py/turtlebot3_msgs/libturtlebot3_msgs__python.so[0m
[141.594s] [ 91%] Built target turtlebot3_msgs__python
[141.685s] [35m[1mScanning dependencies of target turtlebot3_msgs__rosidl_typesupport_fastrtps_c__pyext[0m
[142.010s] [ 92%] [32mBuilding C object CMakeFiles/turtlebot3_msgs__rosidl_typesupport_fastrtps_c__pyext.dir/rosidl_generator_py/turtlebot3_msgs/_turtlebot3_msgs_s.ep.rosidl_typesupport_fastrtps_c.c.o[0m
[143.407s] [ 94%] [32m[1mLinking CXX shared library rosidl_generator_py/turtlebot3_msgs/turtlebot3_msgs_s__rosidl_typesupport_fastrtps_c.cpython-38-x86_64-linux-gnu.so[0m
[144.086s] [ 94%] Built target turtlebot3_msgs__rosidl_typesupport_fastrtps_c__pyext
[144.214s] [35m[1mScanning dependencies of target turtlebot3_msgs__rosidl_typesupport_c__pyext[0m
[144.405s] [ 95%] [32mBuilding C object CMakeFiles/turtlebot3_msgs__rosidl_typesupport_c__pyext.dir/rosidl_generator_py/turtlebot3_msgs/_turtlebot3_msgs_s.ep.rosidl_typesupport_c.c.o[0m
[145.687s] [ 97%] [32m[1mLinking C shared library rosidl_generator_py/turtlebot3_msgs/turtlebot3_msgs_s__rosidl_typesupport_c.cpython-38-x86_64-linux-gnu.so[0m
[146.597s] [ 97%] Built target turtlebot3_msgs__rosidl_typesupport_c__pyext
[146.693s] [35m[1mScanning dependencies of target turtlebot3_msgs__rosidl_typesupport_introspection_c__pyext[0m
[147.095s] [ 98%] [32mBuilding C object CMakeFiles/turtlebot3_msgs__rosidl_typesupport_introspection_c__pyext.dir/rosidl_generator_py/turtlebot3_msgs/_turtlebot3_msgs_s.ep.rosidl_typesupport_introspection_c.c.o[0m
[150.592s] [100%] [32m[1mLinking C shared library rosidl_generator_py/turtlebot3_msgs/turtlebot3_msgs_s__rosidl_typesupport_introspection_c.cpython-38-x86_64-linux-gnu.so[0m
[151.307s] [100%] Built target turtlebot3_msgs__rosidl_typesupport_introspection_c__pyext
[151.491s] Invoked command in '/home/user/ros2_ws/build/turtlebot3_msgs' returned '0': CMAKE_PREFIX_PATH=${CMAKE_PREFIX_PATH}:/home/user/ros2_ws/install/turtlebot3_teleop:/home/user/ros2_ws/install/turtlebot3_example:/opt/ros/foxy _=/usr/bin/env /usr/bin/cmake --build /home/user/ros2_ws/build/turtlebot3_msgs -- -j8 -l8
[159.289s] Invoking command in '/home/user/ros2_ws/build/turtlebot3_msgs': CMAKE_PREFIX_PATH=${CMAKE_PREFIX_PATH}:/home/user/ros2_ws/install/turtlebot3_teleop:/home/user/ros2_ws/install/turtlebot3_example:/opt/ros/foxy _=/usr/bin/env /usr/bin/cmake --install /home/user/ros2_ws/build/turtlebot3_msgs
[159.307s] -- Install configuration: ""
[159.308s] -- Up-to-date: /home/user/ros2_ws/install/turtlebot3_msgs/share/ament_index/resource_index/rosidl_interfaces/turtlebot3_msgs
[159.308s] -- Up-to-date: /home/user/ros2_ws/install/turtlebot3_msgs/include/turtlebot3_msgs
[159.309s] -- Up-to-date: /home/user/ros2_ws/install/turtlebot3_msgs/include/turtlebot3_msgs/srv
[159.309s] -- Up-to-date: /home/user/ros2_ws/install/turtlebot3_msgs/include/turtlebot3_msgs/srv/detail
[159.309s] -- Installing: /home/user/ros2_ws/install/turtlebot3_msgs/include/turtlebot3_msgs/srv/detail/dqn__functions.h
[159.310s] -- Installing: /home/user/ros2_ws/install/turtlebot3_msgs/include/turtlebot3_msgs/srv/detail/sound__functions.c
[159.310s] -- Installing: /home/user/ros2_ws/install/turtlebot3_msgs/include/turtlebot3_msgs/srv/detail/sound__struct.h
[159.310s] -- Installing: /home/user/ros2_ws/install/turtlebot3_msgs/include/turtlebot3_msgs/srv/detail/sound__functions.h
[159.311s] -- Installing: /home/user/ros2_ws/install/turtlebot3_msgs/include/turtlebot3_msgs/srv/detail/dqn__type_support.h
[159.312s] -- Installing: /home/user/ros2_ws/install/turtlebot3_msgs/include/turtlebot3_msgs/srv/detail/dqn__struct.h
[159.312s] -- Installing: /home/user/ros2_ws/install/turtlebot3_msgs/include/turtlebot3_msgs/srv/detail/dqn__functions.c
[159.313s] -- Installing: /home/user/ros2_ws/install/turtlebot3_msgs/include/turtlebot3_msgs/srv/detail/sound__type_support.h
[159.314s] -- Installing: /home/user/ros2_ws/install/turtlebot3_msgs/include/turtlebot3_msgs/srv/sound.h
[159.314s] -- Installing: /home/user/ros2_ws/install/turtlebot3_msgs/include/turtlebot3_msgs/srv/dqn.h
[159.315s] -- Up-to-date: /home/user/ros2_ws/install/turtlebot3_msgs/include/turtlebot3_msgs/msg
[159.315s] -- Up-to-date: /home/user/ros2_ws/install/turtlebot3_msgs/include/turtlebot3_msgs/msg/detail
[159.385s] -- Installing: /home/user/ros2_ws/install/turtlebot3_msgs/include/turtlebot3_msgs/msg/detail/version_info__functions.h
[159.387s] -- Installing: /home/user/ros2_ws/install/turtlebot3_msgs/include/turtlebot3_msgs/msg/detail/version_info__type_support.h
[159.387s] -- Installing: /home/user/ros2_ws/install/turtlebot3_msgs/include/turtlebot3_msgs/msg/detail/sensor_state__functions.c
[159.387s] -- Installing: /home/user/ros2_ws/install/turtlebot3_msgs/include/turtlebot3_msgs/msg/detail/sound__functions.c
[159.388s] -- Installing: /home/user/ros2_ws/install/turtlebot3_msgs/include/turtlebot3_msgs/msg/detail/sound__struct.h
[159.388s] -- Installing: /home/user/ros2_ws/install/turtlebot3_msgs/include/turtlebot3_msgs/msg/detail/sound__functions.h
[159.388s] -- Installing: /home/user/ros2_ws/install/turtlebot3_msgs/include/turtlebot3_msgs/msg/detail/version_info__functions.c
[159.388s] -- Installing: /home/user/ros2_ws/install/turtlebot3_msgs/include/turtlebot3_msgs/msg/detail/sensor_state__functions.h
[159.388s] -- Installing: /home/user/ros2_ws/install/turtlebot3_msgs/include/turtlebot3_msgs/msg/detail/sensor_state__type_support.h
[159.388s] -- Installing: /home/user/ros2_ws/install/turtlebot3_msgs/include/turtlebot3_msgs/msg/detail/sensor_state__struct.h
[159.389s] -- Installing: /home/user/ros2_ws/install/turtlebot3_msgs/include/turtlebot3_msgs/msg/detail/version_info__struct.h
[159.389s] -- Installing: /home/user/ros2_ws/install/turtlebot3_msgs/include/turtlebot3_msgs/msg/detail/sound__type_support.h
[159.389s] -- Up-to-date: /home/user/ros2_ws/install/turtlebot3_msgs/include/turtlebot3_msgs/msg/rosidl_generator_c__visibility_control.h
[159.389s] -- Installing: /home/user/ros2_ws/install/turtlebot3_msgs/include/turtlebot3_msgs/msg/sound.h
[159.390s] -- Installing: /home/user/ros2_ws/install/turtlebot3_msgs/include/turtlebot3_msgs/msg/sensor_state.h
[159.390s] -- Installing: /home/user/ros2_ws/install/turtlebot3_msgs/include/turtlebot3_msgs/msg/version_info.h
[159.391s] -- Up-to-date: /home/user/ros2_ws/install/turtlebot3_msgs/include/turtlebot3_msgs/action
[159.391s] -- Up-to-date: /home/user/ros2_ws/install/turtlebot3_msgs/include/turtlebot3_msgs/action/detail
[159.392s] -- Installing: /home/user/ros2_ws/install/turtlebot3_msgs/include/turtlebot3_msgs/action/detail/patrol__functions.h
[159.392s] -- Installing: /home/user/ros2_ws/install/turtlebot3_msgs/include/turtlebot3_msgs/action/detail/patrol__functions.c
[159.393s] -- Installing: /home/user/ros2_ws/install/turtlebot3_msgs/include/turtlebot3_msgs/action/detail/patrol__struct.h
[159.393s] -- Installing: /home/user/ros2_ws/install/turtlebot3_msgs/include/turtlebot3_msgs/action/detail/patrol__type_support.h
[159.393s] -- Installing: /home/user/ros2_ws/install/turtlebot3_msgs/include/turtlebot3_msgs/action/patrol.h
[159.394s] -- Installing: /home/user/ros2_ws/install/turtlebot3_msgs/share/turtlebot3_msgs/environment/library_path.sh
[159.394s] -- Installing: /home/user/ros2_ws/install/turtlebot3_msgs/share/turtlebot3_msgs/environment/library_path.dsv
[159.394s] -- Installing: /home/user/ros2_ws/install/turtlebot3_msgs/lib/libturtlebot3_msgs__rosidl_generator_c.so
[159.395s] -- Set runtime path of "/home/user/ros2_ws/install/turtlebot3_msgs/lib/libturtlebot3_msgs__rosidl_generator_c.so" to ""
[159.395s] -- Up-to-date: /home/user/ros2_ws/install/turtlebot3_msgs/include/turtlebot3_msgs
[159.395s] -- Up-to-date: /home/user/ros2_ws/install/turtlebot3_msgs/include/turtlebot3_msgs/srv
[159.395s] -- Up-to-date: /home/user/ros2_ws/install/turtlebot3_msgs/include/turtlebot3_msgs/srv/detail
[159.396s] -- Installing: /home/user/ros2_ws/install/turtlebot3_msgs/include/turtlebot3_msgs/srv/detail/sound__rosidl_typesupport_fastrtps_c.h
[159.396s] -- Installing: /home/user/ros2_ws/install/turtlebot3_msgs/include/turtlebot3_msgs/srv/detail/dqn__rosidl_typesupport_fastrtps_c.h
[159.396s] -- Up-to-date: /home/user/ros2_ws/install/turtlebot3_msgs/include/turtlebot3_msgs/msg
[159.396s] -- Up-to-date: /home/user/ros2_ws/install/turtlebot3_msgs/include/turtlebot3_msgs/msg/detail
[159.397s] -- Installing: /home/user/ros2_ws/install/turtlebot3_msgs/include/turtlebot3_msgs/msg/detail/version_info__rosidl_typesupport_fastrtps_c.h
[159.397s] -- Installing: /home/user/ros2_ws/install/turtlebot3_msgs/include/turtlebot3_msgs/msg/detail/sound__rosidl_typesupport_fastrtps_c.h
[159.397s] -- Installing: /home/user/ros2_ws/install/turtlebot3_msgs/include/turtlebot3_msgs/msg/detail/sensor_state__rosidl_typesupport_fastrtps_c.h
[159.397s] -- Up-to-date: /home/user/ros2_ws/install/turtlebot3_msgs/include/turtlebot3_msgs/msg/rosidl_typesupport_fastrtps_c__visibility_control.h
[159.398s] -- Up-to-date: /home/user/ros2_ws/install/turtlebot3_msgs/include/turtlebot3_msgs/action
[159.398s] -- Up-to-date: /home/user/ros2_ws/install/turtlebot3_msgs/include/turtlebot3_msgs/action/detail
[159.398s] -- Installing: /home/user/ros2_ws/install/turtlebot3_msgs/include/turtlebot3_msgs/action/detail/patrol__rosidl_typesupport_fastrtps_c.h
[159.398s] -- Installing: /home/user/ros2_ws/install/turtlebot3_msgs/lib/libturtlebot3_msgs__rosidl_typesupport_fastrtps_c.so
[159.398s] -- Set runtime path of "/home/user/ros2_ws/install/turtlebot3_msgs/lib/libturtlebot3_msgs__rosidl_typesupport_fastrtps_c.so" to ""
[159.399s] -- Up-to-date: /home/user/ros2_ws/install/turtlebot3_msgs/include/turtlebot3_msgs
[159.399s] -- Up-to-date: /home/user/ros2_ws/install/turtlebot3_msgs/include/turtlebot3_msgs/srv
[159.399s] -- Up-to-date: /home/user/ros2_ws/install/turtlebot3_msgs/include/turtlebot3_msgs/srv/detail
[159.399s] -- Installing: /home/user/ros2_ws/install/turtlebot3_msgs/include/turtlebot3_msgs/srv/detail/dqn__rosidl_typesupport_fastrtps_cpp.hpp
[159.400s] -- Installing: /home/user/ros2_ws/install/turtlebot3_msgs/include/turtlebot3_msgs/srv/detail/sound__rosidl_typesupport_fastrtps_cpp.hpp
[159.401s] -- Up-to-date: /home/user/ros2_ws/install/turtlebot3_msgs/include/turtlebot3_msgs/srv/detail/dds_fastrtps
[159.402s] -- Up-to-date: /home/user/ros2_ws/install/turtlebot3_msgs/include/turtlebot3_msgs/msg
[159.402s] -- Up-to-date: /home/user/ros2_ws/install/turtlebot3_msgs/include/turtlebot3_msgs/msg/detail
[159.403s] -- Installing: /home/user/ros2_ws/install/turtlebot3_msgs/include/turtlebot3_msgs/msg/detail/sensor_state__rosidl_typesupport_fastrtps_cpp.hpp
[159.404s] -- Installing: /home/user/ros2_ws/install/turtlebot3_msgs/include/turtlebot3_msgs/msg/detail/sound__rosidl_typesupport_fastrtps_cpp.hpp
[159.404s] -- Up-to-date: /home/user/ros2_ws/install/turtlebot3_msgs/include/turtlebot3_msgs/msg/detail/dds_fastrtps
[159.405s] -- Installing: /home/user/ros2_ws/install/turtlebot3_msgs/include/turtlebot3_msgs/msg/detail/version_info__rosidl_typesupport_fastrtps_cpp.hpp
[159.405s] -- Up-to-date: /home/user/ros2_ws/install/turtlebot3_msgs/include/turtlebot3_msgs/msg/rosidl_typesupport_fastrtps_cpp__visibility_control.h
[159.405s] -- Up-to-date: /home/user/ros2_ws/install/turtlebot3_msgs/include/turtlebot3_msgs/action
[159.412s] -- Up-to-date: /home/user/ros2_ws/install/turtlebot3_msgs/include/turtlebot3_msgs/action/detail
[159.412s] -- Up-to-date: /home/user/ros2_ws/install/turtlebot3_msgs/include/turtlebot3_msgs/action/detail/dds_fastrtps
[159.412s] -- Installing: /home/user/ros2_ws/install/turtlebot3_msgs/include/turtlebot3_msgs/action/detail/patrol__rosidl_typesupport_fastrtps_cpp.hpp
[159.413s] -- Installing: /home/user/ros2_ws/install/turtlebot3_msgs/lib/libturtlebot3_msgs__rosidl_typesupport_fastrtps_cpp.so
[159.413s] -- Set runtime path of "/home/user/ros2_ws/install/turtlebot3_msgs/lib/libturtlebot3_msgs__rosidl_typesupport_fastrtps_cpp.so" to ""
[159.413s] -- Up-to-date: /home/user/ros2_ws/install/turtlebot3_msgs/include/turtlebot3_msgs
[159.413s] -- Up-to-date: /home/user/ros2_ws/install/turtlebot3_msgs/include/turtlebot3_msgs/srv
[159.487s] -- Up-to-date: /home/user/ros2_ws/install/turtlebot3_msgs/include/turtlebot3_msgs/srv/detail
[159.488s] -- Installing: /home/user/ros2_ws/install/turtlebot3_msgs/include/turtlebot3_msgs/srv/detail/sound__rosidl_typesupport_introspection_c.h
[159.490s] -- Installing: /home/user/ros2_ws/install/turtlebot3_msgs/include/turtlebot3_msgs/srv/detail/dqn__rosidl_typesupport_introspection_c.h
[159.491s] -- Installing: /home/user/ros2_ws/install/turtlebot3_msgs/include/turtlebot3_msgs/srv/detail/sound__type_support.c
[159.492s] -- Installing: /home/user/ros2_ws/install/turtlebot3_msgs/include/turtlebot3_msgs/srv/detail/dqn__type_support.c
[159.496s] -- Up-to-date: /home/user/ros2_ws/install/turtlebot3_msgs/include/turtlebot3_msgs/msg
[159.498s] -- Up-to-date: /home/user/ros2_ws/install/turtlebot3_msgs/include/turtlebot3_msgs/msg/detail
[159.498s] -- Installing: /home/user/ros2_ws/install/turtlebot3_msgs/include/turtlebot3_msgs/msg/detail/version_info__rosidl_typesupport_introspection_c.h
[159.498s] -- Installing: /home/user/ros2_ws/install/turtlebot3_msgs/include/turtlebot3_msgs/msg/detail/sound__rosidl_typesupport_introspection_c.h
[159.499s] -- Installing: /home/user/ros2_ws/install/turtlebot3_msgs/include/turtlebot3_msgs/msg/detail/sensor_state__rosidl_typesupport_introspection_c.h
[159.503s] -- Installing: /home/user/ros2_ws/install/turtlebot3_msgs/include/turtlebot3_msgs/msg/detail/sound__type_support.c
[159.504s] -- Installing: /home/user/ros2_ws/install/turtlebot3_msgs/include/turtlebot3_msgs/msg/detail/version_info__type_support.c
[159.504s] -- Installing: /home/user/ros2_ws/install/turtlebot3_msgs/include/turtlebot3_msgs/msg/detail/sensor_state__type_support.c
[159.504s] -- Up-to-date: /home/user/ros2_ws/install/turtlebot3_msgs/include/turtlebot3_msgs/msg/rosidl_typesupport_introspection_c__visibility_control.h
[159.506s] -- Up-to-date: /home/user/ros2_ws/install/turtlebot3_msgs/include/turtlebot3_msgs/action
[159.506s] -- Up-to-date: /home/user/ros2_ws/install/turtlebot3_msgs/include/turtlebot3_msgs/action/detail
[159.507s] -- Installing: /home/user/ros2_ws/install/turtlebot3_msgs/include/turtlebot3_msgs/action/detail/patrol__rosidl_typesupport_introspection_c.h
[159.507s] -- Installing: /home/user/ros2_ws/install/turtlebot3_msgs/include/turtlebot3_msgs/action/detail/patrol__type_support.c
[159.507s] -- Installing: /home/user/ros2_ws/install/turtlebot3_msgs/lib/libturtlebot3_msgs__rosidl_typesupport_introspection_c.so
[159.508s] -- Set runtime path of "/home/user/ros2_ws/install/turtlebot3_msgs/lib/libturtlebot3_msgs__rosidl_typesupport_introspection_c.so" to ""
[159.510s] -- Installing: /home/user/ros2_ws/install/turtlebot3_msgs/lib/libturtlebot3_msgs__rosidl_typesupport_c.so
[159.510s] -- Set runtime path of "/home/user/ros2_ws/install/turtlebot3_msgs/lib/libturtlebot3_msgs__rosidl_typesupport_c.so" to ""
[159.510s] -- Up-to-date: /home/user/ros2_ws/install/turtlebot3_msgs/include/turtlebot3_msgs
[159.510s] -- Up-to-date: /home/user/ros2_ws/install/turtlebot3_msgs/include/turtlebot3_msgs/srv
[159.510s] -- Up-to-date: /home/user/ros2_ws/install/turtlebot3_msgs/include/turtlebot3_msgs/srv/detail
[159.511s] -- Installing: /home/user/ros2_ws/install/turtlebot3_msgs/include/turtlebot3_msgs/srv/detail/sound__traits.hpp
[159.511s] -- Installing: /home/user/ros2_ws/install/turtlebot3_msgs/include/turtlebot3_msgs/srv/detail/dqn__traits.hpp
[159.511s] -- Installing: /home/user/ros2_ws/install/turtlebot3_msgs/include/turtlebot3_msgs/srv/detail/dqn__struct.hpp
[159.511s] -- Installing: /home/user/ros2_ws/install/turtlebot3_msgs/include/turtlebot3_msgs/srv/detail/dqn__builder.hpp
[159.511s] -- Installing: /home/user/ros2_ws/install/turtlebot3_msgs/include/turtlebot3_msgs/srv/detail/sound__struct.hpp
[159.512s] -- Installing: /home/user/ros2_ws/install/turtlebot3_msgs/include/turtlebot3_msgs/srv/detail/sound__builder.hpp
[159.512s] -- Installing: /home/user/ros2_ws/install/turtlebot3_msgs/include/turtlebot3_msgs/srv/dqn.hpp
[159.512s] -- Installing: /home/user/ros2_ws/install/turtlebot3_msgs/include/turtlebot3_msgs/srv/sound.hpp
[159.512s] -- Up-to-date: /home/user/ros2_ws/install/turtlebot3_msgs/include/turtlebot3_msgs/msg
[159.512s] -- Up-to-date: /home/user/ros2_ws/install/turtlebot3_msgs/include/turtlebot3_msgs/msg/detail
[159.512s] -- Installing: /home/user/ros2_ws/install/turtlebot3_msgs/include/turtlebot3_msgs/msg/detail/sensor_state__traits.hpp
[159.592s] -- Installing: /home/user/ros2_ws/install/turtlebot3_msgs/include/turtlebot3_msgs/msg/detail/sound__traits.hpp
[159.594s] -- Installing: /home/user/ros2_ws/install/turtlebot3_msgs/include/turtlebot3_msgs/msg/detail/version_info__traits.hpp
[159.594s] -- Installing: /home/user/ros2_ws/install/turtlebot3_msgs/include/turtlebot3_msgs/msg/detail/version_info__builder.hpp
[159.596s] -- Installing: /home/user/ros2_ws/install/turtlebot3_msgs/include/turtlebot3_msgs/msg/detail/sensor_state__struct.hpp
[159.596s] -- Installing: /home/user/ros2_ws/install/turtlebot3_msgs/include/turtlebot3_msgs/msg/detail/sensor_state__builder.hpp
[159.596s] -- Installing: /home/user/ros2_ws/install/turtlebot3_msgs/include/turtlebot3_msgs/msg/detail/sound__struct.hpp
[159.600s] -- Installing: /home/user/ros2_ws/install/turtlebot3_msgs/include/turtlebot3_msgs/msg/detail/sound__builder.hpp
[159.600s] -- Installing: /home/user/ros2_ws/install/turtlebot3_msgs/include/turtlebot3_msgs/msg/detail/version_info__struct.hpp
[159.602s] -- Installing: /home/user/ros2_ws/install/turtlebot3_msgs/include/turtlebot3_msgs/msg/version_info.hpp
[159.602s] -- Installing: /home/user/ros2_ws/install/turtlebot3_msgs/include/turtlebot3_msgs/msg/sensor_state.hpp
[159.603s] -- Installing: /home/user/ros2_ws/install/turtlebot3_msgs/include/turtlebot3_msgs/msg/sound.hpp
[159.605s] -- Up-to-date: /home/user/ros2_ws/install/turtlebot3_msgs/include/turtlebot3_msgs/action
[159.606s] -- Up-to-date: /home/user/ros2_ws/install/turtlebot3_msgs/include/turtlebot3_msgs/action/detail
[159.607s] -- Installing: /home/user/ros2_ws/install/turtlebot3_msgs/include/turtlebot3_msgs/action/detail/patrol__traits.hpp
[159.608s] -- Installing: /home/user/ros2_ws/install/turtlebot3_msgs/include/turtlebot3_msgs/action/detail/patrol__builder.hpp
[159.686s] -- Installing: /home/user/ros2_ws/install/turtlebot3_msgs/include/turtlebot3_msgs/action/detail/patrol__struct.hpp
[159.686s] -- Installing: /home/user/ros2_ws/install/turtlebot3_msgs/include/turtlebot3_msgs/action/patrol.hpp
[159.687s] -- Up-to-date: /home/user/ros2_ws/install/turtlebot3_msgs/include/turtlebot3_msgs
[159.687s] -- Up-to-date: /home/user/ros2_ws/install/turtlebot3_msgs/include/turtlebot3_msgs/srv
[159.687s] -- Up-to-date: /home/user/ros2_ws/install/turtlebot3_msgs/include/turtlebot3_msgs/srv/detail
[159.690s] -- Installing: /home/user/ros2_ws/install/turtlebot3_msgs/include/turtlebot3_msgs/srv/detail/dqn__rosidl_typesupport_introspection_cpp.hpp
[159.690s] -- Installing: /home/user/ros2_ws/install/turtlebot3_msgs/include/turtlebot3_msgs/srv/detail/sound__type_support.cpp
[159.693s] -- Installing: /home/user/ros2_ws/install/turtlebot3_msgs/include/turtlebot3_msgs/srv/detail/sound__rosidl_typesupport_introspection_cpp.hpp
[159.694s] -- Installing: /home/user/ros2_ws/install/turtlebot3_msgs/include/turtlebot3_msgs/srv/detail/dqn__type_support.cpp
[159.695s] -- Up-to-date: /home/user/ros2_ws/install/turtlebot3_msgs/include/turtlebot3_msgs/msg
[159.696s] -- Up-to-date: /home/user/ros2_ws/install/turtlebot3_msgs/include/turtlebot3_msgs/msg/detail
[159.698s] -- Installing: /home/user/ros2_ws/install/turtlebot3_msgs/include/turtlebot3_msgs/msg/detail/sensor_state__rosidl_typesupport_introspection_cpp.hpp
[159.700s] -- Installing: /home/user/ros2_ws/install/turtlebot3_msgs/include/turtlebot3_msgs/msg/detail/version_info__type_support.cpp
[159.700s] -- Installing: /home/user/ros2_ws/install/turtlebot3_msgs/include/turtlebot3_msgs/msg/detail/version_info__rosidl_typesupport_introspection_cpp.hpp
[159.701s] -- Installing: /home/user/ros2_ws/install/turtlebot3_msgs/include/turtlebot3_msgs/msg/detail/sensor_state__type_support.cpp
[159.702s] -- Installing: /home/user/ros2_ws/install/turtlebot3_msgs/include/turtlebot3_msgs/msg/detail/sound__type_support.cpp
[159.704s] -- Installing: /home/user/ros2_ws/install/turtlebot3_msgs/include/turtlebot3_msgs/msg/detail/sound__rosidl_typesupport_introspection_cpp.hpp
[159.705s] -- Up-to-date: /home/user/ros2_ws/install/turtlebot3_msgs/include/turtlebot3_msgs/action
[159.706s] -- Up-to-date: /home/user/ros2_ws/install/turtlebot3_msgs/include/turtlebot3_msgs/action/detail
[159.707s] -- Installing: /home/user/ros2_ws/install/turtlebot3_msgs/include/turtlebot3_msgs/action/detail/patrol__type_support.cpp
[159.709s] -- Installing: /home/user/ros2_ws/install/turtlebot3_msgs/include/turtlebot3_msgs/action/detail/patrol__rosidl_typesupport_introspection_cpp.hpp
[159.709s] -- Installing: /home/user/ros2_ws/install/turtlebot3_msgs/lib/libturtlebot3_msgs__rosidl_typesupport_introspection_cpp.so
[159.710s] -- Set runtime path of "/home/user/ros2_ws/install/turtlebot3_msgs/lib/libturtlebot3_msgs__rosidl_typesupport_introspection_cpp.so" to ""
[159.710s] -- Installing: /home/user/ros2_ws/install/turtlebot3_msgs/lib/libturtlebot3_msgs__rosidl_typesupport_cpp.so
[159.710s] -- Set runtime path of "/home/user/ros2_ws/install/turtlebot3_msgs/lib/libturtlebot3_msgs__rosidl_typesupport_cpp.so" to ""
[159.710s] -- Up-to-date: /home/user/ros2_ws/install/turtlebot3_msgs/share/turtlebot3_msgs/environment/pythonpath.sh
[159.711s] -- Installing: /home/user/ros2_ws/install/turtlebot3_msgs/share/turtlebot3_msgs/environment/pythonpath.dsv
[159.711s] -- Installing: /home/user/ros2_ws/install/turtlebot3_msgs/lib/python3.8/site-packages/turtlebot3_msgs/__init__.py
[159.805s] Compiling '/home/user/ros2_ws/install/turtlebot3_msgs/lib/python3.8/site-packages/turtlebot3_msgs/__init__.py'...
[159.886s] -- Up-to-date: /home/user/ros2_ws/install/turtlebot3_msgs/lib/python3.8/site-packages/turtlebot3_msgs/msg
[159.886s] -- Installing: /home/user/ros2_ws/install/turtlebot3_msgs/lib/python3.8/site-packages/turtlebot3_msgs/msg/_sensor_state.py
[159.887s] -- Installing: /home/user/ros2_ws/install/turtlebot3_msgs/lib/python3.8/site-packages/turtlebot3_msgs/msg/_version_info_s.c
[159.887s] -- Installing: /home/user/ros2_ws/install/turtlebot3_msgs/lib/python3.8/site-packages/turtlebot3_msgs/msg/_sensor_state_s.c
[159.888s] -- Installing: /home/user/ros2_ws/install/turtlebot3_msgs/lib/python3.8/site-packages/turtlebot3_msgs/msg/__init__.py
[159.888s] -- Installing: /home/user/ros2_ws/install/turtlebot3_msgs/lib/python3.8/site-packages/turtlebot3_msgs/msg/_sound.py
[159.889s] -- Installing: /home/user/ros2_ws/install/turtlebot3_msgs/lib/python3.8/site-packages/turtlebot3_msgs/msg/_sound_s.c
[159.889s] -- Installing: /home/user/ros2_ws/install/turtlebot3_msgs/lib/python3.8/site-packages/turtlebot3_msgs/msg/_version_info.py
[159.889s] -- Up-to-date: /home/user/ros2_ws/install/turtlebot3_msgs/lib/python3.8/site-packages/turtlebot3_msgs/srv
[159.889s] -- Installing: /home/user/ros2_ws/install/turtlebot3_msgs/lib/python3.8/site-packages/turtlebot3_msgs/srv/_dqn.py
[159.890s] -- Installing: /home/user/ros2_ws/install/turtlebot3_msgs/lib/python3.8/site-packages/turtlebot3_msgs/srv/__init__.py
[159.890s] -- Installing: /home/user/ros2_ws/install/turtlebot3_msgs/lib/python3.8/site-packages/turtlebot3_msgs/srv/_sound.py
[159.890s] -- Installing: /home/user/ros2_ws/install/turtlebot3_msgs/lib/python3.8/site-packages/turtlebot3_msgs/srv/_sound_s.c
[159.891s] -- Installing: /home/user/ros2_ws/install/turtlebot3_msgs/lib/python3.8/site-packages/turtlebot3_msgs/srv/_dqn_s.c
[159.891s] -- Up-to-date: /home/user/ros2_ws/install/turtlebot3_msgs/lib/python3.8/site-packages/turtlebot3_msgs/action
[159.891s] -- Installing: /home/user/ros2_ws/install/turtlebot3_msgs/lib/python3.8/site-packages/turtlebot3_msgs/action/_patrol_s.c
[159.892s] -- Installing: /home/user/ros2_ws/install/turtlebot3_msgs/lib/python3.8/site-packages/turtlebot3_msgs/action/__init__.py
[159.892s] -- Installing: /home/user/ros2_ws/install/turtlebot3_msgs/lib/python3.8/site-packages/turtlebot3_msgs/action/_patrol.py
[159.893s] -- Installing: /home/user/ros2_ws/install/turtlebot3_msgs/lib/python3.8/site-packages/turtlebot3_msgs/turtlebot3_msgs_s__rosidl_typesupport_fastrtps_c.cpython-38-x86_64-linux-gnu.so
[159.894s] -- Set runtime path of "/home/user/ros2_ws/install/turtlebot3_msgs/lib/python3.8/site-packages/turtlebot3_msgs/turtlebot3_msgs_s__rosidl_typesupport_fastrtps_c.cpython-38-x86_64-linux-gnu.so" to ""
[159.896s] -- Installing: /home/user/ros2_ws/install/turtlebot3_msgs/lib/python3.8/site-packages/turtlebot3_msgs/turtlebot3_msgs_s__rosidl_typesupport_introspection_c.cpython-38-x86_64-linux-gnu.so
[159.899s] -- Set runtime path of "/home/user/ros2_ws/install/turtlebot3_msgs/lib/python3.8/site-packages/turtlebot3_msgs/turtlebot3_msgs_s__rosidl_typesupport_introspection_c.cpython-38-x86_64-linux-gnu.so" to ""
[159.901s] -- Installing: /home/user/ros2_ws/install/turtlebot3_msgs/lib/python3.8/site-packages/turtlebot3_msgs/turtlebot3_msgs_s__rosidl_typesupport_c.cpython-38-x86_64-linux-gnu.so
[159.903s] -- Set runtime path of "/home/user/ros2_ws/install/turtlebot3_msgs/lib/python3.8/site-packages/turtlebot3_msgs/turtlebot3_msgs_s__rosidl_typesupport_c.cpython-38-x86_64-linux-gnu.so" to ""
[159.903s] -- Installing: /home/user/ros2_ws/install/turtlebot3_msgs/lib/libturtlebot3_msgs__python.so
[160.085s] -- Set runtime path of "/home/user/ros2_ws/install/turtlebot3_msgs/lib/libturtlebot3_msgs__python.so" to ""
[160.086s] -- Up-to-date: /home/user/ros2_ws/install/turtlebot3_msgs/share/turtlebot3_msgs/msg/SensorState.idl
[160.086s] -- Up-to-date: /home/user/ros2_ws/install/turtlebot3_msgs/share/turtlebot3_msgs/msg/Sound.idl
[160.086s] -- Up-to-date: /home/user/ros2_ws/install/turtlebot3_msgs/share/turtlebot3_msgs/msg/VersionInfo.idl
[160.086s] -- Up-to-date: /home/user/ros2_ws/install/turtlebot3_msgs/share/turtlebot3_msgs/srv/Sound.idl
[160.087s] -- Up-to-date: /home/user/ros2_ws/install/turtlebot3_msgs/share/turtlebot3_msgs/srv/Dqn.idl
[160.087s] -- Up-to-date: /home/user/ros2_ws/install/turtlebot3_msgs/share/turtlebot3_msgs/action/Patrol.idl
[160.087s] -- Up-to-date: /home/user/ros2_ws/install/turtlebot3_msgs/share/turtlebot3_msgs/msg/SensorState.msg
[160.087s] -- Up-to-date: /home/user/ros2_ws/install/turtlebot3_msgs/share/turtlebot3_msgs/msg/Sound.msg
[160.087s] -- Up-to-date: /home/user/ros2_ws/install/turtlebot3_msgs/share/turtlebot3_msgs/msg/VersionInfo.msg
[160.088s] -- Up-to-date: /home/user/ros2_ws/install/turtlebot3_msgs/share/turtlebot3_msgs/srv/Sound.srv
[160.088s] -- Up-to-date: /home/user/ros2_ws/install/turtlebot3_msgs/share/turtlebot3_msgs/srv/Sound_Request.msg
[160.088s] -- Up-to-date: /home/user/ros2_ws/install/turtlebot3_msgs/share/turtlebot3_msgs/srv/Sound_Response.msg
[160.088s] -- Up-to-date: /home/user/ros2_ws/install/turtlebot3_msgs/share/turtlebot3_msgs/srv/Dqn.srv
[160.088s] -- Up-to-date: /home/user/ros2_ws/install/turtlebot3_msgs/share/turtlebot3_msgs/srv/Dqn_Request.msg
[160.088s] -- Up-to-date: /home/user/ros2_ws/install/turtlebot3_msgs/share/turtlebot3_msgs/srv/Dqn_Response.msg
[160.089s] -- Up-to-date: /home/user/ros2_ws/install/turtlebot3_msgs/share/turtlebot3_msgs/action/Patrol.action
[160.089s] -- Up-to-date: /home/user/ros2_ws/install/turtlebot3_msgs/share/ament_index/resource_index/package_run_dependencies/turtlebot3_msgs
[160.094s] -- Installing: /home/user/ros2_ws/install/turtlebot3_msgs/share/ament_index/resource_index/parent_prefix_path/turtlebot3_msgs
[160.095s] -- Installing: /home/user/ros2_ws/install/turtlebot3_msgs/share/turtlebot3_msgs/environment/ament_prefix_path.sh
[160.095s] -- Installing: /home/user/ros2_ws/install/turtlebot3_msgs/share/turtlebot3_msgs/environment/ament_prefix_path.dsv
[160.096s] -- Installing: /home/user/ros2_ws/install/turtlebot3_msgs/share/turtlebot3_msgs/environment/path.sh
[160.096s] -- Installing: /home/user/ros2_ws/install/turtlebot3_msgs/share/turtlebot3_msgs/environment/path.dsv
[160.097s] -- Installing: /home/user/ros2_ws/install/turtlebot3_msgs/share/turtlebot3_msgs/local_setup.bash
[160.097s] -- Installing: /home/user/ros2_ws/install/turtlebot3_msgs/share/turtlebot3_msgs/local_setup.sh
[160.097s] -- Installing: /home/user/ros2_ws/install/turtlebot3_msgs/share/turtlebot3_msgs/local_setup.zsh
[160.098s] -- Installing: /home/user/ros2_ws/install/turtlebot3_msgs/share/turtlebot3_msgs/local_setup.dsv
[160.098s] -- Installing: /home/user/ros2_ws/install/turtlebot3_msgs/share/turtlebot3_msgs/package.dsv
[160.098s] -- Up-to-date: /home/user/ros2_ws/install/turtlebot3_msgs/share/ament_index/resource_index/packages/turtlebot3_msgs
[160.106s] -- Up-to-date: /home/user/ros2_ws/install/turtlebot3_msgs/share/turtlebot3_msgs/cmake/turtlebot3_msgs__rosidl_generator_cExport.cmake
[160.107s] -- Installing: /home/user/ros2_ws/install/turtlebot3_msgs/share/turtlebot3_msgs/cmake/turtlebot3_msgs__rosidl_generator_cExport-noconfig.cmake
[160.108s] -- Up-to-date: /home/user/ros2_ws/install/turtlebot3_msgs/share/turtlebot3_msgs/cmake/turtlebot3_msgs__rosidl_typesupport_introspection_cExport.cmake
[160.108s] -- Installing: /home/user/ros2_ws/install/turtlebot3_msgs/share/turtlebot3_msgs/cmake/turtlebot3_msgs__rosidl_typesupport_introspection_cExport-noconfig.cmake
[160.109s] -- Up-to-date: /home/user/ros2_ws/install/turtlebot3_msgs/share/turtlebot3_msgs/cmake/turtlebot3_msgs__rosidl_typesupport_cExport.cmake
[160.109s] -- Installing: /home/user/ros2_ws/install/turtlebot3_msgs/share/turtlebot3_msgs/cmake/turtlebot3_msgs__rosidl_typesupport_cExport-noconfig.cmake
[160.109s] -- Up-to-date: /home/user/ros2_ws/install/turtlebot3_msgs/share/turtlebot3_msgs/cmake/turtlebot3_msgs__rosidl_generator_cppExport.cmake
[160.188s] -- Up-to-date: /home/user/ros2_ws/install/turtlebot3_msgs/share/turtlebot3_msgs/cmake/turtlebot3_msgs__rosidl_typesupport_introspection_cppExport.cmake
[160.188s] -- Installing: /home/user/ros2_ws/install/turtlebot3_msgs/share/turtlebot3_msgs/cmake/turtlebot3_msgs__rosidl_typesupport_introspection_cppExport-noconfig.cmake
[160.188s] -- Up-to-date: /home/user/ros2_ws/install/turtlebot3_msgs/share/turtlebot3_msgs/cmake/turtlebot3_msgs__rosidl_typesupport_cppExport.cmake
[160.188s] -- Installing: /home/user/ros2_ws/install/turtlebot3_msgs/share/turtlebot3_msgs/cmake/turtlebot3_msgs__rosidl_typesupport_cppExport-noconfig.cmake
[160.188s] -- Up-to-date: /home/user/ros2_ws/install/turtlebot3_msgs/share/turtlebot3_msgs/cmake/rosidl_cmake-extras.cmake
[160.189s] -- Installing: /home/user/ros2_ws/install/turtlebot3_msgs/share/turtlebot3_msgs/cmake/ament_cmake_export_dependencies-extras.cmake
[160.189s] -- Up-to-date: /home/user/ros2_ws/install/turtlebot3_msgs/share/turtlebot3_msgs/cmake/ament_cmake_export_libraries-extras.cmake
[160.189s] -- Up-to-date: /home/user/ros2_ws/install/turtlebot3_msgs/share/turtlebot3_msgs/cmake/ament_cmake_export_targets-extras.cmake
[160.198s] -- Up-to-date: /home/user/ros2_ws/install/turtlebot3_msgs/share/turtlebot3_msgs/cmake/ament_cmake_export_include_directories-extras.cmake
[160.201s] -- Up-to-date: /home/user/ros2_ws/install/turtlebot3_msgs/share/turtlebot3_msgs/cmake/rosidl_cmake_export_typesupport_libraries-extras.cmake
[160.201s] -- Up-to-date: /home/user/ros2_ws/install/turtlebot3_msgs/share/turtlebot3_msgs/cmake/rosidl_cmake_export_typesupport_targets-extras.cmake
[160.201s] -- Up-to-date: /home/user/ros2_ws/install/turtlebot3_msgs/share/turtlebot3_msgs/cmake/turtlebot3_msgsConfig.cmake
[160.201s] -- Up-to-date: /home/user/ros2_ws/install/turtlebot3_msgs/share/turtlebot3_msgs/cmake/turtlebot3_msgsConfig-version.cmake
[160.202s] -- Up-to-date: /home/user/ros2_ws/install/turtlebot3_msgs/share/turtlebot3_msgs/package.xml
[160.202s] Invoked command in '/home/user/ros2_ws/build/turtlebot3_msgs' returned '0': CMAKE_PREFIX_PATH=${CMAKE_PREFIX_PATH}:/home/user/ros2_ws/install/turtlebot3_teleop:/home/user/ros2_ws/install/turtlebot3_example:/opt/ros/foxy _=/usr/bin/env /usr/bin/cmake --install /home/user/ros2_ws/build/turtlebot3_msgs
