[0.792s] Invoking command in '/home/user/ros2_ws/build/turtlebot3_description': CMAKE_PREFIX_PATH=${CMAKE_PREFIX_PATH}:/home/user/ros2_ws/install/turtlebot3_teleop:/home/user/ros2_ws/install/turtlebot3_example:/home/user/ros2_ws/install/project_path_planning:/home/user/ros2_ws/install/project_mapping:/home/user/ros2_ws/install/project_localization:/home/user/ros2_ws/install/my_package:/home/user/ros2_ws/install/map_server:/opt/ros/foxy _=/usr/bin/env /usr/bin/cmake --build /home/user/ros2_ws/build/turtlebot3_description -- -j8 -l8
[15.512s] Invoked command in '/home/user/ros2_ws/build/turtlebot3_description' returned '0': CMAKE_PREFIX_PATH=${CMAKE_PREFIX_PATH}:/home/user/ros2_ws/install/turtlebot3_teleop:/home/user/ros2_ws/install/turtlebot3_example:/home/user/ros2_ws/install/project_path_planning:/home/user/ros2_ws/install/project_mapping:/home/user/ros2_ws/install/project_localization:/home/user/ros2_ws/install/my_package:/home/user/ros2_ws/install/map_server:/opt/ros/foxy _=/usr/bin/env /usr/bin/cmake --build /home/user/ros2_ws/build/turtlebot3_description -- -j8 -l8
[16.409s] Invoking command in '/home/user/ros2_ws/build/turtlebot3_description': CMAKE_PREFIX_PATH=${CMAKE_PREFIX_PATH}:/home/user/ros2_ws/install/turtlebot3_teleop:/home/user/ros2_ws/install/turtlebot3_example:/home/user/ros2_ws/install/project_path_planning:/home/user/ros2_ws/install/project_mapping:/home/user/ros2_ws/install/project_localization:/home/user/ros2_ws/install/my_package:/home/user/ros2_ws/install/map_server:/opt/ros/foxy _=/usr/bin/env /usr/bin/cmake --install /home/user/ros2_ws/build/turtlebot3_description
[16.902s] -- Install configuration: ""
[16.903s] -- Up-to-date: /home/user/ros2_ws/install/turtlebot3_description/share/turtlebot3_description/meshes
[16.904s] -- Up-to-date: /home/user/ros2_ws/install/turtlebot3_description/share/turtlebot3_description/meshes/sensors
[16.904s] -- Up-to-date: /home/user/ros2_ws/install/turtlebot3_description/share/turtlebot3_description/meshes/sensors/r200.jpg
[16.905s] -- Up-to-date: /home/user/ros2_ws/install/turtlebot3_description/share/turtlebot3_description/meshes/sensors/r200.dae
[16.907s] -- Up-to-date: /home/user/ros2_ws/install/turtlebot3_description/share/turtlebot3_description/meshes/sensors/astra.jpg
[16.907s] -- Up-to-date: /home/user/ros2_ws/install/turtlebot3_description/share/turtlebot3_description/meshes/sensors/astra.dae
[16.909s] -- Up-to-date: /home/user/ros2_ws/install/turtlebot3_description/share/turtlebot3_description/meshes/sensors/lds.stl
[16.909s] -- Up-to-date: /home/user/ros2_ws/install/turtlebot3_description/share/turtlebot3_description/meshes/wheels
[16.910s] -- Up-to-date: /home/user/ros2_ws/install/turtlebot3_description/share/turtlebot3_description/meshes/wheels/right_tire.stl
[16.910s] -- Up-to-date: /home/user/ros2_ws/install/turtlebot3_description/share/turtlebot3_description/meshes/wheels/left_tire.stl
[16.910s] -- Up-to-date: /home/user/ros2_ws/install/turtlebot3_description/share/turtlebot3_description/meshes/bases
[16.911s] -- Up-to-date: /home/user/ros2_ws/install/turtlebot3_description/share/turtlebot3_description/meshes/bases/waffle_base.stl
[16.911s] -- Up-to-date: /home/user/ros2_ws/install/turtlebot3_description/share/turtlebot3_description/meshes/bases/burger_base.stl
[16.911s] -- Up-to-date: /home/user/ros2_ws/install/turtlebot3_description/share/turtlebot3_description/meshes/bases/waffle_pi_base.stl
[16.912s] -- Up-to-date: /home/user/ros2_ws/install/turtlebot3_description/share/turtlebot3_description/rviz
[16.912s] -- Up-to-date: /home/user/ros2_ws/install/turtlebot3_description/share/turtlebot3_description/rviz/model.rviz
[16.912s] -- Up-to-date: /home/user/ros2_ws/install/turtlebot3_description/share/turtlebot3_description/urdf
[16.913s] -- Up-to-date: /home/user/ros2_ws/install/turtlebot3_description/share/turtlebot3_description/urdf/turtlebot3_waffle.urdf
[16.913s] -- Up-to-date: /home/user/ros2_ws/install/turtlebot3_description/share/turtlebot3_description/urdf/turtlebot3_waffle_pi.urdf
[16.913s] -- Up-to-date: /home/user/ros2_ws/install/turtlebot3_description/share/turtlebot3_description/urdf/common_properties.urdf
[16.913s] -- Up-to-date: /home/user/ros2_ws/install/turtlebot3_description/share/turtlebot3_description/urdf/turtlebot3_burger.urdf
[16.914s] -- Up-to-date: /home/user/ros2_ws/install/turtlebot3_description/share/ament_index/resource_index/package_run_dependencies/turtlebot3_description
[16.914s] -- Up-to-date: /home/user/ros2_ws/install/turtlebot3_description/share/ament_index/resource_index/parent_prefix_path/turtlebot3_description
[16.979s] -- Up-to-date: /home/user/ros2_ws/install/turtlebot3_description/share/turtlebot3_description/environment/ament_prefix_path.sh
[16.980s] -- Up-to-date: /home/user/ros2_ws/install/turtlebot3_description/share/turtlebot3_description/environment/ament_prefix_path.dsv
[16.980s] -- Up-to-date: /home/user/ros2_ws/install/turtlebot3_description/share/turtlebot3_description/environment/path.sh
[16.980s] -- Up-to-date: /home/user/ros2_ws/install/turtlebot3_description/share/turtlebot3_description/environment/path.dsv
[16.980s] -- Up-to-date: /home/user/ros2_ws/install/turtlebot3_description/share/turtlebot3_description/local_setup.bash
[16.981s] -- Up-to-date: /home/user/ros2_ws/install/turtlebot3_description/share/turtlebot3_description/local_setup.sh
[16.981s] -- Up-to-date: /home/user/ros2_ws/install/turtlebot3_description/share/turtlebot3_description/local_setup.zsh
[16.981s] -- Up-to-date: /home/user/ros2_ws/install/turtlebot3_description/share/turtlebot3_description/local_setup.dsv
[16.981s] -- Installing: /home/user/ros2_ws/install/turtlebot3_description/share/turtlebot3_description/package.dsv
[16.982s] -- Up-to-date: /home/user/ros2_ws/install/turtlebot3_description/share/ament_index/resource_index/packages/turtlebot3_description
[16.982s] -- Up-to-date: /home/user/ros2_ws/install/turtlebot3_description/share/turtlebot3_description/cmake/turtlebot3_descriptionConfig.cmake
[16.983s] -- Up-to-date: /home/user/ros2_ws/install/turtlebot3_description/share/turtlebot3_description/cmake/turtlebot3_descriptionConfig-version.cmake
[16.983s] -- Up-to-date: /home/user/ros2_ws/install/turtlebot3_description/share/turtlebot3_description/package.xml
[16.996s] Invoked command in '/home/user/ros2_ws/build/turtlebot3_description' returned '0': CMAKE_PREFIX_PATH=${CMAKE_PREFIX_PATH}:/home/user/ros2_ws/install/turtlebot3_teleop:/home/user/ros2_ws/install/turtlebot3_example:/home/user/ros2_ws/install/project_path_planning:/home/user/ros2_ws/install/project_mapping:/home/user/ros2_ws/install/project_localization:/home/user/ros2_ws/install/my_package:/home/user/ros2_ws/install/map_server:/opt/ros/foxy _=/usr/bin/env /usr/bin/cmake --install /home/user/ros2_ws/build/turtlebot3_description
