running egg_info
creating ../../build/project_mapping/project_mapping.egg-info
writing ../../build/project_mapping/project_mapping.egg-info/PKG-INFO
writing dependency_links to ../../build/project_mapping/project_mapping.egg-info/dependency_links.txt
writing entry points to ../../build/project_mapping/project_mapping.egg-info/entry_points.txt
writing requirements to ../../build/project_mapping/project_mapping.egg-info/requires.txt
writing top-level names to ../../build/project_mapping/project_mapping.egg-info/top_level.txt
writing manifest file '../../build/project_mapping/project_mapping.egg-info/SOURCES.txt'
reading manifest file '../../build/project_mapping/project_mapping.egg-info/SOURCES.txt'
writing manifest file '../../build/project_mapping/project_mapping.egg-info/SOURCES.txt'
running build
running build_py
creating /home/user/ros2_ws/build/project_mapping/build
creating /home/user/ros2_ws/build/project_mapping/build/lib
creating /home/user/ros2_ws/build/project_mapping/build/lib/project_mapping
copying project_mapping/__init__.py -> /home/user/ros2_ws/build/project_mapping/build/lib/project_mapping
running install
running install_lib
creating /home/user/ros2_ws/install/project_mapping/lib/python3.8/site-packages/project_mapping
copying /home/user/ros2_ws/build/project_mapping/build/lib/project_mapping/__init__.py -> /home/user/ros2_ws/install/project_mapping/lib/python3.8/site-packages/project_mapping
byte-compiling /home/user/ros2_ws/install/project_mapping/lib/python3.8/site-packages/project_mapping/__init__.py to __init__.cpython-38.pyc
running install_data
creating /home/user/ros2_ws/install/project_mapping/share/project_mapping/launch
copying launch/cartographer.launch.py -> /home/user/ros2_ws/install/project_mapping/share/project_mapping/launch
creating /home/user/ros2_ws/install/project_mapping/share/project_mapping/config
copying config/cartographer.lua -> /home/user/ros2_ws/install/project_mapping/share/project_mapping/config
running install_egg_info
Copying ../../build/project_mapping/project_mapping.egg-info to /home/user/ros2_ws/install/project_mapping/lib/python3.8/site-packages/project_mapping-0.0.0-py3.8.egg-info
running install_scripts
Installing cartographer_node script to /home/user/ros2_ws/install/project_mapping/lib/project_mapping
Installing occupancy_grid_node script to /home/user/ros2_ws/install/project_mapping/lib/project_mapping
writing list of installed files to '/home/user/ros2_ws/build/project_mapping/install.log'
