[3.423s] Invoking command in '/home/user/ros2_ws/src/project_mapping': PYTHONPATH=/home/user/ros2_ws/install/project_mapping/lib/python3.8/site-packages:${PYTHONPATH} _=/usr/bin/env /usr/bin/python3 setup.py egg_info --egg-base ../../build/project_mapping build --build-base /home/user/ros2_ws/build/project_mapping/build install --prefix /home/user/ros2_ws/install/project_mapping --record /home/user/ros2_ws/build/project_mapping/install.log --single-version-externally-managed
[5.820s] running egg_info
[5.821s] creating ../../build/project_mapping/project_mapping.egg-info
[5.821s] writing ../../build/project_mapping/project_mapping.egg-info/PKG-INFO
[5.822s] writing dependency_links to ../../build/project_mapping/project_mapping.egg-info/dependency_links.txt
[5.822s] writing entry points to ../../build/project_mapping/project_mapping.egg-info/entry_points.txt
[5.822s] writing requirements to ../../build/project_mapping/project_mapping.egg-info/requires.txt
[5.823s] writing top-level names to ../../build/project_mapping/project_mapping.egg-info/top_level.txt
[5.837s] writing manifest file '../../build/project_mapping/project_mapping.egg-info/SOURCES.txt'
[6.098s] reading manifest file '../../build/project_mapping/project_mapping.egg-info/SOURCES.txt'
[6.099s] writing manifest file '../../build/project_mapping/project_mapping.egg-info/SOURCES.txt'
[6.100s] running build
[6.100s] running build_py
[6.101s] creating /home/user/ros2_ws/build/project_mapping/build
[6.101s] creating /home/user/ros2_ws/build/project_mapping/build/lib
[6.103s] creating /home/user/ros2_ws/build/project_mapping/build/lib/project_mapping
[6.103s] copying project_mapping/__init__.py -> /home/user/ros2_ws/build/project_mapping/build/lib/project_mapping
[6.103s] running install
[6.104s] running install_lib
[6.197s] creating /home/user/ros2_ws/install/project_mapping/lib/python3.8/site-packages/project_mapping
[6.197s] copying /home/user/ros2_ws/build/project_mapping/build/lib/project_mapping/__init__.py -> /home/user/ros2_ws/install/project_mapping/lib/python3.8/site-packages/project_mapping
[6.199s] byte-compiling /home/user/ros2_ws/install/project_mapping/lib/python3.8/site-packages/project_mapping/__init__.py to __init__.cpython-38.pyc
[6.199s] running install_data
[6.202s] creating /home/user/ros2_ws/install/project_mapping/share/project_mapping/launch
[6.203s] copying launch/cartographer.launch.py -> /home/user/ros2_ws/install/project_mapping/share/project_mapping/launch
[6.204s] creating /home/user/ros2_ws/install/project_mapping/share/project_mapping/config
[6.204s] copying config/cartographer.lua -> /home/user/ros2_ws/install/project_mapping/share/project_mapping/config
[6.204s] running install_egg_info
[6.294s] Copying ../../build/project_mapping/project_mapping.egg-info to /home/user/ros2_ws/install/project_mapping/lib/python3.8/site-packages/project_mapping-0.0.0-py3.8.egg-info
[6.297s] running install_scripts
[6.621s] Installing cartographer_node script to /home/user/ros2_ws/install/project_mapping/lib/project_mapping
[6.623s] Installing occupancy_grid_node script to /home/user/ros2_ws/install/project_mapping/lib/project_mapping
[6.623s] writing list of installed files to '/home/user/ros2_ws/build/project_mapping/install.log'
[6.898s] Invoked command in '/home/user/ros2_ws/src/project_mapping' returned '0': PYTHONPATH=/home/user/ros2_ws/install/project_mapping/lib/python3.8/site-packages:${PYTHONPATH} _=/usr/bin/env /usr/bin/python3 setup.py egg_info --egg-base ../../build/project_mapping build --build-base /home/user/ros2_ws/build/project_mapping/build install --prefix /home/user/ros2_ws/install/project_mapping --record /home/user/ros2_ws/build/project_mapping/install.log --single-version-externally-managed
