[18.119s] Invoking command in '/home/user/ros2_ws/src/project_path_planning': PYTHONPATH=/home/user/ros2_ws/install/project_path_planning/lib/python3.8/site-packages:${PYTHONPATH} _=/usr/bin/env /usr/bin/python3 setup.py egg_info --egg-base ../../build/project_path_planning build --build-base /home/user/ros2_ws/build/project_path_planning/build install --prefix /home/user/ros2_ws/install/project_path_planning --record /home/user/ros2_ws/build/project_path_planning/install.log --single-version-externally-managed
[24.117s] running egg_info
[24.129s] writing ../../build/project_path_planning/project_path_planning.egg-info/PKG-INFO
[24.129s] writing dependency_links to ../../build/project_path_planning/project_path_planning.egg-info/dependency_links.txt
[24.130s] writing entry points to ../../build/project_path_planning/project_path_planning.egg-info/entry_points.txt
[24.131s] writing requirements to ../../build/project_path_planning/project_path_planning.egg-info/requires.txt
[24.131s] writing top-level names to ../../build/project_path_planning/project_path_planning.egg-info/top_level.txt
[24.466s] reading manifest file '../../build/project_path_planning/project_path_planning.egg-info/SOURCES.txt'
[24.486s] writing manifest file '../../build/project_path_planning/project_path_planning.egg-info/SOURCES.txt'
[24.494s] running build
[24.497s] running build_py
[24.497s] running install
[24.497s] running install_lib
[24.518s] running install_data
[24.529s] copying config/controller.yaml -> /home/user/ros2_ws/install/project_path_planning/share/project_path_planning/config
[24.530s] running install_egg_info
[24.532s] removing '/home/user/ros2_ws/install/project_path_planning/lib/python3.8/site-packages/project_path_planning-0.0.0-py3.8.egg-info' (and everything under it)
[24.532s] Copying ../../build/project_path_planning/project_path_planning.egg-info to /home/user/ros2_ws/install/project_path_planning/lib/python3.8/site-packages/project_path_planning-0.0.0-py3.8.egg-info
[24.535s] running install_scripts
[24.768s] writing list of installed files to '/home/user/ros2_ws/build/project_path_planning/install.log'
[24.982s] Invoked command in '/home/user/ros2_ws/src/project_path_planning' returned '0': PYTHONPATH=/home/user/ros2_ws/install/project_path_planning/lib/python3.8/site-packages:${PYTHONPATH} _=/usr/bin/env /usr/bin/python3 setup.py egg_info --egg-base ../../build/project_path_planning build --build-base /home/user/ros2_ws/build/project_path_planning/build install --prefix /home/user/ros2_ws/install/project_path_planning --record /home/user/ros2_ws/build/project_path_planning/install.log --single-version-externally-managed
