[0.766s] Invoking command in '/home/user/ros2_ws/src/turtlebot3/turtlebot3_teleop': PYTHONPATH=/home/user/ros2_ws/install/turtlebot3_teleop/lib/python3.8/site-packages:${PYTHONPATH} _=/usr/bin/env /usr/bin/python3 setup.py egg_info --egg-base ../../../build/turtlebot3_teleop build --build-base /home/user/ros2_ws/build/turtlebot3_teleop/build install --prefix /home/user/ros2_ws/install/turtlebot3_teleop --record /home/user/ros2_ws/build/turtlebot3_teleop/install.log --single-version-externally-managed
[1.426s] running egg_info
[1.427s] creating ../../../build/turtlebot3_teleop/turtlebot3_teleop.egg-info
[1.427s] writing ../../../build/turtlebot3_teleop/turtlebot3_teleop.egg-info/PKG-INFO
[1.428s] writing dependency_links to ../../../build/turtlebot3_teleop/turtlebot3_teleop.egg-info/dependency_links.txt
[1.429s] writing entry points to ../../../build/turtlebot3_teleop/turtlebot3_teleop.egg-info/entry_points.txt
[1.429s] writing requirements to ../../../build/turtlebot3_teleop/turtlebot3_teleop.egg-info/requires.txt
[1.429s] writing top-level names to ../../../build/turtlebot3_teleop/turtlebot3_teleop.egg-info/top_level.txt
[1.434s] writing manifest file '../../../build/turtlebot3_teleop/turtlebot3_teleop.egg-info/SOURCES.txt'
[1.514s] reading manifest file '../../../build/turtlebot3_teleop/turtlebot3_teleop.egg-info/SOURCES.txt'
[1.515s] writing manifest file '../../../build/turtlebot3_teleop/turtlebot3_teleop.egg-info/SOURCES.txt'
[1.515s] running build
[1.516s] running build_py
[1.516s] creating /home/user/ros2_ws/build/turtlebot3_teleop/build
[1.516s] creating /home/user/ros2_ws/build/turtlebot3_teleop/build/lib
[1.517s] creating /home/user/ros2_ws/build/turtlebot3_teleop/build/lib/turtlebot3_teleop
[1.517s] copying turtlebot3_teleop/__init__.py -> /home/user/ros2_ws/build/turtlebot3_teleop/build/lib/turtlebot3_teleop
[1.517s] creating /home/user/ros2_ws/build/turtlebot3_teleop/build/lib/turtlebot3_teleop/script
[1.517s] copying turtlebot3_teleop/script/teleop_keyboard.py -> /home/user/ros2_ws/build/turtlebot3_teleop/build/lib/turtlebot3_teleop/script
[1.517s] copying turtlebot3_teleop/script/__init__.py -> /home/user/ros2_ws/build/turtlebot3_teleop/build/lib/turtlebot3_teleop/script
[1.518s] running install
[1.518s] running install_lib
[1.524s] creating /home/user/ros2_ws/install/turtlebot3_teleop/lib/python3.8/site-packages/turtlebot3_teleop
[1.524s] creating /home/user/ros2_ws/install/turtlebot3_teleop/lib/python3.8/site-packages/turtlebot3_teleop/script
[1.524s] copying /home/user/ros2_ws/build/turtlebot3_teleop/build/lib/turtlebot3_teleop/script/teleop_keyboard.py -> /home/user/ros2_ws/install/turtlebot3_teleop/lib/python3.8/site-packages/turtlebot3_teleop/script
[1.525s] copying /home/user/ros2_ws/build/turtlebot3_teleop/build/lib/turtlebot3_teleop/script/__init__.py -> /home/user/ros2_ws/install/turtlebot3_teleop/lib/python3.8/site-packages/turtlebot3_teleop/script
[1.525s] copying /home/user/ros2_ws/build/turtlebot3_teleop/build/lib/turtlebot3_teleop/__init__.py -> /home/user/ros2_ws/install/turtlebot3_teleop/lib/python3.8/site-packages/turtlebot3_teleop
[1.526s] byte-compiling /home/user/ros2_ws/install/turtlebot3_teleop/lib/python3.8/site-packages/turtlebot3_teleop/script/teleop_keyboard.py to teleop_keyboard.cpython-38.pyc
[1.527s] byte-compiling /home/user/ros2_ws/install/turtlebot3_teleop/lib/python3.8/site-packages/turtlebot3_teleop/script/__init__.py to __init__.cpython-38.pyc
[1.528s] byte-compiling /home/user/ros2_ws/install/turtlebot3_teleop/lib/python3.8/site-packages/turtlebot3_teleop/__init__.py to __init__.cpython-38.pyc
[1.528s] running install_data
[1.531s] creating /home/user/ros2_ws/install/turtlebot3_teleop/share/ament_index
[1.531s] creating /home/user/ros2_ws/install/turtlebot3_teleop/share/ament_index/resource_index
[1.531s] creating /home/user/ros2_ws/install/turtlebot3_teleop/share/ament_index/resource_index/packages
[1.531s] copying resource/turtlebot3_teleop -> /home/user/ros2_ws/install/turtlebot3_teleop/share/ament_index/resource_index/packages
[1.531s] copying package.xml -> /home/user/ros2_ws/install/turtlebot3_teleop/share/turtlebot3_teleop
[1.532s] running install_egg_info
[1.537s] Copying ../../../build/turtlebot3_teleop/turtlebot3_teleop.egg-info to /home/user/ros2_ws/install/turtlebot3_teleop/lib/python3.8/site-packages/turtlebot3_teleop-2.1.1-py3.8.egg-info
[1.539s] running install_scripts
[1.588s] Installing teleop_keyboard script to /home/user/ros2_ws/install/turtlebot3_teleop/lib/turtlebot3_teleop
[1.589s] writing list of installed files to '/home/user/ros2_ws/build/turtlebot3_teleop/install.log'
