[2.607s] Invoking command in '/home/user/ros2_ws/src/project_path_planning': PYTHONPATH=/home/user/ros2_ws/install/project_path_planning/lib/python3.8/site-packages:${PYTHONPATH} _=/usr/bin/env /usr/bin/python3 setup.py egg_info --egg-base ../../build/project_path_planning build --build-base /home/user/ros2_ws/build/project_path_planning/build install --prefix /home/user/ros2_ws/install/project_path_planning --record /home/user/ros2_ws/build/project_path_planning/install.log --single-version-externally-managed
[5.710s] running egg_info
[5.712s] writing ../../build/project_path_planning/project_path_planning.egg-info/PKG-INFO
[5.712s] writing dependency_links to ../../build/project_path_planning/project_path_planning.egg-info/dependency_links.txt
[5.712s] writing entry points to ../../build/project_path_planning/project_path_planning.egg-info/entry_points.txt
[5.712s] writing requirements to ../../build/project_path_planning/project_path_planning.egg-info/requires.txt
[5.713s] writing top-level names to ../../build/project_path_planning/project_path_planning.egg-info/top_level.txt
[6.081s] reading manifest file '../../build/project_path_planning/project_path_planning.egg-info/SOURCES.txt'
[6.105s] writing manifest file '../../build/project_path_planning/project_path_planning.egg-info/SOURCES.txt'
[6.108s] running build
[6.108s] running build_py
[6.112s] running install
[6.122s] running install_lib
[6.178s] running install_data
[6.193s] copying config/bt_navigator.yaml -> /home/user/ros2_ws/install/project_path_planning/share/project_path_planning/config
[6.193s] copying config/behavior.xml -> /home/user/ros2_ws/install/project_path_planning/share/project_path_planning/config
[6.193s] running install_egg_info
[6.209s] removing '/home/user/ros2_ws/install/project_path_planning/lib/python3.8/site-packages/project_path_planning-0.0.0-py3.8.egg-info' (and everything under it)
[6.212s] Copying ../../build/project_path_planning/project_path_planning.egg-info to /home/user/ros2_ws/install/project_path_planning/lib/python3.8/site-packages/project_path_planning-0.0.0-py3.8.egg-info
[6.214s] running install_scripts
[6.351s] Installing nav_to_pose_action_client script to /home/user/ros2_ws/install/project_path_planning/lib/project_path_planning
[6.352s] writing list of installed files to '/home/user/ros2_ws/build/project_path_planning/install.log'
[6.781s] Invoked command in '/home/user/ros2_ws/src/project_path_planning' returned '0': PYTHONPATH=/home/user/ros2_ws/install/project_path_planning/lib/python3.8/site-packages:${PYTHONPATH} _=/usr/bin/env /usr/bin/python3 setup.py egg_info --egg-base ../../build/project_path_planning build --build-base /home/user/ros2_ws/build/project_path_planning/build install --prefix /home/user/ros2_ws/install/project_path_planning --record /home/user/ros2_ws/build/project_path_planning/install.log --single-version-externally-managed
