[16.096s] Invoking command in '/home/user/ros2_ws/src/project_mapping': PYTHONPATH=/home/user/ros2_ws/install/project_mapping/lib/python3.8/site-packages:${PYTHONPATH} _=/usr/bin/env /usr/bin/python3 setup.py egg_info --egg-base ../../build/project_mapping build --build-base /home/user/ros2_ws/build/project_mapping/build install --prefix /home/user/ros2_ws/install/project_mapping --record /home/user/ros2_ws/build/project_mapping/install.log --single-version-externally-managed
[19.570s] running egg_info
[19.577s] writing ../../build/project_mapping/project_mapping.egg-info/PKG-INFO
[19.579s] writing dependency_links to ../../build/project_mapping/project_mapping.egg-info/dependency_links.txt
[19.579s] writing entry points to ../../build/project_mapping/project_mapping.egg-info/entry_points.txt
[19.579s] writing requirements to ../../build/project_mapping/project_mapping.egg-info/requires.txt
[19.579s] writing top-level names to ../../build/project_mapping/project_mapping.egg-info/top_level.txt
[20.588s] reading manifest file '../../build/project_mapping/project_mapping.egg-info/SOURCES.txt'
[20.594s] writing manifest file '../../build/project_mapping/project_mapping.egg-info/SOURCES.txt'
[20.594s] running build
[20.673s] running build_py
[20.673s] running install
[20.673s] running install_lib
[20.673s] running install_data
[20.687s] running install_egg_info
[20.696s] removing '/home/user/ros2_ws/install/project_mapping/lib/python3.8/site-packages/project_mapping-0.0.0-py3.8.egg-info' (and everything under it)
[20.697s] Copying ../../build/project_mapping/project_mapping.egg-info to /home/user/ros2_ws/install/project_mapping/lib/python3.8/site-packages/project_mapping-0.0.0-py3.8.egg-info
[20.785s] running install_scripts
[21.290s] Installing cartographer_node script to /home/user/ros2_ws/install/project_mapping/lib/project_mapping
[21.292s] Installing occupancy_grid_node script to /home/user/ros2_ws/install/project_mapping/lib/project_mapping
[21.295s] writing list of installed files to '/home/user/ros2_ws/build/project_mapping/install.log'
[21.475s] Invoked command in '/home/user/ros2_ws/src/project_mapping' returned '0': PYTHONPATH=/home/user/ros2_ws/install/project_mapping/lib/python3.8/site-packages:${PYTHONPATH} _=/usr/bin/env /usr/bin/python3 setup.py egg_info --egg-base ../../build/project_mapping build --build-base /home/user/ros2_ws/build/project_mapping/build install --prefix /home/user/ros2_ws/install/project_mapping --record /home/user/ros2_ws/build/project_mapping/install.log --single-version-externally-managed
