[12.974s] Invoking command in '/home/user/ros2_ws/src/project_localization': PYTHONPATH=/home/user/ros2_ws/install/project_localization/lib/python3.8/site-packages:${PYTHONPATH} _=/usr/bin/env /usr/bin/python3 setup.py egg_info --egg-base ../../build/project_localization build --build-base /home/user/ros2_ws/build/project_localization/build install --prefix /home/user/ros2_ws/install/project_localization --record /home/user/ros2_ws/build/project_localization/install.log --single-version-externally-managed
[19.013s] running egg_info
[19.014s] writing ../../build/project_localization/project_localization.egg-info/PKG-INFO
[19.014s] writing dependency_links to ../../build/project_localization/project_localization.egg-info/dependency_links.txt
[19.016s] writing entry points to ../../build/project_localization/project_localization.egg-info/entry_points.txt
[19.016s] writing requirements to ../../build/project_localization/project_localization.egg-info/requires.txt
[19.016s] writing top-level names to ../../build/project_localization/project_localization.egg-info/top_level.txt
[19.223s] reading manifest file '../../build/project_localization/project_localization.egg-info/SOURCES.txt'
[19.226s] writing manifest file '../../build/project_localization/project_localization.egg-info/SOURCES.txt'
[19.226s] running build
[19.226s] running build_py
[19.227s] running install
[19.228s] running install_lib
[19.256s] running install_data
[19.258s] copying config/amcl_config.yaml -> /home/user/ros2_ws/install/project_localization/share/project_localization/config
[19.258s] running install_egg_info
[19.265s] removing '/home/user/ros2_ws/install/project_localization/lib/python3.8/site-packages/project_localization-0.0.0-py3.8.egg-info' (and everything under it)
[19.265s] Copying ../../build/project_localization/project_localization.egg-info to /home/user/ros2_ws/install/project_localization/lib/python3.8/site-packages/project_localization-0.0.0-py3.8.egg-info
[19.269s] running install_scripts
[19.360s] writing list of installed files to '/home/user/ros2_ws/build/project_localization/install.log'
[19.670s] Invoked command in '/home/user/ros2_ws/src/project_localization' returned '0': PYTHONPATH=/home/user/ros2_ws/install/project_localization/lib/python3.8/site-packages:${PYTHONPATH} _=/usr/bin/env /usr/bin/python3 setup.py egg_info --egg-base ../../build/project_localization build --build-base /home/user/ros2_ws/build/project_localization/build install --prefix /home/user/ros2_ws/install/project_localization --record /home/user/ros2_ws/build/project_localization/install.log --single-version-externally-managed
