/home/user/ros2_ws/install/project_path_planning/lib/python3.8/site-packages/project_path_planning/nav_to_pose_action_client.py
/home/user/ros2_ws/install/project_path_planning/lib/python3.8/site-packages/project_path_planning/__init__.py
/home/user/ros2_ws/install/project_path_planning/lib/python3.8/site-packages/project_path_planning/__pycache__/nav_to_pose_action_client.cpython-38.pyc
/home/user/ros2_ws/install/project_path_planning/lib/python3.8/site-packages/project_path_planning/__pycache__/__init__.cpython-38.pyc
/home/user/ros2_ws/install/project_path_planning/share/ament_index/resource_index/packages/project_path_planning
/home/user/ros2_ws/install/project_path_planning/share/project_path_planning/package.xml
/home/user/ros2_ws/install/project_path_planning/share/project_path_planning/launch/pathplanner.launch.py
/home/user/ros2_ws/install/project_path_planning/share/project_path_planning/launch/navigation.launch.py
/home/user/ros2_ws/install/project_path_planning/share/project_path_planning/launch/nav_to_pose_action_client_launch_file.launch.py
/home/user/ros2_ws/install/project_path_planning/share/project_path_planning/config/controller.yaml
/home/user/ros2_ws/install/project_path_planning/share/project_path_planning/config/recovery.yaml
/home/user/ros2_ws/install/project_path_planning/share/project_path_planning/config/planner_server.yaml
/home/user/ros2_ws/install/project_path_planning/share/project_path_planning/config/bt_navigator.yaml
/home/user/ros2_ws/install/project_path_planning/share/project_path_planning/config/behavior_original.xml
/home/user/ros2_ws/install/project_path_planning/share/project_path_planning/config/behavior.xml
/home/user/ros2_ws/install/project_path_planning/lib/python3.8/site-packages/project_path_planning-0.0.0-py3.8.egg-info/PKG-INFO
/home/user/ros2_ws/install/project_path_planning/lib/python3.8/site-packages/project_path_planning-0.0.0-py3.8.egg-info/zip-safe
/home/user/ros2_ws/install/project_path_planning/lib/python3.8/site-packages/project_path_planning-0.0.0-py3.8.egg-info/top_level.txt
/home/user/ros2_ws/install/project_path_planning/lib/python3.8/site-packages/project_path_planning-0.0.0-py3.8.egg-info/requires.txt
/home/user/ros2_ws/install/project_path_planning/lib/python3.8/site-packages/project_path_planning-0.0.0-py3.8.egg-info/entry_points.txt
/home/user/ros2_ws/install/project_path_planning/lib/python3.8/site-packages/project_path_planning-0.0.0-py3.8.egg-info/SOURCES.txt
/home/user/ros2_ws/install/project_path_planning/lib/python3.8/site-packages/project_path_planning-0.0.0-py3.8.egg-info/dependency_links.txt
/home/user/ros2_ws/install/project_path_planning/lib/project_path_planning/nav_to_pose_action_client
