running egg_info
writing ../../build/project_mapping/project_mapping.egg-info/PKG-INFO
writing dependency_links to ../../build/project_mapping/project_mapping.egg-info/dependency_links.txt
writing entry points to ../../build/project_mapping/project_mapping.egg-info/entry_points.txt
writing requirements to ../../build/project_mapping/project_mapping.egg-info/requires.txt
writing top-level names to ../../build/project_mapping/project_mapping.egg-info/top_level.txt
reading manifest file '../../build/project_mapping/project_mapping.egg-info/SOURCES.txt'
writing manifest file '../../build/project_mapping/project_mapping.egg-info/SOURCES.txt'
running build
running build_py
running install
running install_lib
running install_data
running install_egg_info
removing '/home/user/ros2_ws/install/project_mapping/lib/python3.8/site-packages/project_mapping-0.0.0-py3.8.egg-info' (and everything under it)
Copying ../../build/project_mapping/project_mapping.egg-info to /home/user/ros2_ws/install/project_mapping/lib/python3.8/site-packages/project_mapping-0.0.0-py3.8.egg-info
running install_scripts
Installing cartographer_node script to /home/user/ros2_ws/install/project_mapping/lib/project_mapping
Installing occupancy_grid_node script to /home/user/ros2_ws/install/project_mapping/lib/project_mapping
writing list of installed files to '/home/user/ros2_ws/build/project_mapping/install.log'
