[14.141s] Invoking command in '/home/user/ros2_ws/src/project_mapping': PYTHONPATH=/home/user/ros2_ws/install/project_mapping/lib/python3.8/site-packages:${PYTHONPATH} _=/usr/bin/env /usr/bin/python3 setup.py egg_info --egg-base ../../build/project_mapping build --build-base /home/user/ros2_ws/build/project_mapping/build install --prefix /home/user/ros2_ws/install/project_mapping --record /home/user/ros2_ws/build/project_mapping/install.log --single-version-externally-managed
[21.673s] running egg_info
[21.689s] writing ../../build/project_mapping/project_mapping.egg-info/PKG-INFO
[21.690s] writing dependency_links to ../../build/project_mapping/project_mapping.egg-info/dependency_links.txt
[21.690s] writing entry points to ../../build/project_mapping/project_mapping.egg-info/entry_points.txt
[21.690s] writing requirements to ../../build/project_mapping/project_mapping.egg-info/requires.txt
[21.690s] writing top-level names to ../../build/project_mapping/project_mapping.egg-info/top_level.txt
[22.230s] reading manifest file '../../build/project_mapping/project_mapping.egg-info/SOURCES.txt'
[22.234s] writing manifest file '../../build/project_mapping/project_mapping.egg-info/SOURCES.txt'
[22.235s] running build
[22.235s] running build_py
[22.236s] running install
[22.240s] running install_lib
[22.263s] running install_data
[22.263s] running install_egg_info
[22.297s] removing '/home/user/ros2_ws/install/project_mapping/lib/python3.8/site-packages/project_mapping-0.0.0-py3.8.egg-info' (and everything under it)
[22.300s] Copying ../../build/project_mapping/project_mapping.egg-info to /home/user/ros2_ws/install/project_mapping/lib/python3.8/site-packages/project_mapping-0.0.0-py3.8.egg-info
[22.319s] running install_scripts
[22.548s] Installing cartographer_node script to /home/user/ros2_ws/install/project_mapping/lib/project_mapping
[22.555s] Installing occupancy_grid_node script to /home/user/ros2_ws/install/project_mapping/lib/project_mapping
[22.569s] writing list of installed files to '/home/user/ros2_ws/build/project_mapping/install.log'
[22.965s] Invoked command in '/home/user/ros2_ws/src/project_mapping' returned '0': PYTHONPATH=/home/user/ros2_ws/install/project_mapping/lib/python3.8/site-packages:${PYTHONPATH} _=/usr/bin/env /usr/bin/python3 setup.py egg_info --egg-base ../../build/project_mapping build --build-base /home/user/ros2_ws/build/project_mapping/build install --prefix /home/user/ros2_ws/install/project_mapping --record /home/user/ros2_ws/build/project_mapping/install.log --single-version-externally-managed
