[1.299s] Invoking command in '/home/user/ros2_ws/build/turtlebot3_description': CMAKE_PREFIX_PATH=${CMAKE_PREFIX_PATH}:/home/user/ros2_ws/install/project_path_planning:/home/user/ros2_ws/install/turtlebot3_teleop:/home/user/ros2_ws/install/turtlebot3_example:/home/user/ros2_ws/install/project_mapping:/home/user/ros2_ws/install/project_localization:/home/user/ros2_ws/install/my_package:/home/user/ros2_ws/install/map_server:/opt/ros/foxy _=/usr/bin/env /usr/bin/cmake --build /home/user/ros2_ws/build/turtlebot3_description -- -j8 -l8
[18.842s] Invoked command in '/home/user/ros2_ws/build/turtlebot3_description' returned '0': CMAKE_PREFIX_PATH=${CMAKE_PREFIX_PATH}:/home/user/ros2_ws/install/project_path_planning:/home/user/ros2_ws/install/turtlebot3_teleop:/home/user/ros2_ws/install/turtlebot3_example:/home/user/ros2_ws/install/project_mapping:/home/user/ros2_ws/install/project_localization:/home/user/ros2_ws/install/my_package:/home/user/ros2_ws/install/map_server:/opt/ros/foxy _=/usr/bin/env /usr/bin/cmake --build /home/user/ros2_ws/build/turtlebot3_description -- -j8 -l8
[19.999s] Invoking command in '/home/user/ros2_ws/build/turtlebot3_description': CMAKE_PREFIX_PATH=${CMAKE_PREFIX_PATH}:/home/user/ros2_ws/install/project_path_planning:/home/user/ros2_ws/install/turtlebot3_teleop:/home/user/ros2_ws/install/turtlebot3_example:/home/user/ros2_ws/install/project_mapping:/home/user/ros2_ws/install/project_localization:/home/user/ros2_ws/install/my_package:/home/user/ros2_ws/install/map_server:/opt/ros/foxy _=/usr/bin/env /usr/bin/cmake --install /home/user/ros2_ws/build/turtlebot3_description
[20.103s] -- Install configuration: ""
[20.103s] -- Up-to-date: /home/user/ros2_ws/install/turtlebot3_description/share/turtlebot3_description/meshes
[20.104s] -- Up-to-date: /home/user/ros2_ws/install/turtlebot3_description/share/turtlebot3_description/meshes/sensors
[20.104s] -- Up-to-date: /home/user/ros2_ws/install/turtlebot3_description/share/turtlebot3_description/meshes/sensors/r200.jpg
[20.104s] -- Up-to-date: /home/user/ros2_ws/install/turtlebot3_description/share/turtlebot3_description/meshes/sensors/r200.dae
[20.104s] -- Up-to-date: /home/user/ros2_ws/install/turtlebot3_description/share/turtlebot3_description/meshes/sensors/astra.jpg
[20.104s] -- Up-to-date: /home/user/ros2_ws/install/turtlebot3_description/share/turtlebot3_description/meshes/sensors/astra.dae
[20.105s] -- Up-to-date: /home/user/ros2_ws/install/turtlebot3_description/share/turtlebot3_description/meshes/sensors/lds.stl
[20.105s] -- Up-to-date: /home/user/ros2_ws/install/turtlebot3_description/share/turtlebot3_description/meshes/wheels
[20.105s] -- Up-to-date: /home/user/ros2_ws/install/turtlebot3_description/share/turtlebot3_description/meshes/wheels/right_tire.stl
[20.106s] -- Up-to-date: /home/user/ros2_ws/install/turtlebot3_description/share/turtlebot3_description/meshes/wheels/left_tire.stl
[20.107s] -- Up-to-date: /home/user/ros2_ws/install/turtlebot3_description/share/turtlebot3_description/meshes/bases
[20.107s] -- Up-to-date: /home/user/ros2_ws/install/turtlebot3_description/share/turtlebot3_description/meshes/bases/waffle_base.stl
[20.107s] -- Up-to-date: /home/user/ros2_ws/install/turtlebot3_description/share/turtlebot3_description/meshes/bases/burger_base.stl
[20.107s] -- Up-to-date: /home/user/ros2_ws/install/turtlebot3_description/share/turtlebot3_description/meshes/bases/waffle_pi_base.stl
[20.107s] -- Up-to-date: /home/user/ros2_ws/install/turtlebot3_description/share/turtlebot3_description/rviz
[20.108s] -- Up-to-date: /home/user/ros2_ws/install/turtlebot3_description/share/turtlebot3_description/rviz/model.rviz
[20.108s] -- Up-to-date: /home/user/ros2_ws/install/turtlebot3_description/share/turtlebot3_description/urdf
[20.108s] -- Up-to-date: /home/user/ros2_ws/install/turtlebot3_description/share/turtlebot3_description/urdf/turtlebot3_waffle.urdf
[20.108s] -- Up-to-date: /home/user/ros2_ws/install/turtlebot3_description/share/turtlebot3_description/urdf/turtlebot3_waffle_pi.urdf
[20.108s] -- Up-to-date: /home/user/ros2_ws/install/turtlebot3_description/share/turtlebot3_description/urdf/common_properties.urdf
[20.108s] -- Up-to-date: /home/user/ros2_ws/install/turtlebot3_description/share/turtlebot3_description/urdf/turtlebot3_burger.urdf
[20.109s] -- Up-to-date: /home/user/ros2_ws/install/turtlebot3_description/share/ament_index/resource_index/package_run_dependencies/turtlebot3_description
[20.109s] -- Up-to-date: /home/user/ros2_ws/install/turtlebot3_description/share/ament_index/resource_index/parent_prefix_path/turtlebot3_description
[20.109s] -- Up-to-date: /home/user/ros2_ws/install/turtlebot3_description/share/turtlebot3_description/environment/ament_prefix_path.sh
[20.109s] -- Up-to-date: /home/user/ros2_ws/install/turtlebot3_description/share/turtlebot3_description/environment/ament_prefix_path.dsv
[20.110s] -- Up-to-date: /home/user/ros2_ws/install/turtlebot3_description/share/turtlebot3_description/environment/path.sh
[20.110s] -- Up-to-date: /home/user/ros2_ws/install/turtlebot3_description/share/turtlebot3_description/environment/path.dsv
[20.111s] -- Up-to-date: /home/user/ros2_ws/install/turtlebot3_description/share/turtlebot3_description/local_setup.bash
[20.111s] -- Up-to-date: /home/user/ros2_ws/install/turtlebot3_description/share/turtlebot3_description/local_setup.sh
[20.111s] -- Up-to-date: /home/user/ros2_ws/install/turtlebot3_description/share/turtlebot3_description/local_setup.zsh
[20.111s] -- Up-to-date: /home/user/ros2_ws/install/turtlebot3_description/share/turtlebot3_description/local_setup.dsv
[20.112s] -- Installing: /home/user/ros2_ws/install/turtlebot3_description/share/turtlebot3_description/package.dsv
[20.112s] -- Up-to-date: /home/user/ros2_ws/install/turtlebot3_description/share/ament_index/resource_index/packages/turtlebot3_description
[20.112s] -- Up-to-date: /home/user/ros2_ws/install/turtlebot3_description/share/turtlebot3_description/cmake/turtlebot3_descriptionConfig.cmake
[20.112s] -- Up-to-date: /home/user/ros2_ws/install/turtlebot3_description/share/turtlebot3_description/cmake/turtlebot3_descriptionConfig-version.cmake
[20.112s] -- Up-to-date: /home/user/ros2_ws/install/turtlebot3_description/share/turtlebot3_description/package.xml
[20.225s] Invoked command in '/home/user/ros2_ws/build/turtlebot3_description' returned '0': CMAKE_PREFIX_PATH=${CMAKE_PREFIX_PATH}:/home/user/ros2_ws/install/project_path_planning:/home/user/ros2_ws/install/turtlebot3_teleop:/home/user/ros2_ws/install/turtlebot3_example:/home/user/ros2_ws/install/project_mapping:/home/user/ros2_ws/install/project_localization:/home/user/ros2_ws/install/my_package:/home/user/ros2_ws/install/map_server:/opt/ros/foxy _=/usr/bin/env /usr/bin/cmake --install /home/user/ros2_ws/build/turtlebot3_description
