[0.060s] Invoking command in '/home/user/ros2_ws/build/turtlebot3_msgs': CMAKE_PREFIX_PATH=/opt/ros/foxy:${CMAKE_PREFIX_PATH} _=/usr/bin/env /usr/bin/cmake /home/user/ros2_ws/src/turtlebot3_msgs -DCMAKE_INSTALL_PREFIX=/home/user/ros2_ws/install/turtlebot3_msgs
[0.797s] -- Found action_msgs: 1.0.0 (/opt/ros/foxy/share/action_msgs/cmake)
[0.798s] -- Found PythonInterp: /usr/bin/python3 (found suitable version "3.8.5", minimum required is "3") 
[0.798s] -- Using PYTHON_EXECUTABLE: /usr/bin/python3
[0.879s] -- Using all available rosidl_typesupport_c: rosidl_typesupport_fastrtps_c;rosidl_typesupport_introspection_c
[0.907s] -- Found rosidl_adapter: 1.1.0 (/opt/ros/foxy/share/rosidl_adapter/cmake)
[1.304s] -- Found OpenSSL: /usr/lib/x86_64-linux-gnu/libcrypto.so (found version "1.1.1f")  
[1.391s] -- Found FastRTPS: /opt/ros/foxy/include  
[1.785s] -- Using all available rosidl_typesupport_cpp: rosidl_typesupport_fastrtps_cpp;rosidl_typesupport_introspection_cpp
[2.003s] -- Found rosidl_default_generators: 1.0.0 (/opt/ros/foxy/share/rosidl_default_generators/cmake)
[2.039s] -- Found std_msgs: 2.0.3 (/opt/ros/foxy/share/std_msgs/cmake)
[2.129s] -- Found PythonInterp: /usr/bin/python3 (found version "3.8.5") 
[2.577s] -- Found ament_cmake_cppcheck: 0.9.5 (/opt/ros/foxy/share/ament_cmake_cppcheck/cmake)
[2.588s] -- Found ament_cmake_cpplint: 0.9.5 (/opt/ros/foxy/share/ament_cmake_cpplint/cmake)
[2.597s] -- Found ament_cmake_uncrustify: 0.9.5 (/opt/ros/foxy/share/ament_cmake_uncrustify/cmake)
[2.608s] -- Found ament_cmake_ros: 0.9.0 (/opt/ros/foxy/share/ament_cmake_ros/cmake)
[3.127s] -- Using all available rosidl_typesupport_c: rosidl_typesupport_fastrtps_c;rosidl_typesupport_introspection_c
[3.279s] -- Using all available rosidl_typesupport_cpp: rosidl_typesupport_fastrtps_cpp;rosidl_typesupport_introspection_cpp
[3.343s] -- Found PythonInterp: /usr/bin/python3 (found suitable version "3.8.5", minimum required is "3.5") 
[3.354s] -- Found python_cmake_module: 0.8.0 (/opt/ros/foxy/share/python_cmake_module/cmake)
[3.422s] -- Found PythonLibs: /usr/lib/x86_64-linux-gnu/libpython3.8.so (found suitable version "3.8.5", minimum required is "3.5") 
[3.422s] -- Using PYTHON_EXECUTABLE: /usr/bin/python3
[3.422s] -- Using PYTHON_INCLUDE_DIRS: /usr/include/python3.8
[3.422s] -- Using PYTHON_LIBRARIES: /usr/lib/x86_64-linux-gnu/libpython3.8.so
[3.469s] -- Found PythonExtra: .so  
[3.621s] -- Found ament_cmake_flake8: 0.9.5 (/opt/ros/foxy/share/ament_cmake_flake8/cmake)
[3.629s] -- Found ament_cmake_pep257: 0.9.5 (/opt/ros/foxy/share/ament_cmake_pep257/cmake)
[3.666s] -- Configuring done
[3.841s] -- Generating done
[3.848s] -- Build files have been written to: /home/user/ros2_ws/build/turtlebot3_msgs
[3.869s] Invoked command in '/home/user/ros2_ws/build/turtlebot3_msgs' returned '0': CMAKE_PREFIX_PATH=/opt/ros/foxy:${CMAKE_PREFIX_PATH} _=/usr/bin/env /usr/bin/cmake /home/user/ros2_ws/src/turtlebot3_msgs -DCMAKE_INSTALL_PREFIX=/home/user/ros2_ws/install/turtlebot3_msgs
[3.877s] Invoking command in '/home/user/ros2_ws/build/turtlebot3_msgs': CMAKE_PREFIX_PATH=/opt/ros/foxy:${CMAKE_PREFIX_PATH} _=/usr/bin/env /usr/bin/cmake --build /home/user/ros2_ws/build/turtlebot3_msgs -- -j36 -l36
[3.959s] [35m[1mScanning dependencies of target turtlebot3_msgs__cpp[0m
[3.987s] [  1%] [34m[1mGenerating C++ code for ROS interfaces[0m
[6.136s] [  1%] Built target turtlebot3_msgs__cpp
[6.160s] [  2%] [34m[1mGenerating C code for ROS interfaces[0m
[7.993s] [35m[1mScanning dependencies of target turtlebot3_msgs__rosidl_generator_c[0m
[8.043s] [  4%] [32mBuilding C object CMakeFiles/turtlebot3_msgs__rosidl_generator_c.dir/rosidl_generator_c/turtlebot3_msgs/msg/detail/sensor_state__functions.c.o[0m
[8.157s] [  5%] [32mBuilding C object CMakeFiles/turtlebot3_msgs__rosidl_generator_c.dir/rosidl_generator_c/turtlebot3_msgs/action/detail/patrol__functions.c.o[0m
[8.302s] [  7%] [32mBuilding C object CMakeFiles/turtlebot3_msgs__rosidl_generator_c.dir/rosidl_generator_c/turtlebot3_msgs/srv/detail/dqn__functions.c.o[0m
[8.376s] [  8%] [32mBuilding C object CMakeFiles/turtlebot3_msgs__rosidl_generator_c.dir/rosidl_generator_c/turtlebot3_msgs/srv/detail/sound__functions.c.o[0m
[8.463s] [  9%] [32mBuilding C object CMakeFiles/turtlebot3_msgs__rosidl_generator_c.dir/rosidl_generator_c/turtlebot3_msgs/msg/detail/version_info__functions.c.o[0m
[8.542s] [ 11%] [32mBuilding C object CMakeFiles/turtlebot3_msgs__rosidl_generator_c.dir/rosidl_generator_c/turtlebot3_msgs/msg/detail/sound__functions.c.o[0m
[8.610s] [ 12%] [32m[1mLinking C shared library libturtlebot3_msgs__rosidl_generator_c.so[0m
[8.713s] [ 12%] Built target turtlebot3_msgs__rosidl_generator_c
[8.736s] [ 14%] [34m[1mGenerating C++ introspection for ROS interfaces[0m
[10.083s] [35m[1mScanning dependencies of target turtlebot3_msgs__rosidl_typesupport_introspection_cpp[0m
[10.140s] [ 15%] [32mBuilding CXX object CMakeFiles/turtlebot3_msgs__rosidl_typesupport_introspection_cpp.dir/rosidl_typesupport_introspection_cpp/turtlebot3_msgs/msg/detail/sensor_state__type_support.cpp.o[0m
[10.750s] [ 16%] [32mBuilding CXX object CMakeFiles/turtlebot3_msgs__rosidl_typesupport_introspection_cpp.dir/rosidl_typesupport_introspection_cpp/turtlebot3_msgs/action/detail/patrol__type_support.cpp.o[0m
[11.411s] [ 18%] [32mBuilding CXX object CMakeFiles/turtlebot3_msgs__rosidl_typesupport_introspection_cpp.dir/rosidl_typesupport_introspection_cpp/turtlebot3_msgs/srv/detail/dqn__type_support.cpp.o[0m
[12.050s] [ 19%] [32mBuilding CXX object CMakeFiles/turtlebot3_msgs__rosidl_typesupport_introspection_cpp.dir/rosidl_typesupport_introspection_cpp/turtlebot3_msgs/srv/detail/sound__type_support.cpp.o[0m
[12.518s] [ 21%] [32mBuilding CXX object CMakeFiles/turtlebot3_msgs__rosidl_typesupport_introspection_cpp.dir/rosidl_typesupport_introspection_cpp/turtlebot3_msgs/msg/detail/version_info__type_support.cpp.o[0m
[12.982s] [ 22%] [32mBuilding CXX object CMakeFiles/turtlebot3_msgs__rosidl_typesupport_introspection_cpp.dir/rosidl_typesupport_introspection_cpp/turtlebot3_msgs/msg/detail/sound__type_support.cpp.o[0m
[13.446s] [ 23%] [32m[1mLinking CXX shared library libturtlebot3_msgs__rosidl_typesupport_introspection_cpp.so[0m
[13.628s] [ 23%] Built target turtlebot3_msgs__rosidl_typesupport_introspection_cpp
[13.658s] [ 25%] [34m[1mGenerating C introspection for ROS interfaces[0m
[15.349s] [35m[1mScanning dependencies of target turtlebot3_msgs__rosidl_typesupport_introspection_c[0m
[15.392s] [ 26%] [32mBuilding C object CMakeFiles/turtlebot3_msgs__rosidl_typesupport_introspection_c.dir/rosidl_typesupport_introspection_c/turtlebot3_msgs/msg/detail/sensor_state__type_support.c.o[0m
[15.445s] [ 28%] [32mBuilding C object CMakeFiles/turtlebot3_msgs__rosidl_typesupport_introspection_c.dir/rosidl_typesupport_introspection_c/turtlebot3_msgs/action/detail/patrol__type_support.c.o[0m
[15.530s] [ 29%] [32mBuilding C object CMakeFiles/turtlebot3_msgs__rosidl_typesupport_introspection_c.dir/rosidl_typesupport_introspection_c/turtlebot3_msgs/srv/detail/dqn__type_support.c.o[0m
[15.597s] [ 30%] [32mBuilding C object CMakeFiles/turtlebot3_msgs__rosidl_typesupport_introspection_c.dir/rosidl_typesupport_introspection_c/turtlebot3_msgs/srv/detail/sound__type_support.c.o[0m
[15.657s] [ 32%] [32mBuilding C object CMakeFiles/turtlebot3_msgs__rosidl_typesupport_introspection_c.dir/rosidl_typesupport_introspection_c/turtlebot3_msgs/msg/detail/version_info__type_support.c.o[0m
[15.734s] [ 33%] [32mBuilding C object CMakeFiles/turtlebot3_msgs__rosidl_typesupport_introspection_c.dir/rosidl_typesupport_introspection_c/turtlebot3_msgs/msg/detail/sound__type_support.c.o[0m
[15.803s] [ 35%] [32m[1mLinking C shared library libturtlebot3_msgs__rosidl_typesupport_introspection_c.so[0m
[15.879s] [ 35%] Built target turtlebot3_msgs__rosidl_typesupport_introspection_c
[15.902s] [ 36%] [34m[1mGenerating C type support dispatch for ROS interfaces[0m
[16.909s] [35m[1mScanning dependencies of target turtlebot3_msgs__rosidl_typesupport_c[0m
[16.966s] [ 38%] [32mBuilding CXX object CMakeFiles/turtlebot3_msgs__rosidl_typesupport_c.dir/rosidl_typesupport_c/turtlebot3_msgs/msg/sensor_state__type_support.cpp.o[0m
[17.030s] [ 39%] [32mBuilding CXX object CMakeFiles/turtlebot3_msgs__rosidl_typesupport_c.dir/rosidl_typesupport_c/turtlebot3_msgs/action/patrol__type_support.cpp.o[0m
[17.129s] [ 40%] [32mBuilding CXX object CMakeFiles/turtlebot3_msgs__rosidl_typesupport_c.dir/rosidl_typesupport_c/turtlebot3_msgs/srv/dqn__type_support.cpp.o[0m
[17.205s] [ 42%] [32mBuilding CXX object CMakeFiles/turtlebot3_msgs__rosidl_typesupport_c.dir/rosidl_typesupport_c/turtlebot3_msgs/srv/sound__type_support.cpp.o[0m
[17.262s] [ 43%] [32mBuilding CXX object CMakeFiles/turtlebot3_msgs__rosidl_typesupport_c.dir/rosidl_typesupport_c/turtlebot3_msgs/msg/version_info__type_support.cpp.o[0m
[17.320s] [ 45%] [32mBuilding CXX object CMakeFiles/turtlebot3_msgs__rosidl_typesupport_c.dir/rosidl_typesupport_c/turtlebot3_msgs/msg/sound__type_support.cpp.o[0m
[17.381s] [ 46%] [32m[1mLinking CXX shared library libturtlebot3_msgs__rosidl_typesupport_c.so[0m
[17.456s] [ 46%] Built target turtlebot3_msgs__rosidl_typesupport_c
[17.478s] [ 47%] [34m[1mGenerating C++ type support for eProsima Fast-RTPS[0m
[19.367s] [35m[1mScanning dependencies of target turtlebot3_msgs__rosidl_typesupport_fastrtps_cpp[0m
[19.461s] [ 49%] [32mBuilding CXX object CMakeFiles/turtlebot3_msgs__rosidl_typesupport_fastrtps_cpp.dir/rosidl_typesupport_fastrtps_cpp/turtlebot3_msgs/msg/detail/dds_fastrtps/sensor_state__type_support.cpp.o[0m
[20.115s] [ 50%] [32mBuilding CXX object CMakeFiles/turtlebot3_msgs__rosidl_typesupport_fastrtps_cpp.dir/rosidl_typesupport_fastrtps_cpp/turtlebot3_msgs/action/detail/dds_fastrtps/patrol__type_support.cpp.o[0m
[20.845s] [ 52%] [32mBuilding CXX object CMakeFiles/turtlebot3_msgs__rosidl_typesupport_fastrtps_cpp.dir/rosidl_typesupport_fastrtps_cpp/turtlebot3_msgs/srv/detail/dds_fastrtps/dqn__type_support.cpp.o[0m
[21.564s] [ 53%] [32mBuilding CXX object CMakeFiles/turtlebot3_msgs__rosidl_typesupport_fastrtps_cpp.dir/rosidl_typesupport_fastrtps_cpp/turtlebot3_msgs/srv/detail/dds_fastrtps/sound__type_support.cpp.o[0m
[22.390s] [ 54%] [32mBuilding CXX object CMakeFiles/turtlebot3_msgs__rosidl_typesupport_fastrtps_cpp.dir/rosidl_typesupport_fastrtps_cpp/turtlebot3_msgs/msg/detail/dds_fastrtps/version_info__type_support.cpp.o[0m
[23.026s] [ 56%] [32mBuilding CXX object CMakeFiles/turtlebot3_msgs__rosidl_typesupport_fastrtps_cpp.dir/rosidl_typesupport_fastrtps_cpp/turtlebot3_msgs/msg/detail/dds_fastrtps/sound__type_support.cpp.o[0m
[23.844s] [ 57%] [32m[1mLinking CXX shared library libturtlebot3_msgs__rosidl_typesupport_fastrtps_cpp.so[0m
[24.065s] [ 57%] Built target turtlebot3_msgs__rosidl_typesupport_fastrtps_cpp
[24.090s] [ 59%] [34m[1mGenerating C++ type support dispatch for ROS interfaces[0m
[25.144s] [35m[1mScanning dependencies of target turtlebot3_msgs__rosidl_typesupport_cpp[0m
[25.179s] [ 60%] [32mBuilding CXX object CMakeFiles/turtlebot3_msgs__rosidl_typesupport_cpp.dir/rosidl_typesupport_cpp/turtlebot3_msgs/msg/sensor_state__type_support.cpp.o[0m
[25.728s] [ 61%] [32mBuilding CXX object CMakeFiles/turtlebot3_msgs__rosidl_typesupport_cpp.dir/rosidl_typesupport_cpp/turtlebot3_msgs/action/patrol__type_support.cpp.o[0m
[26.379s] [ 63%] [32mBuilding CXX object CMakeFiles/turtlebot3_msgs__rosidl_typesupport_cpp.dir/rosidl_typesupport_cpp/turtlebot3_msgs/srv/dqn__type_support.cpp.o[0m
[26.816s] [ 64%] [32mBuilding CXX object CMakeFiles/turtlebot3_msgs__rosidl_typesupport_cpp.dir/rosidl_typesupport_cpp/turtlebot3_msgs/srv/sound__type_support.cpp.o[0m
[27.369s] [ 66%] [32mBuilding CXX object CMakeFiles/turtlebot3_msgs__rosidl_typesupport_cpp.dir/rosidl_typesupport_cpp/turtlebot3_msgs/msg/version_info__type_support.cpp.o[0m
[27.810s] [ 67%] [32mBuilding CXX object CMakeFiles/turtlebot3_msgs__rosidl_typesupport_cpp.dir/rosidl_typesupport_cpp/turtlebot3_msgs/msg/sound__type_support.cpp.o[0m
[28.386s] [ 69%] [32m[1mLinking CXX shared library libturtlebot3_msgs__rosidl_typesupport_cpp.so[0m
[28.473s] [ 69%] Built target turtlebot3_msgs__rosidl_typesupport_cpp
[28.498s] [ 70%] [34m[1mGenerating C type support for eProsima Fast-RTPS[0m
[30.277s] [35m[1mScanning dependencies of target turtlebot3_msgs__rosidl_typesupport_fastrtps_c[0m
[30.344s] [ 71%] [32mBuilding CXX object CMakeFiles/turtlebot3_msgs__rosidl_typesupport_fastrtps_c.dir/rosidl_typesupport_fastrtps_c/turtlebot3_msgs/msg/detail/sensor_state__type_support_c.cpp.o[0m
[31.038s] [ 73%] [32mBuilding CXX object CMakeFiles/turtlebot3_msgs__rosidl_typesupport_fastrtps_c.dir/rosidl_typesupport_fastrtps_c/turtlebot3_msgs/action/detail/patrol__type_support_c.cpp.o[0m
[31.652s] [ 74%] [32mBuilding CXX object CMakeFiles/turtlebot3_msgs__rosidl_typesupport_fastrtps_c.dir/rosidl_typesupport_fastrtps_c/turtlebot3_msgs/srv/detail/dqn__type_support_c.cpp.o[0m
[32.370s] [ 76%] [32mBuilding CXX object CMakeFiles/turtlebot3_msgs__rosidl_typesupport_fastrtps_c.dir/rosidl_typesupport_fastrtps_c/turtlebot3_msgs/srv/detail/sound__type_support_c.cpp.o[0m
[33.071s] [ 77%] [32mBuilding CXX object CMakeFiles/turtlebot3_msgs__rosidl_typesupport_fastrtps_c.dir/rosidl_typesupport_fastrtps_c/turtlebot3_msgs/msg/detail/version_info__type_support_c.cpp.o[0m
[33.777s] [ 78%] [32mBuilding CXX object CMakeFiles/turtlebot3_msgs__rosidl_typesupport_fastrtps_c.dir/rosidl_typesupport_fastrtps_c/turtlebot3_msgs/msg/detail/sound__type_support_c.cpp.o[0m
[34.469s] [ 80%] [32m[1mLinking CXX shared library libturtlebot3_msgs__rosidl_typesupport_fastrtps_c.so[0m
[34.607s] [ 80%] Built target turtlebot3_msgs__rosidl_typesupport_fastrtps_c
[34.629s] [35m[1mScanning dependencies of target turtlebot3_msgs[0m
[34.650s] [ 80%] Built target turtlebot3_msgs
[34.667s] [35m[1mScanning dependencies of target turtlebot3_msgs__py[0m
[34.687s] [ 81%] [34m[1mGenerating Python code for ROS interfaces[0m
[38.454s] [ 81%] Built target turtlebot3_msgs__py
[38.473s] [35m[1mScanning dependencies of target turtlebot3_msgs__python[0m
[38.594s] [ 83%] [32mBuilding C object CMakeFiles/turtlebot3_msgs__python.dir/rosidl_generator_py/turtlebot3_msgs/msg/_sensor_state_s.c.o[0m
[38.817s] [ 84%] [32mBuilding C object CMakeFiles/turtlebot3_msgs__python.dir/rosidl_generator_py/turtlebot3_msgs/action/_patrol_s.c.o[0m
[39.021s] [ 85%] [32mBuilding C object CMakeFiles/turtlebot3_msgs__python.dir/rosidl_generator_py/turtlebot3_msgs/srv/_dqn_s.c.o[0m
[39.215s] [ 87%] [32mBuilding C object CMakeFiles/turtlebot3_msgs__python.dir/rosidl_generator_py/turtlebot3_msgs/srv/_sound_s.c.o[0m
[39.399s] [ 88%] [32mBuilding C object CMakeFiles/turtlebot3_msgs__python.dir/rosidl_generator_py/turtlebot3_msgs/msg/_version_info_s.c.o[0m
[39.545s] [ 90%] [32mBuilding C object CMakeFiles/turtlebot3_msgs__python.dir/rosidl_generator_py/turtlebot3_msgs/msg/_sound_s.c.o[0m
[39.683s] [ 91%] [32m[1mLinking C shared library rosidl_generator_py/turtlebot3_msgs/libturtlebot3_msgs__python.so[0m
[39.761s] [ 91%] Built target turtlebot3_msgs__python
[39.780s] [35m[1mScanning dependencies of target turtlebot3_msgs__rosidl_typesupport_fastrtps_c__pyext[0m
[39.822s] [ 92%] [32mBuilding C object CMakeFiles/turtlebot3_msgs__rosidl_typesupport_fastrtps_c__pyext.dir/rosidl_generator_py/turtlebot3_msgs/_turtlebot3_msgs_s.ep.rosidl_typesupport_fastrtps_c.c.o[0m
[40.024s] [ 94%] [32m[1mLinking CXX shared library rosidl_generator_py/turtlebot3_msgs/turtlebot3_msgs_s__rosidl_typesupport_fastrtps_c.cpython-38-x86_64-linux-gnu.so[0m
[40.132s] [ 94%] Built target turtlebot3_msgs__rosidl_typesupport_fastrtps_c__pyext
[40.153s] [35m[1mScanning dependencies of target turtlebot3_msgs__rosidl_typesupport_c__pyext[0m
[40.190s] [ 95%] [32mBuilding C object CMakeFiles/turtlebot3_msgs__rosidl_typesupport_c__pyext.dir/rosidl_generator_py/turtlebot3_msgs/_turtlebot3_msgs_s.ep.rosidl_typesupport_c.c.o[0m
[40.397s] [ 97%] [32m[1mLinking C shared library rosidl_generator_py/turtlebot3_msgs/turtlebot3_msgs_s__rosidl_typesupport_c.cpython-38-x86_64-linux-gnu.so[0m
[40.472s] [ 97%] Built target turtlebot3_msgs__rosidl_typesupport_c__pyext
[40.495s] [35m[1mScanning dependencies of target turtlebot3_msgs__rosidl_typesupport_introspection_c__pyext[0m
[40.532s] [ 98%] [32mBuilding C object CMakeFiles/turtlebot3_msgs__rosidl_typesupport_introspection_c__pyext.dir/rosidl_generator_py/turtlebot3_msgs/_turtlebot3_msgs_s.ep.rosidl_typesupport_introspection_c.c.o[0m
[40.737s] [100%] [32m[1mLinking C shared library rosidl_generator_py/turtlebot3_msgs/turtlebot3_msgs_s__rosidl_typesupport_introspection_c.cpython-38-x86_64-linux-gnu.so[0m
[40.808s] [100%] Built target turtlebot3_msgs__rosidl_typesupport_introspection_c__pyext
[40.826s] Invoked command in '/home/user/ros2_ws/build/turtlebot3_msgs' returned '0': CMAKE_PREFIX_PATH=/opt/ros/foxy:${CMAKE_PREFIX_PATH} _=/usr/bin/env /usr/bin/cmake --build /home/user/ros2_ws/build/turtlebot3_msgs -- -j36 -l36
[41.239s] Invoking command in '/home/user/ros2_ws/build/turtlebot3_msgs': CMAKE_PREFIX_PATH=/opt/ros/foxy:${CMAKE_PREFIX_PATH} _=/usr/bin/env /usr/bin/cmake --install /home/user/ros2_ws/build/turtlebot3_msgs
[41.256s] -- Install configuration: ""
[41.256s] -- Installing: /home/user/ros2_ws/install/turtlebot3_msgs/share/ament_index/resource_index/rosidl_interfaces/turtlebot3_msgs
[41.257s] -- Installing: /home/user/ros2_ws/install/turtlebot3_msgs/include/turtlebot3_msgs
[41.257s] -- Installing: /home/user/ros2_ws/install/turtlebot3_msgs/include/turtlebot3_msgs/srv
[41.257s] -- Installing: /home/user/ros2_ws/install/turtlebot3_msgs/include/turtlebot3_msgs/srv/detail
[41.258s] -- Installing: /home/user/ros2_ws/install/turtlebot3_msgs/include/turtlebot3_msgs/srv/detail/dqn__functions.h
[41.258s] -- Installing: /home/user/ros2_ws/install/turtlebot3_msgs/include/turtlebot3_msgs/srv/detail/sound__functions.c
[41.258s] -- Installing: /home/user/ros2_ws/install/turtlebot3_msgs/include/turtlebot3_msgs/srv/detail/sound__struct.h
[41.259s] -- Installing: /home/user/ros2_ws/install/turtlebot3_msgs/include/turtlebot3_msgs/srv/detail/sound__functions.h
[41.259s] -- Installing: /home/user/ros2_ws/install/turtlebot3_msgs/include/turtlebot3_msgs/srv/detail/dqn__type_support.h
[41.259s] -- Installing: /home/user/ros2_ws/install/turtlebot3_msgs/include/turtlebot3_msgs/srv/detail/dqn__struct.h
[41.260s] -- Installing: /home/user/ros2_ws/install/turtlebot3_msgs/include/turtlebot3_msgs/srv/detail/dqn__functions.c
[41.260s] -- Installing: /home/user/ros2_ws/install/turtlebot3_msgs/include/turtlebot3_msgs/srv/detail/sound__type_support.h
[41.260s] -- Installing: /home/user/ros2_ws/install/turtlebot3_msgs/include/turtlebot3_msgs/srv/sound.h
[41.261s] -- Installing: /home/user/ros2_ws/install/turtlebot3_msgs/include/turtlebot3_msgs/srv/dqn.h
[41.261s] -- Installing: /home/user/ros2_ws/install/turtlebot3_msgs/include/turtlebot3_msgs/msg
[41.261s] -- Installing: /home/user/ros2_ws/install/turtlebot3_msgs/include/turtlebot3_msgs/msg/detail
[41.262s] -- Installing: /home/user/ros2_ws/install/turtlebot3_msgs/include/turtlebot3_msgs/msg/detail/version_info__functions.h
[41.262s] -- Installing: /home/user/ros2_ws/install/turtlebot3_msgs/include/turtlebot3_msgs/msg/detail/version_info__type_support.h
[41.262s] -- Installing: /home/user/ros2_ws/install/turtlebot3_msgs/include/turtlebot3_msgs/msg/detail/sensor_state__functions.c
[41.262s] -- Installing: /home/user/ros2_ws/install/turtlebot3_msgs/include/turtlebot3_msgs/msg/detail/sound__functions.c
[41.263s] -- Installing: /home/user/ros2_ws/install/turtlebot3_msgs/include/turtlebot3_msgs/msg/detail/sound__struct.h
[41.263s] -- Installing: /home/user/ros2_ws/install/turtlebot3_msgs/include/turtlebot3_msgs/msg/detail/sound__functions.h
[41.263s] -- Installing: /home/user/ros2_ws/install/turtlebot3_msgs/include/turtlebot3_msgs/msg/detail/version_info__functions.c
[41.263s] -- Installing: /home/user/ros2_ws/install/turtlebot3_msgs/include/turtlebot3_msgs/msg/detail/sensor_state__functions.h
[41.263s] -- Installing: /home/user/ros2_ws/install/turtlebot3_msgs/include/turtlebot3_msgs/msg/detail/sensor_state__type_support.h
[41.263s] -- Installing: /home/user/ros2_ws/install/turtlebot3_msgs/include/turtlebot3_msgs/msg/detail/sensor_state__struct.h
[41.264s] -- Installing: /home/user/ros2_ws/install/turtlebot3_msgs/include/turtlebot3_msgs/msg/detail/version_info__struct.h
[41.264s] -- Installing: /home/user/ros2_ws/install/turtlebot3_msgs/include/turtlebot3_msgs/msg/detail/sound__type_support.h
[41.264s] -- Installing: /home/user/ros2_ws/install/turtlebot3_msgs/include/turtlebot3_msgs/msg/rosidl_generator_c__visibility_control.h
[41.265s] -- Installing: /home/user/ros2_ws/install/turtlebot3_msgs/include/turtlebot3_msgs/msg/sound.h
[41.265s] -- Installing: /home/user/ros2_ws/install/turtlebot3_msgs/include/turtlebot3_msgs/msg/sensor_state.h
[41.265s] -- Installing: /home/user/ros2_ws/install/turtlebot3_msgs/include/turtlebot3_msgs/msg/version_info.h
[41.265s] -- Installing: /home/user/ros2_ws/install/turtlebot3_msgs/include/turtlebot3_msgs/action
[41.266s] -- Installing: /home/user/ros2_ws/install/turtlebot3_msgs/include/turtlebot3_msgs/action/detail
[41.266s] -- Installing: /home/user/ros2_ws/install/turtlebot3_msgs/include/turtlebot3_msgs/action/detail/patrol__functions.h
[41.266s] -- Installing: /home/user/ros2_ws/install/turtlebot3_msgs/include/turtlebot3_msgs/action/detail/patrol__functions.c
[41.266s] -- Installing: /home/user/ros2_ws/install/turtlebot3_msgs/include/turtlebot3_msgs/action/detail/patrol__struct.h
[41.267s] -- Installing: /home/user/ros2_ws/install/turtlebot3_msgs/include/turtlebot3_msgs/action/detail/patrol__type_support.h
[41.267s] -- Installing: /home/user/ros2_ws/install/turtlebot3_msgs/include/turtlebot3_msgs/action/patrol.h
[41.267s] -- Installing: /home/user/ros2_ws/install/turtlebot3_msgs/share/turtlebot3_msgs/environment/library_path.sh
[41.268s] -- Installing: /home/user/ros2_ws/install/turtlebot3_msgs/share/turtlebot3_msgs/environment/library_path.dsv
[41.268s] -- Installing: /home/user/ros2_ws/install/turtlebot3_msgs/lib/libturtlebot3_msgs__rosidl_generator_c.so
[41.269s] -- Set runtime path of "/home/user/ros2_ws/install/turtlebot3_msgs/lib/libturtlebot3_msgs__rosidl_generator_c.so" to ""
[41.269s] -- Up-to-date: /home/user/ros2_ws/install/turtlebot3_msgs/include/turtlebot3_msgs
[41.270s] -- Up-to-date: /home/user/ros2_ws/install/turtlebot3_msgs/include/turtlebot3_msgs/srv
[41.270s] -- Up-to-date: /home/user/ros2_ws/install/turtlebot3_msgs/include/turtlebot3_msgs/srv/detail
[41.270s] -- Installing: /home/user/ros2_ws/install/turtlebot3_msgs/include/turtlebot3_msgs/srv/detail/sound__rosidl_typesupport_fastrtps_c.h
[41.270s] -- Installing: /home/user/ros2_ws/install/turtlebot3_msgs/include/turtlebot3_msgs/srv/detail/dqn__rosidl_typesupport_fastrtps_c.h
[41.271s] -- Up-to-date: /home/user/ros2_ws/install/turtlebot3_msgs/include/turtlebot3_msgs/msg
[41.271s] -- Up-to-date: /home/user/ros2_ws/install/turtlebot3_msgs/include/turtlebot3_msgs/msg/detail
[41.271s] -- Installing: /home/user/ros2_ws/install/turtlebot3_msgs/include/turtlebot3_msgs/msg/detail/version_info__rosidl_typesupport_fastrtps_c.h
[41.271s] -- Installing: /home/user/ros2_ws/install/turtlebot3_msgs/include/turtlebot3_msgs/msg/detail/sound__rosidl_typesupport_fastrtps_c.h
[41.272s] -- Installing: /home/user/ros2_ws/install/turtlebot3_msgs/include/turtlebot3_msgs/msg/detail/sensor_state__rosidl_typesupport_fastrtps_c.h
[41.272s] -- Installing: /home/user/ros2_ws/install/turtlebot3_msgs/include/turtlebot3_msgs/msg/rosidl_typesupport_fastrtps_c__visibility_control.h
[41.272s] -- Up-to-date: /home/user/ros2_ws/install/turtlebot3_msgs/include/turtlebot3_msgs/action
[41.272s] -- Up-to-date: /home/user/ros2_ws/install/turtlebot3_msgs/include/turtlebot3_msgs/action/detail
[41.273s] -- Installing: /home/user/ros2_ws/install/turtlebot3_msgs/include/turtlebot3_msgs/action/detail/patrol__rosidl_typesupport_fastrtps_c.h
[41.273s] -- Installing: /home/user/ros2_ws/install/turtlebot3_msgs/lib/libturtlebot3_msgs__rosidl_typesupport_fastrtps_c.so
[41.273s] -- Set runtime path of "/home/user/ros2_ws/install/turtlebot3_msgs/lib/libturtlebot3_msgs__rosidl_typesupport_fastrtps_c.so" to ""
[41.273s] -- Up-to-date: /home/user/ros2_ws/install/turtlebot3_msgs/include/turtlebot3_msgs
[41.274s] -- Up-to-date: /home/user/ros2_ws/install/turtlebot3_msgs/include/turtlebot3_msgs/srv
[41.274s] -- Up-to-date: /home/user/ros2_ws/install/turtlebot3_msgs/include/turtlebot3_msgs/srv/detail
[41.274s] -- Installing: /home/user/ros2_ws/install/turtlebot3_msgs/include/turtlebot3_msgs/srv/detail/dqn__rosidl_typesupport_fastrtps_cpp.hpp
[41.274s] -- Installing: /home/user/ros2_ws/install/turtlebot3_msgs/include/turtlebot3_msgs/srv/detail/sound__rosidl_typesupport_fastrtps_cpp.hpp
[41.275s] -- Installing: /home/user/ros2_ws/install/turtlebot3_msgs/include/turtlebot3_msgs/srv/detail/dds_fastrtps
[41.275s] -- Up-to-date: /home/user/ros2_ws/install/turtlebot3_msgs/include/turtlebot3_msgs/msg
[41.275s] -- Up-to-date: /home/user/ros2_ws/install/turtlebot3_msgs/include/turtlebot3_msgs/msg/detail
[41.275s] -- Installing: /home/user/ros2_ws/install/turtlebot3_msgs/include/turtlebot3_msgs/msg/detail/sensor_state__rosidl_typesupport_fastrtps_cpp.hpp
[41.275s] -- Installing: /home/user/ros2_ws/install/turtlebot3_msgs/include/turtlebot3_msgs/msg/detail/sound__rosidl_typesupport_fastrtps_cpp.hpp
[41.276s] -- Installing: /home/user/ros2_ws/install/turtlebot3_msgs/include/turtlebot3_msgs/msg/detail/dds_fastrtps
[41.276s] -- Installing: /home/user/ros2_ws/install/turtlebot3_msgs/include/turtlebot3_msgs/msg/detail/version_info__rosidl_typesupport_fastrtps_cpp.hpp
[41.276s] -- Installing: /home/user/ros2_ws/install/turtlebot3_msgs/include/turtlebot3_msgs/msg/rosidl_typesupport_fastrtps_cpp__visibility_control.h
[41.277s] -- Up-to-date: /home/user/ros2_ws/install/turtlebot3_msgs/include/turtlebot3_msgs/action
[41.277s] -- Up-to-date: /home/user/ros2_ws/install/turtlebot3_msgs/include/turtlebot3_msgs/action/detail
[41.277s] -- Installing: /home/user/ros2_ws/install/turtlebot3_msgs/include/turtlebot3_msgs/action/detail/dds_fastrtps
[41.277s] -- Installing: /home/user/ros2_ws/install/turtlebot3_msgs/include/turtlebot3_msgs/action/detail/patrol__rosidl_typesupport_fastrtps_cpp.hpp
[41.278s] -- Installing: /home/user/ros2_ws/install/turtlebot3_msgs/lib/libturtlebot3_msgs__rosidl_typesupport_fastrtps_cpp.so
[41.278s] -- Set runtime path of "/home/user/ros2_ws/install/turtlebot3_msgs/lib/libturtlebot3_msgs__rosidl_typesupport_fastrtps_cpp.so" to ""
[41.278s] -- Up-to-date: /home/user/ros2_ws/install/turtlebot3_msgs/include/turtlebot3_msgs
[41.278s] -- Up-to-date: /home/user/ros2_ws/install/turtlebot3_msgs/include/turtlebot3_msgs/srv
[41.279s] -- Up-to-date: /home/user/ros2_ws/install/turtlebot3_msgs/include/turtlebot3_msgs/srv/detail
[41.279s] -- Installing: /home/user/ros2_ws/install/turtlebot3_msgs/include/turtlebot3_msgs/srv/detail/sound__rosidl_typesupport_introspection_c.h
[41.279s] -- Installing: /home/user/ros2_ws/install/turtlebot3_msgs/include/turtlebot3_msgs/srv/detail/dqn__rosidl_typesupport_introspection_c.h
[41.280s] -- Installing: /home/user/ros2_ws/install/turtlebot3_msgs/include/turtlebot3_msgs/srv/detail/sound__type_support.c
[41.280s] -- Installing: /home/user/ros2_ws/install/turtlebot3_msgs/include/turtlebot3_msgs/srv/detail/dqn__type_support.c
[41.280s] -- Up-to-date: /home/user/ros2_ws/install/turtlebot3_msgs/include/turtlebot3_msgs/msg
[41.281s] -- Up-to-date: /home/user/ros2_ws/install/turtlebot3_msgs/include/turtlebot3_msgs/msg/detail
[41.281s] -- Installing: /home/user/ros2_ws/install/turtlebot3_msgs/include/turtlebot3_msgs/msg/detail/version_info__rosidl_typesupport_introspection_c.h
[41.281s] -- Installing: /home/user/ros2_ws/install/turtlebot3_msgs/include/turtlebot3_msgs/msg/detail/sound__rosidl_typesupport_introspection_c.h
[41.281s] -- Installing: /home/user/ros2_ws/install/turtlebot3_msgs/include/turtlebot3_msgs/msg/detail/sensor_state__rosidl_typesupport_introspection_c.h
[41.282s] -- Installing: /home/user/ros2_ws/install/turtlebot3_msgs/include/turtlebot3_msgs/msg/detail/sound__type_support.c
[41.283s] -- Installing: /home/user/ros2_ws/install/turtlebot3_msgs/include/turtlebot3_msgs/msg/detail/version_info__type_support.c
[41.283s] -- Installing: /home/user/ros2_ws/install/turtlebot3_msgs/include/turtlebot3_msgs/msg/detail/sensor_state__type_support.c
[41.283s] -- Installing: /home/user/ros2_ws/install/turtlebot3_msgs/include/turtlebot3_msgs/msg/rosidl_typesupport_introspection_c__visibility_control.h
[41.283s] -- Up-to-date: /home/user/ros2_ws/install/turtlebot3_msgs/include/turtlebot3_msgs/action
[41.283s] -- Up-to-date: /home/user/ros2_ws/install/turtlebot3_msgs/include/turtlebot3_msgs/action/detail
[41.283s] -- Installing: /home/user/ros2_ws/install/turtlebot3_msgs/include/turtlebot3_msgs/action/detail/patrol__rosidl_typesupport_introspection_c.h
[41.284s] -- Installing: /home/user/ros2_ws/install/turtlebot3_msgs/include/turtlebot3_msgs/action/detail/patrol__type_support.c
[41.284s] -- Installing: /home/user/ros2_ws/install/turtlebot3_msgs/lib/libturtlebot3_msgs__rosidl_typesupport_introspection_c.so
[41.284s] -- Set runtime path of "/home/user/ros2_ws/install/turtlebot3_msgs/lib/libturtlebot3_msgs__rosidl_typesupport_introspection_c.so" to ""
[41.284s] -- Installing: /home/user/ros2_ws/install/turtlebot3_msgs/lib/libturtlebot3_msgs__rosidl_typesupport_c.so
[41.286s] -- Set runtime path of "/home/user/ros2_ws/install/turtlebot3_msgs/lib/libturtlebot3_msgs__rosidl_typesupport_c.so" to ""
[41.286s] -- Up-to-date: /home/user/ros2_ws/install/turtlebot3_msgs/include/turtlebot3_msgs
[41.287s] -- Up-to-date: /home/user/ros2_ws/install/turtlebot3_msgs/include/turtlebot3_msgs/srv
[41.287s] -- Up-to-date: /home/user/ros2_ws/install/turtlebot3_msgs/include/turtlebot3_msgs/srv/detail
[41.287s] -- Installing: /home/user/ros2_ws/install/turtlebot3_msgs/include/turtlebot3_msgs/srv/detail/sound__traits.hpp
[41.287s] -- Installing: /home/user/ros2_ws/install/turtlebot3_msgs/include/turtlebot3_msgs/srv/detail/dqn__traits.hpp
[41.288s] -- Installing: /home/user/ros2_ws/install/turtlebot3_msgs/include/turtlebot3_msgs/srv/detail/dqn__struct.hpp
[41.288s] -- Installing: /home/user/ros2_ws/install/turtlebot3_msgs/include/turtlebot3_msgs/srv/detail/dqn__builder.hpp
[41.288s] -- Installing: /home/user/ros2_ws/install/turtlebot3_msgs/include/turtlebot3_msgs/srv/detail/sound__struct.hpp
[41.288s] -- Installing: /home/user/ros2_ws/install/turtlebot3_msgs/include/turtlebot3_msgs/srv/detail/sound__builder.hpp
[41.289s] -- Installing: /home/user/ros2_ws/install/turtlebot3_msgs/include/turtlebot3_msgs/srv/dqn.hpp
[41.289s] -- Installing: /home/user/ros2_ws/install/turtlebot3_msgs/include/turtlebot3_msgs/srv/sound.hpp
[41.289s] -- Up-to-date: /home/user/ros2_ws/install/turtlebot3_msgs/include/turtlebot3_msgs/msg
[41.289s] -- Up-to-date: /home/user/ros2_ws/install/turtlebot3_msgs/include/turtlebot3_msgs/msg/detail
[41.289s] -- Installing: /home/user/ros2_ws/install/turtlebot3_msgs/include/turtlebot3_msgs/msg/detail/sensor_state__traits.hpp
[41.289s] -- Installing: /home/user/ros2_ws/install/turtlebot3_msgs/include/turtlebot3_msgs/msg/detail/sound__traits.hpp
[41.290s] -- Installing: /home/user/ros2_ws/install/turtlebot3_msgs/include/turtlebot3_msgs/msg/detail/version_info__traits.hpp
[41.290s] -- Installing: /home/user/ros2_ws/install/turtlebot3_msgs/include/turtlebot3_msgs/msg/detail/version_info__builder.hpp
[41.290s] -- Installing: /home/user/ros2_ws/install/turtlebot3_msgs/include/turtlebot3_msgs/msg/detail/sensor_state__struct.hpp
[41.290s] -- Installing: /home/user/ros2_ws/install/turtlebot3_msgs/include/turtlebot3_msgs/msg/detail/sensor_state__builder.hpp
[41.291s] -- Installing: /home/user/ros2_ws/install/turtlebot3_msgs/include/turtlebot3_msgs/msg/detail/sound__struct.hpp
[41.291s] -- Installing: /home/user/ros2_ws/install/turtlebot3_msgs/include/turtlebot3_msgs/msg/detail/sound__builder.hpp
[41.291s] -- Installing: /home/user/ros2_ws/install/turtlebot3_msgs/include/turtlebot3_msgs/msg/detail/version_info__struct.hpp
[41.291s] -- Installing: /home/user/ros2_ws/install/turtlebot3_msgs/include/turtlebot3_msgs/msg/version_info.hpp
[41.292s] -- Installing: /home/user/ros2_ws/install/turtlebot3_msgs/include/turtlebot3_msgs/msg/sensor_state.hpp
[41.292s] -- Installing: /home/user/ros2_ws/install/turtlebot3_msgs/include/turtlebot3_msgs/msg/sound.hpp
[41.292s] -- Up-to-date: /home/user/ros2_ws/install/turtlebot3_msgs/include/turtlebot3_msgs/action
[41.292s] -- Up-to-date: /home/user/ros2_ws/install/turtlebot3_msgs/include/turtlebot3_msgs/action/detail
[41.292s] -- Installing: /home/user/ros2_ws/install/turtlebot3_msgs/include/turtlebot3_msgs/action/detail/patrol__traits.hpp
[41.293s] -- Installing: /home/user/ros2_ws/install/turtlebot3_msgs/include/turtlebot3_msgs/action/detail/patrol__builder.hpp
[41.293s] -- Installing: /home/user/ros2_ws/install/turtlebot3_msgs/include/turtlebot3_msgs/action/detail/patrol__struct.hpp
[41.293s] -- Installing: /home/user/ros2_ws/install/turtlebot3_msgs/include/turtlebot3_msgs/action/patrol.hpp
[41.293s] -- Up-to-date: /home/user/ros2_ws/install/turtlebot3_msgs/include/turtlebot3_msgs
[41.293s] -- Up-to-date: /home/user/ros2_ws/install/turtlebot3_msgs/include/turtlebot3_msgs/srv
[41.293s] -- Up-to-date: /home/user/ros2_ws/install/turtlebot3_msgs/include/turtlebot3_msgs/srv/detail
[41.294s] -- Installing: /home/user/ros2_ws/install/turtlebot3_msgs/include/turtlebot3_msgs/srv/detail/dqn__rosidl_typesupport_introspection_cpp.hpp
[41.294s] -- Installing: /home/user/ros2_ws/install/turtlebot3_msgs/include/turtlebot3_msgs/srv/detail/sound__type_support.cpp
[41.294s] -- Installing: /home/user/ros2_ws/install/turtlebot3_msgs/include/turtlebot3_msgs/srv/detail/sound__rosidl_typesupport_introspection_cpp.hpp
[41.294s] -- Installing: /home/user/ros2_ws/install/turtlebot3_msgs/include/turtlebot3_msgs/srv/detail/dqn__type_support.cpp
[41.294s] -- Up-to-date: /home/user/ros2_ws/install/turtlebot3_msgs/include/turtlebot3_msgs/msg
[41.294s] -- Up-to-date: /home/user/ros2_ws/install/turtlebot3_msgs/include/turtlebot3_msgs/msg/detail
[41.295s] -- Installing: /home/user/ros2_ws/install/turtlebot3_msgs/include/turtlebot3_msgs/msg/detail/sensor_state__rosidl_typesupport_introspection_cpp.hpp
[41.295s] -- Installing: /home/user/ros2_ws/install/turtlebot3_msgs/include/turtlebot3_msgs/msg/detail/version_info__type_support.cpp
[41.295s] -- Installing: /home/user/ros2_ws/install/turtlebot3_msgs/include/turtlebot3_msgs/msg/detail/version_info__rosidl_typesupport_introspection_cpp.hpp
[41.295s] -- Installing: /home/user/ros2_ws/install/turtlebot3_msgs/include/turtlebot3_msgs/msg/detail/sensor_state__type_support.cpp
[41.295s] -- Installing: /home/user/ros2_ws/install/turtlebot3_msgs/include/turtlebot3_msgs/msg/detail/sound__type_support.cpp
[41.295s] -- Installing: /home/user/ros2_ws/install/turtlebot3_msgs/include/turtlebot3_msgs/msg/detail/sound__rosidl_typesupport_introspection_cpp.hpp
[41.296s] -- Up-to-date: /home/user/ros2_ws/install/turtlebot3_msgs/include/turtlebot3_msgs/action
[41.296s] -- Up-to-date: /home/user/ros2_ws/install/turtlebot3_msgs/include/turtlebot3_msgs/action/detail
[41.296s] -- Installing: /home/user/ros2_ws/install/turtlebot3_msgs/include/turtlebot3_msgs/action/detail/patrol__type_support.cpp
[41.296s] -- Installing: /home/user/ros2_ws/install/turtlebot3_msgs/include/turtlebot3_msgs/action/detail/patrol__rosidl_typesupport_introspection_cpp.hpp
[41.296s] -- Installing: /home/user/ros2_ws/install/turtlebot3_msgs/lib/libturtlebot3_msgs__rosidl_typesupport_introspection_cpp.so
[41.296s] -- Set runtime path of "/home/user/ros2_ws/install/turtlebot3_msgs/lib/libturtlebot3_msgs__rosidl_typesupport_introspection_cpp.so" to ""
[41.296s] -- Installing: /home/user/ros2_ws/install/turtlebot3_msgs/lib/libturtlebot3_msgs__rosidl_typesupport_cpp.so
[41.297s] -- Set runtime path of "/home/user/ros2_ws/install/turtlebot3_msgs/lib/libturtlebot3_msgs__rosidl_typesupport_cpp.so" to ""
[41.297s] -- Installing: /home/user/ros2_ws/install/turtlebot3_msgs/share/turtlebot3_msgs/environment/pythonpath.sh
[41.297s] -- Installing: /home/user/ros2_ws/install/turtlebot3_msgs/share/turtlebot3_msgs/environment/pythonpath.dsv
[41.297s] -- Installing: /home/user/ros2_ws/install/turtlebot3_msgs/lib/python3.8/site-packages/turtlebot3_msgs/__init__.py
[41.346s] Compiling '/home/user/ros2_ws/install/turtlebot3_msgs/lib/python3.8/site-packages/turtlebot3_msgs/__init__.py'...
[41.354s] -- Installing: /home/user/ros2_ws/install/turtlebot3_msgs/lib/python3.8/site-packages/turtlebot3_msgs/msg
[41.354s] -- Installing: /home/user/ros2_ws/install/turtlebot3_msgs/lib/python3.8/site-packages/turtlebot3_msgs/msg/_sensor_state.py
[41.354s] -- Installing: /home/user/ros2_ws/install/turtlebot3_msgs/lib/python3.8/site-packages/turtlebot3_msgs/msg/_version_info_s.c
[41.355s] -- Installing: /home/user/ros2_ws/install/turtlebot3_msgs/lib/python3.8/site-packages/turtlebot3_msgs/msg/_sensor_state_s.c
[41.355s] -- Installing: /home/user/ros2_ws/install/turtlebot3_msgs/lib/python3.8/site-packages/turtlebot3_msgs/msg/__init__.py
[41.355s] -- Installing: /home/user/ros2_ws/install/turtlebot3_msgs/lib/python3.8/site-packages/turtlebot3_msgs/msg/_sound.py
[41.355s] -- Installing: /home/user/ros2_ws/install/turtlebot3_msgs/lib/python3.8/site-packages/turtlebot3_msgs/msg/_sound_s.c
[41.356s] -- Installing: /home/user/ros2_ws/install/turtlebot3_msgs/lib/python3.8/site-packages/turtlebot3_msgs/msg/_version_info.py
[41.356s] -- Installing: /home/user/ros2_ws/install/turtlebot3_msgs/lib/python3.8/site-packages/turtlebot3_msgs/srv
[41.356s] -- Installing: /home/user/ros2_ws/install/turtlebot3_msgs/lib/python3.8/site-packages/turtlebot3_msgs/srv/_dqn.py
[41.357s] -- Installing: /home/user/ros2_ws/install/turtlebot3_msgs/lib/python3.8/site-packages/turtlebot3_msgs/srv/__init__.py
[41.357s] -- Installing: /home/user/ros2_ws/install/turtlebot3_msgs/lib/python3.8/site-packages/turtlebot3_msgs/srv/_sound.py
[41.357s] -- Installing: /home/user/ros2_ws/install/turtlebot3_msgs/lib/python3.8/site-packages/turtlebot3_msgs/srv/_sound_s.c
[41.357s] -- Installing: /home/user/ros2_ws/install/turtlebot3_msgs/lib/python3.8/site-packages/turtlebot3_msgs/srv/_dqn_s.c
[41.357s] -- Installing: /home/user/ros2_ws/install/turtlebot3_msgs/lib/python3.8/site-packages/turtlebot3_msgs/action
[41.358s] -- Installing: /home/user/ros2_ws/install/turtlebot3_msgs/lib/python3.8/site-packages/turtlebot3_msgs/action/_patrol_s.c
[41.358s] -- Installing: /home/user/ros2_ws/install/turtlebot3_msgs/lib/python3.8/site-packages/turtlebot3_msgs/action/__init__.py
[41.358s] -- Installing: /home/user/ros2_ws/install/turtlebot3_msgs/lib/python3.8/site-packages/turtlebot3_msgs/action/_patrol.py
[41.358s] -- Installing: /home/user/ros2_ws/install/turtlebot3_msgs/lib/python3.8/site-packages/turtlebot3_msgs/turtlebot3_msgs_s__rosidl_typesupport_fastrtps_c.cpython-38-x86_64-linux-gnu.so
[41.358s] -- Set runtime path of "/home/user/ros2_ws/install/turtlebot3_msgs/lib/python3.8/site-packages/turtlebot3_msgs/turtlebot3_msgs_s__rosidl_typesupport_fastrtps_c.cpython-38-x86_64-linux-gnu.so" to ""
[41.359s] -- Installing: /home/user/ros2_ws/install/turtlebot3_msgs/lib/python3.8/site-packages/turtlebot3_msgs/turtlebot3_msgs_s__rosidl_typesupport_introspection_c.cpython-38-x86_64-linux-gnu.so
[41.359s] -- Set runtime path of "/home/user/ros2_ws/install/turtlebot3_msgs/lib/python3.8/site-packages/turtlebot3_msgs/turtlebot3_msgs_s__rosidl_typesupport_introspection_c.cpython-38-x86_64-linux-gnu.so" to ""
[41.359s] -- Installing: /home/user/ros2_ws/install/turtlebot3_msgs/lib/python3.8/site-packages/turtlebot3_msgs/turtlebot3_msgs_s__rosidl_typesupport_c.cpython-38-x86_64-linux-gnu.so
[41.360s] -- Set runtime path of "/home/user/ros2_ws/install/turtlebot3_msgs/lib/python3.8/site-packages/turtlebot3_msgs/turtlebot3_msgs_s__rosidl_typesupport_c.cpython-38-x86_64-linux-gnu.so" to ""
[41.361s] -- Installing: /home/user/ros2_ws/install/turtlebot3_msgs/lib/libturtlebot3_msgs__python.so
[41.361s] -- Set runtime path of "/home/user/ros2_ws/install/turtlebot3_msgs/lib/libturtlebot3_msgs__python.so" to ""
[41.361s] -- Installing: /home/user/ros2_ws/install/turtlebot3_msgs/share/turtlebot3_msgs/msg/SensorState.idl
[41.362s] -- Installing: /home/user/ros2_ws/install/turtlebot3_msgs/share/turtlebot3_msgs/msg/Sound.idl
[41.362s] -- Installing: /home/user/ros2_ws/install/turtlebot3_msgs/share/turtlebot3_msgs/msg/VersionInfo.idl
[41.362s] -- Installing: /home/user/ros2_ws/install/turtlebot3_msgs/share/turtlebot3_msgs/srv/Sound.idl
[41.363s] -- Installing: /home/user/ros2_ws/install/turtlebot3_msgs/share/turtlebot3_msgs/srv/Dqn.idl
[41.363s] -- Installing: /home/user/ros2_ws/install/turtlebot3_msgs/share/turtlebot3_msgs/action/Patrol.idl
[41.363s] -- Installing: /home/user/ros2_ws/install/turtlebot3_msgs/share/turtlebot3_msgs/msg/SensorState.msg
[41.363s] -- Installing: /home/user/ros2_ws/install/turtlebot3_msgs/share/turtlebot3_msgs/msg/Sound.msg
[41.364s] -- Installing: /home/user/ros2_ws/install/turtlebot3_msgs/share/turtlebot3_msgs/msg/VersionInfo.msg
[41.364s] -- Installing: /home/user/ros2_ws/install/turtlebot3_msgs/share/turtlebot3_msgs/srv/Sound.srv
[41.364s] -- Installing: /home/user/ros2_ws/install/turtlebot3_msgs/share/turtlebot3_msgs/srv/Sound_Request.msg
[41.365s] -- Installing: /home/user/ros2_ws/install/turtlebot3_msgs/share/turtlebot3_msgs/srv/Sound_Response.msg
[41.365s] -- Installing: /home/user/ros2_ws/install/turtlebot3_msgs/share/turtlebot3_msgs/srv/Dqn.srv
[41.365s] -- Installing: /home/user/ros2_ws/install/turtlebot3_msgs/share/turtlebot3_msgs/srv/Dqn_Request.msg
[41.365s] -- Installing: /home/user/ros2_ws/install/turtlebot3_msgs/share/turtlebot3_msgs/srv/Dqn_Response.msg
[41.366s] -- Installing: /home/user/ros2_ws/install/turtlebot3_msgs/share/turtlebot3_msgs/action/Patrol.action
[41.366s] -- Installing: /home/user/ros2_ws/install/turtlebot3_msgs/share/ament_index/resource_index/package_run_dependencies/turtlebot3_msgs
[41.366s] -- Installing: /home/user/ros2_ws/install/turtlebot3_msgs/share/ament_index/resource_index/parent_prefix_path/turtlebot3_msgs
[41.367s] -- Installing: /home/user/ros2_ws/install/turtlebot3_msgs/share/turtlebot3_msgs/environment/ament_prefix_path.sh
[41.367s] -- Installing: /home/user/ros2_ws/install/turtlebot3_msgs/share/turtlebot3_msgs/environment/ament_prefix_path.dsv
[41.367s] -- Installing: /home/user/ros2_ws/install/turtlebot3_msgs/share/turtlebot3_msgs/environment/path.sh
[41.368s] -- Installing: /home/user/ros2_ws/install/turtlebot3_msgs/share/turtlebot3_msgs/environment/path.dsv
[41.368s] -- Installing: /home/user/ros2_ws/install/turtlebot3_msgs/share/turtlebot3_msgs/local_setup.bash
[41.368s] -- Installing: /home/user/ros2_ws/install/turtlebot3_msgs/share/turtlebot3_msgs/local_setup.sh
[41.369s] -- Installing: /home/user/ros2_ws/install/turtlebot3_msgs/share/turtlebot3_msgs/local_setup.zsh
[41.369s] -- Installing: /home/user/ros2_ws/install/turtlebot3_msgs/share/turtlebot3_msgs/local_setup.dsv
[41.369s] -- Installing: /home/user/ros2_ws/install/turtlebot3_msgs/share/turtlebot3_msgs/package.dsv
[41.369s] -- Installing: /home/user/ros2_ws/install/turtlebot3_msgs/share/ament_index/resource_index/packages/turtlebot3_msgs
[41.370s] -- Installing: /home/user/ros2_ws/install/turtlebot3_msgs/share/turtlebot3_msgs/cmake/turtlebot3_msgs__rosidl_generator_cExport.cmake
[41.370s] -- Installing: /home/user/ros2_ws/install/turtlebot3_msgs/share/turtlebot3_msgs/cmake/turtlebot3_msgs__rosidl_generator_cExport-noconfig.cmake
[41.371s] -- Installing: /home/user/ros2_ws/install/turtlebot3_msgs/share/turtlebot3_msgs/cmake/turtlebot3_msgs__rosidl_typesupport_introspection_cExport.cmake
[41.371s] -- Installing: /home/user/ros2_ws/install/turtlebot3_msgs/share/turtlebot3_msgs/cmake/turtlebot3_msgs__rosidl_typesupport_introspection_cExport-noconfig.cmake
[41.371s] -- Installing: /home/user/ros2_ws/install/turtlebot3_msgs/share/turtlebot3_msgs/cmake/turtlebot3_msgs__rosidl_typesupport_cExport.cmake
[41.372s] -- Installing: /home/user/ros2_ws/install/turtlebot3_msgs/share/turtlebot3_msgs/cmake/turtlebot3_msgs__rosidl_typesupport_cExport-noconfig.cmake
[41.372s] -- Installing: /home/user/ros2_ws/install/turtlebot3_msgs/share/turtlebot3_msgs/cmake/turtlebot3_msgs__rosidl_generator_cppExport.cmake
[41.372s] -- Installing: /home/user/ros2_ws/install/turtlebot3_msgs/share/turtlebot3_msgs/cmake/turtlebot3_msgs__rosidl_typesupport_introspection_cppExport.cmake
[41.373s] -- Installing: /home/user/ros2_ws/install/turtlebot3_msgs/share/turtlebot3_msgs/cmake/turtlebot3_msgs__rosidl_typesupport_introspection_cppExport-noconfig.cmake
[41.373s] -- Installing: /home/user/ros2_ws/install/turtlebot3_msgs/share/turtlebot3_msgs/cmake/turtlebot3_msgs__rosidl_typesupport_cppExport.cmake
[41.373s] -- Installing: /home/user/ros2_ws/install/turtlebot3_msgs/share/turtlebot3_msgs/cmake/turtlebot3_msgs__rosidl_typesupport_cppExport-noconfig.cmake
[41.374s] -- Installing: /home/user/ros2_ws/install/turtlebot3_msgs/share/turtlebot3_msgs/cmake/rosidl_cmake-extras.cmake
[41.374s] -- Installing: /home/user/ros2_ws/install/turtlebot3_msgs/share/turtlebot3_msgs/cmake/ament_cmake_export_dependencies-extras.cmake
[41.374s] -- Installing: /home/user/ros2_ws/install/turtlebot3_msgs/share/turtlebot3_msgs/cmake/ament_cmake_export_libraries-extras.cmake
[41.375s] -- Installing: /home/user/ros2_ws/install/turtlebot3_msgs/share/turtlebot3_msgs/cmake/ament_cmake_export_targets-extras.cmake
[41.375s] -- Installing: /home/user/ros2_ws/install/turtlebot3_msgs/share/turtlebot3_msgs/cmake/ament_cmake_export_include_directories-extras.cmake
[41.375s] -- Installing: /home/user/ros2_ws/install/turtlebot3_msgs/share/turtlebot3_msgs/cmake/rosidl_cmake_export_typesupport_libraries-extras.cmake
[41.376s] -- Installing: /home/user/ros2_ws/install/turtlebot3_msgs/share/turtlebot3_msgs/cmake/rosidl_cmake_export_typesupport_targets-extras.cmake
[41.376s] -- Installing: /home/user/ros2_ws/install/turtlebot3_msgs/share/turtlebot3_msgs/cmake/turtlebot3_msgsConfig.cmake
[41.376s] -- Installing: /home/user/ros2_ws/install/turtlebot3_msgs/share/turtlebot3_msgs/cmake/turtlebot3_msgsConfig-version.cmake
[41.377s] -- Installing: /home/user/ros2_ws/install/turtlebot3_msgs/share/turtlebot3_msgs/package.xml
[41.383s] Invoked command in '/home/user/ros2_ws/build/turtlebot3_msgs' returned '0': CMAKE_PREFIX_PATH=/opt/ros/foxy:${CMAKE_PREFIX_PATH} _=/usr/bin/env /usr/bin/cmake --install /home/user/ros2_ws/build/turtlebot3_msgs
