[0.230s] Invoking command in '/home/user/ros2_ws/build/turtlebot3_bringup': CMAKE_PREFIX_PATH=/home/user/ros2_ws/install/turtlebot3_description:/home/simulations/ros2_sims_ws/install/ros1_bridge:/home/user/ros2_ws/install/turtlebot3:/home/user/ros2_ws/install/turtlebot3_navigation2:/home/user/ros2_ws/install/turtlebot3_msgs:/home/user/ros2_ws/install/turtlebot3_bringup:/home/user/ros2_ws/install/turtlebot3_teleop:/home/user/ros2_ws/install/turtlebot3_example:/home/user/ros2_ws/install/project_mapping:/home/user/ros2_ws/install/my_package:/opt/ros/foxy _=/usr/bin/env /usr/bin/cmake --build /home/user/ros2_ws/build/turtlebot3_bringup -- -j8 -l8
[0.831s] Invoked command in '/home/user/ros2_ws/build/turtlebot3_bringup' returned '0': CMAKE_PREFIX_PATH=/home/user/ros2_ws/install/turtlebot3_description:/home/simulations/ros2_sims_ws/install/ros1_bridge:/home/user/ros2_ws/install/turtlebot3:/home/user/ros2_ws/install/turtlebot3_navigation2:/home/user/ros2_ws/install/turtlebot3_msgs:/home/user/ros2_ws/install/turtlebot3_bringup:/home/user/ros2_ws/install/turtlebot3_teleop:/home/user/ros2_ws/install/turtlebot3_example:/home/user/ros2_ws/install/project_mapping:/home/user/ros2_ws/install/my_package:/opt/ros/foxy _=/usr/bin/env /usr/bin/cmake --build /home/user/ros2_ws/build/turtlebot3_bringup -- -j8 -l8
[1.814s] Invoking command in '/home/user/ros2_ws/build/turtlebot3_bringup': CMAKE_PREFIX_PATH=/home/user/ros2_ws/install/turtlebot3_description:/home/simulations/ros2_sims_ws/install/ros1_bridge:/home/user/ros2_ws/install/turtlebot3:/home/user/ros2_ws/install/turtlebot3_navigation2:/home/user/ros2_ws/install/turtlebot3_msgs:/home/user/ros2_ws/install/turtlebot3_bringup:/home/user/ros2_ws/install/turtlebot3_teleop:/home/user/ros2_ws/install/turtlebot3_example:/home/user/ros2_ws/install/project_mapping:/home/user/ros2_ws/install/my_package:/opt/ros/foxy _=/usr/bin/env /usr/bin/cmake --install /home/user/ros2_ws/build/turtlebot3_bringup
[1.933s] -- Install configuration: ""
[1.934s] -- Up-to-date: /home/user/ros2_ws/install/turtlebot3_bringup/share/turtlebot3_bringup/launch
[1.935s] -- Up-to-date: /home/user/ros2_ws/install/turtlebot3_bringup/share/turtlebot3_bringup/launch/rviz2.launch.py
[1.935s] -- Up-to-date: /home/user/ros2_ws/install/turtlebot3_bringup/share/turtlebot3_bringup/launch/turtlebot3_state_publisher.launch.py
[1.936s] -- Up-to-date: /home/user/ros2_ws/install/turtlebot3_bringup/share/turtlebot3_bringup/launch/robot.launch.py
[1.936s] -- Up-to-date: /home/user/ros2_ws/install/turtlebot3_bringup/share/turtlebot3_bringup/param
[1.940s] -- Up-to-date: /home/user/ros2_ws/install/turtlebot3_bringup/share/turtlebot3_bringup/param/burger.yaml
[2.001s] -- Up-to-date: /home/user/ros2_ws/install/turtlebot3_bringup/share/turtlebot3_bringup/param/waffle.yaml
[2.001s] -- Up-to-date: /home/user/ros2_ws/install/turtlebot3_bringup/share/turtlebot3_bringup/param/waffle_pi.yaml
[2.002s] -- Up-to-date: /home/user/ros2_ws/install/turtlebot3_bringup/share/ament_index/resource_index/package_run_dependencies/turtlebot3_bringup
[2.002s] -- Up-to-date: /home/user/ros2_ws/install/turtlebot3_bringup/share/ament_index/resource_index/parent_prefix_path/turtlebot3_bringup
[2.003s] -- Up-to-date: /home/user/ros2_ws/install/turtlebot3_bringup/share/turtlebot3_bringup/environment/ament_prefix_path.sh
[2.003s] -- Up-to-date: /home/user/ros2_ws/install/turtlebot3_bringup/share/turtlebot3_bringup/environment/ament_prefix_path.dsv
[2.004s] -- Up-to-date: /home/user/ros2_ws/install/turtlebot3_bringup/share/turtlebot3_bringup/environment/path.sh
[2.006s] -- Up-to-date: /home/user/ros2_ws/install/turtlebot3_bringup/share/turtlebot3_bringup/environment/path.dsv
[2.006s] -- Up-to-date: /home/user/ros2_ws/install/turtlebot3_bringup/share/turtlebot3_bringup/local_setup.bash
[2.006s] -- Up-to-date: /home/user/ros2_ws/install/turtlebot3_bringup/share/turtlebot3_bringup/local_setup.sh
[2.008s] -- Up-to-date: /home/user/ros2_ws/install/turtlebot3_bringup/share/turtlebot3_bringup/local_setup.zsh
[2.008s] -- Up-to-date: /home/user/ros2_ws/install/turtlebot3_bringup/share/turtlebot3_bringup/local_setup.dsv
[2.012s] -- Installing: /home/user/ros2_ws/install/turtlebot3_bringup/share/turtlebot3_bringup/package.dsv
[2.019s] -- Up-to-date: /home/user/ros2_ws/install/turtlebot3_bringup/share/ament_index/resource_index/packages/turtlebot3_bringup
[2.020s] -- Up-to-date: /home/user/ros2_ws/install/turtlebot3_bringup/share/turtlebot3_bringup/cmake/turtlebot3_bringupConfig.cmake
[2.020s] -- Up-to-date: /home/user/ros2_ws/install/turtlebot3_bringup/share/turtlebot3_bringup/cmake/turtlebot3_bringupConfig-version.cmake
[2.021s] -- Up-to-date: /home/user/ros2_ws/install/turtlebot3_bringup/share/turtlebot3_bringup/package.xml
[2.102s] Invoked command in '/home/user/ros2_ws/build/turtlebot3_bringup' returned '0': CMAKE_PREFIX_PATH=/home/user/ros2_ws/install/turtlebot3_description:/home/simulations/ros2_sims_ws/install/ros1_bridge:/home/user/ros2_ws/install/turtlebot3:/home/user/ros2_ws/install/turtlebot3_navigation2:/home/user/ros2_ws/install/turtlebot3_msgs:/home/user/ros2_ws/install/turtlebot3_bringup:/home/user/ros2_ws/install/turtlebot3_teleop:/home/user/ros2_ws/install/turtlebot3_example:/home/user/ros2_ws/install/project_mapping:/home/user/ros2_ws/install/my_package:/opt/ros/foxy _=/usr/bin/env /usr/bin/cmake --install /home/user/ros2_ws/build/turtlebot3_bringup
