[10.668s] Invoking command in '/home/user/ros2_ws/src/project_mapping': PYTHONPATH=/home/user/ros2_ws/install/project_mapping/lib/python3.8/site-packages:${PYTHONPATH} _=/usr/bin/env /usr/bin/python3 setup.py egg_info --egg-base ../../build/project_mapping build --build-base /home/user/ros2_ws/build/project_mapping/build install --prefix /home/user/ros2_ws/install/project_mapping --record /home/user/ros2_ws/build/project_mapping/install.log --single-version-externally-managed
[14.271s] running egg_info
[14.272s] writing ../../build/project_mapping/project_mapping.egg-info/PKG-INFO
[14.274s] writing dependency_links to ../../build/project_mapping/project_mapping.egg-info/dependency_links.txt
[14.275s] writing entry points to ../../build/project_mapping/project_mapping.egg-info/entry_points.txt
[14.275s] writing requirements to ../../build/project_mapping/project_mapping.egg-info/requires.txt
[14.276s] writing top-level names to ../../build/project_mapping/project_mapping.egg-info/top_level.txt
[14.782s] reading manifest file '../../build/project_mapping/project_mapping.egg-info/SOURCES.txt'
[14.788s] writing manifest file '../../build/project_mapping/project_mapping.egg-info/SOURCES.txt'
[14.791s] running build
[14.792s] running build_py
[14.795s] running install
[14.806s] running install_lib
[14.872s] running install_data
[14.872s] running install_egg_info
[14.872s] removing '/home/user/ros2_ws/install/project_mapping/lib/python3.8/site-packages/project_mapping-0.0.0-py3.8.egg-info' (and everything under it)
[14.872s] Copying ../../build/project_mapping/project_mapping.egg-info to /home/user/ros2_ws/install/project_mapping/lib/python3.8/site-packages/project_mapping-0.0.0-py3.8.egg-info
[14.880s] running install_scripts
[15.068s] Installing cartographer_node script to /home/user/ros2_ws/install/project_mapping/lib/project_mapping
[15.068s] Installing occupancy_grid_node script to /home/user/ros2_ws/install/project_mapping/lib/project_mapping
[15.068s] writing list of installed files to '/home/user/ros2_ws/build/project_mapping/install.log'
[15.195s] Invoked command in '/home/user/ros2_ws/src/project_mapping' returned '0': PYTHONPATH=/home/user/ros2_ws/install/project_mapping/lib/python3.8/site-packages:${PYTHONPATH} _=/usr/bin/env /usr/bin/python3 setup.py egg_info --egg-base ../../build/project_mapping build --build-base /home/user/ros2_ws/build/project_mapping/build install --prefix /home/user/ros2_ws/install/project_mapping --record /home/user/ros2_ws/build/project_mapping/install.log --single-version-externally-managed
