[11.158s] Invoking command in '/home/user/ros2_ws/src/project_mapping': PYTHONPATH=/home/user/ros2_ws/install/project_mapping/lib/python3.8/site-packages:${PYTHONPATH} _=/usr/bin/env /usr/bin/python3 setup.py egg_info --egg-base ../../build/project_mapping build --build-base /home/user/ros2_ws/build/project_mapping/build install --prefix /home/user/ros2_ws/install/project_mapping --record /home/user/ros2_ws/build/project_mapping/install.log --single-version-externally-managed
[14.504s] running egg_info
[14.507s] writing ../../build/project_mapping/project_mapping.egg-info/PKG-INFO
[14.508s] writing dependency_links to ../../build/project_mapping/project_mapping.egg-info/dependency_links.txt
[14.509s] writing entry points to ../../build/project_mapping/project_mapping.egg-info/entry_points.txt
[14.510s] writing requirements to ../../build/project_mapping/project_mapping.egg-info/requires.txt
[14.510s] writing top-level names to ../../build/project_mapping/project_mapping.egg-info/top_level.txt
[14.802s] reading manifest file '../../build/project_mapping/project_mapping.egg-info/SOURCES.txt'
[14.803s] writing manifest file '../../build/project_mapping/project_mapping.egg-info/SOURCES.txt'
[14.804s] running build
[14.804s] running build_py
[14.804s] running install
[14.807s] running install_lib
[14.809s] running install_data
[14.816s] running install_egg_info
[14.816s] removing '/home/user/ros2_ws/install/project_mapping/lib/python3.8/site-packages/project_mapping-0.0.0-py3.8.egg-info' (and everything under it)
[14.816s] Copying ../../build/project_mapping/project_mapping.egg-info to /home/user/ros2_ws/install/project_mapping/lib/python3.8/site-packages/project_mapping-0.0.0-py3.8.egg-info
[14.817s] running install_scripts
[14.916s] Installing cartographer_node script to /home/user/ros2_ws/install/project_mapping/lib/project_mapping
[14.917s] Installing occupancy_grid_node script to /home/user/ros2_ws/install/project_mapping/lib/project_mapping
[14.918s] writing list of installed files to '/home/user/ros2_ws/build/project_mapping/install.log'
[15.500s] Invoked command in '/home/user/ros2_ws/src/project_mapping' returned '0': PYTHONPATH=/home/user/ros2_ws/install/project_mapping/lib/python3.8/site-packages:${PYTHONPATH} _=/usr/bin/env /usr/bin/python3 setup.py egg_info --egg-base ../../build/project_mapping build --build-base /home/user/ros2_ws/build/project_mapping/build install --prefix /home/user/ros2_ws/install/project_mapping --record /home/user/ros2_ws/build/project_mapping/install.log --single-version-externally-managed
