[18.295s] Invoking command in '/home/user/ros2_ws/src/project_mapping': PYTHONPATH=/home/user/ros2_ws/install/project_mapping/lib/python3.8/site-packages:${PYTHONPATH} _=/usr/bin/env /usr/bin/python3 setup.py egg_info --egg-base ../../build/project_mapping build --build-base /home/user/ros2_ws/build/project_mapping/build install --prefix /home/user/ros2_ws/install/project_mapping --record /home/user/ros2_ws/build/project_mapping/install.log --single-version-externally-managed
[23.112s] running egg_info
[23.123s] writing ../../build/project_mapping/project_mapping.egg-info/PKG-INFO
[23.128s] writing dependency_links to ../../build/project_mapping/project_mapping.egg-info/dependency_links.txt
[23.129s] writing entry points to ../../build/project_mapping/project_mapping.egg-info/entry_points.txt
[23.129s] writing requirements to ../../build/project_mapping/project_mapping.egg-info/requires.txt
[23.129s] writing top-level names to ../../build/project_mapping/project_mapping.egg-info/top_level.txt
[24.729s] reading manifest file '../../build/project_mapping/project_mapping.egg-info/SOURCES.txt'
[24.730s] writing manifest file '../../build/project_mapping/project_mapping.egg-info/SOURCES.txt'
[24.730s] running build
[24.730s] running build_py
[24.731s] running install
[24.731s] running install_lib
[24.765s] running install_data
[24.765s] running install_egg_info
[24.824s] removing '/home/user/ros2_ws/install/project_mapping/lib/python3.8/site-packages/project_mapping-0.0.0-py3.8.egg-info' (and everything under it)
[24.826s] Copying ../../build/project_mapping/project_mapping.egg-info to /home/user/ros2_ws/install/project_mapping/lib/python3.8/site-packages/project_mapping-0.0.0-py3.8.egg-info
[24.834s] running install_scripts
[25.076s] Installing cartographer_node script to /home/user/ros2_ws/install/project_mapping/lib/project_mapping
[25.078s] Installing occupancy_grid_node script to /home/user/ros2_ws/install/project_mapping/lib/project_mapping
[25.079s] writing list of installed files to '/home/user/ros2_ws/build/project_mapping/install.log'
[25.583s] Invoked command in '/home/user/ros2_ws/src/project_mapping' returned '0': PYTHONPATH=/home/user/ros2_ws/install/project_mapping/lib/python3.8/site-packages:${PYTHONPATH} _=/usr/bin/env /usr/bin/python3 setup.py egg_info --egg-base ../../build/project_mapping build --build-base /home/user/ros2_ws/build/project_mapping/build install --prefix /home/user/ros2_ws/install/project_mapping --record /home/user/ros2_ws/build/project_mapping/install.log --single-version-externally-managed
