[18.436s] Invoking command in '/home/user/ros2_ws/src/map_server': PYTHONPATH=/home/user/ros2_ws/install/map_server/lib/python3.8/site-packages:${PYTHONPATH} _=/usr/bin/env /usr/bin/python3 setup.py egg_info --egg-base ../../build/map_server build --build-base /home/user/ros2_ws/build/map_server/build install --prefix /home/user/ros2_ws/install/map_server --record /home/user/ros2_ws/build/map_server/install.log --single-version-externally-managed
[23.458s] running egg_info
[23.500s] writing ../../build/map_server/map_server.egg-info/PKG-INFO
[23.518s] writing dependency_links to ../../build/map_server/map_server.egg-info/dependency_links.txt
[23.519s] writing entry points to ../../build/map_server/map_server.egg-info/entry_points.txt
[23.519s] writing requirements to ../../build/map_server/map_server.egg-info/requires.txt
[23.519s] writing top-level names to ../../build/map_server/map_server.egg-info/top_level.txt
[23.916s] reading manifest file '../../build/map_server/map_server.egg-info/SOURCES.txt'
[23.916s] writing manifest file '../../build/map_server/map_server.egg-info/SOURCES.txt'
[23.917s] running build
[23.917s] running build_py
[23.917s] running install
[23.918s] running install_lib
[23.928s] running install_data
[23.929s] running install_egg_info
[23.946s] removing '/home/user/ros2_ws/install/map_server/lib/python3.8/site-packages/map_server-0.0.0-py3.8.egg-info' (and everything under it)
[23.952s] Copying ../../build/map_server/map_server.egg-info to /home/user/ros2_ws/install/map_server/lib/python3.8/site-packages/map_server-0.0.0-py3.8.egg-info
[23.956s] running install_scripts
[24.114s] Installing lifecycle_manager script to /home/user/ros2_ws/install/map_server/lib/map_server
[24.114s] Installing map_server script to /home/user/ros2_ws/install/map_server/lib/map_server
[24.116s] writing list of installed files to '/home/user/ros2_ws/build/map_server/install.log'
[24.315s] Invoked command in '/home/user/ros2_ws/src/map_server' returned '0': PYTHONPATH=/home/user/ros2_ws/install/map_server/lib/python3.8/site-packages:${PYTHONPATH} _=/usr/bin/env /usr/bin/python3 setup.py egg_info --egg-base ../../build/map_server build --build-base /home/user/ros2_ws/build/map_server/build install --prefix /home/user/ros2_ws/install/map_server --record /home/user/ros2_ws/build/map_server/install.log --single-version-externally-managed
