[2.919s] DEBUG:colcon:Command line arguments: ['/usr/bin/colcon', 'build', '--packages-select', 'project_path_planning']
[2.919s] DEBUG:colcon:Parsed command line arguments: Namespace(ament_cmake_args=None, base_paths=['.'], build_base='build', catkin_cmake_args=None, catkin_skip_building_tests=False, cmake_args=None, cmake_clean_cache=False, cmake_clean_first=False, cmake_force_configure=False, cmake_target=None, cmake_target_skip_unavailable=False, continue_on_error=False, event_handlers=None, executor='parallel', ignore_user_meta=False, install_base='install', log_base=None, log_level=None, main=<bound method BuildVerb.main of <colcon_core.verb.build.BuildVerb object at 0x7fcea749b130>>, merge_install=False, metas=['./colcon.meta'], packages_above=None, packages_above_and_dependencies=None, packages_above_depth=None, packages_end=None, packages_ignore=None, packages_ignore_regex=None, packages_select=['project_path_planning'], packages_select_build_failed=False, packages_select_by_dep=None, packages_select_regex=None, packages_select_test_failures=False, packages_skip=None, packages_skip_build_finished=False, packages_skip_by_dep=None, packages_skip_regex=None, packages_skip_test_passed=False, packages_skip_up_to=None, packages_start=None, packages_up_to=None, packages_up_to_regex=None, parallel_workers=8, paths=None, symlink_install=False, test_result_base=None, verb_extension=<colcon_core.verb.build.BuildVerb object at 0x7fcea749b130>, verb_name='build', verb_parser=<colcon_defaults.argument_parser.defaults.DefaultArgumentsDecorator object at 0x7fcea749b670>)
[2.933s] Level 1:colcon.colcon_core.package_discovery:discover_packages(colcon_meta) check parameters
[2.933s] Level 1:colcon.colcon_core.package_discovery:discover_packages(recursive) check parameters
[2.933s] Level 1:colcon.colcon_core.package_discovery:discover_packages(ignore) check parameters
[2.933s] Level 1:colcon.colcon_core.package_discovery:discover_packages(path) check parameters
[2.933s] Level 1:colcon.colcon_core.package_discovery:discover_packages(colcon_meta) discover
[2.933s] Level 1:colcon.colcon_core.package_discovery:discover_packages(recursive) discover
[2.933s] INFO:colcon.colcon_core.package_discovery:Crawling recursively for packages in '/home/user/ros2_ws'
[2.934s] Level 1:colcon.colcon_core.package_identification:_identify(.) by extensions ['ignore', 'ignore_ament_install']
[2.934s] Level 1:colcon.colcon_core.package_identification:_identify(.) by extension 'ignore'
[2.935s] Level 1:colcon.colcon_core.package_identification:_identify(.) by extension 'ignore_ament_install'
[2.935s] Level 1:colcon.colcon_core.package_identification:_identify(.) by extensions ['colcon_pkg']
[2.935s] Level 1:colcon.colcon_core.package_identification:_identify(.) by extension 'colcon_pkg'
[2.936s] Level 1:colcon.colcon_core.package_identification:_identify(.) by extensions ['colcon_meta']
[2.936s] Level 1:colcon.colcon_core.package_identification:_identify(.) by extension 'colcon_meta'
[2.936s] Level 1:colcon.colcon_core.package_identification:_identify(.) by extensions ['ros']
[2.936s] Level 1:colcon.colcon_core.package_identification:_identify(.) by extension 'ros'
[3.018s] Level 1:colcon.colcon_core.package_identification:_identify(.) by extensions ['cmake', 'python']
[3.018s] Level 1:colcon.colcon_core.package_identification:_identify(.) by extension 'cmake'
[3.018s] Level 1:colcon.colcon_core.package_identification:_identify(.) by extension 'python'
[3.018s] Level 1:colcon.colcon_core.package_identification:_identify(.) by extensions ['python_setup_py']
[3.018s] Level 1:colcon.colcon_core.package_identification:_identify(.) by extension 'python_setup_py'
[3.019s] Level 1:colcon.colcon_core.package_identification:_identify(build) by extensions ['ignore', 'ignore_ament_install']
[3.019s] Level 1:colcon.colcon_core.package_identification:_identify(build) by extension 'ignore'
[3.019s] Level 1:colcon.colcon_core.package_identification:_identify(build) ignored
[3.019s] Level 1:colcon.colcon_core.package_identification:_identify(install) by extensions ['ignore', 'ignore_ament_install']
[3.019s] Level 1:colcon.colcon_core.package_identification:_identify(install) by extension 'ignore'
[3.019s] Level 1:colcon.colcon_core.package_identification:_identify(install) ignored
[3.020s] Level 1:colcon.colcon_core.package_identification:_identify(log) by extensions ['ignore', 'ignore_ament_install']
[3.020s] Level 1:colcon.colcon_core.package_identification:_identify(log) by extension 'ignore'
[3.020s] Level 1:colcon.colcon_core.package_identification:_identify(log) ignored
[3.020s] Level 1:colcon.colcon_core.package_identification:_identify(src) by extensions ['ignore', 'ignore_ament_install']
[3.020s] Level 1:colcon.colcon_core.package_identification:_identify(src) by extension 'ignore'
[3.021s] Level 1:colcon.colcon_core.package_identification:_identify(src) by extension 'ignore_ament_install'
[3.021s] Level 1:colcon.colcon_core.package_identification:_identify(src) by extensions ['colcon_pkg']
[3.021s] Level 1:colcon.colcon_core.package_identification:_identify(src) by extension 'colcon_pkg'
[3.021s] Level 1:colcon.colcon_core.package_identification:_identify(src) by extensions ['colcon_meta']
[3.021s] Level 1:colcon.colcon_core.package_identification:_identify(src) by extension 'colcon_meta'
[3.021s] Level 1:colcon.colcon_core.package_identification:_identify(src) by extensions ['ros']
[3.021s] Level 1:colcon.colcon_core.package_identification:_identify(src) by extension 'ros'
[3.022s] Level 1:colcon.colcon_core.package_identification:_identify(src) by extensions ['cmake', 'python']
[3.022s] Level 1:colcon.colcon_core.package_identification:_identify(src) by extension 'cmake'
[3.022s] Level 1:colcon.colcon_core.package_identification:_identify(src) by extension 'python'
[3.022s] Level 1:colcon.colcon_core.package_identification:_identify(src) by extensions ['python_setup_py']
[3.022s] Level 1:colcon.colcon_core.package_identification:_identify(src) by extension 'python_setup_py'
[3.022s] Level 1:colcon.colcon_core.package_identification:_identify(src/build) by extensions ['ignore', 'ignore_ament_install']
[3.023s] Level 1:colcon.colcon_core.package_identification:_identify(src/build) by extension 'ignore'
[3.023s] Level 1:colcon.colcon_core.package_identification:_identify(src/build) ignored
[3.023s] Level 1:colcon.colcon_core.package_identification:_identify(src/install) by extensions ['ignore', 'ignore_ament_install']
[3.023s] Level 1:colcon.colcon_core.package_identification:_identify(src/install) by extension 'ignore'
[3.023s] Level 1:colcon.colcon_core.package_identification:_identify(src/install) ignored
[3.024s] Level 1:colcon.colcon_core.package_identification:_identify(src/log) by extensions ['ignore', 'ignore_ament_install']
[3.024s] Level 1:colcon.colcon_core.package_identification:_identify(src/log) by extension 'ignore'
[3.024s] Level 1:colcon.colcon_core.package_identification:_identify(src/log) ignored
[3.024s] Level 1:colcon.colcon_core.package_identification:_identify(src/map_server) by extensions ['ignore', 'ignore_ament_install']
[3.025s] Level 1:colcon.colcon_core.package_identification:_identify(src/map_server) by extension 'ignore'
[3.025s] Level 1:colcon.colcon_core.package_identification:_identify(src/map_server) by extension 'ignore_ament_install'
[3.025s] Level 1:colcon.colcon_core.package_identification:_identify(src/map_server) by extensions ['colcon_pkg']
[3.025s] Level 1:colcon.colcon_core.package_identification:_identify(src/map_server) by extension 'colcon_pkg'
[3.026s] Level 1:colcon.colcon_core.package_identification:_identify(src/map_server) by extensions ['colcon_meta']
[3.026s] Level 1:colcon.colcon_core.package_identification:_identify(src/map_server) by extension 'colcon_meta'
[3.026s] Level 1:colcon.colcon_core.package_identification:_identify(src/map_server) by extensions ['ros']
[3.026s] Level 1:colcon.colcon_core.package_identification:_identify(src/map_server) by extension 'ros'
[3.031s] DEBUG:colcon.colcon_core.package_identification:Package 'src/map_server' with type 'ros.ament_python' and name 'map_server'
[3.031s] Level 1:colcon.colcon_core.package_identification:_identify(src/project_localization) by extensions ['ignore', 'ignore_ament_install']
[3.031s] Level 1:colcon.colcon_core.package_identification:_identify(src/project_localization) by extension 'ignore'
[3.031s] Level 1:colcon.colcon_core.package_identification:_identify(src/project_localization) by extension 'ignore_ament_install'
[3.031s] Level 1:colcon.colcon_core.package_identification:_identify(src/project_localization) by extensions ['colcon_pkg']
[3.032s] Level 1:colcon.colcon_core.package_identification:_identify(src/project_localization) by extension 'colcon_pkg'
[3.032s] Level 1:colcon.colcon_core.package_identification:_identify(src/project_localization) by extensions ['colcon_meta']
[3.032s] Level 1:colcon.colcon_core.package_identification:_identify(src/project_localization) by extension 'colcon_meta'
[3.032s] Level 1:colcon.colcon_core.package_identification:_identify(src/project_localization) by extensions ['ros']
[3.032s] Level 1:colcon.colcon_core.package_identification:_identify(src/project_localization) by extension 'ros'
[3.033s] DEBUG:colcon.colcon_core.package_identification:Package 'src/project_localization' with type 'ros.ament_python' and name 'project_localization'
[3.033s] Level 1:colcon.colcon_core.package_identification:_identify(src/project_mapping) by extensions ['ignore', 'ignore_ament_install']
[3.034s] Level 1:colcon.colcon_core.package_identification:_identify(src/project_mapping) by extension 'ignore'
[3.034s] Level 1:colcon.colcon_core.package_identification:_identify(src/project_mapping) by extension 'ignore_ament_install'
[3.034s] Level 1:colcon.colcon_core.package_identification:_identify(src/project_mapping) by extensions ['colcon_pkg']
[3.034s] Level 1:colcon.colcon_core.package_identification:_identify(src/project_mapping) by extension 'colcon_pkg'
[3.034s] Level 1:colcon.colcon_core.package_identification:_identify(src/project_mapping) by extensions ['colcon_meta']
[3.034s] Level 1:colcon.colcon_core.package_identification:_identify(src/project_mapping) by extension 'colcon_meta'
[3.034s] Level 1:colcon.colcon_core.package_identification:_identify(src/project_mapping) by extensions ['ros']
[3.035s] Level 1:colcon.colcon_core.package_identification:_identify(src/project_mapping) by extension 'ros'
[3.099s] DEBUG:colcon.colcon_core.package_identification:Package 'src/project_mapping' with type 'ros.ament_python' and name 'project_mapping'
[3.100s] Level 1:colcon.colcon_core.package_identification:_identify(src/project_path_planning) by extensions ['ignore', 'ignore_ament_install']
[3.100s] Level 1:colcon.colcon_core.package_identification:_identify(src/project_path_planning) by extension 'ignore'
[3.100s] Level 1:colcon.colcon_core.package_identification:_identify(src/project_path_planning) by extension 'ignore_ament_install'
[3.100s] Level 1:colcon.colcon_core.package_identification:_identify(src/project_path_planning) by extensions ['colcon_pkg']
[3.101s] Level 1:colcon.colcon_core.package_identification:_identify(src/project_path_planning) by extension 'colcon_pkg'
[3.101s] Level 1:colcon.colcon_core.package_identification:_identify(src/project_path_planning) by extensions ['colcon_meta']
[3.101s] Level 1:colcon.colcon_core.package_identification:_identify(src/project_path_planning) by extension 'colcon_meta'
[3.101s] Level 1:colcon.colcon_core.package_identification:_identify(src/project_path_planning) by extensions ['ros']
[3.102s] Level 1:colcon.colcon_core.package_identification:_identify(src/project_path_planning) by extension 'ros'
[3.103s] DEBUG:colcon.colcon_core.package_identification:Package 'src/project_path_planning' with type 'ros.ament_python' and name 'project_path_planning'
[3.103s] Level 1:colcon.colcon_core.package_identification:_identify(src/turtlebot3) by extensions ['ignore', 'ignore_ament_install']
[3.104s] Level 1:colcon.colcon_core.package_identification:_identify(src/turtlebot3) by extension 'ignore'
[3.105s] Level 1:colcon.colcon_core.package_identification:_identify(src/turtlebot3) by extension 'ignore_ament_install'
[3.105s] Level 1:colcon.colcon_core.package_identification:_identify(src/turtlebot3) by extensions ['colcon_pkg']
[3.105s] Level 1:colcon.colcon_core.package_identification:_identify(src/turtlebot3) by extension 'colcon_pkg'
[3.105s] Level 1:colcon.colcon_core.package_identification:_identify(src/turtlebot3) by extensions ['colcon_meta']
[3.105s] Level 1:colcon.colcon_core.package_identification:_identify(src/turtlebot3) by extension 'colcon_meta'
[3.105s] Level 1:colcon.colcon_core.package_identification:_identify(src/turtlebot3) by extensions ['ros']
[3.105s] Level 1:colcon.colcon_core.package_identification:_identify(src/turtlebot3) by extension 'ros'
[3.106s] Level 1:colcon.colcon_core.package_identification:_identify(src/turtlebot3) by extensions ['cmake', 'python']
[3.106s] Level 1:colcon.colcon_core.package_identification:_identify(src/turtlebot3) by extension 'cmake'
[3.106s] Level 1:colcon.colcon_core.package_identification:_identify(src/turtlebot3) by extension 'python'
[3.106s] Level 1:colcon.colcon_core.package_identification:_identify(src/turtlebot3) by extensions ['python_setup_py']
[3.106s] Level 1:colcon.colcon_core.package_identification:_identify(src/turtlebot3) by extension 'python_setup_py'
[3.106s] Level 1:colcon.colcon_core.package_identification:_identify(src/turtlebot3/turtlebot3) by extensions ['ignore', 'ignore_ament_install']
[3.107s] Level 1:colcon.colcon_core.package_identification:_identify(src/turtlebot3/turtlebot3) by extension 'ignore'
[3.107s] Level 1:colcon.colcon_core.package_identification:_identify(src/turtlebot3/turtlebot3) by extension 'ignore_ament_install'
[3.107s] Level 1:colcon.colcon_core.package_identification:_identify(src/turtlebot3/turtlebot3) by extensions ['colcon_pkg']
[3.107s] Level 1:colcon.colcon_core.package_identification:_identify(src/turtlebot3/turtlebot3) by extension 'colcon_pkg'
[3.107s] Level 1:colcon.colcon_core.package_identification:_identify(src/turtlebot3/turtlebot3) by extensions ['colcon_meta']
[3.108s] Level 1:colcon.colcon_core.package_identification:_identify(src/turtlebot3/turtlebot3) by extension 'colcon_meta'
[3.108s] Level 1:colcon.colcon_core.package_identification:_identify(src/turtlebot3/turtlebot3) by extensions ['ros']
[3.109s] Level 1:colcon.colcon_core.package_identification:_identify(src/turtlebot3/turtlebot3) by extension 'ros'
[3.111s] DEBUG:colcon.colcon_core.package_identification:Package 'src/turtlebot3/turtlebot3' with type 'ros.ament_cmake' and name 'turtlebot3'
[3.111s] Level 1:colcon.colcon_core.package_identification:_identify(src/turtlebot3/turtlebot3_bringup) by extensions ['ignore', 'ignore_ament_install']
[3.111s] Level 1:colcon.colcon_core.package_identification:_identify(src/turtlebot3/turtlebot3_bringup) by extension 'ignore'
[3.111s] Level 1:colcon.colcon_core.package_identification:_identify(src/turtlebot3/turtlebot3_bringup) by extension 'ignore_ament_install'
[3.112s] Level 1:colcon.colcon_core.package_identification:_identify(src/turtlebot3/turtlebot3_bringup) by extensions ['colcon_pkg']
[3.112s] Level 1:colcon.colcon_core.package_identification:_identify(src/turtlebot3/turtlebot3_bringup) by extension 'colcon_pkg'
[3.112s] Level 1:colcon.colcon_core.package_identification:_identify(src/turtlebot3/turtlebot3_bringup) by extensions ['colcon_meta']
[3.112s] Level 1:colcon.colcon_core.package_identification:_identify(src/turtlebot3/turtlebot3_bringup) by extension 'colcon_meta'
[3.112s] Level 1:colcon.colcon_core.package_identification:_identify(src/turtlebot3/turtlebot3_bringup) by extensions ['ros']
[3.112s] Level 1:colcon.colcon_core.package_identification:_identify(src/turtlebot3/turtlebot3_bringup) by extension 'ros'
[3.113s] DEBUG:colcon.colcon_core.package_identification:Package 'src/turtlebot3/turtlebot3_bringup' with type 'ros.ament_cmake' and name 'turtlebot3_bringup'
[3.114s] Level 1:colcon.colcon_core.package_identification:_identify(src/turtlebot3/turtlebot3_description) by extensions ['ignore', 'ignore_ament_install']
[3.115s] Level 1:colcon.colcon_core.package_identification:_identify(src/turtlebot3/turtlebot3_description) by extension 'ignore'
[3.115s] Level 1:colcon.colcon_core.package_identification:_identify(src/turtlebot3/turtlebot3_description) by extension 'ignore_ament_install'
[3.115s] Level 1:colcon.colcon_core.package_identification:_identify(src/turtlebot3/turtlebot3_description) by extensions ['colcon_pkg']
[3.115s] Level 1:colcon.colcon_core.package_identification:_identify(src/turtlebot3/turtlebot3_description) by extension 'colcon_pkg'
[3.115s] Level 1:colcon.colcon_core.package_identification:_identify(src/turtlebot3/turtlebot3_description) by extensions ['colcon_meta']
[3.115s] Level 1:colcon.colcon_core.package_identification:_identify(src/turtlebot3/turtlebot3_description) by extension 'colcon_meta'
[3.116s] Level 1:colcon.colcon_core.package_identification:_identify(src/turtlebot3/turtlebot3_description) by extensions ['ros']
[3.116s] Level 1:colcon.colcon_core.package_identification:_identify(src/turtlebot3/turtlebot3_description) by extension 'ros'
[3.117s] DEBUG:colcon.colcon_core.package_identification:Package 'src/turtlebot3/turtlebot3_description' with type 'ros.ament_cmake' and name 'turtlebot3_description'
[3.117s] Level 1:colcon.colcon_core.package_identification:_identify(src/turtlebot3/turtlebot3_example) by extensions ['ignore', 'ignore_ament_install']
[3.118s] Level 1:colcon.colcon_core.package_identification:_identify(src/turtlebot3/turtlebot3_example) by extension 'ignore'
[3.118s] Level 1:colcon.colcon_core.package_identification:_identify(src/turtlebot3/turtlebot3_example) by extension 'ignore_ament_install'
[3.118s] Level 1:colcon.colcon_core.package_identification:_identify(src/turtlebot3/turtlebot3_example) by extensions ['colcon_pkg']
[3.118s] Level 1:colcon.colcon_core.package_identification:_identify(src/turtlebot3/turtlebot3_example) by extension 'colcon_pkg'
[3.118s] Level 1:colcon.colcon_core.package_identification:_identify(src/turtlebot3/turtlebot3_example) by extensions ['colcon_meta']
[3.118s] Level 1:colcon.colcon_core.package_identification:_identify(src/turtlebot3/turtlebot3_example) by extension 'colcon_meta'
[3.118s] Level 1:colcon.colcon_core.package_identification:_identify(src/turtlebot3/turtlebot3_example) by extensions ['ros']
[3.119s] Level 1:colcon.colcon_core.package_identification:_identify(src/turtlebot3/turtlebot3_example) by extension 'ros'
[3.121s] DEBUG:colcon.colcon_core.package_identification:Package 'src/turtlebot3/turtlebot3_example' with type 'ros.ament_python' and name 'turtlebot3_example'
[3.121s] Level 1:colcon.colcon_core.package_identification:_identify(src/turtlebot3/turtlebot3_navigation2) by extensions ['ignore', 'ignore_ament_install']
[3.121s] Level 1:colcon.colcon_core.package_identification:_identify(src/turtlebot3/turtlebot3_navigation2) by extension 'ignore'
[3.121s] Level 1:colcon.colcon_core.package_identification:_identify(src/turtlebot3/turtlebot3_navigation2) by extension 'ignore_ament_install'
[3.122s] Level 1:colcon.colcon_core.package_identification:_identify(src/turtlebot3/turtlebot3_navigation2) by extensions ['colcon_pkg']
[3.122s] Level 1:colcon.colcon_core.package_identification:_identify(src/turtlebot3/turtlebot3_navigation2) by extension 'colcon_pkg'
[3.122s] Level 1:colcon.colcon_core.package_identification:_identify(src/turtlebot3/turtlebot3_navigation2) by extensions ['colcon_meta']
[3.122s] Level 1:colcon.colcon_core.package_identification:_identify(src/turtlebot3/turtlebot3_navigation2) by extension 'colcon_meta'
[3.122s] Level 1:colcon.colcon_core.package_identification:_identify(src/turtlebot3/turtlebot3_navigation2) by extensions ['ros']
[3.122s] Level 1:colcon.colcon_core.package_identification:_identify(src/turtlebot3/turtlebot3_navigation2) by extension 'ros'
[3.123s] DEBUG:colcon.colcon_core.package_identification:Package 'src/turtlebot3/turtlebot3_navigation2' with type 'ros.ament_cmake' and name 'turtlebot3_navigation2'
[3.124s] Level 1:colcon.colcon_core.package_identification:_identify(src/turtlebot3/turtlebot3_teleop) by extensions ['ignore', 'ignore_ament_install']
[3.124s] Level 1:colcon.colcon_core.package_identification:_identify(src/turtlebot3/turtlebot3_teleop) by extension 'ignore'
[3.124s] Level 1:colcon.colcon_core.package_identification:_identify(src/turtlebot3/turtlebot3_teleop) by extension 'ignore_ament_install'
[3.124s] Level 1:colcon.colcon_core.package_identification:_identify(src/turtlebot3/turtlebot3_teleop) by extensions ['colcon_pkg']
[3.124s] Level 1:colcon.colcon_core.package_identification:_identify(src/turtlebot3/turtlebot3_teleop) by extension 'colcon_pkg'
[3.125s] Level 1:colcon.colcon_core.package_identification:_identify(src/turtlebot3/turtlebot3_teleop) by extensions ['colcon_meta']
[3.125s] Level 1:colcon.colcon_core.package_identification:_identify(src/turtlebot3/turtlebot3_teleop) by extension 'colcon_meta'
[3.125s] Level 1:colcon.colcon_core.package_identification:_identify(src/turtlebot3/turtlebot3_teleop) by extensions ['ros']
[3.125s] Level 1:colcon.colcon_core.package_identification:_identify(src/turtlebot3/turtlebot3_teleop) by extension 'ros'
[3.126s] DEBUG:colcon.colcon_core.package_identification:Package 'src/turtlebot3/turtlebot3_teleop' with type 'ros.ament_python' and name 'turtlebot3_teleop'
[3.127s] Level 1:colcon.colcon_core.package_identification:_identify(src/turtlebot3_msgs) by extensions ['ignore', 'ignore_ament_install']
[3.127s] Level 1:colcon.colcon_core.package_identification:_identify(src/turtlebot3_msgs) by extension 'ignore'
[3.127s] Level 1:colcon.colcon_core.package_identification:_identify(src/turtlebot3_msgs) by extension 'ignore_ament_install'
[3.127s] Level 1:colcon.colcon_core.package_identification:_identify(src/turtlebot3_msgs) by extensions ['colcon_pkg']
[3.127s] Level 1:colcon.colcon_core.package_identification:_identify(src/turtlebot3_msgs) by extension 'colcon_pkg'
[3.127s] Level 1:colcon.colcon_core.package_identification:_identify(src/turtlebot3_msgs) by extensions ['colcon_meta']
[3.127s] Level 1:colcon.colcon_core.package_identification:_identify(src/turtlebot3_msgs) by extension 'colcon_meta'
[3.128s] Level 1:colcon.colcon_core.package_identification:_identify(src/turtlebot3_msgs) by extensions ['ros']
[3.128s] Level 1:colcon.colcon_core.package_identification:_identify(src/turtlebot3_msgs) by extension 'ros'
[3.130s] DEBUG:colcon.colcon_core.package_identification:Package 'src/turtlebot3_msgs' with type 'ros.ament_cmake' and name 'turtlebot3_msgs'
[3.130s] Level 1:colcon.colcon_core.package_discovery:discover_packages(recursive) using defaults
[3.130s] Level 1:colcon.colcon_core.package_discovery:discover_packages(ignore) discover
[3.130s] Level 1:colcon.colcon_core.package_discovery:discover_packages(ignore) using defaults
[3.130s] Level 1:colcon.colcon_core.package_discovery:discover_packages(path) discover
[3.130s] Level 1:colcon.colcon_core.package_discovery:discover_packages(path) using defaults
[3.306s] INFO:colcon.colcon_core.package_selection:Skipping not selected package 'map_server' in 'src/map_server'
[3.306s] INFO:colcon.colcon_core.package_selection:Skipping not selected package 'project_localization' in 'src/project_localization'
[3.307s] INFO:colcon.colcon_core.package_selection:Skipping not selected package 'project_mapping' in 'src/project_mapping'
[3.307s] INFO:colcon.colcon_core.package_selection:Skipping not selected package 'turtlebot3_description' in 'src/turtlebot3/turtlebot3_description'
[3.307s] INFO:colcon.colcon_core.package_selection:Skipping not selected package 'turtlebot3_msgs' in 'src/turtlebot3_msgs'
[3.307s] INFO:colcon.colcon_core.package_selection:Skipping not selected package 'turtlebot3_navigation2' in 'src/turtlebot3/turtlebot3_navigation2'
[3.307s] INFO:colcon.colcon_core.package_selection:Skipping not selected package 'turtlebot3_teleop' in 'src/turtlebot3/turtlebot3_teleop'
[3.307s] INFO:colcon.colcon_core.package_selection:Skipping not selected package 'turtlebot3_bringup' in 'src/turtlebot3/turtlebot3_bringup'
[3.307s] INFO:colcon.colcon_core.package_selection:Skipping not selected package 'turtlebot3_example' in 'src/turtlebot3/turtlebot3_example'
[3.307s] INFO:colcon.colcon_core.package_selection:Skipping not selected package 'turtlebot3' in 'src/turtlebot3/turtlebot3'
[3.326s] Level 5:colcon.colcon_core.verb:set package 'project_path_planning' build argument 'cmake_args' from command line to 'None'
[3.326s] Level 5:colcon.colcon_core.verb:set package 'project_path_planning' build argument 'cmake_target' from command line to 'None'
[3.326s] Level 5:colcon.colcon_core.verb:set package 'project_path_planning' build argument 'cmake_target_skip_unavailable' from command line to 'False'
[3.326s] Level 5:colcon.colcon_core.verb:set package 'project_path_planning' build argument 'cmake_clean_cache' from command line to 'False'
[3.326s] Level 5:colcon.colcon_core.verb:set package 'project_path_planning' build argument 'cmake_clean_first' from command line to 'False'
[3.326s] Level 5:colcon.colcon_core.verb:set package 'project_path_planning' build argument 'cmake_force_configure' from command line to 'False'
[3.326s] Level 5:colcon.colcon_core.verb:set package 'project_path_planning' build argument 'ament_cmake_args' from command line to 'None'
[3.326s] Level 5:colcon.colcon_core.verb:set package 'project_path_planning' build argument 'catkin_cmake_args' from command line to 'None'
[3.326s] Level 5:colcon.colcon_core.verb:set package 'project_path_planning' build argument 'catkin_skip_building_tests' from command line to 'False'
[3.327s] DEBUG:colcon.colcon_core.verb:Building package 'project_path_planning' with the following arguments: {'ament_cmake_args': None, 'build_base': '/home/user/ros2_ws/build/project_path_planning', 'catkin_cmake_args': None, 'catkin_skip_building_tests': False, 'cmake_args': None, 'cmake_clean_cache': False, 'cmake_clean_first': False, 'cmake_force_configure': False, 'cmake_target': None, 'cmake_target_skip_unavailable': False, 'install_base': '/home/user/ros2_ws/install/project_path_planning', 'merge_install': False, 'path': '/home/user/ros2_ws/src/project_path_planning', 'symlink_install': False, 'test_result_base': None}
[3.327s] INFO:colcon.colcon_core.executor:Executing jobs using 'parallel' executor
[3.334s] DEBUG:colcon.colcon_parallel_executor.executor.parallel:run_until_complete
[3.336s] INFO:colcon.colcon_ros.task.ament_python.build:Building ROS package in '/home/user/ros2_ws/src/project_path_planning' with build type 'ament_python'
[3.337s] Level 1:colcon.colcon_core.shell:create_environment_hook('project_path_planning', 'ament_prefix_path')
[3.405s] INFO:colcon.colcon_core.plugin_system:Skipping extension 'colcon_core.shell.bat': Not used on non-Windows systems
[3.406s] INFO:colcon.colcon_core.shell:Creating environment hook '/home/user/ros2_ws/install/project_path_planning/share/project_path_planning/hook/ament_prefix_path.ps1'
[3.408s] INFO:colcon.colcon_core.shell:Creating environment descriptor '/home/user/ros2_ws/install/project_path_planning/share/project_path_planning/hook/ament_prefix_path.dsv'
[3.409s] INFO:colcon.colcon_core.shell:Creating environment hook '/home/user/ros2_ws/install/project_path_planning/share/project_path_planning/hook/ament_prefix_path.sh'
[3.412s] INFO:colcon.colcon_core.shell:Skip shell extension 'powershell' for command environment: Not usable outside of PowerShell
[3.412s] DEBUG:colcon.colcon_core.shell:Skip shell extension 'dsv' for command environment
[3.421s] DEBUG:colcon.colcon_core.shell:Ignoring prefix path '/opt/ros/foxy'
[6.025s] INFO:colcon.colcon_core.task.python.build:Building Python package in '/home/user/ros2_ws/src/project_path_planning'
[6.027s] INFO:colcon.colcon_core.shell:Skip shell extension 'powershell' for command environment: Not usable outside of PowerShell
[6.028s] DEBUG:colcon.colcon_core.shell:Skip shell extension 'dsv' for command environment
[6.034s] DEBUG:colcon.colcon_core.shell:Ignoring prefix path '/opt/ros/foxy'
[6.224s] DEBUG:colcon.colcon_core.event_handler.log_command:Invoking command in '/home/user/ros2_ws/src/project_path_planning': PYTHONPATH=/home/user/ros2_ws/install/project_path_planning/lib/python3.8/site-packages:${PYTHONPATH} _=/usr/bin/env /usr/bin/python3 setup.py egg_info --egg-base ../../build/project_path_planning build --build-base /home/user/ros2_ws/build/project_path_planning/build install --prefix /home/user/ros2_ws/install/project_path_planning --record /home/user/ros2_ws/build/project_path_planning/install.log --single-version-externally-managed
[9.101s] Level 1:colcon.colcon_core.environment:checking '/home/user/ros2_ws/install/project_path_planning' for CMake module files
[9.103s] DEBUG:colcon.colcon_core.event_handler.log_command:Invoked command in '/home/user/ros2_ws/src/project_path_planning' returned '0': PYTHONPATH=/home/user/ros2_ws/install/project_path_planning/lib/python3.8/site-packages:${PYTHONPATH} _=/usr/bin/env /usr/bin/python3 setup.py egg_info --egg-base ../../build/project_path_planning build --build-base /home/user/ros2_ws/build/project_path_planning/build install --prefix /home/user/ros2_ws/install/project_path_planning --record /home/user/ros2_ws/build/project_path_planning/install.log --single-version-externally-managed
[9.104s] Level 1:colcon.colcon_core.environment:checking '/home/user/ros2_ws/install/project_path_planning' for CMake config files
[9.105s] Level 1:colcon.colcon_core.environment:checking '/home/user/ros2_ws/install/project_path_planning/lib'
[9.106s] Level 1:colcon.colcon_core.environment:checking '/home/user/ros2_ws/install/project_path_planning/bin'
[9.106s] Level 1:colcon.colcon_core.environment:checking '/home/user/ros2_ws/install/project_path_planning/lib/pkgconfig/project_path_planning.pc'
[9.106s] Level 1:colcon.colcon_core.environment:checking '/home/user/ros2_ws/install/project_path_planning/lib/python3.8/site-packages'
[9.106s] Level 1:colcon.colcon_core.shell:create_environment_hook('project_path_planning', 'pythonpath')
[9.108s] INFO:colcon.colcon_core.shell:Creating environment hook '/home/user/ros2_ws/install/project_path_planning/share/project_path_planning/hook/pythonpath.ps1'
[9.110s] INFO:colcon.colcon_core.shell:Creating environment descriptor '/home/user/ros2_ws/install/project_path_planning/share/project_path_planning/hook/pythonpath.dsv'
[9.111s] INFO:colcon.colcon_core.shell:Creating environment hook '/home/user/ros2_ws/install/project_path_planning/share/project_path_planning/hook/pythonpath.sh'
[9.111s] Level 1:colcon.colcon_core.environment:create_environment_scripts_only(project_path_planning)
[9.113s] INFO:colcon.colcon_core.shell:Creating package script '/home/user/ros2_ws/install/project_path_planning/share/project_path_planning/package.ps1'
[9.115s] INFO:colcon.colcon_core.shell:Creating package descriptor '/home/user/ros2_ws/install/project_path_planning/share/project_path_planning/package.dsv'
[9.116s] INFO:colcon.colcon_core.shell:Creating package script '/home/user/ros2_ws/install/project_path_planning/share/project_path_planning/package.sh'
[9.118s] INFO:colcon.colcon_core.shell:Creating package script '/home/user/ros2_ws/install/project_path_planning/share/project_path_planning/package.bash'
[9.119s] INFO:colcon.colcon_core.shell:Creating package script '/home/user/ros2_ws/install/project_path_planning/share/project_path_planning/package.zsh'
[9.121s] Level 1:colcon.colcon_core.environment:create_file_with_runtime_dependencies(/home/user/ros2_ws/install/project_path_planning/share/colcon-core/packages/project_path_planning)
[9.122s] DEBUG:colcon.colcon_parallel_executor.executor.parallel:closing loop
[9.123s] DEBUG:colcon.colcon_parallel_executor.executor.parallel:loop closed
[9.123s] DEBUG:colcon.colcon_parallel_executor.executor.parallel:run_until_complete finished with '0'
[9.123s] DEBUG:colcon.colcon_core.event_reactor:joining thread
[9.134s] INFO:colcon.colcon_core.plugin_system:Skipping extension 'colcon_notification.desktop_notification.notify_send': Could not find 'notify-send'
[9.198s] INFO:colcon.colcon_core.plugin_system:Skipping extension 'colcon_notification.desktop_notification.terminal_notifier': Not used on non-Darwin systems
[9.199s] INFO:colcon.colcon_core.plugin_system:Skipping extension 'colcon_notification.desktop_notification.win32': Not used on non-Windows systems
[9.199s] INFO:colcon.colcon_notification.desktop_notification:Sending desktop notification using 'notify2'
[9.215s] DEBUG:colcon.colcon_notification.desktop_notification.notify2:Failed to initialize notify2: org.freedesktop.DBus.Error.ServiceUnknown: The name org.freedesktop.Notifications was not provided by any .service files
[9.216s] DEBUG:colcon.colcon_core.event_reactor:joined thread
[9.219s] INFO:colcon.colcon_core.shell:Creating prefix script '/home/user/ros2_ws/install/local_setup.ps1'
[9.222s] INFO:colcon.colcon_core.shell:Creating prefix util module '/home/user/ros2_ws/install/_local_setup_util_ps1.py'
[9.226s] INFO:colcon.colcon_core.shell:Creating prefix chain script '/home/user/ros2_ws/install/setup.ps1'
[9.304s] INFO:colcon.colcon_core.shell:Creating prefix script '/home/user/ros2_ws/install/local_setup.sh'
[9.305s] INFO:colcon.colcon_core.shell:Creating prefix util module '/home/user/ros2_ws/install/_local_setup_util_sh.py'
[9.306s] INFO:colcon.colcon_core.shell:Creating prefix chain script '/home/user/ros2_ws/install/setup.sh'
[9.312s] INFO:colcon.colcon_core.shell:Creating prefix script '/home/user/ros2_ws/install/local_setup.bash'
[9.313s] INFO:colcon.colcon_core.shell:Creating prefix chain script '/home/user/ros2_ws/install/setup.bash'
[9.320s] INFO:colcon.colcon_core.shell:Creating prefix script '/home/user/ros2_ws/install/local_setup.zsh'
[9.321s] INFO:colcon.colcon_core.shell:Creating prefix chain script '/home/user/ros2_ws/install/setup.zsh'
