[16.093s] Invoking command in '/home/user/ros2_ws/src/project_path_planning': PYTHONPATH=/home/user/ros2_ws/install/project_path_planning/lib/python3.8/site-packages:${PYTHONPATH} _=/usr/bin/env /usr/bin/python3 setup.py egg_info --egg-base ../../build/project_path_planning build --build-base /home/user/ros2_ws/build/project_path_planning/build install --prefix /home/user/ros2_ws/install/project_path_planning --record /home/user/ros2_ws/build/project_path_planning/install.log --single-version-externally-managed
[20.200s] running egg_info
[20.203s] writing ../../build/project_path_planning/project_path_planning.egg-info/PKG-INFO
[20.203s] writing dependency_links to ../../build/project_path_planning/project_path_planning.egg-info/dependency_links.txt
[20.203s] writing entry points to ../../build/project_path_planning/project_path_planning.egg-info/entry_points.txt
[20.203s] writing requirements to ../../build/project_path_planning/project_path_planning.egg-info/requires.txt
[20.204s] writing top-level names to ../../build/project_path_planning/project_path_planning.egg-info/top_level.txt
[20.490s] reading manifest file '../../build/project_path_planning/project_path_planning.egg-info/SOURCES.txt'
[20.490s] writing manifest file '../../build/project_path_planning/project_path_planning.egg-info/SOURCES.txt'
[20.494s] running build
[20.494s] running build_py
[20.495s] running install
[20.495s] running install_lib
[20.495s] running install_data
[20.497s] running install_egg_info
[20.502s] removing '/home/user/ros2_ws/install/project_path_planning/lib/python3.8/site-packages/project_path_planning-0.0.0-py3.8.egg-info' (and everything under it)
[20.502s] Copying ../../build/project_path_planning/project_path_planning.egg-info to /home/user/ros2_ws/install/project_path_planning/lib/python3.8/site-packages/project_path_planning-0.0.0-py3.8.egg-info
[20.503s] running install_scripts
[20.599s] writing list of installed files to '/home/user/ros2_ws/build/project_path_planning/install.log'
[20.893s] Invoked command in '/home/user/ros2_ws/src/project_path_planning' returned '0': PYTHONPATH=/home/user/ros2_ws/install/project_path_planning/lib/python3.8/site-packages:${PYTHONPATH} _=/usr/bin/env /usr/bin/python3 setup.py egg_info --egg-base ../../build/project_path_planning build --build-base /home/user/ros2_ws/build/project_path_planning/build install --prefix /home/user/ros2_ws/install/project_path_planning --record /home/user/ros2_ws/build/project_path_planning/install.log --single-version-externally-managed
