[16.098s] Invoking command in '/home/user/ros2_ws/src/map_server': PYTHONPATH=/home/user/ros2_ws/install/map_server/lib/python3.8/site-packages:${PYTHONPATH} _=/usr/bin/env /usr/bin/python3 setup.py egg_info --egg-base ../../build/map_server build --build-base /home/user/ros2_ws/build/map_server/build install --prefix /home/user/ros2_ws/install/map_server --record /home/user/ros2_ws/build/map_server/install.log --single-version-externally-managed
[18.886s] running egg_info
[18.888s] writing ../../build/map_server/map_server.egg-info/PKG-INFO
[18.889s] writing dependency_links to ../../build/map_server/map_server.egg-info/dependency_links.txt
[18.890s] writing entry points to ../../build/map_server/map_server.egg-info/entry_points.txt
[18.891s] writing requirements to ../../build/map_server/map_server.egg-info/requires.txt
[18.892s] writing top-level names to ../../build/map_server/map_server.egg-info/top_level.txt
[19.307s] reading manifest file '../../build/map_server/map_server.egg-info/SOURCES.txt'
[19.310s] writing manifest file '../../build/map_server/map_server.egg-info/SOURCES.txt'
[19.310s] running build
[19.311s] running build_py
[19.311s] running install
[19.386s] running install_lib
[19.389s] running install_data
[19.397s] running install_egg_info
[19.404s] removing '/home/user/ros2_ws/install/map_server/lib/python3.8/site-packages/map_server-0.0.0-py3.8.egg-info' (and everything under it)
[19.405s] Copying ../../build/map_server/map_server.egg-info to /home/user/ros2_ws/install/map_server/lib/python3.8/site-packages/map_server-0.0.0-py3.8.egg-info
[19.485s] running install_scripts
[19.710s] Installing lifecycle_manager script to /home/user/ros2_ws/install/map_server/lib/map_server
[19.711s] Installing map_server script to /home/user/ros2_ws/install/map_server/lib/map_server
[19.789s] writing list of installed files to '/home/user/ros2_ws/build/map_server/install.log'
[20.098s] Invoked command in '/home/user/ros2_ws/src/map_server' returned '0': PYTHONPATH=/home/user/ros2_ws/install/map_server/lib/python3.8/site-packages:${PYTHONPATH} _=/usr/bin/env /usr/bin/python3 setup.py egg_info --egg-base ../../build/map_server build --build-base /home/user/ros2_ws/build/map_server/build install --prefix /home/user/ros2_ws/install/map_server --record /home/user/ros2_ws/build/map_server/install.log --single-version-externally-managed
