running egg_info
creating ../../build/project_path_planning/project_path_planning.egg-info
writing ../../build/project_path_planning/project_path_planning.egg-info/PKG-INFO
writing dependency_links to ../../build/project_path_planning/project_path_planning.egg-info/dependency_links.txt
writing entry points to ../../build/project_path_planning/project_path_planning.egg-info/entry_points.txt
writing requirements to ../../build/project_path_planning/project_path_planning.egg-info/requires.txt
writing top-level names to ../../build/project_path_planning/project_path_planning.egg-info/top_level.txt
writing manifest file '../../build/project_path_planning/project_path_planning.egg-info/SOURCES.txt'
reading manifest file '../../build/project_path_planning/project_path_planning.egg-info/SOURCES.txt'
writing manifest file '../../build/project_path_planning/project_path_planning.egg-info/SOURCES.txt'
running build
running build_py
creating /home/user/ros2_ws/build/project_path_planning/build
creating /home/user/ros2_ws/build/project_path_planning/build/lib
creating /home/user/ros2_ws/build/project_path_planning/build/lib/project_path_planning
copying project_path_planning/__init__.py -> /home/user/ros2_ws/build/project_path_planning/build/lib/project_path_planning
running install
running install_lib
creating /home/user/ros2_ws/install/project_path_planning/lib/python3.8/site-packages/project_path_planning
copying /home/user/ros2_ws/build/project_path_planning/build/lib/project_path_planning/__init__.py -> /home/user/ros2_ws/install/project_path_planning/lib/python3.8/site-packages/project_path_planning
byte-compiling /home/user/ros2_ws/install/project_path_planning/lib/python3.8/site-packages/project_path_planning/__init__.py to __init__.cpython-38.pyc
running install_data
creating /home/user/ros2_ws/install/project_path_planning/share/ament_index
creating /home/user/ros2_ws/install/project_path_planning/share/ament_index/resource_index
creating /home/user/ros2_ws/install/project_path_planning/share/ament_index/resource_index/packages
copying resource/project_path_planning -> /home/user/ros2_ws/install/project_path_planning/share/ament_index/resource_index/packages
copying package.xml -> /home/user/ros2_ws/install/project_path_planning/share/project_path_planning
creating /home/user/ros2_ws/install/project_path_planning/share/project_path_planning/launch
copying launch/pathplanner.launch.py -> /home/user/ros2_ws/install/project_path_planning/share/project_path_planning/launch
copying launch/navigation.launch.py -> /home/user/ros2_ws/install/project_path_planning/share/project_path_planning/launch
creating /home/user/ros2_ws/install/project_path_planning/share/project_path_planning/config
copying config/controller.yaml -> /home/user/ros2_ws/install/project_path_planning/share/project_path_planning/config
copying config/recovery.yaml -> /home/user/ros2_ws/install/project_path_planning/share/project_path_planning/config
copying config/planner_server.yaml -> /home/user/ros2_ws/install/project_path_planning/share/project_path_planning/config
copying config/bt_navigator.yaml -> /home/user/ros2_ws/install/project_path_planning/share/project_path_planning/config
copying config/behavior.xml -> /home/user/ros2_ws/install/project_path_planning/share/project_path_planning/config
running install_egg_info
Copying ../../build/project_path_planning/project_path_planning.egg-info to /home/user/ros2_ws/install/project_path_planning/lib/python3.8/site-packages/project_path_planning-0.0.0-py3.8.egg-info
running install_scripts
writing list of installed files to '/home/user/ros2_ws/build/project_path_planning/install.log'
