[15.400s] Invoking command in '/home/user/ros2_ws/src/project_mapping': PYTHONPATH=/home/user/ros2_ws/install/project_mapping/lib/python3.8/site-packages:${PYTHONPATH} _=/usr/bin/env /usr/bin/python3 setup.py egg_info --egg-base ../../build/project_mapping build --build-base /home/user/ros2_ws/build/project_mapping/build install --prefix /home/user/ros2_ws/install/project_mapping --record /home/user/ros2_ws/build/project_mapping/install.log --single-version-externally-managed
[20.106s] running egg_info
[20.109s] writing ../../build/project_mapping/project_mapping.egg-info/PKG-INFO
[20.110s] writing dependency_links to ../../build/project_mapping/project_mapping.egg-info/dependency_links.txt
[20.115s] writing entry points to ../../build/project_mapping/project_mapping.egg-info/entry_points.txt
[20.115s] writing requirements to ../../build/project_mapping/project_mapping.egg-info/requires.txt
[20.116s] writing top-level names to ../../build/project_mapping/project_mapping.egg-info/top_level.txt
[20.714s] reading manifest file '../../build/project_mapping/project_mapping.egg-info/SOURCES.txt'
[20.720s] writing manifest file '../../build/project_mapping/project_mapping.egg-info/SOURCES.txt'
[20.720s] running build
[20.720s] running build_py
[20.724s] running install
[20.726s] running install_lib
[20.728s] running install_data
[20.731s] running install_egg_info
[20.800s] removing '/home/user/ros2_ws/install/project_mapping/lib/python3.8/site-packages/project_mapping-0.0.0-py3.8.egg-info' (and everything under it)
[20.800s] Copying ../../build/project_mapping/project_mapping.egg-info to /home/user/ros2_ws/install/project_mapping/lib/python3.8/site-packages/project_mapping-0.0.0-py3.8.egg-info
[20.808s] running install_scripts
[21.027s] Installing cartographer_node script to /home/user/ros2_ws/install/project_mapping/lib/project_mapping
[21.029s] Installing occupancy_grid_node script to /home/user/ros2_ws/install/project_mapping/lib/project_mapping
[21.031s] writing list of installed files to '/home/user/ros2_ws/build/project_mapping/install.log'
[21.413s] Invoked command in '/home/user/ros2_ws/src/project_mapping' returned '0': PYTHONPATH=/home/user/ros2_ws/install/project_mapping/lib/python3.8/site-packages:${PYTHONPATH} _=/usr/bin/env /usr/bin/python3 setup.py egg_info --egg-base ../../build/project_mapping build --build-base /home/user/ros2_ws/build/project_mapping/build install --prefix /home/user/ros2_ws/install/project_mapping --record /home/user/ros2_ws/build/project_mapping/install.log --single-version-externally-managed
