running egg_info
writing ../../build/project_path_planning/project_path_planning.egg-info/PKG-INFO
writing dependency_links to ../../build/project_path_planning/project_path_planning.egg-info/dependency_links.txt
writing entry points to ../../build/project_path_planning/project_path_planning.egg-info/entry_points.txt
writing requirements to ../../build/project_path_planning/project_path_planning.egg-info/requires.txt
writing top-level names to ../../build/project_path_planning/project_path_planning.egg-info/top_level.txt
reading manifest file '../../build/project_path_planning/project_path_planning.egg-info/SOURCES.txt'
writing manifest file '../../build/project_path_planning/project_path_planning.egg-info/SOURCES.txt'
running build
running build_py
running install
running install_lib
running install_data
copying config/controller.yaml -> /home/user/ros2_ws/install/project_path_planning/share/project_path_planning/config
copying config/planner_server.yaml -> /home/user/ros2_ws/install/project_path_planning/share/project_path_planning/config
running install_egg_info
removing '/home/user/ros2_ws/install/project_path_planning/lib/python3.8/site-packages/project_path_planning-0.0.0-py3.8.egg-info' (and everything under it)
Copying ../../build/project_path_planning/project_path_planning.egg-info to /home/user/ros2_ws/install/project_path_planning/lib/python3.8/site-packages/project_path_planning-0.0.0-py3.8.egg-info
running install_scripts
Installing nav_to_pose_action_client script to /home/user/ros2_ws/install/project_path_planning/lib/project_path_planning
writing list of installed files to '/home/user/ros2_ws/build/project_path_planning/install.log'
