[0.518s] Invoking command in '/home/user/ros2_ws/src/project_path_planning': PYTHONPATH=/home/user/ros2_ws/install/project_path_planning/lib/python3.8/site-packages:${PYTHONPATH} _=/usr/bin/env /usr/bin/python3 setup.py egg_info --egg-base ../../build/project_path_planning build --build-base /home/user/ros2_ws/build/project_path_planning/build install --prefix /home/user/ros2_ws/install/project_path_planning --record /home/user/ros2_ws/build/project_path_planning/install.log --single-version-externally-managed
[0.999s] running egg_info
[1.000s] writing ../../build/project_path_planning/project_path_planning.egg-info/PKG-INFO
[1.000s] writing dependency_links to ../../build/project_path_planning/project_path_planning.egg-info/dependency_links.txt
[1.001s] writing entry points to ../../build/project_path_planning/project_path_planning.egg-info/entry_points.txt
[1.001s] writing requirements to ../../build/project_path_planning/project_path_planning.egg-info/requires.txt
[1.001s] writing top-level names to ../../build/project_path_planning/project_path_planning.egg-info/top_level.txt
[1.062s] reading manifest file '../../build/project_path_planning/project_path_planning.egg-info/SOURCES.txt'
[1.064s] writing manifest file '../../build/project_path_planning/project_path_planning.egg-info/SOURCES.txt'
[1.064s] running build
[1.064s] running build_py
[1.065s] running install
[1.066s] running install_lib
[1.069s] running install_data
[1.070s] copying config/planner_server.yaml -> /home/user/ros2_ws/install/project_path_planning/share/project_path_planning/config
[1.070s] running install_egg_info
[1.073s] removing '/home/user/ros2_ws/install/project_path_planning/lib/python3.8/site-packages/project_path_planning-0.0.0-py3.8.egg-info' (and everything under it)
[1.074s] Copying ../../build/project_path_planning/project_path_planning.egg-info to /home/user/ros2_ws/install/project_path_planning/lib/python3.8/site-packages/project_path_planning-0.0.0-py3.8.egg-info
[1.076s] running install_scripts
[1.102s] Installing nav_to_pose_action_client script to /home/user/ros2_ws/install/project_path_planning/lib/project_path_planning
[1.103s] writing list of installed files to '/home/user/ros2_ws/build/project_path_planning/install.log'
[1.128s] Invoked command in '/home/user/ros2_ws/src/project_path_planning' returned '0': PYTHONPATH=/home/user/ros2_ws/install/project_path_planning/lib/python3.8/site-packages:${PYTHONPATH} _=/usr/bin/env /usr/bin/python3 setup.py egg_info --egg-base ../../build/project_path_planning build --build-base /home/user/ros2_ws/build/project_path_planning/build install --prefix /home/user/ros2_ws/install/project_path_planning --record /home/user/ros2_ws/build/project_path_planning/install.log --single-version-externally-managed
