[0.911s] Invoking command in '/home/user/ros2_ws/build/turtlebot3_description': CMAKE_PREFIX_PATH=${CMAKE_PREFIX_PATH}:/home/user/ros2_ws/install/turtlebot3_teleop:/home/user/ros2_ws/install/turtlebot3_example:/opt/ros/foxy _=/usr/bin/env /usr/bin/cmake --build /home/user/ros2_ws/build/turtlebot3_description -- -j8 -l8
[9.284s] -- Found ament_cmake: 0.9.9 (/opt/ros/foxy/share/ament_cmake/cmake)
[9.284s] -- Found PythonInterp: /usr/bin/python3 (found suitable version "3.8.10", minimum required is "3") 
[9.284s] -- Using PYTHON_EXECUTABLE: /usr/bin/python3
[9.284s] -- Found urdf: 2.4.0 (/opt/ros/foxy/share/urdf/cmake)
[9.284s] -- Configuring done
[9.285s] -- Generating done
[9.285s] -- Build files have been written to: /home/user/ros2_ws/build/turtlebot3_description
[9.794s] Invoked command in '/home/user/ros2_ws/build/turtlebot3_description' returned '0': CMAKE_PREFIX_PATH=${CMAKE_PREFIX_PATH}:/home/user/ros2_ws/install/turtlebot3_teleop:/home/user/ros2_ws/install/turtlebot3_example:/opt/ros/foxy _=/usr/bin/env /usr/bin/cmake --build /home/user/ros2_ws/build/turtlebot3_description -- -j8 -l8
[10.797s] Invoking command in '/home/user/ros2_ws/build/turtlebot3_description': CMAKE_PREFIX_PATH=${CMAKE_PREFIX_PATH}:/home/user/ros2_ws/install/turtlebot3_teleop:/home/user/ros2_ws/install/turtlebot3_example:/opt/ros/foxy _=/usr/bin/env /usr/bin/cmake --install /home/user/ros2_ws/build/turtlebot3_description
[11.105s] -- Install configuration: ""
[11.183s] -- Up-to-date: /home/user/ros2_ws/install/turtlebot3_description/share/turtlebot3_description/meshes
[11.194s] -- Up-to-date: /home/user/ros2_ws/install/turtlebot3_description/share/turtlebot3_description/meshes/sensors
[11.194s] -- Up-to-date: /home/user/ros2_ws/install/turtlebot3_description/share/turtlebot3_description/meshes/sensors/r200.jpg
[11.195s] -- Up-to-date: /home/user/ros2_ws/install/turtlebot3_description/share/turtlebot3_description/meshes/sensors/r200.dae
[11.198s] -- Up-to-date: /home/user/ros2_ws/install/turtlebot3_description/share/turtlebot3_description/meshes/sensors/astra.jpg
[11.198s] -- Up-to-date: /home/user/ros2_ws/install/turtlebot3_description/share/turtlebot3_description/meshes/sensors/astra.dae
[11.198s] -- Up-to-date: /home/user/ros2_ws/install/turtlebot3_description/share/turtlebot3_description/meshes/sensors/lds.stl
[11.199s] -- Up-to-date: /home/user/ros2_ws/install/turtlebot3_description/share/turtlebot3_description/meshes/wheels
[11.199s] -- Up-to-date: /home/user/ros2_ws/install/turtlebot3_description/share/turtlebot3_description/meshes/wheels/right_tire.stl
[11.199s] -- Up-to-date: /home/user/ros2_ws/install/turtlebot3_description/share/turtlebot3_description/meshes/wheels/left_tire.stl
[11.199s] -- Up-to-date: /home/user/ros2_ws/install/turtlebot3_description/share/turtlebot3_description/meshes/bases
[11.200s] -- Up-to-date: /home/user/ros2_ws/install/turtlebot3_description/share/turtlebot3_description/meshes/bases/waffle_base.stl
[11.201s] -- Up-to-date: /home/user/ros2_ws/install/turtlebot3_description/share/turtlebot3_description/meshes/bases/burger_base.stl
[11.201s] -- Up-to-date: /home/user/ros2_ws/install/turtlebot3_description/share/turtlebot3_description/meshes/bases/waffle_pi_base.stl
[11.202s] -- Up-to-date: /home/user/ros2_ws/install/turtlebot3_description/share/turtlebot3_description/rviz
[11.202s] -- Up-to-date: /home/user/ros2_ws/install/turtlebot3_description/share/turtlebot3_description/rviz/model.rviz
[11.203s] -- Up-to-date: /home/user/ros2_ws/install/turtlebot3_description/share/turtlebot3_description/urdf
[11.203s] -- Up-to-date: /home/user/ros2_ws/install/turtlebot3_description/share/turtlebot3_description/urdf/turtlebot3_waffle.urdf
[11.204s] -- Up-to-date: /home/user/ros2_ws/install/turtlebot3_description/share/turtlebot3_description/urdf/turtlebot3_waffle_pi.urdf
[11.204s] -- Up-to-date: /home/user/ros2_ws/install/turtlebot3_description/share/turtlebot3_description/urdf/common_properties.urdf
[11.204s] -- Up-to-date: /home/user/ros2_ws/install/turtlebot3_description/share/turtlebot3_description/urdf/turtlebot3_burger.urdf
[11.205s] -- Up-to-date: /home/user/ros2_ws/install/turtlebot3_description/share/ament_index/resource_index/package_run_dependencies/turtlebot3_description
[11.205s] -- Installing: /home/user/ros2_ws/install/turtlebot3_description/share/ament_index/resource_index/parent_prefix_path/turtlebot3_description
[11.206s] -- Installing: /home/user/ros2_ws/install/turtlebot3_description/share/turtlebot3_description/environment/ament_prefix_path.sh
[11.206s] -- Installing: /home/user/ros2_ws/install/turtlebot3_description/share/turtlebot3_description/environment/ament_prefix_path.dsv
[11.207s] -- Installing: /home/user/ros2_ws/install/turtlebot3_description/share/turtlebot3_description/environment/path.sh
[11.207s] -- Installing: /home/user/ros2_ws/install/turtlebot3_description/share/turtlebot3_description/environment/path.dsv
[11.287s] -- Installing: /home/user/ros2_ws/install/turtlebot3_description/share/turtlebot3_description/local_setup.bash
[11.288s] -- Installing: /home/user/ros2_ws/install/turtlebot3_description/share/turtlebot3_description/local_setup.sh
[11.289s] -- Installing: /home/user/ros2_ws/install/turtlebot3_description/share/turtlebot3_description/local_setup.zsh
[11.290s] -- Installing: /home/user/ros2_ws/install/turtlebot3_description/share/turtlebot3_description/local_setup.dsv
[11.290s] -- Installing: /home/user/ros2_ws/install/turtlebot3_description/share/turtlebot3_description/package.dsv
[11.290s] -- Up-to-date: /home/user/ros2_ws/install/turtlebot3_description/share/ament_index/resource_index/packages/turtlebot3_description
[11.292s] -- Up-to-date: /home/user/ros2_ws/install/turtlebot3_description/share/turtlebot3_description/cmake/turtlebot3_descriptionConfig.cmake
[11.293s] -- Up-to-date: /home/user/ros2_ws/install/turtlebot3_description/share/turtlebot3_description/cmake/turtlebot3_descriptionConfig-version.cmake
[11.294s] -- Up-to-date: /home/user/ros2_ws/install/turtlebot3_description/share/turtlebot3_description/package.xml
[11.699s] Invoked command in '/home/user/ros2_ws/build/turtlebot3_description' returned '0': CMAKE_PREFIX_PATH=${CMAKE_PREFIX_PATH}:/home/user/ros2_ws/install/turtlebot3_teleop:/home/user/ros2_ws/install/turtlebot3_example:/opt/ros/foxy _=/usr/bin/env /usr/bin/cmake --install /home/user/ros2_ws/build/turtlebot3_description
