[0.110s] Invoking command in '/home/user/ros2_ws/build/turtlebot3_msgs': _=/usr/bin/env /usr/bin/cmake /home/user/ros2_ws/src/turtlebot3_msgs -DCMAKE_INSTALL_PREFIX=/home/user/ros2_ws/install/turtlebot3_msgs
[0.788s] -- The C compiler identification is GNU 9.3.0
[0.788s] -- The CXX compiler identification is GNU 9.3.0
[0.788s] -- Check for working C compiler: /usr/bin/cc
[0.788s] -- Check for working C compiler: /usr/bin/cc -- works
[0.789s] -- Detecting C compiler ABI info
[0.941s] -- Detecting C compiler ABI info - done
[0.966s] -- Detecting C compile features
[0.966s] -- Detecting C compile features - done
[0.973s] -- Check for working CXX compiler: /usr/bin/c++
[1.133s] -- Check for working CXX compiler: /usr/bin/c++ -- works
[1.135s] -- Detecting CXX compiler ABI info
[1.328s] -- Detecting CXX compiler ABI info - done
[1.360s] -- Detecting CXX compile features
[1.360s] -- Detecting CXX compile features - done
[1.406s] CMake Error at CMakeLists.txt:18 (find_package):
[1.406s]   By not providing "Findaction_msgs.cmake" in CMAKE_MODULE_PATH this project
[1.406s]   has asked CMake to find a package configuration file provided by
[1.407s]   "action_msgs", but CMake did not find one.
[1.407s] 
[1.412s]   Could not find a package configuration file provided by "action_msgs" with
[1.412s]   any of the following names:
[1.412s] 
[1.412s]     action_msgsConfig.cmake
[1.413s]     action_msgs-config.cmake
[1.413s] 
[1.413s]   Add the installation prefix of "action_msgs" to CMAKE_PREFIX_PATH or set
[1.413s]   "action_msgs_DIR" to a directory containing one of the above files.  If
[1.413s]   "action_msgs" provides a separate development package or SDK, be sure it
[1.414s]   has been installed.
[1.415s] 
[1.415s] 
[1.416s] -- Configuring incomplete, errors occurred!
[1.416s] See also "/home/user/ros2_ws/build/turtlebot3_msgs/CMakeFiles/CMakeOutput.log".
