[12.253s] Invoking command in '/home/user/ros2_ws/src/project_localization': PYTHONPATH=/home/user/ros2_ws/install/project_localization/lib/python3.8/site-packages:${PYTHONPATH} _=/usr/bin/env /usr/bin/python3 setup.py egg_info --egg-base ../../build/project_localization build --build-base /home/user/ros2_ws/build/project_localization/build install --prefix /home/user/ros2_ws/install/project_localization --record /home/user/ros2_ws/build/project_localization/install.log --single-version-externally-managed
[15.808s] running egg_info
[15.855s] writing ../../build/project_localization/project_localization.egg-info/PKG-INFO
[15.858s] writing dependency_links to ../../build/project_localization/project_localization.egg-info/dependency_links.txt
[15.858s] writing entry points to ../../build/project_localization/project_localization.egg-info/entry_points.txt
[15.858s] writing requirements to ../../build/project_localization/project_localization.egg-info/requires.txt
[15.858s] writing top-level names to ../../build/project_localization/project_localization.egg-info/top_level.txt
[16.392s] reading manifest file '../../build/project_localization/project_localization.egg-info/SOURCES.txt'
[16.398s] writing manifest file '../../build/project_localization/project_localization.egg-info/SOURCES.txt'
[16.398s] running build
[16.398s] running build_py
[16.399s] running install
[16.458s] running install_lib
[16.467s] running install_data
[16.470s] creating /home/user/ros2_ws/install/project_localization/share/project_localization/launch
[16.471s] copying launch/localization.launch.py -> /home/user/ros2_ws/install/project_localization/share/project_localization/launch
[16.473s] creating /home/user/ros2_ws/install/project_localization/share/project_localization/config
[16.475s] copying config/amcl_config.yaml -> /home/user/ros2_ws/install/project_localization/share/project_localization/config
[16.475s] running install_egg_info
[16.495s] removing '/home/user/ros2_ws/install/project_localization/lib/python3.8/site-packages/project_localization-0.0.0-py3.8.egg-info' (and everything under it)
[16.496s] Copying ../../build/project_localization/project_localization.egg-info to /home/user/ros2_ws/install/project_localization/lib/python3.8/site-packages/project_localization-0.0.0-py3.8.egg-info
[16.556s] running install_scripts
[16.672s] writing list of installed files to '/home/user/ros2_ws/build/project_localization/install.log'
[16.881s] Invoked command in '/home/user/ros2_ws/src/project_localization' returned '0': PYTHONPATH=/home/user/ros2_ws/install/project_localization/lib/python3.8/site-packages:${PYTHONPATH} _=/usr/bin/env /usr/bin/python3 setup.py egg_info --egg-base ../../build/project_localization build --build-base /home/user/ros2_ws/build/project_localization/build install --prefix /home/user/ros2_ws/install/project_localization --record /home/user/ros2_ws/build/project_localization/install.log --single-version-externally-managed
