[13.981s] Invoking command in '/home/user/ros2_ws/src/project_mapping': PYTHONPATH=/home/user/ros2_ws/install/project_mapping/lib/python3.8/site-packages:${PYTHONPATH} _=/usr/bin/env /usr/bin/python3 setup.py egg_info --egg-base ../../build/project_mapping build --build-base /home/user/ros2_ws/build/project_mapping/build install --prefix /home/user/ros2_ws/install/project_mapping --record /home/user/ros2_ws/build/project_mapping/install.log --single-version-externally-managed
[19.707s] running egg_info
[19.775s] writing ../../build/project_mapping/project_mapping.egg-info/PKG-INFO
[19.776s] writing dependency_links to ../../build/project_mapping/project_mapping.egg-info/dependency_links.txt
[19.776s] writing entry points to ../../build/project_mapping/project_mapping.egg-info/entry_points.txt
[19.777s] writing requirements to ../../build/project_mapping/project_mapping.egg-info/requires.txt
[19.778s] writing top-level names to ../../build/project_mapping/project_mapping.egg-info/top_level.txt
[20.582s] reading manifest file '../../build/project_mapping/project_mapping.egg-info/SOURCES.txt'
[20.594s] writing manifest file '../../build/project_mapping/project_mapping.egg-info/SOURCES.txt'
[20.598s] running build
[20.598s] running build_py
[20.600s] running install
[20.611s] running install_lib
[20.613s] running install_data
[20.613s] running install_egg_info
[20.614s] removing '/home/user/ros2_ws/install/project_mapping/lib/python3.8/site-packages/project_mapping-0.0.0-py3.8.egg-info' (and everything under it)
[20.614s] Copying ../../build/project_mapping/project_mapping.egg-info to /home/user/ros2_ws/install/project_mapping/lib/python3.8/site-packages/project_mapping-0.0.0-py3.8.egg-info
[20.616s] running install_scripts
[20.704s] Installing cartographer_node script to /home/user/ros2_ws/install/project_mapping/lib/project_mapping
[20.705s] Installing occupancy_grid_node script to /home/user/ros2_ws/install/project_mapping/lib/project_mapping
[20.705s] writing list of installed files to '/home/user/ros2_ws/build/project_mapping/install.log'
[21.000s] Invoked command in '/home/user/ros2_ws/src/project_mapping' returned '0': PYTHONPATH=/home/user/ros2_ws/install/project_mapping/lib/python3.8/site-packages:${PYTHONPATH} _=/usr/bin/env /usr/bin/python3 setup.py egg_info --egg-base ../../build/project_mapping build --build-base /home/user/ros2_ws/build/project_mapping/build install --prefix /home/user/ros2_ws/install/project_mapping --record /home/user/ros2_ws/build/project_mapping/install.log --single-version-externally-managed
