[12.491s] Invoking command in '/home/user/ros2_ws/src/project_mapping': PYTHONPATH=/home/user/ros2_ws/install/project_mapping/lib/python3.8/site-packages:${PYTHONPATH} _=/usr/bin/env /usr/bin/python3 setup.py egg_info --egg-base ../../build/project_mapping build --build-base /home/user/ros2_ws/build/project_mapping/build install --prefix /home/user/ros2_ws/install/project_mapping --record /home/user/ros2_ws/build/project_mapping/install.log --single-version-externally-managed
[18.006s] running egg_info
[18.006s] writing ../../build/project_mapping/project_mapping.egg-info/PKG-INFO
[18.007s] writing dependency_links to ../../build/project_mapping/project_mapping.egg-info/dependency_links.txt
[18.007s] writing entry points to ../../build/project_mapping/project_mapping.egg-info/entry_points.txt
[18.009s] writing requirements to ../../build/project_mapping/project_mapping.egg-info/requires.txt
[18.010s] writing top-level names to ../../build/project_mapping/project_mapping.egg-info/top_level.txt
[18.298s] reading manifest file '../../build/project_mapping/project_mapping.egg-info/SOURCES.txt'
[18.303s] writing manifest file '../../build/project_mapping/project_mapping.egg-info/SOURCES.txt'
[18.303s] running build
[18.304s] running build_py
[18.304s] running install
[18.307s] running install_lib
[18.310s] running install_data
[18.312s] running install_egg_info
[18.318s] removing '/home/user/ros2_ws/install/project_mapping/lib/python3.8/site-packages/project_mapping-0.0.0-py3.8.egg-info' (and everything under it)
[18.318s] Copying ../../build/project_mapping/project_mapping.egg-info to /home/user/ros2_ws/install/project_mapping/lib/python3.8/site-packages/project_mapping-0.0.0-py3.8.egg-info
[18.323s] running install_scripts
[18.482s] Installing cartographer_node script to /home/user/ros2_ws/install/project_mapping/lib/project_mapping
[18.482s] Installing occupancy_grid_node script to /home/user/ros2_ws/install/project_mapping/lib/project_mapping
[18.482s] writing list of installed files to '/home/user/ros2_ws/build/project_mapping/install.log'
[18.596s] Invoked command in '/home/user/ros2_ws/src/project_mapping' returned '0': PYTHONPATH=/home/user/ros2_ws/install/project_mapping/lib/python3.8/site-packages:${PYTHONPATH} _=/usr/bin/env /usr/bin/python3 setup.py egg_info --egg-base ../../build/project_mapping build --build-base /home/user/ros2_ws/build/project_mapping/build install --prefix /home/user/ros2_ws/install/project_mapping --record /home/user/ros2_ws/build/project_mapping/install.log --single-version-externally-managed
