[0.617s] Invoking command in '/home/user/ros2_ws/build/turtlebot3_navigation2': CMAKE_PREFIX_PATH=${CMAKE_PREFIX_PATH}:/home/user/ros2_ws/install/turtlebot3_teleop:/home/user/ros2_ws/install/turtlebot3_example:/opt/ros/foxy _=/usr/bin/env /usr/bin/cmake --build /home/user/ros2_ws/build/turtlebot3_navigation2 -- -j8 -l8
[8.904s] -- Found ament_cmake: 0.9.9 (/opt/ros/foxy/share/ament_cmake/cmake)
[8.905s] -- Found PythonInterp: /usr/bin/python3 (found suitable version "3.8.10", minimum required is "3") 
[8.905s] -- Using PYTHON_EXECUTABLE: /usr/bin/python3
[8.905s] -- Configuring done
[8.906s] -- Generating done
[8.906s] -- Build files have been written to: /home/user/ros2_ws/build/turtlebot3_navigation2
[9.115s] Invoked command in '/home/user/ros2_ws/build/turtlebot3_navigation2' returned '0': CMAKE_PREFIX_PATH=${CMAKE_PREFIX_PATH}:/home/user/ros2_ws/install/turtlebot3_teleop:/home/user/ros2_ws/install/turtlebot3_example:/opt/ros/foxy _=/usr/bin/env /usr/bin/cmake --build /home/user/ros2_ws/build/turtlebot3_navigation2 -- -j8 -l8
[10.402s] Invoking command in '/home/user/ros2_ws/build/turtlebot3_navigation2': CMAKE_PREFIX_PATH=${CMAKE_PREFIX_PATH}:/home/user/ros2_ws/install/turtlebot3_teleop:/home/user/ros2_ws/install/turtlebot3_example:/opt/ros/foxy _=/usr/bin/env /usr/bin/cmake --install /home/user/ros2_ws/build/turtlebot3_navigation2
[10.597s] -- Install configuration: ""
[10.598s] -- Up-to-date: /home/user/ros2_ws/install/turtlebot3_navigation2/share/turtlebot3_navigation2/launch
[10.598s] -- Up-to-date: /home/user/ros2_ws/install/turtlebot3_navigation2/share/turtlebot3_navigation2/launch/navigation2.launch.py
[10.598s] -- Up-to-date: /home/user/ros2_ws/install/turtlebot3_navigation2/share/turtlebot3_navigation2/map
[10.599s] -- Up-to-date: /home/user/ros2_ws/install/turtlebot3_navigation2/share/turtlebot3_navigation2/map/turtlebot3_world.yaml
[10.599s] -- Up-to-date: /home/user/ros2_ws/install/turtlebot3_navigation2/share/turtlebot3_navigation2/map/turtlebot3_world.pgm
[10.599s] -- Up-to-date: /home/user/ros2_ws/install/turtlebot3_navigation2/share/turtlebot3_navigation2/param
[10.599s] -- Up-to-date: /home/user/ros2_ws/install/turtlebot3_navigation2/share/turtlebot3_navigation2/param/burger.yaml
[10.601s] -- Up-to-date: /home/user/ros2_ws/install/turtlebot3_navigation2/share/turtlebot3_navigation2/param/waffle.yaml
[10.601s] -- Up-to-date: /home/user/ros2_ws/install/turtlebot3_navigation2/share/turtlebot3_navigation2/param/waffle_pi.yaml
[10.601s] -- Up-to-date: /home/user/ros2_ws/install/turtlebot3_navigation2/share/turtlebot3_navigation2/rviz
[10.601s] -- Up-to-date: /home/user/ros2_ws/install/turtlebot3_navigation2/share/turtlebot3_navigation2/rviz/tb3_navigation2.rviz
[10.601s] -- Up-to-date: /home/user/ros2_ws/install/turtlebot3_navigation2/share/ament_index/resource_index/package_run_dependencies/turtlebot3_navigation2
[10.602s] -- Installing: /home/user/ros2_ws/install/turtlebot3_navigation2/share/ament_index/resource_index/parent_prefix_path/turtlebot3_navigation2
[10.602s] -- Installing: /home/user/ros2_ws/install/turtlebot3_navigation2/share/turtlebot3_navigation2/environment/ament_prefix_path.sh
[10.602s] -- Installing: /home/user/ros2_ws/install/turtlebot3_navigation2/share/turtlebot3_navigation2/environment/ament_prefix_path.dsv
[10.602s] -- Installing: /home/user/ros2_ws/install/turtlebot3_navigation2/share/turtlebot3_navigation2/environment/path.sh
[10.603s] -- Installing: /home/user/ros2_ws/install/turtlebot3_navigation2/share/turtlebot3_navigation2/environment/path.dsv
[10.603s] -- Installing: /home/user/ros2_ws/install/turtlebot3_navigation2/share/turtlebot3_navigation2/local_setup.bash
[10.603s] -- Installing: /home/user/ros2_ws/install/turtlebot3_navigation2/share/turtlebot3_navigation2/local_setup.sh
[10.603s] -- Installing: /home/user/ros2_ws/install/turtlebot3_navigation2/share/turtlebot3_navigation2/local_setup.zsh
[10.604s] -- Installing: /home/user/ros2_ws/install/turtlebot3_navigation2/share/turtlebot3_navigation2/local_setup.dsv
[10.604s] -- Installing: /home/user/ros2_ws/install/turtlebot3_navigation2/share/turtlebot3_navigation2/package.dsv
[10.604s] -- Up-to-date: /home/user/ros2_ws/install/turtlebot3_navigation2/share/ament_index/resource_index/packages/turtlebot3_navigation2
[10.604s] -- Up-to-date: /home/user/ros2_ws/install/turtlebot3_navigation2/share/turtlebot3_navigation2/cmake/turtlebot3_navigation2Config.cmake
[10.604s] -- Up-to-date: /home/user/ros2_ws/install/turtlebot3_navigation2/share/turtlebot3_navigation2/cmake/turtlebot3_navigation2Config-version.cmake
[10.605s] -- Up-to-date: /home/user/ros2_ws/install/turtlebot3_navigation2/share/turtlebot3_navigation2/package.xml
[10.697s] Invoked command in '/home/user/ros2_ws/build/turtlebot3_navigation2' returned '0': CMAKE_PREFIX_PATH=${CMAKE_PREFIX_PATH}:/home/user/ros2_ws/install/turtlebot3_teleop:/home/user/ros2_ws/install/turtlebot3_example:/opt/ros/foxy _=/usr/bin/env /usr/bin/cmake --install /home/user/ros2_ws/build/turtlebot3_navigation2
