[16.502s] Invoking command in '/home/user/ros2_ws/src/project_mapping': PYTHONPATH=/home/user/ros2_ws/install/project_mapping/lib/python3.8/site-packages:${PYTHONPATH} _=/usr/bin/env /usr/bin/python3 setup.py egg_info --egg-base ../../build/project_mapping build --build-base /home/user/ros2_ws/build/project_mapping/build install --prefix /home/user/ros2_ws/install/project_mapping --record /home/user/ros2_ws/build/project_mapping/install.log --single-version-externally-managed
[24.820s] running egg_info
[24.821s] writing ../../build/project_mapping/project_mapping.egg-info/PKG-INFO
[24.822s] writing dependency_links to ../../build/project_mapping/project_mapping.egg-info/dependency_links.txt
[24.822s] writing entry points to ../../build/project_mapping/project_mapping.egg-info/entry_points.txt
[24.822s] writing requirements to ../../build/project_mapping/project_mapping.egg-info/requires.txt
[24.831s] writing top-level names to ../../build/project_mapping/project_mapping.egg-info/top_level.txt
[25.211s] reading manifest file '../../build/project_mapping/project_mapping.egg-info/SOURCES.txt'
[25.217s] writing manifest file '../../build/project_mapping/project_mapping.egg-info/SOURCES.txt'
[25.217s] running build
[25.218s] running build_py
[25.220s] running install
[25.228s] running install_lib
[25.232s] running install_data
[25.236s] running install_egg_info
[25.254s] removing '/home/user/ros2_ws/install/project_mapping/lib/python3.8/site-packages/project_mapping-0.0.0-py3.8.egg-info' (and everything under it)
[25.254s] Copying ../../build/project_mapping/project_mapping.egg-info to /home/user/ros2_ws/install/project_mapping/lib/python3.8/site-packages/project_mapping-0.0.0-py3.8.egg-info
[25.255s] running install_scripts
[25.396s] Installing cartographer_node script to /home/user/ros2_ws/install/project_mapping/lib/project_mapping
[25.396s] Installing occupancy_grid_node script to /home/user/ros2_ws/install/project_mapping/lib/project_mapping
[25.397s] writing list of installed files to '/home/user/ros2_ws/build/project_mapping/install.log'
[25.603s] Invoked command in '/home/user/ros2_ws/src/project_mapping' returned '0': PYTHONPATH=/home/user/ros2_ws/install/project_mapping/lib/python3.8/site-packages:${PYTHONPATH} _=/usr/bin/env /usr/bin/python3 setup.py egg_info --egg-base ../../build/project_mapping build --build-base /home/user/ros2_ws/build/project_mapping/build install --prefix /home/user/ros2_ws/install/project_mapping --record /home/user/ros2_ws/build/project_mapping/install.log --single-version-externally-managed
