[2.794s] Invoking command in '/home/user/ros2_ws/src/project_mapping': PYTHONPATH=/home/user/ros2_ws/install/project_mapping/lib/python3.8/site-packages:${PYTHONPATH} _=/usr/bin/env /usr/bin/python3 setup.py egg_info --egg-base ../../build/project_mapping build --build-base /home/user/ros2_ws/build/project_mapping/build install --prefix /home/user/ros2_ws/install/project_mapping --record /home/user/ros2_ws/build/project_mapping/install.log --single-version-externally-managed
[5.793s] running egg_info
[5.795s] writing ../../build/project_mapping/project_mapping.egg-info/PKG-INFO
[5.797s] writing dependency_links to ../../build/project_mapping/project_mapping.egg-info/dependency_links.txt
[5.798s] writing entry points to ../../build/project_mapping/project_mapping.egg-info/entry_points.txt
[5.798s] writing requirements to ../../build/project_mapping/project_mapping.egg-info/requires.txt
[5.798s] writing top-level names to ../../build/project_mapping/project_mapping.egg-info/top_level.txt
[6.290s] reading manifest file '../../build/project_mapping/project_mapping.egg-info/SOURCES.txt'
[6.295s] writing manifest file '../../build/project_mapping/project_mapping.egg-info/SOURCES.txt'
[6.295s] running build
[6.296s] running build_py
[6.296s] running install
[6.299s] running install_lib
[6.383s] running install_data
[6.391s] running install_egg_info
[6.400s] removing '/home/user/ros2_ws/install/project_mapping/lib/python3.8/site-packages/project_mapping-0.0.0-py3.8.egg-info' (and everything under it)
[6.402s] Copying ../../build/project_mapping/project_mapping.egg-info to /home/user/ros2_ws/install/project_mapping/lib/python3.8/site-packages/project_mapping-0.0.0-py3.8.egg-info
[6.404s] running install_scripts
[6.599s] Installing cartographer_node script to /home/user/ros2_ws/install/project_mapping/lib/project_mapping
[6.599s] Installing occupancy_grid_node script to /home/user/ros2_ws/install/project_mapping/lib/project_mapping
[6.600s] writing list of installed files to '/home/user/ros2_ws/build/project_mapping/install.log'
[6.703s] Invoked command in '/home/user/ros2_ws/src/project_mapping' returned '0': PYTHONPATH=/home/user/ros2_ws/install/project_mapping/lib/python3.8/site-packages:${PYTHONPATH} _=/usr/bin/env /usr/bin/python3 setup.py egg_info --egg-base ../../build/project_mapping build --build-base /home/user/ros2_ws/build/project_mapping/build install --prefix /home/user/ros2_ws/install/project_mapping --record /home/user/ros2_ws/build/project_mapping/install.log --single-version-externally-managed
