[0.773s] Invoking command in '/home/user/ros2_ws/src/turtlebot3/turtlebot3_teleop': PYTHONPATH=/home/user/ros2_ws/install/turtlebot3_teleop/lib/python3.8/site-packages:${PYTHONPATH} _=/usr/bin/env /usr/bin/python3 setup.py egg_info --egg-base ../../../build/turtlebot3_teleop build --build-base /home/user/ros2_ws/build/turtlebot3_teleop/build install --prefix /home/user/ros2_ws/install/turtlebot3_teleop --record /home/user/ros2_ws/build/turtlebot3_teleop/install.log --single-version-externally-managed
[1.246s] running egg_info
[1.247s] writing ../../../build/turtlebot3_teleop/turtlebot3_teleop.egg-info/PKG-INFO
[1.247s] writing dependency_links to ../../../build/turtlebot3_teleop/turtlebot3_teleop.egg-info/dependency_links.txt
[1.248s] writing entry points to ../../../build/turtlebot3_teleop/turtlebot3_teleop.egg-info/entry_points.txt
[1.249s] writing requirements to ../../../build/turtlebot3_teleop/turtlebot3_teleop.egg-info/requires.txt
[1.249s] writing top-level names to ../../../build/turtlebot3_teleop/turtlebot3_teleop.egg-info/top_level.txt
[1.298s] reading manifest file '../../../build/turtlebot3_teleop/turtlebot3_teleop.egg-info/SOURCES.txt'
[1.299s] writing manifest file '../../../build/turtlebot3_teleop/turtlebot3_teleop.egg-info/SOURCES.txt'
[1.299s] running build
[1.299s] running build_py
[1.300s] running install
[1.301s] running install_lib
[1.303s] running install_data
[1.304s] running install_egg_info
[1.307s] removing '/home/user/ros2_ws/install/turtlebot3_teleop/lib/python3.8/site-packages/turtlebot3_teleop-2.1.1-py3.8.egg-info' (and everything under it)
[1.308s] Copying ../../../build/turtlebot3_teleop/turtlebot3_teleop.egg-info to /home/user/ros2_ws/install/turtlebot3_teleop/lib/python3.8/site-packages/turtlebot3_teleop-2.1.1-py3.8.egg-info
[1.311s] running install_scripts
[1.339s] Installing teleop_keyboard script to /home/user/ros2_ws/install/turtlebot3_teleop/lib/turtlebot3_teleop
[1.341s] writing list of installed files to '/home/user/ros2_ws/build/turtlebot3_teleop/install.log'
