[13.924s] Invoking command in '/home/user/ros2_ws/src/project_localization': PYTHONPATH=/home/user/ros2_ws/install/project_localization/lib/python3.8/site-packages:${PYTHONPATH} _=/usr/bin/env /usr/bin/python3 setup.py egg_info --egg-base ../../build/project_localization build --build-base /home/user/ros2_ws/build/project_localization/build install --prefix /home/user/ros2_ws/install/project_localization --record /home/user/ros2_ws/build/project_localization/install.log --single-version-externally-managed
[18.508s] running egg_info
[18.511s] writing ../../build/project_localization/project_localization.egg-info/PKG-INFO
[18.512s] writing dependency_links to ../../build/project_localization/project_localization.egg-info/dependency_links.txt
[18.516s] writing entry points to ../../build/project_localization/project_localization.egg-info/entry_points.txt
[18.516s] writing requirements to ../../build/project_localization/project_localization.egg-info/requires.txt
[18.516s] writing top-level names to ../../build/project_localization/project_localization.egg-info/top_level.txt
[18.800s] reading manifest file '../../build/project_localization/project_localization.egg-info/SOURCES.txt'
[18.802s] writing manifest file '../../build/project_localization/project_localization.egg-info/SOURCES.txt'
[18.803s] running build
[18.804s] running build_py
[18.809s] running install
[18.815s] running install_lib
[18.819s] running install_data
[18.824s] copying config/spots.yaml -> /home/user/ros2_ws/install/project_localization/share/project_localization/config
[18.824s] copying config/amcl_config.yaml -> /home/user/ros2_ws/install/project_localization/share/project_localization/config
[18.825s] running install_egg_info
[18.831s] removing '/home/user/ros2_ws/install/project_localization/lib/python3.8/site-packages/project_localization-0.0.0-py3.8.egg-info' (and everything under it)
[18.837s] Copying ../../build/project_localization/project_localization.egg-info to /home/user/ros2_ws/install/project_localization/lib/python3.8/site-packages/project_localization-0.0.0-py3.8.egg-info
[18.901s] running install_scripts
[19.022s] writing list of installed files to '/home/user/ros2_ws/build/project_localization/install.log'
[19.228s] Invoked command in '/home/user/ros2_ws/src/project_localization' returned '0': PYTHONPATH=/home/user/ros2_ws/install/project_localization/lib/python3.8/site-packages:${PYTHONPATH} _=/usr/bin/env /usr/bin/python3 setup.py egg_info --egg-base ../../build/project_localization build --build-base /home/user/ros2_ws/build/project_localization/build install --prefix /home/user/ros2_ws/install/project_localization --record /home/user/ros2_ws/build/project_localization/install.log --single-version-externally-managed
